
                            < M A T L A B (R) >
                  Copyright 1984-2017 The MathWorks, Inc.
                   R2017a (9.2.0.556344) 64-bit (glnxa64)
                               March 27, 2017

 
For online documentation, see http://www.mathworks.com/support
For product information, visit www.mathworks.com.
 
--------------------- BEGIN FILE badre_2012_activations_analysis.m-------------------
% activations analysis for RU for Badre 2012 RLPFC ROI
% TODO dedupe with activations_analysis.m
% TODO dedupe with badre_2012_residuals_analysis_glm.m

function badre_2012_activations_analysis(glmodel, normalize)

printcode;

EXPT = exploration_expt();

if ~exist('glmodel', 'var')
    glmodel = 21;
end
if ~exist('normalize', 'var')
    normalize = 1; % divide each activation by the corresponding beta
end

data = load_data;

formula_both = 'C ~ -1 + V + RU + VTU + actRU';
formula_RU = 'C ~ -1 + V + RU + VTU';
formula_actRU = 'C ~ -1 + V + actRU + VTU';

filename = ['badre_2012_activations_analysis_glm', num2str(glmodel), '_normalize', num2str(normalize), '.mat'];
disp(filename);

% find peak of HRF
hrf = spm_hrf(0.001);
[~,hrf_offset] = max(hrf);
hrf_offset = hrf_offset / 1000;

nTRs = 242;
TR = EXPT.TR;
trs = TR/2 : TR : nTRs * TR;

[~,~,goodRuns] = exploration_getSubjectsDirsAndRuns();

% find closest TR to each trial onset (adjusted for HRF f'n)
for s = 1:length(data)
    act_idx = [];
    runs = find(goodRuns{s});
    data(s).exclude = ~ismember(data(s).run, runs); % exclude bad runs
    for i = 1:length(data(s).trial_onset)
        [~, idx] = min(abs(trs - (data(s).trial_onset(i) + hrf_offset)));
        if data(s).exclude(i)
            act_idx = [act_idx; NaN];
        else
            r = find(data(s).run(i) == runs); % scan session idx in GLM 
            act_idx = [act_idx; idx + nTRs * (r - 1)];
        end
    end
    data(s).trial_onset_act_idx = act_idx;
end


% clusters = masks from paper
masks = badre_2012_create_masks(false);
masks = masks(1); % TODO use all masks

% get betas to (optionally) normalize activations in each run
for c = 1:length(masks)
    mask = masks{c};
    m = load_mask(mask);
    cnt = sum(m(:));

    for s = 1:length(data)
        runs = find(goodRuns{s});
        data(s).b{c} = nan(length(data(s).run), cnt);

        switch normalize
            case 0
                % do nothing

            case 1
                % act_RU = (act - b0) / b_RU
                % i.e. assume other b's are insignificant
                %
                for run = 1:max(data(s).run)
                    r = find(run == runs); % scan session idx in GLM
                    if ~isempty(r)
                        % get beta for RU
                        reg = ['Sn(', num2str(r), ') trial_onsetxRU'];
                        fprintf('  c = %s, s = %d, run = %d, r = %d, reg = %s\n', mask, s, run, r, reg);
                        b = ccnl_get_beta(EXPT, glmodel, reg, mask, s);
                        data(s).b{c}(data(s).run == run, :) = repmat(b, sum(data(s).run == run), 1);

                        % get beta0
                        reg = ['Sn(', num2str(r), ') constant'];
                        fprintf('  c = %s, s = %d, run = %d, r = %d, reg = %s\n', mask, s, run, r, reg);
                        b0 = ccnl_get_beta(EXPT, glmodel, reg, mask, s);
                        data(s).b0{c}(data(s).run == run, :) = repmat(b0, sum(data(s).run == run), 1);
                    end
                end

            case 2
                % act_RU = (act - X_\RU * b_\RU) ./ b_RU
                % i.e. take other regressors into accoutn
                %
                % TODO dedupe with ccnl_get_beta and ccnl_get_activations / ccnl_get_residuals
                % also improve those based on this
                %
                modeldir = fullfile(EXPT.modeldir,['model',num2str(glmodel)],['subj',num2str(s)]);
                load(fullfile(modeldir,'SPM.mat'));
                names = SPM.xX.name';
                cdir = pwd;
                cd(modeldir); % b/c SPM.Vbeta are relative to modeldir
                B = spm_data_read(SPM.Vbeta, find(m));
                cd(cdir);
                X = SPM.xX.X;

                % separate RU betas and regressors from the rest
                which_RU = contains(names, 'RU');
                B_noRU = B(~which_RU, :);
                B_RU = B(which_RU, :);
                B_RU = repelem(B_RU, nTRs, 1); % we're need one for each TR b/c we're doing element-wise divison by b_RU
                X_noRU = X(:, ~which_RU);
                X_RU = X(:, which_RU);

                fprintf('  c = %s, s = %d\n', mask, s);

                data(s).B_noRU{c} = B_noRU;
                data(s).B_RU{c} = B_RU;
                data(s).X_noRU{c} = X_noRU;
                data(s).X_RU{c} = X_RU;

            otherwise
                % alternatively, do act - b0, where b0 is averaged across runs (i.e. for entire subject)
                % or, better, (act - b0) / b_RU, where both b's are averaged across runs -> make out-of-sample predictions for same subject
                % or same but averaged across runs and subjects -> allows you to make out-of-sample predictions for new subjects
                assert(false);

        end
    end
end

% extract activations for each cluster
%
V_all = [];
for s = 1:length(data)

    clear act;
    for c = 1:length(masks)
        mask = masks{c};
        [~, masknames{c}, ~] = fileparts(mask);

        act{c} = ccnl_get_activations(EXPT, glmodel, mask, s);
        data(s).all_act{c} = act{c};

    end

    data(s).act = nan(length(data(s).run), length(masks));
    [V, RU] = get_latents(data, s, logical(ones(length(data(s).run), 1)), 'left');
    V_all = [V_all; V(~data(s).timeout)];

    for c = 1:length(masks)
        if normalize == 2
            act{c} = (act{c} - data(s).X_noRU{c} * data(s).B_noRU{c}) ./ data(s).B_RU{c};
        end

        % not all runs were used in the GLMs
        which_act = data(s).trial_onset_act_idx(~data(s).exclude); % trial onset activations
        act{c} = act{c}(which_act,:); % only consider 1 activation for each trial

        if normalize == 1
            act{c} = (act{c} - data(s).b0{c}(~data(s).exclude)) ./ data(s).b{c}(~data(s).exclude);
        end

        data(s).act(~data(s).exclude,c) = mean(act{c}, 2);

        % adjust for fact that the regactsor was |RU|
        if glmodel == 21
        %    data(s).act(:,c) = data(s).act(:,c) .* (RU >= 0) + (-data(s).act(:,c)) .* (RU < 0); TODO FIXME
        end
    end
end

save(filename, '-v7.3');


% fit behavioral GLM with activations
%
ps = [];
for c = 1:numel(masks)
    act = [];
    exclude = logical([]);
    for s = 1:length(data)
        act = [act; data(s).act(~data(s).timeout, c)]; % even though neural GLMs includes timeouts, we exclude them for fitting the behavioral GLMs
        exclude = [exclude; data(s).exclude(~data(s).timeout)]; % bad runs are also out (their activations are NaNs)
    end
    assert(all(isnan(act(exclude))));
    assert(all(~isnan(act(~exclude))));

    tbl = data2table(data,0,1); % exclude timeouts for fitting
    actRU = act;
    tbl = [tbl table(actRU)];

    % glm with both RU and actRU
    results_both{c} = fitglme(tbl,formula_both,'Distribution','Binomial','Link','Probit','FitMethod','Laplace', 'CovariancePattern','diagonal', 'Exclude',exclude);
    [w, names, stats] = fixedEffects(results_both{c});
    ps(c,:) = stats.pValue';
    results_both{c}
    stats.pValue
    w

    % glm with RU only
    % do model comparison
    results_RU{c} = fitglme(tbl,formula_RU,'Distribution','Binomial','Link','Probit','FitMethod','Laplace', 'CovariancePattern','diagonal', 'Exclude',exclude);
    comp{c} = compare(results_RU{c}, results_both{c}); % order is important -- see docs
    comp{c}
    p_comp(c,:) = comp{c}.pValue(2);
    BIC(c,:) = comp{c}.BIC';

    % glm with actRU only
    % do second model comparison
    results_actRU{c} = fitglme(tbl,formula_actRU,'Distribution','Binomial','Link','Probit','FitMethod','Laplace', 'CovariancePattern','diagonal', 'Exclude',exclude);
    comp2{c} = compare(results_actRU{c}, results_both{c}); % order is important -- see docs
    comp2{c}
    p_comp2(c,:) = comp2{c}.pValue(2);
    BIC2(c,:) = comp2{c}.BIC';


    % sanity check -- activations should correlate with regressor
    RU = table2array(tbl(:,'RU'));
    [r,p] = corr(RU(~exclude), act(~exclude));

    pears_rs(c,:) = r;
    pears_ps(c,:) = p;
end


save(filename, '-v7.3');


p_uncorr = ps(:,4);
p_corr = 1 - (1 - p_uncorr) .^ numel(p_uncorr);
BIC_RU = BIC(:,1);
BIC_both = BIC(:,2);
BIC_actRU = BIC2(:,1);
table(masknames', p_uncorr, p_corr, pears_rs, pears_ps, BIC_RU, BIC_both, p_comp, BIC_actRU, p_comp2)


--------------------- END FILE badre_2012_activations_analysis.m-------------------
       datadir: '/ncf/gershman/Lab/Exploration/subjects/180725_UEP_001/preproc'
    structural: 'struct.nii'
    functional: {1×8 cell}

       datadir: '/ncf/gershman/Lab/Exploration/subjects/180727_UEP_002/preproc'
    structural: 'struct.nii'
    functional: {1×8 cell}

       datadir: '/ncf/gershman/Lab/Exploration/subjects/180727_UEP_003/preproc'
    structural: 'struct.nii'
    functional: {1×6 cell}

       datadir: '/ncf/gershman/Lab/Exploration/subjects/180730_UEP_004/preproc'
    structural: 'struct.nii'
    functional: {1×6 cell}

       datadir: '/ncf/gershman/Lab/Exploration/subjects/180730_UEP_005/preproc'
    structural: 'struct.nii'
    functional: {1×8 cell}

       datadir: '/ncf/gershman/Lab/Exploration/subjects/180801_UEP_006/preproc'
    structural: 'struct.nii'
    functional: {1×7 cell}

       datadir: '/ncf/gershman/Lab/Exploration/subjects/180802_UEP_007/preproc'
    structural: 'struct.nii'
    functional: {1×8 cell}

       datadir: '/ncf/gershman/Lab/Exploration/subjects/180803_UEP_008/preproc'
    structural: 'struct.nii'
    functional: {1×8 cell}

       datadir: '/ncf/gershman/Lab/Exploration/subjects/180803_UEP_009/preproc'
    structural: 'struct.nii'
    functional: {1×8 cell}

       datadir: '/ncf/gershman/Lab/Exploration/subjects/180804_UEP010/preproc'
    structural: 'struct.nii'
    functional: {1×8 cell}

       datadir: '/ncf/gershman/Lab/Exploration/subjects/180804_UEP_011/preproc'
    structural: 'struct.nii'
    functional: {1×8 cell}

       datadir: '/ncf/gershman/Lab/Exploration/subjects/180804_UEP_012/preproc'
    structural: 'struct.nii'
    functional: {1×8 cell}

       datadir: '/ncf/gershman/Lab/Exploration/subjects/180804_UEP_013/preproc'
    structural: 'struct.nii'
    functional: {1×7 cell}

       datadir: '/ncf/gershman/Lab/Exploration/subjects/180804_UEP_014/preproc'
    structural: 'struct.nii'
    functional: {1×8 cell}

       datadir: '/ncf/gershman/Lab/Exploration/subjects/180804_UEP_015/preproc'
    structural: 'struct.nii'
    functional: {1×8 cell}

       datadir: '/ncf/gershman/Lab/Exploration/subjects/180805_UEP_016/preproc'
    structural: 'struct.nii'
    functional: {1×8 cell}

       datadir: '/ncf/gershman/Lab/Exploration/subjects/180805_UEP_017/preproc'
    structural: 'struct.nii'
    functional: {1×7 cell}

       datadir: '/ncf/gershman/Lab/Exploration/subjects/180805_UEP_018_2/preproc'
    structural: 'struct.nii'
    functional: {1×7 cell}

       datadir: '/ncf/gershman/Lab/Exploration/subjects/180805_UEP_019/preproc'
    structural: 'struct.nii'
    functional: {1×8 cell}

       datadir: '/ncf/gershman/Lab/Exploration/subjects/180805_UEP_020/preproc'
    structural: 'struct.nii'
    functional: {1×8 cell}

       datadir: '/ncf/gershman/Lab/Exploration/subjects/180805_UEP_021/preproc'
    structural: 'struct.nii'
    functional: {1×8 cell}

       datadir: '/ncf/gershman/Lab/Exploration/subjects/180806_UEP_022/preproc'
    structural: 'struct.nii'
    functional: {1×8 cell}

       datadir: '/ncf/gershman/Lab/Exploration/subjects/180806_UEP_023/preproc'
    structural: 'struct.nii'
    functional: {1×8 cell}

       datadir: '/ncf/gershman/Lab/Exploration/subjects/180807_UEP_024/preproc'
    structural: 'struct.nii'
    functional: {1×8 cell}

       datadir: '/ncf/gershman/Lab/Exploration/subjects/180807_UEP_025/preproc'
    structural: 'struct.nii'
    functional: {1×8 cell}

       datadir: '/ncf/gershman/Lab/Exploration/subjects/180807_UEP_026/preproc'
    structural: 'struct.nii'
    functional: {1×8 cell}

       datadir: '/ncf/gershman/Lab/Exploration/subjects/180808_UEP_027/preproc'
    structural: 'struct.nii'
    functional: {1×8 cell}

       datadir: '/ncf/gershman/Lab/Exploration/subjects/180808_UEP_028/preproc'
    structural: 'struct.nii'
    functional: {1×8 cell}

       datadir: '/ncf/gershman/Lab/Exploration/subjects/180808_UEP_029/preproc'
    structural: 'struct.nii'
    functional: {1×8 cell}

       datadir: '/ncf/gershman/Lab/Exploration/subjects/180809_UEP_030/preproc'
    structural: 'struct.nii'
    functional: {1×8 cell}

       datadir: '/ncf/gershman/Lab/Exploration/subjects/180809_UEP_031/preproc'
    structural: 'struct.nii'
    functional: {1×8 cell}

badre_2012_activations_analysis_glm21_normalize1.mat
  c = masks/badre_rlpfc_36_56_-8_r=10mm.nii, s = 1, run = 1, r = 1, reg = Sn(1) trial_onsetxRU
mask
  c = masks/badre_rlpfc_36_56_-8_r=10mm.nii, s = 1, run = 1, r = 1, reg = Sn(1) constant
mask
  c = masks/badre_rlpfc_36_56_-8_r=10mm.nii, s = 1, run = 2, r = 2, reg = Sn(2) trial_onsetxRU
mask
  c = masks/badre_rlpfc_36_56_-8_r=10mm.nii, s = 1, run = 2, r = 2, reg = Sn(2) constant
mask
  c = masks/badre_rlpfc_36_56_-8_r=10mm.nii, s = 1, run = 3, r = 3, reg = Sn(3) trial_onsetxRU
mask
  c = masks/badre_rlpfc_36_56_-8_r=10mm.nii, s = 1, run = 3, r = 3, reg = Sn(3) constant
mask
  c = masks/badre_rlpfc_36_56_-8_r=10mm.nii, s = 1, run = 4, r = 4, reg = Sn(4) trial_onsetxRU
mask
  c = masks/badre_rlpfc_36_56_-8_r=10mm.nii, s = 1, run = 4, r = 4, reg = Sn(4) constant
mask
  c = masks/badre_rlpfc_36_56_-8_r=10mm.nii, s = 1, run = 5, r = 5, reg = Sn(5) trial_onsetxRU
mask
  c = masks/badre_rlpfc_36_56_-8_r=10mm.nii, s = 1, run = 5, r = 5, reg = Sn(5) constant
mask
  c = masks/badre_rlpfc_36_56_-8_r=10mm.nii, s = 1, run = 6, r = 6, reg = Sn(6) trial_onsetxRU
mask
  c = masks/badre_rlpfc_36_56_-8_r=10mm.nii, s = 1, run = 6, r = 6, reg = Sn(6) constant
mask
  c = masks/badre_rlpfc_36_56_-8_r=10mm.nii, s = 1, run = 7, r = 7, reg = Sn(7) trial_onsetxRU
mask
  c = masks/badre_rlpfc_36_56_-8_r=10mm.nii, s = 1, run = 7, r = 7, reg = Sn(7) constant
mask
  c = masks/badre_rlpfc_36_56_-8_r=10mm.nii, s = 1, run = 8, r = 8, reg = Sn(8) trial_onsetxRU
mask
  c = masks/badre_rlpfc_36_56_-8_r=10mm.nii, s = 1, run = 8, r = 8, reg = Sn(8) constant
mask
  c = masks/badre_rlpfc_36_56_-8_r=10mm.nii, s = 2, run = 1, r = 1, reg = Sn(1) trial_onsetxRU
mask
  c = masks/badre_rlpfc_36_56_-8_r=10mm.nii, s = 2, run = 1, r = 1, reg = Sn(1) constant
mask
  c = masks/badre_rlpfc_36_56_-8_r=10mm.nii, s = 2, run = 2, r = 2, reg = Sn(2) trial_onsetxRU
mask
  c = masks/badre_rlpfc_36_56_-8_r=10mm.nii, s = 2, run = 2, r = 2, reg = Sn(2) constant
mask
  c = masks/badre_rlpfc_36_56_-8_r=10mm.nii, s = 2, run = 3, r = 3, reg = Sn(3) trial_onsetxRU
mask
  c = masks/badre_rlpfc_36_56_-8_r=10mm.nii, s = 2, run = 3, r = 3, reg = Sn(3) constant
mask
  c = masks/badre_rlpfc_36_56_-8_r=10mm.nii, s = 2, run = 4, r = 4, reg = Sn(4) trial_onsetxRU
mask
  c = masks/badre_rlpfc_36_56_-8_r=10mm.nii, s = 2, run = 4, r = 4, reg = Sn(4) constant
mask
  c = masks/badre_rlpfc_36_56_-8_r=10mm.nii, s = 2, run = 5, r = 5, reg = Sn(5) trial_onsetxRU
mask
  c = masks/badre_rlpfc_36_56_-8_r=10mm.nii, s = 2, run = 5, r = 5, reg = Sn(5) constant
mask
  c = masks/badre_rlpfc_36_56_-8_r=10mm.nii, s = 2, run = 6, r = 6, reg = Sn(6) trial_onsetxRU
mask
  c = masks/badre_rlpfc_36_56_-8_r=10mm.nii, s = 2, run = 6, r = 6, reg = Sn(6) constant
mask
  c = masks/badre_rlpfc_36_56_-8_r=10mm.nii, s = 2, run = 7, r = 7, reg = Sn(7) trial_onsetxRU
mask
  c = masks/badre_rlpfc_36_56_-8_r=10mm.nii, s = 2, run = 7, r = 7, reg = Sn(7) constant
mask
  c = masks/badre_rlpfc_36_56_-8_r=10mm.nii, s = 2, run = 8, r = 8, reg = Sn(8) trial_onsetxRU
mask
  c = masks/badre_rlpfc_36_56_-8_r=10mm.nii, s = 2, run = 8, r = 8, reg = Sn(8) constant
mask
  c = masks/badre_rlpfc_36_56_-8_r=10mm.nii, s = 3, run = 2, r = 1, reg = Sn(1) trial_onsetxRU
mask
  c = masks/badre_rlpfc_36_56_-8_r=10mm.nii, s = 3, run = 2, r = 1, reg = Sn(1) constant
mask
  c = masks/badre_rlpfc_36_56_-8_r=10mm.nii, s = 3, run = 4, r = 2, reg = Sn(2) trial_onsetxRU
mask
  c = masks/badre_rlpfc_36_56_-8_r=10mm.nii, s = 3, run = 4, r = 2, reg = Sn(2) constant
mask
  c = masks/badre_rlpfc_36_56_-8_r=10mm.nii, s = 3, run = 5, r = 3, reg = Sn(3) trial_onsetxRU
mask
  c = masks/badre_rlpfc_36_56_-8_r=10mm.nii, s = 3, run = 5, r = 3, reg = Sn(3) constant
mask
  c = masks/badre_rlpfc_36_56_-8_r=10mm.nii, s = 3, run = 6, r = 4, reg = Sn(4) trial_onsetxRU
mask
  c = masks/badre_rlpfc_36_56_-8_r=10mm.nii, s = 3, run = 6, r = 4, reg = Sn(4) constant
mask
  c = masks/badre_rlpfc_36_56_-8_r=10mm.nii, s = 3, run = 7, r = 5, reg = Sn(5) trial_onsetxRU
mask
  c = masks/badre_rlpfc_36_56_-8_r=10mm.nii, s = 3, run = 7, r = 5, reg = Sn(5) constant
mask
  c = masks/badre_rlpfc_36_56_-8_r=10mm.nii, s = 3, run = 8, r = 6, reg = Sn(6) trial_onsetxRU
mask
  c = masks/badre_rlpfc_36_56_-8_r=10mm.nii, s = 3, run = 8, r = 6, reg = Sn(6) constant
mask
  c = masks/badre_rlpfc_36_56_-8_r=10mm.nii, s = 4, run = 1, r = 1, reg = Sn(1) trial_onsetxRU
mask
  c = masks/badre_rlpfc_36_56_-8_r=10mm.nii, s = 4, run = 1, r = 1, reg = Sn(1) constant
mask
  c = masks/badre_rlpfc_36_56_-8_r=10mm.nii, s = 4, run = 2, r = 2, reg = Sn(2) trial_onsetxRU
mask
  c = masks/badre_rlpfc_36_56_-8_r=10mm.nii, s = 4, run = 2, r = 2, reg = Sn(2) constant
mask
  c = masks/badre_rlpfc_36_56_-8_r=10mm.nii, s = 4, run = 3, r = 3, reg = Sn(3) trial_onsetxRU
mask
  c = masks/badre_rlpfc_36_56_-8_r=10mm.nii, s = 4, run = 3, r = 3, reg = Sn(3) constant
mask
  c = masks/badre_rlpfc_36_56_-8_r=10mm.nii, s = 4, run = 4, r = 4, reg = Sn(4) trial_onsetxRU
mask
  c = masks/badre_rlpfc_36_56_-8_r=10mm.nii, s = 4, run = 4, r = 4, reg = Sn(4) constant
mask
  c = masks/badre_rlpfc_36_56_-8_r=10mm.nii, s = 4, run = 6, r = 5, reg = Sn(5) trial_onsetxRU
mask
  c = masks/badre_rlpfc_36_56_-8_r=10mm.nii, s = 4, run = 6, r = 5, reg = Sn(5) constant
mask
  c = masks/badre_rlpfc_36_56_-8_r=10mm.nii, s = 4, run = 7, r = 6, reg = Sn(6) trial_onsetxRU
mask
  c = masks/badre_rlpfc_36_56_-8_r=10mm.nii, s = 4, run = 7, r = 6, reg = Sn(6) constant
mask
  c = masks/badre_rlpfc_36_56_-8_r=10mm.nii, s = 5, run = 1, r = 1, reg = Sn(1) trial_onsetxRU
mask
  c = masks/badre_rlpfc_36_56_-8_r=10mm.nii, s = 5, run = 1, r = 1, reg = Sn(1) constant
mask
  c = masks/badre_rlpfc_36_56_-8_r=10mm.nii, s = 5, run = 2, r = 2, reg = Sn(2) trial_onsetxRU
mask
  c = masks/badre_rlpfc_36_56_-8_r=10mm.nii, s = 5, run = 2, r = 2, reg = Sn(2) constant
mask
  c = masks/badre_rlpfc_36_56_-8_r=10mm.nii, s = 5, run = 3, r = 3, reg = Sn(3) trial_onsetxRU
mask
  c = masks/badre_rlpfc_36_56_-8_r=10mm.nii, s = 5, run = 3, r = 3, reg = Sn(3) constant
mask
  c = masks/badre_rlpfc_36_56_-8_r=10mm.nii, s = 5, run = 4, r = 4, reg = Sn(4) trial_onsetxRU
mask
  c = masks/badre_rlpfc_36_56_-8_r=10mm.nii, s = 5, run = 4, r = 4, reg = Sn(4) constant
mask
  c = masks/badre_rlpfc_36_56_-8_r=10mm.nii, s = 5, run = 5, r = 5, reg = Sn(5) trial_onsetxRU
mask
  c = masks/badre_rlpfc_36_56_-8_r=10mm.nii, s = 5, run = 5, r = 5, reg = Sn(5) constant
mask
  c = masks/badre_rlpfc_36_56_-8_r=10mm.nii, s = 5, run = 6, r = 6, reg = Sn(6) trial_onsetxRU
mask
  c = masks/badre_rlpfc_36_56_-8_r=10mm.nii, s = 5, run = 6, r = 6, reg = Sn(6) constant
mask
  c = masks/badre_rlpfc_36_56_-8_r=10mm.nii, s = 5, run = 7, r = 7, reg = Sn(7) trial_onsetxRU
mask
  c = masks/badre_rlpfc_36_56_-8_r=10mm.nii, s = 5, run = 7, r = 7, reg = Sn(7) constant
mask
  c = masks/badre_rlpfc_36_56_-8_r=10mm.nii, s = 5, run = 8, r = 8, reg = Sn(8) trial_onsetxRU
mask
  c = masks/badre_rlpfc_36_56_-8_r=10mm.nii, s = 5, run = 8, r = 8, reg = Sn(8) constant
mask
  c = masks/badre_rlpfc_36_56_-8_r=10mm.nii, s = 6, run = 1, r = 1, reg = Sn(1) trial_onsetxRU
mask
  c = masks/badre_rlpfc_36_56_-8_r=10mm.nii, s = 6, run = 1, r = 1, reg = Sn(1) constant
mask
  c = masks/badre_rlpfc_36_56_-8_r=10mm.nii, s = 6, run = 2, r = 2, reg = Sn(2) trial_onsetxRU
mask
  c = masks/badre_rlpfc_36_56_-8_r=10mm.nii, s = 6, run = 2, r = 2, reg = Sn(2) constant
mask
  c = masks/badre_rlpfc_36_56_-8_r=10mm.nii, s = 6, run = 3, r = 3, reg = Sn(3) trial_onsetxRU
mask
  c = masks/badre_rlpfc_36_56_-8_r=10mm.nii, s = 6, run = 3, r = 3, reg = Sn(3) constant
mask
  c = masks/badre_rlpfc_36_56_-8_r=10mm.nii, s = 6, run = 5, r = 4, reg = Sn(4) trial_onsetxRU
mask
  c = masks/badre_rlpfc_36_56_-8_r=10mm.nii, s = 6, run = 5, r = 4, reg = Sn(4) constant
mask
  c = masks/badre_rlpfc_36_56_-8_r=10mm.nii, s = 6, run = 6, r = 5, reg = Sn(5) trial_onsetxRU
mask
  c = masks/badre_rlpfc_36_56_-8_r=10mm.nii, s = 6, run = 6, r = 5, reg = Sn(5) constant
mask
  c = masks/badre_rlpfc_36_56_-8_r=10mm.nii, s = 6, run = 7, r = 6, reg = Sn(6) trial_onsetxRU
mask
  c = masks/badre_rlpfc_36_56_-8_r=10mm.nii, s = 6, run = 7, r = 6, reg = Sn(6) constant
mask
  c = masks/badre_rlpfc_36_56_-8_r=10mm.nii, s = 6, run = 8, r = 7, reg = Sn(7) trial_onsetxRU
mask
  c = masks/badre_rlpfc_36_56_-8_r=10mm.nii, s = 6, run = 8, r = 7, reg = Sn(7) constant
mask
  c = masks/badre_rlpfc_36_56_-8_r=10mm.nii, s = 7, run = 1, r = 1, reg = Sn(1) trial_onsetxRU
mask
  c = masks/badre_rlpfc_36_56_-8_r=10mm.nii, s = 7, run = 1, r = 1, reg = Sn(1) constant
mask
  c = masks/badre_rlpfc_36_56_-8_r=10mm.nii, s = 7, run = 2, r = 2, reg = Sn(2) trial_onsetxRU
mask
  c = masks/badre_rlpfc_36_56_-8_r=10mm.nii, s = 7, run = 2, r = 2, reg = Sn(2) constant
mask
  c = masks/badre_rlpfc_36_56_-8_r=10mm.nii, s = 7, run = 3, r = 3, reg = Sn(3) trial_onsetxRU
mask
  c = masks/badre_rlpfc_36_56_-8_r=10mm.nii, s = 7, run = 3, r = 3, reg = Sn(3) constant
mask
  c = masks/badre_rlpfc_36_56_-8_r=10mm.nii, s = 7, run = 4, r = 4, reg = Sn(4) trial_onsetxRU
mask
  c = masks/badre_rlpfc_36_56_-8_r=10mm.nii, s = 7, run = 4, r = 4, reg = Sn(4) constant
mask
  c = masks/badre_rlpfc_36_56_-8_r=10mm.nii, s = 7, run = 5, r = 5, reg = Sn(5) trial_onsetxRU
mask
  c = masks/badre_rlpfc_36_56_-8_r=10mm.nii, s = 7, run = 5, r = 5, reg = Sn(5) constant
mask
  c = masks/badre_rlpfc_36_56_-8_r=10mm.nii, s = 7, run = 6, r = 6, reg = Sn(6) trial_onsetxRU
mask
  c = masks/badre_rlpfc_36_56_-8_r=10mm.nii, s = 7, run = 6, r = 6, reg = Sn(6) constant
mask
  c = masks/badre_rlpfc_36_56_-8_r=10mm.nii, s = 7, run = 7, r = 7, reg = Sn(7) trial_onsetxRU
mask
  c = masks/badre_rlpfc_36_56_-8_r=10mm.nii, s = 7, run = 7, r = 7, reg = Sn(7) constant
mask
  c = masks/badre_rlpfc_36_56_-8_r=10mm.nii, s = 7, run = 8, r = 8, reg = Sn(8) trial_onsetxRU
mask
  c = masks/badre_rlpfc_36_56_-8_r=10mm.nii, s = 7, run = 8, r = 8, reg = Sn(8) constant
mask
  c = masks/badre_rlpfc_36_56_-8_r=10mm.nii, s = 8, run = 1, r = 1, reg = Sn(1) trial_onsetxRU
mask
  c = masks/badre_rlpfc_36_56_-8_r=10mm.nii, s = 8, run = 1, r = 1, reg = Sn(1) constant
mask
  c = masks/badre_rlpfc_36_56_-8_r=10mm.nii, s = 8, run = 2, r = 2, reg = Sn(2) trial_onsetxRU
mask
  c = masks/badre_rlpfc_36_56_-8_r=10mm.nii, s = 8, run = 2, r = 2, reg = Sn(2) constant
mask
  c = masks/badre_rlpfc_36_56_-8_r=10mm.nii, s = 8, run = 3, r = 3, reg = Sn(3) trial_onsetxRU
mask
  c = masks/badre_rlpfc_36_56_-8_r=10mm.nii, s = 8, run = 3, r = 3, reg = Sn(3) constant
mask
  c = masks/badre_rlpfc_36_56_-8_r=10mm.nii, s = 8, run = 4, r = 4, reg = Sn(4) trial_onsetxRU
mask
  c = masks/badre_rlpfc_36_56_-8_r=10mm.nii, s = 8, run = 4, r = 4, reg = Sn(4) constant
mask
  c = masks/badre_rlpfc_36_56_-8_r=10mm.nii, s = 8, run = 5, r = 5, reg = Sn(5) trial_onsetxRU
mask
  c = masks/badre_rlpfc_36_56_-8_r=10mm.nii, s = 8, run = 5, r = 5, reg = Sn(5) constant
mask
  c = masks/badre_rlpfc_36_56_-8_r=10mm.nii, s = 8, run = 6, r = 6, reg = Sn(6) trial_onsetxRU
mask
  c = masks/badre_rlpfc_36_56_-8_r=10mm.nii, s = 8, run = 6, r = 6, reg = Sn(6) constant
mask
  c = masks/badre_rlpfc_36_56_-8_r=10mm.nii, s = 8, run = 7, r = 7, reg = Sn(7) trial_onsetxRU
mask
  c = masks/badre_rlpfc_36_56_-8_r=10mm.nii, s = 8, run = 7, r = 7, reg = Sn(7) constant
mask
  c = masks/badre_rlpfc_36_56_-8_r=10mm.nii, s = 8, run = 8, r = 8, reg = Sn(8) trial_onsetxRU
mask
  c = masks/badre_rlpfc_36_56_-8_r=10mm.nii, s = 8, run = 8, r = 8, reg = Sn(8) constant
mask
  c = masks/badre_rlpfc_36_56_-8_r=10mm.nii, s = 9, run = 1, r = 1, reg = Sn(1) trial_onsetxRU
mask
  c = masks/badre_rlpfc_36_56_-8_r=10mm.nii, s = 9, run = 1, r = 1, reg = Sn(1) constant
mask
  c = masks/badre_rlpfc_36_56_-8_r=10mm.nii, s = 9, run = 2, r = 2, reg = Sn(2) trial_onsetxRU
mask
  c = masks/badre_rlpfc_36_56_-8_r=10mm.nii, s = 9, run = 2, r = 2, reg = Sn(2) constant
mask
  c = masks/badre_rlpfc_36_56_-8_r=10mm.nii, s = 9, run = 3, r = 3, reg = Sn(3) trial_onsetxRU
mask
  c = masks/badre_rlpfc_36_56_-8_r=10mm.nii, s = 9, run = 3, r = 3, reg = Sn(3) constant
mask
  c = masks/badre_rlpfc_36_56_-8_r=10mm.nii, s = 9, run = 4, r = 4, reg = Sn(4) trial_onsetxRU
mask
  c = masks/badre_rlpfc_36_56_-8_r=10mm.nii, s = 9, run = 4, r = 4, reg = Sn(4) constant
mask
  c = masks/badre_rlpfc_36_56_-8_r=10mm.nii, s = 9, run = 5, r = 5, reg = Sn(5) trial_onsetxRU
mask
  c = masks/badre_rlpfc_36_56_-8_r=10mm.nii, s = 9, run = 5, r = 5, reg = Sn(5) constant
mask
  c = masks/badre_rlpfc_36_56_-8_r=10mm.nii, s = 9, run = 6, r = 6, reg = Sn(6) trial_onsetxRU
mask
  c = masks/badre_rlpfc_36_56_-8_r=10mm.nii, s = 9, run = 6, r = 6, reg = Sn(6) constant
mask
  c = masks/badre_rlpfc_36_56_-8_r=10mm.nii, s = 9, run = 7, r = 7, reg = Sn(7) trial_onsetxRU
mask
  c = masks/badre_rlpfc_36_56_-8_r=10mm.nii, s = 9, run = 7, r = 7, reg = Sn(7) constant
mask
  c = masks/badre_rlpfc_36_56_-8_r=10mm.nii, s = 9, run = 8, r = 8, reg = Sn(8) trial_onsetxRU
mask
  c = masks/badre_rlpfc_36_56_-8_r=10mm.nii, s = 9, run = 8, r = 8, reg = Sn(8) constant
mask
  c = masks/badre_rlpfc_36_56_-8_r=10mm.nii, s = 10, run = 1, r = 1, reg = Sn(1) trial_onsetxRU
mask
  c = masks/badre_rlpfc_36_56_-8_r=10mm.nii, s = 10, run = 1, r = 1, reg = Sn(1) constant
mask
  c = masks/badre_rlpfc_36_56_-8_r=10mm.nii, s = 10, run = 2, r = 2, reg = Sn(2) trial_onsetxRU
mask
  c = masks/badre_rlpfc_36_56_-8_r=10mm.nii, s = 10, run = 2, r = 2, reg = Sn(2) constant
mask
  c = masks/badre_rlpfc_36_56_-8_r=10mm.nii, s = 10, run = 3, r = 3, reg = Sn(3) trial_onsetxRU
mask
  c = masks/badre_rlpfc_36_56_-8_r=10mm.nii, s = 10, run = 3, r = 3, reg = Sn(3) constant
mask
  c = masks/badre_rlpfc_36_56_-8_r=10mm.nii, s = 10, run = 4, r = 4, reg = Sn(4) trial_onsetxRU
mask
  c = masks/badre_rlpfc_36_56_-8_r=10mm.nii, s = 10, run = 4, r = 4, reg = Sn(4) constant
mask
  c = masks/badre_rlpfc_36_56_-8_r=10mm.nii, s = 10, run = 5, r = 5, reg = Sn(5) trial_onsetxRU
mask
  c = masks/badre_rlpfc_36_56_-8_r=10mm.nii, s = 10, run = 5, r = 5, reg = Sn(5) constant
mask
  c = masks/badre_rlpfc_36_56_-8_r=10mm.nii, s = 10, run = 6, r = 6, reg = Sn(6) trial_onsetxRU
mask
  c = masks/badre_rlpfc_36_56_-8_r=10mm.nii, s = 10, run = 6, r = 6, reg = Sn(6) constant
mask
  c = masks/badre_rlpfc_36_56_-8_r=10mm.nii, s = 10, run = 7, r = 7, reg = Sn(7) trial_onsetxRU
mask
  c = masks/badre_rlpfc_36_56_-8_r=10mm.nii, s = 10, run = 7, r = 7, reg = Sn(7) constant
mask
  c = masks/badre_rlpfc_36_56_-8_r=10mm.nii, s = 10, run = 8, r = 8, reg = Sn(8) trial_onsetxRU
mask
  c = masks/badre_rlpfc_36_56_-8_r=10mm.nii, s = 10, run = 8, r = 8, reg = Sn(8) constant
mask
  c = masks/badre_rlpfc_36_56_-8_r=10mm.nii, s = 11, run = 1, r = 1, reg = Sn(1) trial_onsetxRU
mask
  c = masks/badre_rlpfc_36_56_-8_r=10mm.nii, s = 11, run = 1, r = 1, reg = Sn(1) constant
mask
  c = masks/badre_rlpfc_36_56_-8_r=10mm.nii, s = 11, run = 2, r = 2, reg = Sn(2) trial_onsetxRU
mask
  c = masks/badre_rlpfc_36_56_-8_r=10mm.nii, s = 11, run = 2, r = 2, reg = Sn(2) constant
mask
  c = masks/badre_rlpfc_36_56_-8_r=10mm.nii, s = 11, run = 3, r = 3, reg = Sn(3) trial_onsetxRU
mask
  c = masks/badre_rlpfc_36_56_-8_r=10mm.nii, s = 11, run = 3, r = 3, reg = Sn(3) constant
mask
  c = masks/badre_rlpfc_36_56_-8_r=10mm.nii, s = 11, run = 4, r = 4, reg = Sn(4) trial_onsetxRU
mask
  c = masks/badre_rlpfc_36_56_-8_r=10mm.nii, s = 11, run = 4, r = 4, reg = Sn(4) constant
mask
  c = masks/badre_rlpfc_36_56_-8_r=10mm.nii, s = 11, run = 5, r = 5, reg = Sn(5) trial_onsetxRU
mask
  c = masks/badre_rlpfc_36_56_-8_r=10mm.nii, s = 11, run = 5, r = 5, reg = Sn(5) constant
mask
  c = masks/badre_rlpfc_36_56_-8_r=10mm.nii, s = 11, run = 6, r = 6, reg = Sn(6) trial_onsetxRU
mask
  c = masks/badre_rlpfc_36_56_-8_r=10mm.nii, s = 11, run = 6, r = 6, reg = Sn(6) constant
mask
  c = masks/badre_rlpfc_36_56_-8_r=10mm.nii, s = 11, run = 7, r = 7, reg = Sn(7) trial_onsetxRU
mask
  c = masks/badre_rlpfc_36_56_-8_r=10mm.nii, s = 11, run = 7, r = 7, reg = Sn(7) constant
mask
  c = masks/badre_rlpfc_36_56_-8_r=10mm.nii, s = 11, run = 8, r = 8, reg = Sn(8) trial_onsetxRU
mask
  c = masks/badre_rlpfc_36_56_-8_r=10mm.nii, s = 11, run = 8, r = 8, reg = Sn(8) constant
mask
  c = masks/badre_rlpfc_36_56_-8_r=10mm.nii, s = 12, run = 1, r = 1, reg = Sn(1) trial_onsetxRU
mask
  c = masks/badre_rlpfc_36_56_-8_r=10mm.nii, s = 12, run = 1, r = 1, reg = Sn(1) constant
mask
  c = masks/badre_rlpfc_36_56_-8_r=10mm.nii, s = 12, run = 2, r = 2, reg = Sn(2) trial_onsetxRU
mask
  c = masks/badre_rlpfc_36_56_-8_r=10mm.nii, s = 12, run = 2, r = 2, reg = Sn(2) constant
mask
  c = masks/badre_rlpfc_36_56_-8_r=10mm.nii, s = 12, run = 3, r = 3, reg = Sn(3) trial_onsetxRU
mask
  c = masks/badre_rlpfc_36_56_-8_r=10mm.nii, s = 12, run = 3, r = 3, reg = Sn(3) constant
mask
  c = masks/badre_rlpfc_36_56_-8_r=10mm.nii, s = 12, run = 4, r = 4, reg = Sn(4) trial_onsetxRU
mask
  c = masks/badre_rlpfc_36_56_-8_r=10mm.nii, s = 12, run = 4, r = 4, reg = Sn(4) constant
mask
  c = masks/badre_rlpfc_36_56_-8_r=10mm.nii, s = 12, run = 5, r = 5, reg = Sn(5) trial_onsetxRU
mask
  c = masks/badre_rlpfc_36_56_-8_r=10mm.nii, s = 12, run = 5, r = 5, reg = Sn(5) constant
mask
  c = masks/badre_rlpfc_36_56_-8_r=10mm.nii, s = 12, run = 6, r = 6, reg = Sn(6) trial_onsetxRU
mask
  c = masks/badre_rlpfc_36_56_-8_r=10mm.nii, s = 12, run = 6, r = 6, reg = Sn(6) constant
mask
  c = masks/badre_rlpfc_36_56_-8_r=10mm.nii, s = 12, run = 7, r = 7, reg = Sn(7) trial_onsetxRU
mask
  c = masks/badre_rlpfc_36_56_-8_r=10mm.nii, s = 12, run = 7, r = 7, reg = Sn(7) constant
mask
  c = masks/badre_rlpfc_36_56_-8_r=10mm.nii, s = 12, run = 8, r = 8, reg = Sn(8) trial_onsetxRU
mask
  c = masks/badre_rlpfc_36_56_-8_r=10mm.nii, s = 12, run = 8, r = 8, reg = Sn(8) constant
mask
  c = masks/badre_rlpfc_36_56_-8_r=10mm.nii, s = 13, run = 1, r = 1, reg = Sn(1) trial_onsetxRU
mask
  c = masks/badre_rlpfc_36_56_-8_r=10mm.nii, s = 13, run = 1, r = 1, reg = Sn(1) constant
mask
  c = masks/badre_rlpfc_36_56_-8_r=10mm.nii, s = 13, run = 2, r = 2, reg = Sn(2) trial_onsetxRU
mask
  c = masks/badre_rlpfc_36_56_-8_r=10mm.nii, s = 13, run = 2, r = 2, reg = Sn(2) constant
mask
  c = masks/badre_rlpfc_36_56_-8_r=10mm.nii, s = 13, run = 3, r = 3, reg = Sn(3) trial_onsetxRU
mask
  c = masks/badre_rlpfc_36_56_-8_r=10mm.nii, s = 13, run = 3, r = 3, reg = Sn(3) constant
mask
  c = masks/badre_rlpfc_36_56_-8_r=10mm.nii, s = 13, run = 5, r = 4, reg = Sn(4) trial_onsetxRU
mask
  c = masks/badre_rlpfc_36_56_-8_r=10mm.nii, s = 13, run = 5, r = 4, reg = Sn(4) constant
mask
  c = masks/badre_rlpfc_36_56_-8_r=10mm.nii, s = 13, run = 6, r = 5, reg = Sn(5) trial_onsetxRU
mask
  c = masks/badre_rlpfc_36_56_-8_r=10mm.nii, s = 13, run = 6, r = 5, reg = Sn(5) constant
mask
  c = masks/badre_rlpfc_36_56_-8_r=10mm.nii, s = 13, run = 7, r = 6, reg = Sn(6) trial_onsetxRU
mask
  c = masks/badre_rlpfc_36_56_-8_r=10mm.nii, s = 13, run = 7, r = 6, reg = Sn(6) constant
mask
  c = masks/badre_rlpfc_36_56_-8_r=10mm.nii, s = 13, run = 8, r = 7, reg = Sn(7) trial_onsetxRU
mask
  c = masks/badre_rlpfc_36_56_-8_r=10mm.nii, s = 13, run = 8, r = 7, reg = Sn(7) constant
mask
  c = masks/badre_rlpfc_36_56_-8_r=10mm.nii, s = 14, run = 1, r = 1, reg = Sn(1) trial_onsetxRU
mask
  c = masks/badre_rlpfc_36_56_-8_r=10mm.nii, s = 14, run = 1, r = 1, reg = Sn(1) constant
mask
  c = masks/badre_rlpfc_36_56_-8_r=10mm.nii, s = 14, run = 2, r = 2, reg = Sn(2) trial_onsetxRU
mask
  c = masks/badre_rlpfc_36_56_-8_r=10mm.nii, s = 14, run = 2, r = 2, reg = Sn(2) constant
mask
  c = masks/badre_rlpfc_36_56_-8_r=10mm.nii, s = 14, run = 3, r = 3, reg = Sn(3) trial_onsetxRU
mask
  c = masks/badre_rlpfc_36_56_-8_r=10mm.nii, s = 14, run = 3, r = 3, reg = Sn(3) constant
mask
  c = masks/badre_rlpfc_36_56_-8_r=10mm.nii, s = 14, run = 4, r = 4, reg = Sn(4) trial_onsetxRU
mask
  c = masks/badre_rlpfc_36_56_-8_r=10mm.nii, s = 14, run = 4, r = 4, reg = Sn(4) constant
mask
  c = masks/badre_rlpfc_36_56_-8_r=10mm.nii, s = 14, run = 5, r = 5, reg = Sn(5) trial_onsetxRU
mask
  c = masks/badre_rlpfc_36_56_-8_r=10mm.nii, s = 14, run = 5, r = 5, reg = Sn(5) constant
mask
  c = masks/badre_rlpfc_36_56_-8_r=10mm.nii, s = 14, run = 6, r = 6, reg = Sn(6) trial_onsetxRU
mask
  c = masks/badre_rlpfc_36_56_-8_r=10mm.nii, s = 14, run = 6, r = 6, reg = Sn(6) constant
mask
  c = masks/badre_rlpfc_36_56_-8_r=10mm.nii, s = 14, run = 7, r = 7, reg = Sn(7) trial_onsetxRU
mask
  c = masks/badre_rlpfc_36_56_-8_r=10mm.nii, s = 14, run = 7, r = 7, reg = Sn(7) constant
mask
  c = masks/badre_rlpfc_36_56_-8_r=10mm.nii, s = 14, run = 8, r = 8, reg = Sn(8) trial_onsetxRU
mask
  c = masks/badre_rlpfc_36_56_-8_r=10mm.nii, s = 14, run = 8, r = 8, reg = Sn(8) constant
mask
  c = masks/badre_rlpfc_36_56_-8_r=10mm.nii, s = 15, run = 1, r = 1, reg = Sn(1) trial_onsetxRU
mask
  c = masks/badre_rlpfc_36_56_-8_r=10mm.nii, s = 15, run = 1, r = 1, reg = Sn(1) constant
mask
  c = masks/badre_rlpfc_36_56_-8_r=10mm.nii, s = 15, run = 2, r = 2, reg = Sn(2) trial_onsetxRU
mask
  c = masks/badre_rlpfc_36_56_-8_r=10mm.nii, s = 15, run = 2, r = 2, reg = Sn(2) constant
mask
  c = masks/badre_rlpfc_36_56_-8_r=10mm.nii, s = 15, run = 3, r = 3, reg = Sn(3) trial_onsetxRU
mask
  c = masks/badre_rlpfc_36_56_-8_r=10mm.nii, s = 15, run = 3, r = 3, reg = Sn(3) constant
mask
  c = masks/badre_rlpfc_36_56_-8_r=10mm.nii, s = 15, run = 4, r = 4, reg = Sn(4) trial_onsetxRU
mask
  c = masks/badre_rlpfc_36_56_-8_r=10mm.nii, s = 15, run = 4, r = 4, reg = Sn(4) constant
mask
  c = masks/badre_rlpfc_36_56_-8_r=10mm.nii, s = 15, run = 5, r = 5, reg = Sn(5) trial_onsetxRU
mask
  c = masks/badre_rlpfc_36_56_-8_r=10mm.nii, s = 15, run = 5, r = 5, reg = Sn(5) constant
mask
  c = masks/badre_rlpfc_36_56_-8_r=10mm.nii, s = 15, run = 6, r = 6, reg = Sn(6) trial_onsetxRU
mask
  c = masks/badre_rlpfc_36_56_-8_r=10mm.nii, s = 15, run = 6, r = 6, reg = Sn(6) constant
mask
  c = masks/badre_rlpfc_36_56_-8_r=10mm.nii, s = 15, run = 7, r = 7, reg = Sn(7) trial_onsetxRU
mask
  c = masks/badre_rlpfc_36_56_-8_r=10mm.nii, s = 15, run = 7, r = 7, reg = Sn(7) constant
mask
  c = masks/badre_rlpfc_36_56_-8_r=10mm.nii, s = 15, run = 8, r = 8, reg = Sn(8) trial_onsetxRU
mask
  c = masks/badre_rlpfc_36_56_-8_r=10mm.nii, s = 15, run = 8, r = 8, reg = Sn(8) constant
mask
  c = masks/badre_rlpfc_36_56_-8_r=10mm.nii, s = 16, run = 1, r = 1, reg = Sn(1) trial_onsetxRU
mask
  c = masks/badre_rlpfc_36_56_-8_r=10mm.nii, s = 16, run = 1, r = 1, reg = Sn(1) constant
mask
  c = masks/badre_rlpfc_36_56_-8_r=10mm.nii, s = 16, run = 2, r = 2, reg = Sn(2) trial_onsetxRU
mask
  c = masks/badre_rlpfc_36_56_-8_r=10mm.nii, s = 16, run = 2, r = 2, reg = Sn(2) constant
mask
  c = masks/badre_rlpfc_36_56_-8_r=10mm.nii, s = 16, run = 3, r = 3, reg = Sn(3) trial_onsetxRU
mask
  c = masks/badre_rlpfc_36_56_-8_r=10mm.nii, s = 16, run = 3, r = 3, reg = Sn(3) constant
mask
  c = masks/badre_rlpfc_36_56_-8_r=10mm.nii, s = 16, run = 4, r = 4, reg = Sn(4) trial_onsetxRU
mask
  c = masks/badre_rlpfc_36_56_-8_r=10mm.nii, s = 16, run = 4, r = 4, reg = Sn(4) constant
mask
  c = masks/badre_rlpfc_36_56_-8_r=10mm.nii, s = 16, run = 5, r = 5, reg = Sn(5) trial_onsetxRU
mask
  c = masks/badre_rlpfc_36_56_-8_r=10mm.nii, s = 16, run = 5, r = 5, reg = Sn(5) constant
mask
  c = masks/badre_rlpfc_36_56_-8_r=10mm.nii, s = 16, run = 6, r = 6, reg = Sn(6) trial_onsetxRU
mask
  c = masks/badre_rlpfc_36_56_-8_r=10mm.nii, s = 16, run = 6, r = 6, reg = Sn(6) constant
mask
  c = masks/badre_rlpfc_36_56_-8_r=10mm.nii, s = 16, run = 7, r = 7, reg = Sn(7) trial_onsetxRU
mask
  c = masks/badre_rlpfc_36_56_-8_r=10mm.nii, s = 16, run = 7, r = 7, reg = Sn(7) constant
mask
  c = masks/badre_rlpfc_36_56_-8_r=10mm.nii, s = 16, run = 8, r = 8, reg = Sn(8) trial_onsetxRU
mask
  c = masks/badre_rlpfc_36_56_-8_r=10mm.nii, s = 16, run = 8, r = 8, reg = Sn(8) constant
mask
  c = masks/badre_rlpfc_36_56_-8_r=10mm.nii, s = 17, run = 1, r = 1, reg = Sn(1) trial_onsetxRU
mask
  c = masks/badre_rlpfc_36_56_-8_r=10mm.nii, s = 17, run = 1, r = 1, reg = Sn(1) constant
mask
  c = masks/badre_rlpfc_36_56_-8_r=10mm.nii, s = 17, run = 2, r = 2, reg = Sn(2) trial_onsetxRU
mask
  c = masks/badre_rlpfc_36_56_-8_r=10mm.nii, s = 17, run = 2, r = 2, reg = Sn(2) constant
mask
  c = masks/badre_rlpfc_36_56_-8_r=10mm.nii, s = 17, run = 3, r = 3, reg = Sn(3) trial_onsetxRU
mask
  c = masks/badre_rlpfc_36_56_-8_r=10mm.nii, s = 17, run = 3, r = 3, reg = Sn(3) constant
mask
  c = masks/badre_rlpfc_36_56_-8_r=10mm.nii, s = 17, run = 4, r = 4, reg = Sn(4) trial_onsetxRU
mask
  c = masks/badre_rlpfc_36_56_-8_r=10mm.nii, s = 17, run = 4, r = 4, reg = Sn(4) constant
mask
  c = masks/badre_rlpfc_36_56_-8_r=10mm.nii, s = 17, run = 6, r = 5, reg = Sn(5) trial_onsetxRU
mask
  c = masks/badre_rlpfc_36_56_-8_r=10mm.nii, s = 17, run = 6, r = 5, reg = Sn(5) constant
mask
  c = masks/badre_rlpfc_36_56_-8_r=10mm.nii, s = 17, run = 7, r = 6, reg = Sn(6) trial_onsetxRU
mask
  c = masks/badre_rlpfc_36_56_-8_r=10mm.nii, s = 17, run = 7, r = 6, reg = Sn(6) constant
mask
  c = masks/badre_rlpfc_36_56_-8_r=10mm.nii, s = 17, run = 8, r = 7, reg = Sn(7) trial_onsetxRU
mask
  c = masks/badre_rlpfc_36_56_-8_r=10mm.nii, s = 17, run = 8, r = 7, reg = Sn(7) constant
mask
  c = masks/badre_rlpfc_36_56_-8_r=10mm.nii, s = 18, run = 1, r = 1, reg = Sn(1) trial_onsetxRU
mask
  c = masks/badre_rlpfc_36_56_-8_r=10mm.nii, s = 18, run = 1, r = 1, reg = Sn(1) constant
mask
  c = masks/badre_rlpfc_36_56_-8_r=10mm.nii, s = 18, run = 2, r = 2, reg = Sn(2) trial_onsetxRU
mask
  c = masks/badre_rlpfc_36_56_-8_r=10mm.nii, s = 18, run = 2, r = 2, reg = Sn(2) constant
mask
  c = masks/badre_rlpfc_36_56_-8_r=10mm.nii, s = 18, run = 3, r = 3, reg = Sn(3) trial_onsetxRU
mask
  c = masks/badre_rlpfc_36_56_-8_r=10mm.nii, s = 18, run = 3, r = 3, reg = Sn(3) constant
mask
  c = masks/badre_rlpfc_36_56_-8_r=10mm.nii, s = 18, run = 4, r = 4, reg = Sn(4) trial_onsetxRU
mask
  c = masks/badre_rlpfc_36_56_-8_r=10mm.nii, s = 18, run = 4, r = 4, reg = Sn(4) constant
mask
  c = masks/badre_rlpfc_36_56_-8_r=10mm.nii, s = 18, run = 6, r = 5, reg = Sn(5) trial_onsetxRU
mask
  c = masks/badre_rlpfc_36_56_-8_r=10mm.nii, s = 18, run = 6, r = 5, reg = Sn(5) constant
mask
  c = masks/badre_rlpfc_36_56_-8_r=10mm.nii, s = 18, run = 7, r = 6, reg = Sn(6) trial_onsetxRU
mask
  c = masks/badre_rlpfc_36_56_-8_r=10mm.nii, s = 18, run = 7, r = 6, reg = Sn(6) constant
mask
  c = masks/badre_rlpfc_36_56_-8_r=10mm.nii, s = 18, run = 8, r = 7, reg = Sn(7) trial_onsetxRU
mask
  c = masks/badre_rlpfc_36_56_-8_r=10mm.nii, s = 18, run = 8, r = 7, reg = Sn(7) constant
mask
  c = masks/badre_rlpfc_36_56_-8_r=10mm.nii, s = 19, run = 1, r = 1, reg = Sn(1) trial_onsetxRU
mask
  c = masks/badre_rlpfc_36_56_-8_r=10mm.nii, s = 19, run = 1, r = 1, reg = Sn(1) constant
mask
  c = masks/badre_rlpfc_36_56_-8_r=10mm.nii, s = 19, run = 2, r = 2, reg = Sn(2) trial_onsetxRU
mask
  c = masks/badre_rlpfc_36_56_-8_r=10mm.nii, s = 19, run = 2, r = 2, reg = Sn(2) constant
mask
  c = masks/badre_rlpfc_36_56_-8_r=10mm.nii, s = 19, run = 3, r = 3, reg = Sn(3) trial_onsetxRU
mask
  c = masks/badre_rlpfc_36_56_-8_r=10mm.nii, s = 19, run = 3, r = 3, reg = Sn(3) constant
mask
  c = masks/badre_rlpfc_36_56_-8_r=10mm.nii, s = 19, run = 4, r = 4, reg = Sn(4) trial_onsetxRU
mask
  c = masks/badre_rlpfc_36_56_-8_r=10mm.nii, s = 19, run = 4, r = 4, reg = Sn(4) constant
mask
  c = masks/badre_rlpfc_36_56_-8_r=10mm.nii, s = 19, run = 5, r = 5, reg = Sn(5) trial_onsetxRU
mask
  c = masks/badre_rlpfc_36_56_-8_r=10mm.nii, s = 19, run = 5, r = 5, reg = Sn(5) constant
mask
  c = masks/badre_rlpfc_36_56_-8_r=10mm.nii, s = 19, run = 6, r = 6, reg = Sn(6) trial_onsetxRU
mask
  c = masks/badre_rlpfc_36_56_-8_r=10mm.nii, s = 19, run = 6, r = 6, reg = Sn(6) constant
mask
  c = masks/badre_rlpfc_36_56_-8_r=10mm.nii, s = 19, run = 7, r = 7, reg = Sn(7) trial_onsetxRU
mask
  c = masks/badre_rlpfc_36_56_-8_r=10mm.nii, s = 19, run = 7, r = 7, reg = Sn(7) constant
mask
  c = masks/badre_rlpfc_36_56_-8_r=10mm.nii, s = 19, run = 8, r = 8, reg = Sn(8) trial_onsetxRU
mask
  c = masks/badre_rlpfc_36_56_-8_r=10mm.nii, s = 19, run = 8, r = 8, reg = Sn(8) constant
mask
  c = masks/badre_rlpfc_36_56_-8_r=10mm.nii, s = 20, run = 1, r = 1, reg = Sn(1) trial_onsetxRU
mask
  c = masks/badre_rlpfc_36_56_-8_r=10mm.nii, s = 20, run = 1, r = 1, reg = Sn(1) constant
mask
  c = masks/badre_rlpfc_36_56_-8_r=10mm.nii, s = 20, run = 2, r = 2, reg = Sn(2) trial_onsetxRU
mask
  c = masks/badre_rlpfc_36_56_-8_r=10mm.nii, s = 20, run = 2, r = 2, reg = Sn(2) constant
mask
  c = masks/badre_rlpfc_36_56_-8_r=10mm.nii, s = 20, run = 3, r = 3, reg = Sn(3) trial_onsetxRU
mask
  c = masks/badre_rlpfc_36_56_-8_r=10mm.nii, s = 20, run = 3, r = 3, reg = Sn(3) constant
mask
  c = masks/badre_rlpfc_36_56_-8_r=10mm.nii, s = 20, run = 4, r = 4, reg = Sn(4) trial_onsetxRU
mask
  c = masks/badre_rlpfc_36_56_-8_r=10mm.nii, s = 20, run = 4, r = 4, reg = Sn(4) constant
mask
  c = masks/badre_rlpfc_36_56_-8_r=10mm.nii, s = 20, run = 5, r = 5, reg = Sn(5) trial_onsetxRU
mask
  c = masks/badre_rlpfc_36_56_-8_r=10mm.nii, s = 20, run = 5, r = 5, reg = Sn(5) constant
mask
  c = masks/badre_rlpfc_36_56_-8_r=10mm.nii, s = 20, run = 6, r = 6, reg = Sn(6) trial_onsetxRU
mask
  c = masks/badre_rlpfc_36_56_-8_r=10mm.nii, s = 20, run = 6, r = 6, reg = Sn(6) constant
mask
  c = masks/badre_rlpfc_36_56_-8_r=10mm.nii, s = 20, run = 7, r = 7, reg = Sn(7) trial_onsetxRU
mask
  c = masks/badre_rlpfc_36_56_-8_r=10mm.nii, s = 20, run = 7, r = 7, reg = Sn(7) constant
mask
  c = masks/badre_rlpfc_36_56_-8_r=10mm.nii, s = 20, run = 8, r = 8, reg = Sn(8) trial_onsetxRU
mask
  c = masks/badre_rlpfc_36_56_-8_r=10mm.nii, s = 20, run = 8, r = 8, reg = Sn(8) constant
mask
  c = masks/badre_rlpfc_36_56_-8_r=10mm.nii, s = 21, run = 1, r = 1, reg = Sn(1) trial_onsetxRU
mask
  c = masks/badre_rlpfc_36_56_-8_r=10mm.nii, s = 21, run = 1, r = 1, reg = Sn(1) constant
mask
  c = masks/badre_rlpfc_36_56_-8_r=10mm.nii, s = 21, run = 2, r = 2, reg = Sn(2) trial_onsetxRU
mask
  c = masks/badre_rlpfc_36_56_-8_r=10mm.nii, s = 21, run = 2, r = 2, reg = Sn(2) constant
mask
  c = masks/badre_rlpfc_36_56_-8_r=10mm.nii, s = 21, run = 3, r = 3, reg = Sn(3) trial_onsetxRU
mask
  c = masks/badre_rlpfc_36_56_-8_r=10mm.nii, s = 21, run = 3, r = 3, reg = Sn(3) constant
mask
  c = masks/badre_rlpfc_36_56_-8_r=10mm.nii, s = 21, run = 4, r = 4, reg = Sn(4) trial_onsetxRU
mask
  c = masks/badre_rlpfc_36_56_-8_r=10mm.nii, s = 21, run = 4, r = 4, reg = Sn(4) constant
mask
  c = masks/badre_rlpfc_36_56_-8_r=10mm.nii, s = 21, run = 5, r = 5, reg = Sn(5) trial_onsetxRU
mask
  c = masks/badre_rlpfc_36_56_-8_r=10mm.nii, s = 21, run = 5, r = 5, reg = Sn(5) constant
mask
  c = masks/badre_rlpfc_36_56_-8_r=10mm.nii, s = 21, run = 6, r = 6, reg = Sn(6) trial_onsetxRU
mask
  c = masks/badre_rlpfc_36_56_-8_r=10mm.nii, s = 21, run = 6, r = 6, reg = Sn(6) constant
mask
  c = masks/badre_rlpfc_36_56_-8_r=10mm.nii, s = 21, run = 7, r = 7, reg = Sn(7) trial_onsetxRU
mask
  c = masks/badre_rlpfc_36_56_-8_r=10mm.nii, s = 21, run = 7, r = 7, reg = Sn(7) constant
mask
  c = masks/badre_rlpfc_36_56_-8_r=10mm.nii, s = 21, run = 8, r = 8, reg = Sn(8) trial_onsetxRU
mask
  c = masks/badre_rlpfc_36_56_-8_r=10mm.nii, s = 21, run = 8, r = 8, reg = Sn(8) constant
mask
  c = masks/badre_rlpfc_36_56_-8_r=10mm.nii, s = 22, run = 1, r = 1, reg = Sn(1) trial_onsetxRU
mask
  c = masks/badre_rlpfc_36_56_-8_r=10mm.nii, s = 22, run = 1, r = 1, reg = Sn(1) constant
mask
  c = masks/badre_rlpfc_36_56_-8_r=10mm.nii, s = 22, run = 2, r = 2, reg = Sn(2) trial_onsetxRU
mask
  c = masks/badre_rlpfc_36_56_-8_r=10mm.nii, s = 22, run = 2, r = 2, reg = Sn(2) constant
mask
  c = masks/badre_rlpfc_36_56_-8_r=10mm.nii, s = 22, run = 3, r = 3, reg = Sn(3) trial_onsetxRU
mask
  c = masks/badre_rlpfc_36_56_-8_r=10mm.nii, s = 22, run = 3, r = 3, reg = Sn(3) constant
mask
  c = masks/badre_rlpfc_36_56_-8_r=10mm.nii, s = 22, run = 4, r = 4, reg = Sn(4) trial_onsetxRU
mask
  c = masks/badre_rlpfc_36_56_-8_r=10mm.nii, s = 22, run = 4, r = 4, reg = Sn(4) constant
mask
  c = masks/badre_rlpfc_36_56_-8_r=10mm.nii, s = 22, run = 5, r = 5, reg = Sn(5) trial_onsetxRU
mask
  c = masks/badre_rlpfc_36_56_-8_r=10mm.nii, s = 22, run = 5, r = 5, reg = Sn(5) constant
mask
  c = masks/badre_rlpfc_36_56_-8_r=10mm.nii, s = 22, run = 6, r = 6, reg = Sn(6) trial_onsetxRU
mask
  c = masks/badre_rlpfc_36_56_-8_r=10mm.nii, s = 22, run = 6, r = 6, reg = Sn(6) constant
mask
  c = masks/badre_rlpfc_36_56_-8_r=10mm.nii, s = 22, run = 7, r = 7, reg = Sn(7) trial_onsetxRU
mask
  c = masks/badre_rlpfc_36_56_-8_r=10mm.nii, s = 22, run = 7, r = 7, reg = Sn(7) constant
mask
  c = masks/badre_rlpfc_36_56_-8_r=10mm.nii, s = 22, run = 8, r = 8, reg = Sn(8) trial_onsetxRU
mask
  c = masks/badre_rlpfc_36_56_-8_r=10mm.nii, s = 22, run = 8, r = 8, reg = Sn(8) constant
mask
  c = masks/badre_rlpfc_36_56_-8_r=10mm.nii, s = 23, run = 1, r = 1, reg = Sn(1) trial_onsetxRU
mask
  c = masks/badre_rlpfc_36_56_-8_r=10mm.nii, s = 23, run = 1, r = 1, reg = Sn(1) constant
mask
  c = masks/badre_rlpfc_36_56_-8_r=10mm.nii, s = 23, run = 2, r = 2, reg = Sn(2) trial_onsetxRU
mask
  c = masks/badre_rlpfc_36_56_-8_r=10mm.nii, s = 23, run = 2, r = 2, reg = Sn(2) constant
mask
  c = masks/badre_rlpfc_36_56_-8_r=10mm.nii, s = 23, run = 3, r = 3, reg = Sn(3) trial_onsetxRU
mask
  c = masks/badre_rlpfc_36_56_-8_r=10mm.nii, s = 23, run = 3, r = 3, reg = Sn(3) constant
mask
  c = masks/badre_rlpfc_36_56_-8_r=10mm.nii, s = 23, run = 4, r = 4, reg = Sn(4) trial_onsetxRU
mask
  c = masks/badre_rlpfc_36_56_-8_r=10mm.nii, s = 23, run = 4, r = 4, reg = Sn(4) constant
mask
  c = masks/badre_rlpfc_36_56_-8_r=10mm.nii, s = 23, run = 5, r = 5, reg = Sn(5) trial_onsetxRU
mask
  c = masks/badre_rlpfc_36_56_-8_r=10mm.nii, s = 23, run = 5, r = 5, reg = Sn(5) constant
mask
  c = masks/badre_rlpfc_36_56_-8_r=10mm.nii, s = 23, run = 6, r = 6, reg = Sn(6) trial_onsetxRU
mask
  c = masks/badre_rlpfc_36_56_-8_r=10mm.nii, s = 23, run = 6, r = 6, reg = Sn(6) constant
mask
  c = masks/badre_rlpfc_36_56_-8_r=10mm.nii, s = 23, run = 7, r = 7, reg = Sn(7) trial_onsetxRU
mask
  c = masks/badre_rlpfc_36_56_-8_r=10mm.nii, s = 23, run = 7, r = 7, reg = Sn(7) constant
mask
  c = masks/badre_rlpfc_36_56_-8_r=10mm.nii, s = 23, run = 8, r = 8, reg = Sn(8) trial_onsetxRU
mask
  c = masks/badre_rlpfc_36_56_-8_r=10mm.nii, s = 23, run = 8, r = 8, reg = Sn(8) constant
mask
  c = masks/badre_rlpfc_36_56_-8_r=10mm.nii, s = 24, run = 1, r = 1, reg = Sn(1) trial_onsetxRU
mask
  c = masks/badre_rlpfc_36_56_-8_r=10mm.nii, s = 24, run = 1, r = 1, reg = Sn(1) constant
mask
  c = masks/badre_rlpfc_36_56_-8_r=10mm.nii, s = 24, run = 2, r = 2, reg = Sn(2) trial_onsetxRU
mask
  c = masks/badre_rlpfc_36_56_-8_r=10mm.nii, s = 24, run = 2, r = 2, reg = Sn(2) constant
mask
  c = masks/badre_rlpfc_36_56_-8_r=10mm.nii, s = 24, run = 3, r = 3, reg = Sn(3) trial_onsetxRU
mask
  c = masks/badre_rlpfc_36_56_-8_r=10mm.nii, s = 24, run = 3, r = 3, reg = Sn(3) constant
mask
  c = masks/badre_rlpfc_36_56_-8_r=10mm.nii, s = 24, run = 4, r = 4, reg = Sn(4) trial_onsetxRU
mask
  c = masks/badre_rlpfc_36_56_-8_r=10mm.nii, s = 24, run = 4, r = 4, reg = Sn(4) constant
mask
  c = masks/badre_rlpfc_36_56_-8_r=10mm.nii, s = 24, run = 5, r = 5, reg = Sn(5) trial_onsetxRU
mask
  c = masks/badre_rlpfc_36_56_-8_r=10mm.nii, s = 24, run = 5, r = 5, reg = Sn(5) constant
mask
  c = masks/badre_rlpfc_36_56_-8_r=10mm.nii, s = 24, run = 6, r = 6, reg = Sn(6) trial_onsetxRU
mask
  c = masks/badre_rlpfc_36_56_-8_r=10mm.nii, s = 24, run = 6, r = 6, reg = Sn(6) constant
mask
  c = masks/badre_rlpfc_36_56_-8_r=10mm.nii, s = 24, run = 7, r = 7, reg = Sn(7) trial_onsetxRU
mask
  c = masks/badre_rlpfc_36_56_-8_r=10mm.nii, s = 24, run = 7, r = 7, reg = Sn(7) constant
mask
  c = masks/badre_rlpfc_36_56_-8_r=10mm.nii, s = 24, run = 8, r = 8, reg = Sn(8) trial_onsetxRU
mask
  c = masks/badre_rlpfc_36_56_-8_r=10mm.nii, s = 24, run = 8, r = 8, reg = Sn(8) constant
mask
  c = masks/badre_rlpfc_36_56_-8_r=10mm.nii, s = 25, run = 1, r = 1, reg = Sn(1) trial_onsetxRU
mask
  c = masks/badre_rlpfc_36_56_-8_r=10mm.nii, s = 25, run = 1, r = 1, reg = Sn(1) constant
mask
  c = masks/badre_rlpfc_36_56_-8_r=10mm.nii, s = 25, run = 2, r = 2, reg = Sn(2) trial_onsetxRU
mask
  c = masks/badre_rlpfc_36_56_-8_r=10mm.nii, s = 25, run = 2, r = 2, reg = Sn(2) constant
mask
  c = masks/badre_rlpfc_36_56_-8_r=10mm.nii, s = 25, run = 3, r = 3, reg = Sn(3) trial_onsetxRU
mask
  c = masks/badre_rlpfc_36_56_-8_r=10mm.nii, s = 25, run = 3, r = 3, reg = Sn(3) constant
mask
  c = masks/badre_rlpfc_36_56_-8_r=10mm.nii, s = 25, run = 4, r = 4, reg = Sn(4) trial_onsetxRU
mask
  c = masks/badre_rlpfc_36_56_-8_r=10mm.nii, s = 25, run = 4, r = 4, reg = Sn(4) constant
mask
  c = masks/badre_rlpfc_36_56_-8_r=10mm.nii, s = 25, run = 5, r = 5, reg = Sn(5) trial_onsetxRU
mask
  c = masks/badre_rlpfc_36_56_-8_r=10mm.nii, s = 25, run = 5, r = 5, reg = Sn(5) constant
mask
  c = masks/badre_rlpfc_36_56_-8_r=10mm.nii, s = 25, run = 6, r = 6, reg = Sn(6) trial_onsetxRU
mask
  c = masks/badre_rlpfc_36_56_-8_r=10mm.nii, s = 25, run = 6, r = 6, reg = Sn(6) constant
mask
  c = masks/badre_rlpfc_36_56_-8_r=10mm.nii, s = 25, run = 7, r = 7, reg = Sn(7) trial_onsetxRU
mask
  c = masks/badre_rlpfc_36_56_-8_r=10mm.nii, s = 25, run = 7, r = 7, reg = Sn(7) constant
mask
  c = masks/badre_rlpfc_36_56_-8_r=10mm.nii, s = 25, run = 8, r = 8, reg = Sn(8) trial_onsetxRU
mask
  c = masks/badre_rlpfc_36_56_-8_r=10mm.nii, s = 25, run = 8, r = 8, reg = Sn(8) constant
mask
  c = masks/badre_rlpfc_36_56_-8_r=10mm.nii, s = 26, run = 1, r = 1, reg = Sn(1) trial_onsetxRU
mask
  c = masks/badre_rlpfc_36_56_-8_r=10mm.nii, s = 26, run = 1, r = 1, reg = Sn(1) constant
mask
  c = masks/badre_rlpfc_36_56_-8_r=10mm.nii, s = 26, run = 2, r = 2, reg = Sn(2) trial_onsetxRU
mask
  c = masks/badre_rlpfc_36_56_-8_r=10mm.nii, s = 26, run = 2, r = 2, reg = Sn(2) constant
mask
  c = masks/badre_rlpfc_36_56_-8_r=10mm.nii, s = 26, run = 3, r = 3, reg = Sn(3) trial_onsetxRU
mask
  c = masks/badre_rlpfc_36_56_-8_r=10mm.nii, s = 26, run = 3, r = 3, reg = Sn(3) constant
mask
  c = masks/badre_rlpfc_36_56_-8_r=10mm.nii, s = 26, run = 4, r = 4, reg = Sn(4) trial_onsetxRU
mask
  c = masks/badre_rlpfc_36_56_-8_r=10mm.nii, s = 26, run = 4, r = 4, reg = Sn(4) constant
mask
  c = masks/badre_rlpfc_36_56_-8_r=10mm.nii, s = 26, run = 5, r = 5, reg = Sn(5) trial_onsetxRU
mask
  c = masks/badre_rlpfc_36_56_-8_r=10mm.nii, s = 26, run = 5, r = 5, reg = Sn(5) constant
mask
  c = masks/badre_rlpfc_36_56_-8_r=10mm.nii, s = 26, run = 6, r = 6, reg = Sn(6) trial_onsetxRU
mask
  c = masks/badre_rlpfc_36_56_-8_r=10mm.nii, s = 26, run = 6, r = 6, reg = Sn(6) constant
mask
  c = masks/badre_rlpfc_36_56_-8_r=10mm.nii, s = 26, run = 7, r = 7, reg = Sn(7) trial_onsetxRU
mask
  c = masks/badre_rlpfc_36_56_-8_r=10mm.nii, s = 26, run = 7, r = 7, reg = Sn(7) constant
mask
  c = masks/badre_rlpfc_36_56_-8_r=10mm.nii, s = 26, run = 8, r = 8, reg = Sn(8) trial_onsetxRU
mask
  c = masks/badre_rlpfc_36_56_-8_r=10mm.nii, s = 26, run = 8, r = 8, reg = Sn(8) constant
mask
  c = masks/badre_rlpfc_36_56_-8_r=10mm.nii, s = 27, run = 1, r = 1, reg = Sn(1) trial_onsetxRU
mask
  c = masks/badre_rlpfc_36_56_-8_r=10mm.nii, s = 27, run = 1, r = 1, reg = Sn(1) constant
mask
  c = masks/badre_rlpfc_36_56_-8_r=10mm.nii, s = 27, run = 2, r = 2, reg = Sn(2) trial_onsetxRU
mask
  c = masks/badre_rlpfc_36_56_-8_r=10mm.nii, s = 27, run = 2, r = 2, reg = Sn(2) constant
mask
  c = masks/badre_rlpfc_36_56_-8_r=10mm.nii, s = 27, run = 3, r = 3, reg = Sn(3) trial_onsetxRU
mask
  c = masks/badre_rlpfc_36_56_-8_r=10mm.nii, s = 27, run = 3, r = 3, reg = Sn(3) constant
mask
  c = masks/badre_rlpfc_36_56_-8_r=10mm.nii, s = 27, run = 4, r = 4, reg = Sn(4) trial_onsetxRU
mask
  c = masks/badre_rlpfc_36_56_-8_r=10mm.nii, s = 27, run = 4, r = 4, reg = Sn(4) constant
mask
  c = masks/badre_rlpfc_36_56_-8_r=10mm.nii, s = 27, run = 5, r = 5, reg = Sn(5) trial_onsetxRU
mask
  c = masks/badre_rlpfc_36_56_-8_r=10mm.nii, s = 27, run = 5, r = 5, reg = Sn(5) constant
mask
  c = masks/badre_rlpfc_36_56_-8_r=10mm.nii, s = 27, run = 6, r = 6, reg = Sn(6) trial_onsetxRU
mask
  c = masks/badre_rlpfc_36_56_-8_r=10mm.nii, s = 27, run = 6, r = 6, reg = Sn(6) constant
mask
  c = masks/badre_rlpfc_36_56_-8_r=10mm.nii, s = 27, run = 7, r = 7, reg = Sn(7) trial_onsetxRU
mask
  c = masks/badre_rlpfc_36_56_-8_r=10mm.nii, s = 27, run = 7, r = 7, reg = Sn(7) constant
mask
  c = masks/badre_rlpfc_36_56_-8_r=10mm.nii, s = 27, run = 8, r = 8, reg = Sn(8) trial_onsetxRU
mask
  c = masks/badre_rlpfc_36_56_-8_r=10mm.nii, s = 27, run = 8, r = 8, reg = Sn(8) constant
mask
  c = masks/badre_rlpfc_36_56_-8_r=10mm.nii, s = 28, run = 1, r = 1, reg = Sn(1) trial_onsetxRU
mask
  c = masks/badre_rlpfc_36_56_-8_r=10mm.nii, s = 28, run = 1, r = 1, reg = Sn(1) constant
mask
  c = masks/badre_rlpfc_36_56_-8_r=10mm.nii, s = 28, run = 2, r = 2, reg = Sn(2) trial_onsetxRU
mask
  c = masks/badre_rlpfc_36_56_-8_r=10mm.nii, s = 28, run = 2, r = 2, reg = Sn(2) constant
mask
  c = masks/badre_rlpfc_36_56_-8_r=10mm.nii, s = 28, run = 3, r = 3, reg = Sn(3) trial_onsetxRU
mask
  c = masks/badre_rlpfc_36_56_-8_r=10mm.nii, s = 28, run = 3, r = 3, reg = Sn(3) constant
mask
  c = masks/badre_rlpfc_36_56_-8_r=10mm.nii, s = 28, run = 4, r = 4, reg = Sn(4) trial_onsetxRU
mask
  c = masks/badre_rlpfc_36_56_-8_r=10mm.nii, s = 28, run = 4, r = 4, reg = Sn(4) constant
mask
  c = masks/badre_rlpfc_36_56_-8_r=10mm.nii, s = 28, run = 5, r = 5, reg = Sn(5) trial_onsetxRU
mask
  c = masks/badre_rlpfc_36_56_-8_r=10mm.nii, s = 28, run = 5, r = 5, reg = Sn(5) constant
mask
  c = masks/badre_rlpfc_36_56_-8_r=10mm.nii, s = 28, run = 6, r = 6, reg = Sn(6) trial_onsetxRU
mask
  c = masks/badre_rlpfc_36_56_-8_r=10mm.nii, s = 28, run = 6, r = 6, reg = Sn(6) constant
mask
  c = masks/badre_rlpfc_36_56_-8_r=10mm.nii, s = 28, run = 7, r = 7, reg = Sn(7) trial_onsetxRU
mask
  c = masks/badre_rlpfc_36_56_-8_r=10mm.nii, s = 28, run = 7, r = 7, reg = Sn(7) constant
mask
  c = masks/badre_rlpfc_36_56_-8_r=10mm.nii, s = 28, run = 8, r = 8, reg = Sn(8) trial_onsetxRU
mask
  c = masks/badre_rlpfc_36_56_-8_r=10mm.nii, s = 28, run = 8, r = 8, reg = Sn(8) constant
mask
  c = masks/badre_rlpfc_36_56_-8_r=10mm.nii, s = 29, run = 1, r = 1, reg = Sn(1) trial_onsetxRU
mask
  c = masks/badre_rlpfc_36_56_-8_r=10mm.nii, s = 29, run = 1, r = 1, reg = Sn(1) constant
mask
  c = masks/badre_rlpfc_36_56_-8_r=10mm.nii, s = 29, run = 2, r = 2, reg = Sn(2) trial_onsetxRU
mask
  c = masks/badre_rlpfc_36_56_-8_r=10mm.nii, s = 29, run = 2, r = 2, reg = Sn(2) constant
mask
  c = masks/badre_rlpfc_36_56_-8_r=10mm.nii, s = 29, run = 3, r = 3, reg = Sn(3) trial_onsetxRU
mask
  c = masks/badre_rlpfc_36_56_-8_r=10mm.nii, s = 29, run = 3, r = 3, reg = Sn(3) constant
mask
  c = masks/badre_rlpfc_36_56_-8_r=10mm.nii, s = 29, run = 4, r = 4, reg = Sn(4) trial_onsetxRU
mask
  c = masks/badre_rlpfc_36_56_-8_r=10mm.nii, s = 29, run = 4, r = 4, reg = Sn(4) constant
mask
  c = masks/badre_rlpfc_36_56_-8_r=10mm.nii, s = 29, run = 5, r = 5, reg = Sn(5) trial_onsetxRU
mask
  c = masks/badre_rlpfc_36_56_-8_r=10mm.nii, s = 29, run = 5, r = 5, reg = Sn(5) constant
mask
  c = masks/badre_rlpfc_36_56_-8_r=10mm.nii, s = 29, run = 6, r = 6, reg = Sn(6) trial_onsetxRU
mask
  c = masks/badre_rlpfc_36_56_-8_r=10mm.nii, s = 29, run = 6, r = 6, reg = Sn(6) constant
mask
  c = masks/badre_rlpfc_36_56_-8_r=10mm.nii, s = 29, run = 7, r = 7, reg = Sn(7) trial_onsetxRU
mask
  c = masks/badre_rlpfc_36_56_-8_r=10mm.nii, s = 29, run = 7, r = 7, reg = Sn(7) constant
mask
  c = masks/badre_rlpfc_36_56_-8_r=10mm.nii, s = 29, run = 8, r = 8, reg = Sn(8) trial_onsetxRU
mask
  c = masks/badre_rlpfc_36_56_-8_r=10mm.nii, s = 29, run = 8, r = 8, reg = Sn(8) constant
mask
  c = masks/badre_rlpfc_36_56_-8_r=10mm.nii, s = 30, run = 1, r = 1, reg = Sn(1) trial_onsetxRU
mask
  c = masks/badre_rlpfc_36_56_-8_r=10mm.nii, s = 30, run = 1, r = 1, reg = Sn(1) constant
mask
  c = masks/badre_rlpfc_36_56_-8_r=10mm.nii, s = 30, run = 2, r = 2, reg = Sn(2) trial_onsetxRU
mask
  c = masks/badre_rlpfc_36_56_-8_r=10mm.nii, s = 30, run = 2, r = 2, reg = Sn(2) constant
mask
  c = masks/badre_rlpfc_36_56_-8_r=10mm.nii, s = 30, run = 3, r = 3, reg = Sn(3) trial_onsetxRU
mask
  c = masks/badre_rlpfc_36_56_-8_r=10mm.nii, s = 30, run = 3, r = 3, reg = Sn(3) constant
mask
  c = masks/badre_rlpfc_36_56_-8_r=10mm.nii, s = 30, run = 4, r = 4, reg = Sn(4) trial_onsetxRU
mask
  c = masks/badre_rlpfc_36_56_-8_r=10mm.nii, s = 30, run = 4, r = 4, reg = Sn(4) constant
mask
  c = masks/badre_rlpfc_36_56_-8_r=10mm.nii, s = 30, run = 5, r = 5, reg = Sn(5) trial_onsetxRU
mask
  c = masks/badre_rlpfc_36_56_-8_r=10mm.nii, s = 30, run = 5, r = 5, reg = Sn(5) constant
mask
  c = masks/badre_rlpfc_36_56_-8_r=10mm.nii, s = 30, run = 6, r = 6, reg = Sn(6) trial_onsetxRU
mask
  c = masks/badre_rlpfc_36_56_-8_r=10mm.nii, s = 30, run = 6, r = 6, reg = Sn(6) constant
mask
  c = masks/badre_rlpfc_36_56_-8_r=10mm.nii, s = 30, run = 7, r = 7, reg = Sn(7) trial_onsetxRU
mask
  c = masks/badre_rlpfc_36_56_-8_r=10mm.nii, s = 30, run = 7, r = 7, reg = Sn(7) constant
mask
  c = masks/badre_rlpfc_36_56_-8_r=10mm.nii, s = 30, run = 8, r = 8, reg = Sn(8) trial_onsetxRU
mask
  c = masks/badre_rlpfc_36_56_-8_r=10mm.nii, s = 30, run = 8, r = 8, reg = Sn(8) constant
mask
  c = masks/badre_rlpfc_36_56_-8_r=10mm.nii, s = 31, run = 1, r = 1, reg = Sn(1) trial_onsetxRU
mask
  c = masks/badre_rlpfc_36_56_-8_r=10mm.nii, s = 31, run = 1, r = 1, reg = Sn(1) constant
mask
  c = masks/badre_rlpfc_36_56_-8_r=10mm.nii, s = 31, run = 2, r = 2, reg = Sn(2) trial_onsetxRU
mask
  c = masks/badre_rlpfc_36_56_-8_r=10mm.nii, s = 31, run = 2, r = 2, reg = Sn(2) constant
mask
  c = masks/badre_rlpfc_36_56_-8_r=10mm.nii, s = 31, run = 3, r = 3, reg = Sn(3) trial_onsetxRU
mask
  c = masks/badre_rlpfc_36_56_-8_r=10mm.nii, s = 31, run = 3, r = 3, reg = Sn(3) constant
mask
  c = masks/badre_rlpfc_36_56_-8_r=10mm.nii, s = 31, run = 4, r = 4, reg = Sn(4) trial_onsetxRU
mask
  c = masks/badre_rlpfc_36_56_-8_r=10mm.nii, s = 31, run = 4, r = 4, reg = Sn(4) constant
mask
  c = masks/badre_rlpfc_36_56_-8_r=10mm.nii, s = 31, run = 5, r = 5, reg = Sn(5) trial_onsetxRU
mask
  c = masks/badre_rlpfc_36_56_-8_r=10mm.nii, s = 31, run = 5, r = 5, reg = Sn(5) constant
mask
  c = masks/badre_rlpfc_36_56_-8_r=10mm.nii, s = 31, run = 6, r = 6, reg = Sn(6) trial_onsetxRU
mask
  c = masks/badre_rlpfc_36_56_-8_r=10mm.nii, s = 31, run = 6, r = 6, reg = Sn(6) constant
mask
  c = masks/badre_rlpfc_36_56_-8_r=10mm.nii, s = 31, run = 7, r = 7, reg = Sn(7) trial_onsetxRU
mask
  c = masks/badre_rlpfc_36_56_-8_r=10mm.nii, s = 31, run = 7, r = 7, reg = Sn(7) constant
mask
  c = masks/badre_rlpfc_36_56_-8_r=10mm.nii, s = 31, run = 8, r = 8, reg = Sn(8) trial_onsetxRU
mask
  c = masks/badre_rlpfc_36_56_-8_r=10mm.nii, s = 31, run = 8, r = 8, reg = Sn(8) constant
mask
mask
Computed activations for subject 1
mask
Computed activations for subject 2
mask
Computed activations for subject 3
mask
Computed activations for subject 4
mask
Computed activations for subject 5
mask
Computed activations for subject 6
mask
Computed activations for subject 7
mask
Computed activations for subject 8
mask
Computed activations for subject 9
mask
Computed activations for subject 10
mask
Computed activations for subject 11
mask
Computed activations for subject 12
mask
Computed activations for subject 13
mask
Computed activations for subject 14
mask
Computed activations for subject 15
mask
Computed activations for subject 16
mask
Computed activations for subject 17
mask
Computed activations for subject 18
mask
Computed activations for subject 19
mask
Computed activations for subject 20
mask
Computed activations for subject 21
mask
Computed activations for subject 22
mask
Computed activations for subject 23
mask
Computed activations for subject 24
mask
Computed activations for subject 25
mask
Computed activations for subject 26
mask
Computed activations for subject 27
mask
Computed activations for subject 28
mask
Computed activations for subject 29
mask
Computed activations for subject 30
mask
Computed activations for subject 31
[Warning: Ignoring 'CovariancePattern' parameter since the model has no random
effects.] 
[> In classreg.regr.LinearLikeMixedModel/validateCovariancePattern (line 1615)
  In GeneralizedLinearMixedModel.fit (line 2392)
  In fitglme (line 389)
  In badre_2012_activations_analysis (line 198)] 

ans = 


Generalized linear mixed-effects model fit by ML

Model information:
    Number of observations            9479
    Fixed effects coefficients           4
    Random effects coefficients          0
    Covariance parameters                0
    Distribution                    Binomial
    Link                            Probit
    FitMethod                       Laplace

Formula:
    C ~ RU + VTU + V + actRU

Model fit statistics:
    AIC       BIC     LogLikelihood    Deviance
    7502.4    7531    -3747.2          7494.4  

Fixed effects coefficients (95% CIs):
    Name           Estimate      SE            tStat     DF      pValue    
    'RU'             0.087213     0.0044366    19.658    9475             0
    'VTU'          0.00014161    2.4299e-05    5.8278    9475    5.7994e-09
    'V'               0.11914       0.00248     48.04    9475             0
    'actRU'        3.5775e-05    2.4289e-05    1.4729    9475       0.14081


    Lower          Upper     
       0.078516       0.09591
     9.3978e-05    0.00018924
        0.11428         0.124
    -1.1836e-05    8.3385e-05

Random effects covariance parameters:
Group: Error
    Name                      Estimate
    'sqrt(Dispersion)'        1       


ans =

         0
    0.0000
         0
    0.1408


w =

    0.0872
    0.0001
    0.1191
    0.0000

[Warning: Ignoring 'CovariancePattern' parameter since the model has no random
effects.] 
[> In classreg.regr.LinearLikeMixedModel/validateCovariancePattern (line 1615)
  In GeneralizedLinearMixedModel.fit (line 2392)
  In fitglme (line 389)
  In badre_2012_activations_analysis (line 207)] 

ans = 


    THEORETICAL LIKELIHOOD RATIO TEST

    Model      DF    AIC       BIC     LogLik     LRStat    deltaDF    pValue 
    GLME       3     7502.5    7524    -3748.3                                
    ALTGLME    4     7502.4    7531    -3747.2    2.1666    1          0.14104

[Warning: Ignoring 'CovariancePattern' parameter since the model has no random
effects.] 
[> In classreg.regr.LinearLikeMixedModel/validateCovariancePattern (line 1615)
  In GeneralizedLinearMixedModel.fit (line 2392)
  In fitglme (line 389)
  In badre_2012_activations_analysis (line 215)] 

ans = 


    THEORETICAL LIKELIHOOD RATIO TEST

    Model      DF    AIC       BIC     LogLik     LRStat    deltaDF    pValue
    GLME       3     7918.5    7940    -3956.3                               
    ALTGLME    4     7502.4    7531    -3747.2    418.17    1          0     


ans =

  1×10 table

                Var1                 p_uncorr    p_corr     pears_rs     pears_ps    BIC_RU    BIC_both    p_comp     BIC_actRU    p_comp2
    _____________________________    ________    _______    _________    ________    ______    ________    _______    _________    _______

    'badre_rlpfc_36_56_-8_r=10mm'    0.14081     0.14081    -0.010978    0.28518     7524      7531        0.14104    7940         0      

