
                            < M A T L A B (R) >
                  Copyright 1984-2017 The MathWorks, Inc.
                   R2017a (9.2.0.556344) 64-bit (glnxa64)
                               March 27, 2017

 
For online documentation, see http://www.mathworks.com/support
For product information, visit www.mathworks.com.
 
       datadir: '/ncf/gershman/Lab/Exploration/subjects/180725_UEP_001/preproc'
    structural: 'struct.nii'
    functional: {1×8 cell}

       datadir: '/ncf/gershman/Lab/Exploration/subjects/180727_UEP_002/preproc'
    structural: 'struct.nii'
    functional: {1×8 cell}

       datadir: '/ncf/gershman/Lab/Exploration/subjects/180727_UEP_003/preproc'
    structural: 'struct.nii'
    functional: {1×6 cell}

       datadir: '/ncf/gershman/Lab/Exploration/subjects/180730_UEP_004/preproc'
    structural: 'struct.nii'
    functional: {1×6 cell}

       datadir: '/ncf/gershman/Lab/Exploration/subjects/180730_UEP_005/preproc'
    structural: 'struct.nii'
    functional: {1×8 cell}

       datadir: '/ncf/gershman/Lab/Exploration/subjects/180801_UEP_006/preproc'
    structural: 'struct.nii'
    functional: {1×7 cell}

       datadir: '/ncf/gershman/Lab/Exploration/subjects/180802_UEP_007/preproc'
    structural: 'struct.nii'
    functional: {1×8 cell}

       datadir: '/ncf/gershman/Lab/Exploration/subjects/180803_UEP_008/preproc'
    structural: 'struct.nii'
    functional: {1×8 cell}

       datadir: '/ncf/gershman/Lab/Exploration/subjects/180803_UEP_009/preproc'
    structural: 'struct.nii'
    functional: {1×8 cell}

       datadir: '/ncf/gershman/Lab/Exploration/subjects/180804_UEP010/preproc'
    structural: 'struct.nii'
    functional: {1×8 cell}

       datadir: '/ncf/gershman/Lab/Exploration/subjects/180804_UEP_011/preproc'
    structural: 'struct.nii'
    functional: {1×8 cell}

       datadir: '/ncf/gershman/Lab/Exploration/subjects/180804_UEP_012/preproc'
    structural: 'struct.nii'
    functional: {1×8 cell}

       datadir: '/ncf/gershman/Lab/Exploration/subjects/180804_UEP_013/preproc'
    structural: 'struct.nii'
    functional: {1×7 cell}

       datadir: '/ncf/gershman/Lab/Exploration/subjects/180804_UEP_014/preproc'
    structural: 'struct.nii'
    functional: {1×8 cell}

       datadir: '/ncf/gershman/Lab/Exploration/subjects/180804_UEP_015/preproc'
    structural: 'struct.nii'
    functional: {1×8 cell}

       datadir: '/ncf/gershman/Lab/Exploration/subjects/180805_UEP_016/preproc'
    structural: 'struct.nii'
    functional: {1×8 cell}

       datadir: '/ncf/gershman/Lab/Exploration/subjects/180805_UEP_017/preproc'
    structural: 'struct.nii'
    functional: {1×7 cell}

       datadir: '/ncf/gershman/Lab/Exploration/subjects/180805_UEP_018_2/preproc'
    structural: 'struct.nii'
    functional: {1×7 cell}

       datadir: '/ncf/gershman/Lab/Exploration/subjects/180805_UEP_019/preproc'
    structural: 'struct.nii'
    functional: {1×8 cell}

       datadir: '/ncf/gershman/Lab/Exploration/subjects/180805_UEP_020/preproc'
    structural: 'struct.nii'
    functional: {1×8 cell}

       datadir: '/ncf/gershman/Lab/Exploration/subjects/180805_UEP_021/preproc'
    structural: 'struct.nii'
    functional: {1×8 cell}

       datadir: '/ncf/gershman/Lab/Exploration/subjects/180806_UEP_022/preproc'
    structural: 'struct.nii'
    functional: {1×8 cell}

       datadir: '/ncf/gershman/Lab/Exploration/subjects/180806_UEP_023/preproc'
    structural: 'struct.nii'
    functional: {1×8 cell}

       datadir: '/ncf/gershman/Lab/Exploration/subjects/180807_UEP_024/preproc'
    structural: 'struct.nii'
    functional: {1×8 cell}

       datadir: '/ncf/gershman/Lab/Exploration/subjects/180807_UEP_025/preproc'
    structural: 'struct.nii'
    functional: {1×8 cell}

       datadir: '/ncf/gershman/Lab/Exploration/subjects/180807_UEP_026/preproc'
    structural: 'struct.nii'
    functional: {1×8 cell}

       datadir: '/ncf/gershman/Lab/Exploration/subjects/180808_UEP_027/preproc'
    structural: 'struct.nii'
    functional: {1×8 cell}

       datadir: '/ncf/gershman/Lab/Exploration/subjects/180808_UEP_028/preproc'
    structural: 'struct.nii'
    functional: {1×8 cell}

       datadir: '/ncf/gershman/Lab/Exploration/subjects/180808_UEP_029/preproc'
    structural: 'struct.nii'
    functional: {1×8 cell}

       datadir: '/ncf/gershman/Lab/Exploration/subjects/180809_UEP_030/preproc'
    structural: 'struct.nii'
    functional: {1×8 cell}

       datadir: '/ncf/gershman/Lab/Exploration/subjects/180809_UEP_031/preproc'
    structural: 'struct.nii'
    functional: {1×8 cell}

badre_2012_roi_analysis_1_glm25.mat
mask
mask
mask
mask
mask
mask
mask
mask
mask
mask
mask
mask
mask
mask
mask
mask
mask
mask
mask
mask
mask
mask
mask
mask
mask
mask
mask
mask
mask
mask
mask
masks/badre_rlpfc_36_56_-8_r=10mm.nii

p =

    0.8086


t =

   -0.2443


b =

  Columns 1 through 7

   -0.0423   -0.0430   -0.0080    0.2073   -0.0846   -0.2180    0.1077

  Columns 8 through 14

   -0.1231   -0.0931   -0.0625   -0.0341   -0.1141    0.0340    0.0130

  Columns 15 through 21

    0.2369   -0.1471    0.0070    0.1188    0.1395   -0.0194    0.1735

  Columns 22 through 28

   -0.0652    0.1532   -0.1120    0.0437   -0.0219   -0.0497    0.0022

  Columns 29 through 31

   -0.0195   -0.0447   -0.0819

mask
mask
mask
mask
mask
mask
mask
mask
mask
mask
mask
mask
mask
mask
mask
mask
mask
mask
mask
mask
mask
mask
mask
mask
mask
mask
mask
mask
mask
mask
mask
masks/badre_rlpfc_40_60_-10_r=10mm.nii

p =

    0.8306


t =

   -0.2157


b =

  Columns 1 through 7

   -0.0224   -0.0741    0.0213    0.2247   -0.1148   -0.2624    0.1461

  Columns 8 through 14

   -0.1574   -0.1033   -0.0836   -0.0158   -0.1318    0.0455    0.0105

  Columns 15 through 21

    0.2568   -0.1919   -0.0325    0.1312    0.1933   -0.0224    0.2079

  Columns 22 through 28

   -0.0777    0.1901   -0.1306    0.0688   -0.0405   -0.0418    0.0113

  Columns 29 through 31

   -0.0236   -0.0410   -0.0954

mask
mask
mask
mask
mask
mask
mask
mask
mask
mask
mask
mask
mask
mask
mask
mask
mask
mask
mask
mask
mask
mask
mask
mask
mask
mask
mask
mask
mask
mask
mask
masks/badre_rlpfc_30_52_-14_r=10mm.nii

p =

    0.8422


t =

    0.2009


b =

  Columns 1 through 7

   -0.0789    0.0189    0.0467    0.1899   -0.0391   -0.1342    0.0982

  Columns 8 through 14

   -0.0415   -0.0555   -0.0423   -0.0245   -0.0760    0.0259   -0.0025

  Columns 15 through 21

    0.1223   -0.0854    0.0302    0.0828    0.0998   -0.0010    0.1021

  Columns 22 through 28

   -0.0545    0.0726   -0.0905    0.0298    0.0088   -0.0530    0.0159

  Columns 29 through 31

   -0.0116   -0.0237   -0.0478

mask
mask
mask
mask
mask
mask
mask
mask
mask
mask
mask
mask
mask
mask
mask
mask
mask
mask
mask
mask
mask
mask
mask
mask
mask
mask
mask
mask
mask
mask
mask
masks/badre_rlpfc_24_48_20_r=10mm.nii

p =

    0.6589


t =

   -0.4459


b =

  Columns 1 through 7

   -0.0770   -0.0305   -0.1231    0.1726   -0.0489   -0.1431    0.0264

  Columns 8 through 14

   -0.0022   -0.0614    0.0144   -0.0935    0.0553   -0.0490   -0.0430

  Columns 15 through 21

    0.0043   -0.0131    0.0344    0.0768    0.0350    0.0685    0.1027

  Columns 22 through 28

   -0.0286    0.0769   -0.0115   -0.0040   -0.0145   -0.0653    0.0226

  Columns 29 through 31

   -0.0153   -0.0116   -0.0182

mask
mask
mask
mask
mask
mask
mask
mask
mask
mask
mask
mask
mask
mask
mask
mask
mask
mask
mask
mask
mask
mask
mask
mask
mask
mask
mask
mask
mask
mask
mask
masks/badre_rlpfc_30_52_16_r=10mm.nii

p =

    0.5641


t =

   -0.5833


b =

  Columns 1 through 7

   -0.0808   -0.0724   -0.1127    0.1955   -0.0670   -0.2130    0.0990

  Columns 8 through 14

   -0.0763   -0.1194    0.0195   -0.1304    0.0131   -0.0364   -0.0322

  Columns 15 through 21

    0.0210   -0.0717    0.0613    0.1008    0.0459    0.0723    0.1674

  Columns 22 through 28

   -0.0517    0.1584   -0.0500    0.0267   -0.0362   -0.0618    0.0030

  Columns 29 through 31

   -0.0040   -0.0139   -0.0524

mask
mask
mask
mask
mask
mask
mask
mask
mask
mask
mask
mask
mask
mask
mask
mask
mask
mask
mask
mask
mask
mask
mask
mask
mask
mask
mask
mask
mask
mask
mask
masks/badre_rlpfc_18_40_22_r=10mm.nii

p =

    0.9824


t =

   -0.0223


b =

  Columns 1 through 7

   -0.0449    0.0021   -0.0704    0.1407   -0.0237   -0.0799    0.0063

  Columns 8 through 14

    0.0403   -0.0610   -0.0032   -0.0460    0.0389   -0.0169   -0.0203

  Columns 15 through 21

    0.0087    0.0095   -0.0004    0.0378    0.0056    0.0585    0.0523

  Columns 22 through 28

   -0.0175    0.0300   -0.0225    0.0021   -0.0018   -0.0372    0.0193

  Columns 29 through 31

   -0.0136   -0.0011    0.0030

mask
mask
mask
mask
mask
mask
mask
mask
mask
mask
mask
mask
mask
mask
mask
mask
mask
mask
mask
mask
mask
mask
mask
mask
mask
mask
mask
mask
mask
mask
mask
masks/badre_rlpfc_24_46_20_r=10mm.nii

p =

    0.7502


t =

   -0.3213


b =

  Columns 1 through 7

   -0.0737   -0.0218   -0.1115    0.1601   -0.0463   -0.1285    0.0263

  Columns 8 through 14

    0.0103   -0.0558    0.0107   -0.0801    0.0538   -0.0386   -0.0379

  Columns 15 through 21

    0.0106   -0.0056    0.0255    0.0762    0.0279    0.0643    0.0915

  Columns 22 through 28

   -0.0297    0.0610   -0.0095   -0.0031   -0.0166   -0.0635    0.0251

  Columns 29 through 31

   -0.0062   -0.0112   -0.0111

mask
mask
mask
mask
mask
mask
mask
mask
mask
mask
mask
mask
mask
mask
mask
mask
mask
mask
mask
mask
mask
mask
mask
mask
mask
mask
mask
mask
mask
mask
mask
masks/badre_rlpfc_30_52_-14_r=10mm.nii

p =

    0.8422


t =

    0.2009


b =

  Columns 1 through 7

   -0.0789    0.0189    0.0467    0.1899   -0.0391   -0.1342    0.0982

  Columns 8 through 14

   -0.0415   -0.0555   -0.0423   -0.0245   -0.0760    0.0259   -0.0025

  Columns 15 through 21

    0.1223   -0.0854    0.0302    0.0828    0.0998   -0.0010    0.1021

  Columns 22 through 28

   -0.0545    0.0726   -0.0905    0.0298    0.0088   -0.0530    0.0159

  Columns 29 through 31

   -0.0116   -0.0237   -0.0478

mask
mask
mask
mask
mask
mask
mask
mask
mask
mask
mask
mask
mask
mask
mask
mask
mask
mask
mask
mask
mask
mask
mask
mask
mask
mask
mask
mask
mask
mask
mask
masks/badre_rlpfc_36_56_-10_r=10mm.nii

p =

    0.8561


t =

   -0.1830


b =

  Columns 1 through 7

   -0.0428   -0.0326    0.0124    0.2121   -0.0849   -0.2115    0.1197

  Columns 8 through 14

   -0.1131   -0.0829   -0.0694   -0.0252   -0.1100    0.0389    0.0115

  Columns 15 through 21

    0.2172   -0.1470    0.0017    0.1117    0.1420   -0.0187    0.1686

  Columns 22 through 28

   -0.0670    0.1405   -0.1160    0.0448   -0.0176   -0.0531    0.0052

  Columns 29 through 31

   -0.0178   -0.0419   -0.0821

mask
mask
mask
mask
mask
mask
mask
mask
mask
mask
mask
mask
mask
mask
mask
mask
mask
mask
mask
mask
mask
mask
mask
mask
mask
mask
mask
mask
mask
mask
mask
masks/badre_rlpfc_22_56_26_r=10mm.nii

p =

    0.5896


t =

   -0.5452


b =

  Columns 1 through 7

   -0.0821   -0.0502   -0.1840    0.1877   -0.0261   -0.1398   -0.0395

  Columns 8 through 14

   -0.0107   -0.1028    0.0258   -0.1576    0.0445   -0.0951   -0.0554

  Columns 15 through 21

   -0.0073   -0.0059    0.0781    0.0635    0.0837    0.0850    0.1044

  Columns 22 through 28

    0.0252    0.0968   -0.0133   -0.0130    0.0153   -0.0383    0.0466

  Columns 29 through 31

   -0.0510   -0.0014   -0.0321

mask
mask
mask
mask
mask
mask
mask
mask
mask
mask
mask
mask
mask
mask
mask
mask
mask
mask
mask
mask
mask
mask
mask
mask
mask
mask
mask
mask
mask
mask
mask
masks/badre_rlpfc_26_52_16_r=10mm.nii

p =

    0.6493


t =

   -0.4593


b =

  Columns 1 through 7

   -0.0606   -0.0500   -0.1216    0.2021   -0.0589   -0.1914    0.0630

  Columns 8 through 14

   -0.0508   -0.0934    0.0236   -0.1009    0.0377   -0.0405   -0.0465

  Columns 15 through 21

    0.0211   -0.0573    0.0574    0.0961    0.0554    0.0780    0.1376

  Columns 22 through 28

   -0.0391    0.1335   -0.0551    0.0134   -0.0190   -0.0652    0.0029

  Columns 29 through 31

   -0.0229   -0.0142   -0.0462

mask
mask
mask
mask
mask
mask
mask
mask
mask
mask
mask
mask
mask
mask
mask
mask
mask
mask
mask
mask
mask
mask
mask
mask
mask
mask
mask
mask
mask
mask
mask
masks/badre_rlpfc_44_42_28_r=10mm.nii

p =

    0.6222


t =

   -0.4978


b =

  Columns 1 through 7

   -0.1833   -0.0106   -0.0567    0.1427   -0.0944   -0.1923    0.0641

  Columns 8 through 14

   -0.0380   -0.2193   -0.0525   -0.0267   -0.0842   -0.0764    0.0338

  Columns 15 through 21

    0.1263   -0.0633    0.0782    0.1070    0.0047    0.0528    0.1909

  Columns 22 through 28

   -0.1357    0.1603   -0.0807    0.0613    0.0084   -0.0358    0.0226

  Columns 29 through 31

    0.0518    0.0260   -0.0638

mask
mask
mask
mask
mask
mask
mask
mask
mask
mask
mask
mask
mask
mask
mask
mask
mask
mask
mask
mask
mask
mask
mask
mask
mask
mask
mask
mask
mask
mask
mask
masks/badre_rlpfc_22_54_28_r=10mm.nii

p =

    0.5864


t =

   -0.5500


b =

  Columns 1 through 7

   -0.0974   -0.0512   -0.1836    0.1684   -0.0256   -0.1271   -0.0432

  Columns 8 through 14

    0.0123   -0.1022    0.0211   -0.1580    0.0402   -0.0946   -0.0502

  Columns 15 through 21

    0.0055    0.0205    0.0737    0.0646    0.0774    0.0812    0.1025

  Columns 22 through 28

    0.0287    0.0771   -0.0057   -0.0226    0.0107   -0.0385    0.0496

  Columns 29 through 31

   -0.0534    0.0016   -0.0242

mask
mask
mask
mask
mask
mask
mask
mask
mask
mask
mask
mask
mask
mask
mask
mask
mask
mask
mask
mask
mask
mask
mask
mask
mask
mask
mask
mask
mask
mask
mask
masks/badre_rlpfc_28_48_14_r=10mm.nii

p =

    0.6443


t =

   -0.4664


b =

  Columns 1 through 7

   -0.0666   -0.0423   -0.1063    0.1706   -0.0547   -0.1742    0.0717

  Columns 8 through 14

   -0.0430   -0.0844    0.0106   -0.0669    0.0217   -0.0232   -0.0257

  Columns 15 through 21

    0.0274   -0.0515    0.0438    0.0887    0.0411    0.0597    0.1192

  Columns 22 through 28

   -0.0477    0.0896   -0.0378    0.0228   -0.0194   -0.0607    0.0067

  Columns 29 through 31

   -0.0028   -0.0159   -0.0339

mask
mask
mask
mask
mask
mask
mask
mask
mask
mask
mask
mask
mask
mask
mask
mask
mask
mask
mask
mask
mask
mask
mask
mask
mask
mask
mask
mask
mask
mask
mask
masks/badre_rlpfc_22_46_20_r=10mm.nii

p =

    0.7807


t =

   -0.2809


b =

  Columns 1 through 7

   -0.0635   -0.0142   -0.1101    0.1618   -0.0400   -0.1183    0.0160

  Columns 8 through 14

    0.0185   -0.0552    0.0096   -0.0683    0.0577   -0.0417   -0.0391

  Columns 15 through 21

    0.0064   -0.0054    0.0178    0.0670    0.0301    0.0615    0.0793

  Columns 22 through 28

   -0.0237    0.0527   -0.0101   -0.0038   -0.0064   -0.0566    0.0226

  Columns 29 through 31

   -0.0131   -0.0128   -0.0070

