
                            < M A T L A B (R) >
                  Copyright 1984-2017 The MathWorks, Inc.
                   R2017a (9.2.0.556344) 64-bit (glnxa64)
                               March 27, 2017

 
For online documentation, see http://www.mathworks.com/support
For product information, visit www.mathworks.com.
 
       datadir: '/ncf/gershman/Lab/Exploration/subjects/180725_UEP_001/preproc'
    structural: 'struct.nii'
    functional: {1×8 cell}

       datadir: '/ncf/gershman/Lab/Exploration/subjects/180727_UEP_002/preproc'
    structural: 'struct.nii'
    functional: {1×8 cell}

       datadir: '/ncf/gershman/Lab/Exploration/subjects/180727_UEP_003/preproc'
    structural: 'struct.nii'
    functional: {1×6 cell}

       datadir: '/ncf/gershman/Lab/Exploration/subjects/180730_UEP_004/preproc'
    structural: 'struct.nii'
    functional: {1×6 cell}

       datadir: '/ncf/gershman/Lab/Exploration/subjects/180730_UEP_005/preproc'
    structural: 'struct.nii'
    functional: {1×8 cell}

       datadir: '/ncf/gershman/Lab/Exploration/subjects/180801_UEP_006/preproc'
    structural: 'struct.nii'
    functional: {1×7 cell}

       datadir: '/ncf/gershman/Lab/Exploration/subjects/180802_UEP_007/preproc'
    structural: 'struct.nii'
    functional: {1×8 cell}

       datadir: '/ncf/gershman/Lab/Exploration/subjects/180803_UEP_008/preproc'
    structural: 'struct.nii'
    functional: {1×8 cell}

       datadir: '/ncf/gershman/Lab/Exploration/subjects/180803_UEP_009/preproc'
    structural: 'struct.nii'
    functional: {1×8 cell}

       datadir: '/ncf/gershman/Lab/Exploration/subjects/180804_UEP010/preproc'
    structural: 'struct.nii'
    functional: {1×8 cell}

       datadir: '/ncf/gershman/Lab/Exploration/subjects/180804_UEP_011/preproc'
    structural: 'struct.nii'
    functional: {1×8 cell}

       datadir: '/ncf/gershman/Lab/Exploration/subjects/180804_UEP_012/preproc'
    structural: 'struct.nii'
    functional: {1×8 cell}

       datadir: '/ncf/gershman/Lab/Exploration/subjects/180804_UEP_013/preproc'
    structural: 'struct.nii'
    functional: {1×7 cell}

       datadir: '/ncf/gershman/Lab/Exploration/subjects/180804_UEP_014/preproc'
    structural: 'struct.nii'
    functional: {1×8 cell}

       datadir: '/ncf/gershman/Lab/Exploration/subjects/180804_UEP_015/preproc'
    structural: 'struct.nii'
    functional: {1×8 cell}

       datadir: '/ncf/gershman/Lab/Exploration/subjects/180805_UEP_016/preproc'
    structural: 'struct.nii'
    functional: {1×8 cell}

       datadir: '/ncf/gershman/Lab/Exploration/subjects/180805_UEP_017/preproc'
    structural: 'struct.nii'
    functional: {1×7 cell}

       datadir: '/ncf/gershman/Lab/Exploration/subjects/180805_UEP_018_2/preproc'
    structural: 'struct.nii'
    functional: {1×7 cell}

       datadir: '/ncf/gershman/Lab/Exploration/subjects/180805_UEP_019/preproc'
    structural: 'struct.nii'
    functional: {1×8 cell}

       datadir: '/ncf/gershman/Lab/Exploration/subjects/180805_UEP_020/preproc'
    structural: 'struct.nii'
    functional: {1×8 cell}

       datadir: '/ncf/gershman/Lab/Exploration/subjects/180805_UEP_021/preproc'
    structural: 'struct.nii'
    functional: {1×8 cell}

       datadir: '/ncf/gershman/Lab/Exploration/subjects/180806_UEP_022/preproc'
    structural: 'struct.nii'
    functional: {1×8 cell}

       datadir: '/ncf/gershman/Lab/Exploration/subjects/180806_UEP_023/preproc'
    structural: 'struct.nii'
    functional: {1×8 cell}

       datadir: '/ncf/gershman/Lab/Exploration/subjects/180807_UEP_024/preproc'
    structural: 'struct.nii'
    functional: {1×8 cell}

       datadir: '/ncf/gershman/Lab/Exploration/subjects/180807_UEP_025/preproc'
    structural: 'struct.nii'
    functional: {1×8 cell}

       datadir: '/ncf/gershman/Lab/Exploration/subjects/180807_UEP_026/preproc'
    structural: 'struct.nii'
    functional: {1×8 cell}

       datadir: '/ncf/gershman/Lab/Exploration/subjects/180808_UEP_027/preproc'
    structural: 'struct.nii'
    functional: {1×8 cell}

       datadir: '/ncf/gershman/Lab/Exploration/subjects/180808_UEP_028/preproc'
    structural: 'struct.nii'
    functional: {1×8 cell}

       datadir: '/ncf/gershman/Lab/Exploration/subjects/180808_UEP_029/preproc'
    structural: 'struct.nii'
    functional: {1×8 cell}

       datadir: '/ncf/gershman/Lab/Exploration/subjects/180809_UEP_030/preproc'
    structural: 'struct.nii'
    functional: {1×8 cell}

       datadir: '/ncf/gershman/Lab/Exploration/subjects/180809_UEP_031/preproc'
    structural: 'struct.nii'
    functional: {1×8 cell}

mask
mask
mask
mask
mask
mask
mask
mask
mask
mask
mask
mask
mask
mask
mask
mask
mask
mask
mask
mask
mask
mask
mask
mask
mask
mask
mask
mask
mask
mask
mask
masks/badre_rlpfc_36_56_-8_r=10mm.nii

p =

    0.0047


b =

  Columns 1 through 7

    0.4805    0.2076   -0.0049    0.0940    0.3710    0.3402    0.1735

  Columns 8 through 14

    0.0421    0.2998    0.0009    0.0259    0.0723   -0.0355    0.0247

  Columns 15 through 21

   -0.3364    0.1809    0.0884   -0.2166    0.1139   -0.0563    0.2036

  Columns 22 through 28

    0.0390   -0.0190    0.1575    0.0020    0.0549    0.1091    0.0940

  Columns 29 through 31

    0.0574   -0.0201    0.1871

mask
mask
mask
mask
mask
mask
mask
mask
mask
mask
mask
mask
mask
mask
mask
mask
mask
mask
mask
mask
mask
mask
mask
mask
mask
mask
mask
mask
mask
mask
mask
masks/badre_rlpfc_40_60_-10_r=10mm.nii

p =

    0.0057


b =

  Columns 1 through 7

    0.5886    0.2500   -0.0040    0.1086    0.5077    0.4246    0.2831

  Columns 8 through 14

    0.0657    0.4084    0.0342    0.0576    0.0647   -0.0773    0.0295

  Columns 15 through 21

   -0.4178    0.2391    0.0840   -0.2690    0.1718   -0.0813    0.2527

  Columns 22 through 28

    0.0526   -0.0143    0.1882   -0.0202    0.0366    0.1085    0.0871

  Columns 29 through 31

    0.0656   -0.0249    0.2123

mask
mask
mask
mask
mask
mask
mask
mask
mask
mask
mask
mask
mask
mask
mask
mask
mask
mask
mask
mask
mask
mask
mask
mask
mask
mask
mask
mask
mask
mask
mask
masks/badre_rlpfc_30_52_-14_r=10mm.nii

p =

    0.0013


b =

  Columns 1 through 7

    0.2786    0.0714   -0.0203    0.0669    0.1989    0.1557    0.1928

  Columns 8 through 14

   -0.0101    0.1585    0.0116    0.0049    0.0558   -0.0129    0.0062

  Columns 15 through 21

   -0.1751    0.0937    0.0757   -0.1163    0.0692   -0.0346    0.1525

  Columns 22 through 28

    0.0143    0.0119    0.1186    0.0191    0.0615    0.0918    0.0650

  Columns 29 through 31

    0.0597    0.0140    0.1328

mask
mask
mask
mask
mask
mask
mask
mask
mask
mask
