
                            < M A T L A B (R) >
                  Copyright 1984-2017 The MathWorks, Inc.
                   R2017a (9.2.0.556344) 64-bit (glnxa64)
                               March 27, 2017

 
For online documentation, see http://www.mathworks.com/support
For product information, visit www.mathworks.com.
 
       datadir: '/ncf/gershman/Lab/Exploration/subjects/180725_UEP_001/preproc'
    structural: 'struct.nii'
    functional: {1×8 cell}

       datadir: '/ncf/gershman/Lab/Exploration/subjects/180727_UEP_002/preproc'
    structural: 'struct.nii'
    functional: {1×8 cell}

       datadir: '/ncf/gershman/Lab/Exploration/subjects/180727_UEP_003/preproc'
    structural: 'struct.nii'
    functional: {1×6 cell}

       datadir: '/ncf/gershman/Lab/Exploration/subjects/180730_UEP_004/preproc'
    structural: 'struct.nii'
    functional: {1×6 cell}

       datadir: '/ncf/gershman/Lab/Exploration/subjects/180730_UEP_005/preproc'
    structural: 'struct.nii'
    functional: {1×8 cell}

       datadir: '/ncf/gershman/Lab/Exploration/subjects/180801_UEP_006/preproc'
    structural: 'struct.nii'
    functional: {1×7 cell}

       datadir: '/ncf/gershman/Lab/Exploration/subjects/180802_UEP_007/preproc'
    structural: 'struct.nii'
    functional: {1×8 cell}

       datadir: '/ncf/gershman/Lab/Exploration/subjects/180803_UEP_008/preproc'
    structural: 'struct.nii'
    functional: {1×8 cell}

       datadir: '/ncf/gershman/Lab/Exploration/subjects/180803_UEP_009/preproc'
    structural: 'struct.nii'
    functional: {1×8 cell}

       datadir: '/ncf/gershman/Lab/Exploration/subjects/180804_UEP010/preproc'
    structural: 'struct.nii'
    functional: {1×8 cell}

       datadir: '/ncf/gershman/Lab/Exploration/subjects/180804_UEP_011/preproc'
    structural: 'struct.nii'
    functional: {1×8 cell}

       datadir: '/ncf/gershman/Lab/Exploration/subjects/180804_UEP_012/preproc'
    structural: 'struct.nii'
    functional: {1×8 cell}

       datadir: '/ncf/gershman/Lab/Exploration/subjects/180804_UEP_013/preproc'
    structural: 'struct.nii'
    functional: {1×7 cell}

       datadir: '/ncf/gershman/Lab/Exploration/subjects/180804_UEP_014/preproc'
    structural: 'struct.nii'
    functional: {1×8 cell}

       datadir: '/ncf/gershman/Lab/Exploration/subjects/180804_UEP_015/preproc'
    structural: 'struct.nii'
    functional: {1×8 cell}

       datadir: '/ncf/gershman/Lab/Exploration/subjects/180805_UEP_016/preproc'
    structural: 'struct.nii'
    functional: {1×8 cell}

       datadir: '/ncf/gershman/Lab/Exploration/subjects/180805_UEP_017/preproc'
    structural: 'struct.nii'
    functional: {1×7 cell}

       datadir: '/ncf/gershman/Lab/Exploration/subjects/180805_UEP_018_2/preproc'
    structural: 'struct.nii'
    functional: {1×7 cell}

       datadir: '/ncf/gershman/Lab/Exploration/subjects/180805_UEP_019/preproc'
    structural: 'struct.nii'
    functional: {1×8 cell}

       datadir: '/ncf/gershman/Lab/Exploration/subjects/180805_UEP_020/preproc'
    structural: 'struct.nii'
    functional: {1×8 cell}

       datadir: '/ncf/gershman/Lab/Exploration/subjects/180805_UEP_021/preproc'
    structural: 'struct.nii'
    functional: {1×8 cell}

       datadir: '/ncf/gershman/Lab/Exploration/subjects/180806_UEP_022/preproc'
    structural: 'struct.nii'
    functional: {1×8 cell}

       datadir: '/ncf/gershman/Lab/Exploration/subjects/180806_UEP_023/preproc'
    structural: 'struct.nii'
    functional: {1×8 cell}

       datadir: '/ncf/gershman/Lab/Exploration/subjects/180807_UEP_024/preproc'
    structural: 'struct.nii'
    functional: {1×8 cell}

       datadir: '/ncf/gershman/Lab/Exploration/subjects/180807_UEP_025/preproc'
    structural: 'struct.nii'
    functional: {1×8 cell}

       datadir: '/ncf/gershman/Lab/Exploration/subjects/180807_UEP_026/preproc'
    structural: 'struct.nii'
    functional: {1×8 cell}

       datadir: '/ncf/gershman/Lab/Exploration/subjects/180808_UEP_027/preproc'
    structural: 'struct.nii'
    functional: {1×8 cell}

       datadir: '/ncf/gershman/Lab/Exploration/subjects/180808_UEP_028/preproc'
    structural: 'struct.nii'
    functional: {1×8 cell}

       datadir: '/ncf/gershman/Lab/Exploration/subjects/180808_UEP_029/preproc'
    structural: 'struct.nii'
    functional: {1×8 cell}

       datadir: '/ncf/gershman/Lab/Exploration/subjects/180809_UEP_030/preproc'
    structural: 'struct.nii'
    functional: {1×8 cell}

       datadir: '/ncf/gershman/Lab/Exploration/subjects/180809_UEP_031/preproc'
    structural: 'struct.nii'
    functional: {1×8 cell}

badre_2012_roi_analysis_1_glm21.mat
mask
mask
mask
mask
mask
mask
mask
mask
mask
mask
mask
mask
mask
mask
mask
mask
mask
mask
mask
mask
mask
mask
mask
mask
mask
mask
mask
mask
mask
mask
mask
masks/badre_rlpfc_36_56_-8_r=10mm.nii

p =

    0.0047


t =

    3.0571


b =

  Columns 1 through 7

    0.4805    0.2076   -0.0049    0.0940    0.3710    0.3402    0.1735

  Columns 8 through 14

    0.0421    0.2998    0.0009    0.0259    0.0723   -0.0355    0.0247

  Columns 15 through 21

   -0.3364    0.1809    0.0884   -0.2166    0.1139   -0.0563    0.2036

  Columns 22 through 28

    0.0390   -0.0190    0.1575    0.0020    0.0549    0.1091    0.0940

  Columns 29 through 31

    0.0574   -0.0201    0.1871

mask
mask
mask
mask
mask
mask
mask
mask
mask
mask
mask
mask
mask
mask
mask
mask
mask
mask
mask
mask
mask
mask
mask
mask
mask
mask
mask
mask
mask
mask
mask
masks/badre_rlpfc_40_60_-10_r=10mm.nii

p =

    0.0057


t =

    2.9784


b =

  Columns 1 through 7

    0.5886    0.2500   -0.0040    0.1086    0.5077    0.4246    0.2831

  Columns 8 through 14

    0.0657    0.4084    0.0342    0.0576    0.0647   -0.0773    0.0295

  Columns 15 through 21

   -0.4178    0.2391    0.0840   -0.2690    0.1718   -0.0813    0.2527

  Columns 22 through 28

    0.0526   -0.0143    0.1882   -0.0202    0.0366    0.1085    0.0871

  Columns 29 through 31

    0.0656   -0.0249    0.2123

mask
mask
mask
mask
mask
mask
mask
mask
mask
mask
mask
mask
mask
mask
mask
mask
mask
mask
mask
mask
mask
mask
mask
mask
mask
mask
mask
mask
mask
mask
mask
masks/badre_rlpfc_30_52_-14_r=10mm.nii

p =

    0.0013


t =

    3.5510


b =

  Columns 1 through 7

    0.2786    0.0714   -0.0203    0.0669    0.1989    0.1557    0.1928

  Columns 8 through 14

   -0.0101    0.1585    0.0116    0.0049    0.0558   -0.0129    0.0062

  Columns 15 through 21

   -0.1751    0.0937    0.0757   -0.1163    0.0692   -0.0346    0.1525

  Columns 22 through 28

    0.0143    0.0119    0.1186    0.0191    0.0615    0.0918    0.0650

  Columns 29 through 31

    0.0597    0.0140    0.1328

mask
mask
mask
mask
mask
mask
mask
mask
mask
mask
mask
mask
mask
mask
mask
mask
mask
mask
mask
mask
mask
mask
mask
mask
mask
mask
mask
mask
mask
mask
mask
masks/badre_rlpfc_24_48_20_r=10mm.nii

p =

    0.2324


t =

    1.2189


b =

  Columns 1 through 7

    0.2092    0.1003   -0.0685    0.0817    0.1584    0.1308   -0.0316

  Columns 8 through 14

   -0.0784    0.1231   -0.0154   -0.0366   -0.0082    0.0437    0.0137

  Columns 15 through 21

   -0.0792    0.0505    0.0160   -0.1572    0.0216   -0.0590    0.1319

  Columns 22 through 28

    0.0245    0.0467   -0.1073   -0.0768   -0.0209    0.0777    0.0456

  Columns 29 through 31

   -0.0562   -0.0205    0.1303

mask
mask
mask
mask
mask
mask
mask
mask
mask
mask
mask
mask
mask
mask
mask
mask
mask
mask
mask
mask
mask
mask
mask
mask
mask
mask
mask
mask
mask
mask
mask
masks/badre_rlpfc_30_52_16_r=10mm.nii

p =

    0.0277


t =

    2.3146


b =

  Columns 1 through 7

    0.2699    0.2029   -0.1182    0.1149    0.2386    0.2058    0.0071

  Columns 8 through 14

   -0.0564    0.2700   -0.0149   -0.0111    0.0121    0.0562    0.0205

  Columns 15 through 21

   -0.0935    0.0527    0.0571   -0.1915   -0.0058   -0.0568    0.2371

  Columns 22 through 28

    0.0388    0.0453   -0.0268   -0.1159    0.0482    0.0742    0.0658

  Columns 29 through 31

    0.0039    0.0045    0.2002

mask
mask
mask
mask
mask
mask
mask
mask
mask
mask
mask
mask
mask
mask
mask
mask
mask
mask
mask
mask
mask
mask
mask
mask
mask
mask
mask
mask
mask
mask
mask
masks/badre_rlpfc_18_40_22_r=10mm.nii

p =

    0.9732


t =

   -0.0339


b =

  Columns 1 through 7

    0.0830    0.0273    0.0070    0.0646    0.0463    0.0513   -0.0184

  Columns 8 through 14

   -0.0570    0.0715   -0.0132   -0.0534   -0.0081    0.0186    0.0015

  Columns 15 through 21

   -0.0804    0.0246   -0.0108   -0.0765    0.0183   -0.0649    0.0399

  Columns 22 through 28

    0.0111    0.0131   -0.0440   -0.0369   -0.0095    0.0394    0.0187

  Columns 29 through 31

   -0.0541   -0.0531    0.0358

mask
mask
mask
mask
mask
mask
mask
mask
mask
mask
mask
mask
mask
mask
mask
mask
mask
mask
mask
mask
mask
mask
mask
mask
mask
mask
mask
mask
mask
mask
mask
masks/badre_rlpfc_24_46_20_r=10mm.nii

p =

    0.2692


t =

    1.1257


b =

  Columns 1 through 7

    0.1930    0.0788   -0.0534    0.0798    0.1403    0.1175   -0.0267

  Columns 8 through 14

   -0.0744    0.1032   -0.0132   -0.0395   -0.0071    0.0408    0.0195

  Columns 15 through 21

   -0.0848    0.0412    0.0104   -0.1389    0.0187   -0.0583    0.1138

  Columns 22 through 28

    0.0251    0.0385   -0.0840   -0.0700   -0.0170    0.0705    0.0397

  Columns 29 through 31

   -0.0603   -0.0220    0.1046

mask
mask
mask
mask
mask
mask
mask
mask
mask
mask
mask
mask
mask
mask
mask
mask
mask
mask
mask
mask
mask
mask
mask
mask
mask
mask
mask
mask
mask
mask
mask
masks/badre_rlpfc_30_52_-14_r=10mm.nii

p =

    0.0013


t =

    3.5510


b =

  Columns 1 through 7

    0.2786    0.0714   -0.0203    0.0669    0.1989    0.1557    0.1928

  Columns 8 through 14

   -0.0101    0.1585    0.0116    0.0049    0.0558   -0.0129    0.0062

  Columns 15 through 21

   -0.1751    0.0937    0.0757   -0.1163    0.0692   -0.0346    0.1525

  Columns 22 through 28

    0.0143    0.0119    0.1186    0.0191    0.0615    0.0918    0.0650

  Columns 29 through 31

    0.0597    0.0140    0.1328

mask
mask
mask
mask
mask
mask
mask
mask
mask
mask
mask
mask
mask
mask
mask
mask
mask
mask
mask
mask
mask
mask
mask
mask
mask
mask
mask
mask
mask
mask
mask
masks/badre_rlpfc_36_56_-10_r=10mm.nii

p =

    0.0036


t =

    3.1641


b =

  Columns 1 through 7

    0.4620    0.1810   -0.0125    0.0905    0.3800    0.3213    0.2182

  Columns 8 through 14

    0.0384    0.2913    0.0193    0.0354    0.0698   -0.0436    0.0189

  Columns 15 through 21

   -0.3204    0.1838    0.0841   -0.2079    0.1216   -0.0563    0.2072

  Columns 22 through 28

    0.0335   -0.0066    0.1559    0.0033    0.0526    0.1131    0.0866

  Columns 29 through 31

    0.0639   -0.0123    0.1832

mask
mask
mask
mask
mask
mask
mask
mask
mask
mask
mask
mask
mask
mask
mask
mask
mask
mask
mask
mask
mask
mask
mask
mask
mask
mask
mask
mask
mask
mask
mask
masks/badre_rlpfc_22_56_26_r=10mm.nii

p =

    0.5568


t =

    0.5942


b =

  Columns 1 through 7

    0.2190    0.1576   -0.0968    0.0830    0.1513    0.1465   -0.0908

  Columns 8 through 14

   -0.0773    0.2227   -0.0642   -0.0332   -0.0247    0.0359   -0.0171

  Columns 15 through 21

   -0.0602    0.0783    0.0161   -0.2325    0.0721   -0.0629    0.1587

  Columns 22 through 28

   -0.0426    0.0619   -0.2293   -0.0780   -0.0650    0.0817    0.0737

  Columns 29 through 31

   -0.0976   -0.0554    0.1593

mask
mask
mask
mask
mask
mask
mask
mask
mask
mask
mask
mask
mask
mask
mask
mask
mask
mask
mask
mask
mask
mask
mask
mask
mask
mask
mask
mask
mask
mask
mask
masks/badre_rlpfc_26_52_16_r=10mm.nii

p =

    0.0526


t =

    2.0181


b =

  Columns 1 through 7

    0.2134    0.1511   -0.0975    0.0978    0.2030    0.1685   -0.0160

  Columns 8 through 14

   -0.0700    0.2044   -0.0134   -0.0152   -0.0046    0.0401   -0.0111

  Columns 15 through 21

   -0.0811    0.0661    0.0448   -0.1871    0.0139   -0.0651    0.1977

  Columns 22 through 28

    0.0316    0.0562   -0.0503   -0.1039    0.0311    0.0893    0.0649

  Columns 29 through 31

    0.0112    0.0014    0.1924

mask
mask
mask
mask
mask
mask
mask
mask
mask
mask
mask
mask
mask
mask
mask
mask
mask
mask
mask
mask
mask
mask
mask
mask
mask
mask
mask
mask
mask
mask
mask
masks/badre_rlpfc_44_42_28_r=10mm.nii

p =

    0.1188


t =

    1.6058


b =

  Columns 1 through 7

    0.3324    0.0793   -0.0943    0.1046    0.3230    0.2529    0.0227

  Columns 8 through 14

   -0.0840    0.2967   -0.0720   -0.0404    0.1160    0.0376    0.0909

  Columns 15 through 21

   -0.2278    0.0027    0.0937   -0.2167   -0.0233   -0.0493    0.3256

  Columns 22 through 28

    0.1048    0.0007    0.0064   -0.0728    0.0806    0.0503   -0.0430

  Columns 29 through 31

   -0.0387   -0.1045    0.0461

mask
mask
mask
mask
mask
mask
mask
mask
mask
mask
mask
mask
mask
mask
mask
mask
mask
mask
mask
mask
mask
mask
mask
mask
mask
mask
mask
mask
mask
mask
mask
masks/badre_rlpfc_22_54_28_r=10mm.nii

p =

    0.6280


t =

    0.4896


b =

  Columns 1 through 7

    0.2505    0.1472   -0.0859    0.0960    0.1432    0.1378   -0.0922

  Columns 8 through 14

   -0.0892    0.2039   -0.0578   -0.0424   -0.0261    0.0407    0.0035

  Columns 15 through 21

   -0.0713    0.0591    0.0089   -0.2257    0.0748   -0.0614    0.1444

  Columns 22 through 28

   -0.0442    0.0542   -0.2320   -0.0645   -0.0790    0.0792    0.0724

  Columns 29 through 31

   -0.0999   -0.0621    0.1345

mask
mask
mask
mask
mask
mask
mask
mask
mask
mask
mask
mask
mask
mask
mask
mask
mask
mask
mask
mask
mask
mask
mask
mask
mask
mask
mask
mask
mask
mask
mask
masks/badre_rlpfc_28_48_14_r=10mm.nii

p =

    0.0253


t =

    2.3540


b =

  Columns 1 through 7

    0.2258    0.1228   -0.0670    0.1103    0.1799    0.1514    0.0051

  Columns 8 through 14

   -0.0524    0.1615   -0.0065   -0.0064    0.0099    0.0373    0.0108

  Columns 15 through 21

   -0.0790    0.0381    0.0384   -0.1544    0.0013   -0.0552    0.1723

  Columns 22 through 28

    0.0393    0.0395   -0.0086   -0.0808    0.0426    0.0679    0.0529

  Columns 29 through 31

    0.0023    0.0109    0.1368

mask
mask
mask
mask
mask
mask
mask
mask
mask
mask
mask
mask
mask
mask
mask
mask
mask
mask
mask
mask
mask
mask
mask
mask
mask
mask
mask
mask
mask
mask
mask
masks/badre_rlpfc_22_46_20_r=10mm.nii

p =

    0.3757


t =

    0.8993


b =

  Columns 1 through 7

    0.1646    0.0632   -0.0373    0.0729    0.1181    0.0970   -0.0266

  Columns 8 through 14

   -0.0735    0.0912   -0.0149   -0.0374   -0.0114    0.0328    0.0074

  Columns 15 through 21

   -0.0792    0.0426    0.0029   -0.1305    0.0263   -0.0628    0.0975

  Columns 22 through 28

    0.0180    0.0355   -0.0867   -0.0587   -0.0193    0.0664    0.0405

  Columns 29 through 31

   -0.0564   -0.0254    0.0911

