
                            < M A T L A B (R) >
                  Copyright 1984-2017 The MathWorks, Inc.
                   R2017a (9.2.0.556344) 64-bit (glnxa64)
                               March 27, 2017

 
For online documentation, see http://www.mathworks.com/support
For product information, visit www.mathworks.com.
 
       datadir: '/ncf/gershman/Lab/Exploration/subjects/180725_UEP_001/preproc'
    structural: 'struct.nii'
    functional: {1×8 cell}

       datadir: '/ncf/gershman/Lab/Exploration/subjects/180727_UEP_002/preproc'
    structural: 'struct.nii'
    functional: {1×8 cell}

       datadir: '/ncf/gershman/Lab/Exploration/subjects/180727_UEP_003/preproc'
    structural: 'struct.nii'
    functional: {1×6 cell}

       datadir: '/ncf/gershman/Lab/Exploration/subjects/180730_UEP_004/preproc'
    structural: 'struct.nii'
    functional: {1×6 cell}

       datadir: '/ncf/gershman/Lab/Exploration/subjects/180730_UEP_005/preproc'
    structural: 'struct.nii'
    functional: {1×8 cell}

       datadir: '/ncf/gershman/Lab/Exploration/subjects/180801_UEP_006/preproc'
    structural: 'struct.nii'
    functional: {1×7 cell}

       datadir: '/ncf/gershman/Lab/Exploration/subjects/180802_UEP_007/preproc'
    structural: 'struct.nii'
    functional: {1×8 cell}

       datadir: '/ncf/gershman/Lab/Exploration/subjects/180803_UEP_008/preproc'
    structural: 'struct.nii'
    functional: {1×8 cell}

       datadir: '/ncf/gershman/Lab/Exploration/subjects/180803_UEP_009/preproc'
    structural: 'struct.nii'
    functional: {1×8 cell}

       datadir: '/ncf/gershman/Lab/Exploration/subjects/180804_UEP010/preproc'
    structural: 'struct.nii'
    functional: {1×8 cell}

       datadir: '/ncf/gershman/Lab/Exploration/subjects/180804_UEP_011/preproc'
    structural: 'struct.nii'
    functional: {1×8 cell}

       datadir: '/ncf/gershman/Lab/Exploration/subjects/180804_UEP_012/preproc'
    structural: 'struct.nii'
    functional: {1×8 cell}

       datadir: '/ncf/gershman/Lab/Exploration/subjects/180804_UEP_013/preproc'
    structural: 'struct.nii'
    functional: {1×7 cell}

       datadir: '/ncf/gershman/Lab/Exploration/subjects/180804_UEP_014/preproc'
    structural: 'struct.nii'
    functional: {1×8 cell}

       datadir: '/ncf/gershman/Lab/Exploration/subjects/180804_UEP_015/preproc'
    structural: 'struct.nii'
    functional: {1×8 cell}

       datadir: '/ncf/gershman/Lab/Exploration/subjects/180805_UEP_016/preproc'
    structural: 'struct.nii'
    functional: {1×8 cell}

       datadir: '/ncf/gershman/Lab/Exploration/subjects/180805_UEP_017/preproc'
    structural: 'struct.nii'
    functional: {1×7 cell}

       datadir: '/ncf/gershman/Lab/Exploration/subjects/180805_UEP_018_2/preproc'
    structural: 'struct.nii'
    functional: {1×7 cell}

       datadir: '/ncf/gershman/Lab/Exploration/subjects/180805_UEP_019/preproc'
    structural: 'struct.nii'
    functional: {1×8 cell}

       datadir: '/ncf/gershman/Lab/Exploration/subjects/180805_UEP_020/preproc'
    structural: 'struct.nii'
    functional: {1×8 cell}

       datadir: '/ncf/gershman/Lab/Exploration/subjects/180805_UEP_021/preproc'
    structural: 'struct.nii'
    functional: {1×8 cell}

       datadir: '/ncf/gershman/Lab/Exploration/subjects/180806_UEP_022/preproc'
    structural: 'struct.nii'
    functional: {1×8 cell}

       datadir: '/ncf/gershman/Lab/Exploration/subjects/180806_UEP_023/preproc'
    structural: 'struct.nii'
    functional: {1×8 cell}

       datadir: '/ncf/gershman/Lab/Exploration/subjects/180807_UEP_024/preproc'
    structural: 'struct.nii'
    functional: {1×8 cell}

       datadir: '/ncf/gershman/Lab/Exploration/subjects/180807_UEP_025/preproc'
    structural: 'struct.nii'
    functional: {1×8 cell}

       datadir: '/ncf/gershman/Lab/Exploration/subjects/180807_UEP_026/preproc'
    structural: 'struct.nii'
    functional: {1×8 cell}

       datadir: '/ncf/gershman/Lab/Exploration/subjects/180808_UEP_027/preproc'
    structural: 'struct.nii'
    functional: {1×8 cell}

       datadir: '/ncf/gershman/Lab/Exploration/subjects/180808_UEP_028/preproc'
    structural: 'struct.nii'
    functional: {1×8 cell}

       datadir: '/ncf/gershman/Lab/Exploration/subjects/180808_UEP_029/preproc'
    structural: 'struct.nii'
    functional: {1×8 cell}

       datadir: '/ncf/gershman/Lab/Exploration/subjects/180809_UEP_030/preproc'
    structural: 'struct.nii'
    functional: {1×8 cell}

       datadir: '/ncf/gershman/Lab/Exploration/subjects/180809_UEP_031/preproc'
    structural: 'struct.nii'
    functional: {1×8 cell}

badre_2012_roi_analysis_1_glm26.mat
mask
mask
mask
mask
mask
mask
mask
mask
mask
mask
mask
mask
mask
mask
mask
mask
mask
mask
mask
mask
mask
mask
mask
mask
mask
mask
mask
mask
mask
mask
mask
masks/badre_rlpfc_36_56_-8_r=10mm.nii

p =

    0.8413


t =

    0.2020


b =

  Columns 1 through 7

    0.1624   -0.0446    0.1296    0.0856    0.1446   -0.1685    0.1295

  Columns 8 through 14

    0.1056   -0.0220   -0.0366    0.1167    0.0477   -0.1000    0.0624

  Columns 15 through 21

   -0.3537    0.0466   -0.0764   -0.1272   -0.0635   -0.1784    0.0726

  Columns 22 through 28

    0.0115    0.0281    0.0832    0.0428    0.0276    0.0242    0.0094

  Columns 29 through 31

   -0.0136   -0.0293    0.0072

mask
mask
mask
mask
mask
mask
mask
mask
mask
mask
mask
mask
mask
mask
mask
mask
mask
mask
mask
mask
mask
mask
mask
mask
mask
mask
mask
mask
mask
mask
mask
masks/badre_rlpfc_40_60_-10_r=10mm.nii

p =

    0.7480


t =

    0.3243


b =

  Columns 1 through 7

    0.2223   -0.0585    0.1641    0.0915    0.2164   -0.2191    0.2193

  Columns 8 through 14

    0.1326   -0.0249   -0.0283    0.1676    0.0464   -0.1426    0.0645

  Columns 15 through 21

   -0.4218    0.0580   -0.0792   -0.1575   -0.0675   -0.2144    0.0856

  Columns 22 through 28

    0.0044    0.0323    0.1012    0.0457    0.0232    0.0406    0.0176

  Columns 29 through 31

   -0.0461   -0.0046   -0.0154

mask
mask
mask
mask
mask
mask
mask
mask
mask
mask
mask
mask
mask
mask
mask
mask
mask
mask
mask
mask
mask
mask
mask
mask
mask
mask
mask
mask
mask
mask
mask
masks/badre_rlpfc_30_52_-14_r=10mm.nii

p =

    0.5599


t =

    0.5895


b =

  Columns 1 through 7

    0.0930   -0.0204    0.0633    0.0449    0.0903   -0.0746    0.1348

  Columns 8 through 14

    0.0418    0.0396   -0.0182    0.0687    0.0441   -0.0699    0.0207

  Columns 15 through 21

   -0.2053    0.0233   -0.0838   -0.0548   -0.0222   -0.1292    0.0388

  Columns 22 through 28

    0.0115    0.0372    0.0666    0.0471    0.0366   -0.0009    0.0274

  Columns 29 through 31

    0.0175   -0.0400   -0.0001

mask
mask
mask
mask
mask
mask
mask
mask
mask
mask
mask
mask
mask
mask
mask
mask
mask
mask
mask
mask
mask
mask
mask
mask
mask
mask
mask
mask
mask
mask
mask
masks/badre_rlpfc_24_48_20_r=10mm.nii

p =

    0.0092


t =

   -2.7836


b =

  Columns 1 through 7

    0.0014   -0.0751   -0.0438    0.0995    0.0333   -0.0456   -0.0186

  Columns 8 through 14

   -0.0195    0.0333   -0.0375    0.0013   -0.0257   -0.0246    0.0102

  Columns 15 through 21

   -0.0911   -0.0308   -0.0114   -0.0856   -0.0106   -0.1429    0.0364

  Columns 22 through 28

   -0.0234    0.0148   -0.0597   -0.0406   -0.0226   -0.0182   -0.0182

  Columns 29 through 31

   -0.0681   -0.1056    0.0394

mask
mask
mask
mask
mask
mask
mask
mask
mask
mask
mask
mask
mask
mask
mask
mask
mask
mask
mask
mask
mask
mask
mask
mask
mask
mask
mask
mask
mask
mask
mask
masks/badre_rlpfc_30_52_16_r=10mm.nii

p =

    0.1716


t =

   -1.4005


b =

  Columns 1 through 7

    0.0314   -0.0667   -0.0109    0.1327    0.0805   -0.0513    0.0013

  Columns 8 through 14

    0.0120    0.0370   -0.0356    0.0254   -0.0062   -0.0510    0.0213

  Columns 15 through 21

   -0.1307   -0.0630   -0.0298   -0.0958   -0.0493   -0.1854    0.0716

  Columns 22 through 28

   -0.0127    0.0166   -0.0117   -0.0634    0.0276   -0.0425   -0.0317

  Columns 29 through 31

   -0.0118   -0.1181    0.0900

mask
mask
mask
mask
mask
mask
mask
mask
mask
mask
mask
mask
mask
mask
mask
mask
mask
mask
mask
mask
mask
mask
mask
mask
mask
mask
mask
mask
mask
mask
mask
masks/badre_rlpfc_18_40_22_r=10mm.nii

p =

    0.0067


t =

   -2.9156


b =

  Columns 1 through 7

   -0.0202   -0.0544   -0.0281    0.0819    0.0075   -0.0156   -0.0247

  Columns 8 through 14

   -0.0172    0.0109   -0.0198   -0.0039   -0.0145   -0.0097    0.0033

  Columns 15 through 21

   -0.0793   -0.0173    0.0001   -0.0411   -0.0028   -0.0686    0.0219

  Columns 22 through 28

   -0.0221    0.0061   -0.0215   -0.0176   -0.0190   -0.0043   -0.0100

  Columns 29 through 31

   -0.0643   -0.0798    0.0091

mask
mask
mask
mask
mask
mask
mask
mask
mask
mask
mask
mask
mask
mask
mask
mask
mask
mask
mask
mask
mask
mask
mask
mask
mask
mask
mask
mask
mask
mask
mask
masks/badre_rlpfc_24_46_20_r=10mm.nii

p =

    0.0121


t =

   -2.6700


b =

  Columns 1 through 7

    0.0068   -0.0748   -0.0439    0.0959    0.0319   -0.0410   -0.0165

  Columns 8 through 14

   -0.0210    0.0274   -0.0328   -0.0012   -0.0221   -0.0189    0.0191

  Columns 15 through 21

   -0.0941   -0.0375   -0.0067   -0.0729   -0.0070   -0.1276    0.0330

  Columns 22 through 28

   -0.0223    0.0111   -0.0374   -0.0346   -0.0172   -0.0124   -0.0177

  Columns 29 through 31

   -0.0726   -0.1027    0.0324

mask
mask
mask
mask
mask
mask
mask
mask
mask
mask
mask
mask
mask
mask
mask
mask
mask
mask
mask
mask
mask
mask
mask
mask
mask
mask
mask
mask
mask
mask
mask
masks/badre_rlpfc_30_52_-14_r=10mm.nii

p =

    0.5599


t =

    0.5895


b =

  Columns 1 through 7

    0.0930   -0.0204    0.0633    0.0449    0.0903   -0.0746    0.1348

  Columns 8 through 14

    0.0418    0.0396   -0.0182    0.0687    0.0441   -0.0699    0.0207

  Columns 15 through 21

   -0.2053    0.0233   -0.0838   -0.0548   -0.0222   -0.1292    0.0388

  Columns 22 through 28

    0.0115    0.0372    0.0666    0.0471    0.0366   -0.0009    0.0274

  Columns 29 through 31

    0.0175   -0.0400   -0.0001

mask
mask
mask
mask
mask
mask
mask
mask
mask
mask
mask
mask
mask
mask
mask
mask
mask
mask
mask
mask
mask
mask
mask
mask
mask
mask
mask
mask
mask
mask
mask
masks/badre_rlpfc_36_56_-10_r=10mm.nii

p =

    0.7077


t =

    0.3786


b =

  Columns 1 through 7

    0.1616   -0.0399    0.1243    0.0789    0.1525   -0.1625    0.1612

  Columns 8 through 14

    0.1011   -0.0098   -0.0296    0.1263    0.0489   -0.1026    0.0539

  Columns 15 through 21

   -0.3379    0.0501   -0.0791   -0.1195   -0.0553   -0.1755    0.0669

  Columns 22 through 28

    0.0107    0.0335    0.0826    0.0494    0.0295    0.0287    0.0174

  Columns 29 through 31

   -0.0129   -0.0198   -0.0039

mask
mask
mask
mask
mask
mask
mask
mask
mask
mask
mask
mask
mask
mask
mask
mask
mask
mask
mask
mask
mask
mask
mask
mask
mask
mask
mask
mask
mask
mask
mask
masks/badre_rlpfc_22_56_26_r=10mm.nii

p =

    0.0020


t =

   -3.3827


b =

  Columns 1 through 7

   -0.0693   -0.0605   -0.0311    0.1127   -0.0018   -0.0572   -0.0447

  Columns 8 through 14

   -0.0161    0.0669   -0.0690    0.0063   -0.0570   -0.0519   -0.0514

  Columns 15 through 21

   -0.0566    0.0289   -0.0343   -0.1481    0.0038   -0.1936    0.0436

  Columns 22 through 28

   -0.0681    0.0248   -0.2024   -0.0757   -0.0724   -0.0546    0.0027

  Columns 29 through 31

   -0.1071   -0.1304    0.0459

mask
mask
mask
mask
mask
mask
mask
mask
mask
mask
mask
mask
mask
mask
mask
mask
mask
mask
mask
mask
mask
mask
mask
mask
mask
mask
mask
mask
mask
mask
mask
masks/badre_rlpfc_26_52_16_r=10mm.nii

p =

    0.0550


t =

   -1.9967


b =

  Columns 1 through 7

   -0.0059   -0.0635   -0.0255    0.1169    0.0619   -0.0520   -0.0197

  Columns 8 through 14

   -0.0032    0.0357   -0.0412    0.0212   -0.0169   -0.0471   -0.0103

  Columns 15 through 21

   -0.1124   -0.0234   -0.0195   -0.0987   -0.0303   -0.1588    0.0501

  Columns 22 through 28

   -0.0102    0.0227   -0.0346   -0.0652    0.0113   -0.0333   -0.0226

  Columns 29 through 31

   -0.0069   -0.0999    0.0630

mask
mask
mask
mask
mask
mask
mask
mask
mask
mask
mask
mask
mask
mask
mask
mask
mask
mask
mask
mask
mask
mask
mask
mask
mask
mask
mask
mask
mask
mask
mask
masks/badre_rlpfc_44_42_28_r=10mm.nii

p =

    0.8335


t =

   -0.2120


b =

  Columns 1 through 7

    0.0637   -0.1129   -0.0094    0.1375    0.1294    0.0153    0.1018

  Columns 8 through 14

   -0.0503    0.0579   -0.0230    0.0463    0.0701   -0.0531    0.1256

  Columns 15 through 21

   -0.2280   -0.0707   -0.0717   -0.1632   -0.0354   -0.1795    0.1076

  Columns 22 through 28

    0.0037    0.0253   -0.0037    0.0468    0.0525    0.0133   -0.0407

  Columns 29 through 31

   -0.0061   -0.1426    0.0829

mask
mask
mask
mask
mask
mask
mask
mask
mask
mask
mask
mask
mask
mask
mask
mask
mask
mask
mask
mask
mask
mask
mask
mask
mask
mask
mask
mask
mask
mask
mask
masks/badre_rlpfc_22_54_28_r=10mm.nii

p =

    0.0021


t =

   -3.3622


b =

  Columns 1 through 7

   -0.0473   -0.0642   -0.0375    0.1247    0.0004   -0.0456   -0.0509

  Columns 8 through 14

   -0.0329    0.0625   -0.0554    0.0027   -0.0595   -0.0451   -0.0335

  Columns 15 through 21

   -0.0674    0.0231   -0.0373   -0.1433    0.0066   -0.1941    0.0433

  Columns 22 through 28

   -0.0762    0.0233   -0.1947   -0.0655   -0.0802   -0.0448    0.0037

  Columns 29 through 31

   -0.1127   -0.1421    0.0357

mask
mask
mask
mask
mask
mask
mask
mask
mask
mask
mask
mask
mask
mask
mask
mask
mask
mask
mask
mask
mask
mask
mask
mask
mask
mask
mask
mask
mask
mask
mask
masks/badre_rlpfc_28_48_14_r=10mm.nii

p =

    0.1787


t =

   -1.3770


b =

  Columns 1 through 7

    0.0334   -0.0634   -0.0248    0.1191    0.0602   -0.0486   -0.0045

  Columns 8 through 14

    0.0060    0.0153   -0.0267    0.0258   -0.0048   -0.0346    0.0163

  Columns 15 through 21

   -0.1084   -0.0467   -0.0130   -0.0714   -0.0208   -0.1448    0.0479

  Columns 22 through 28

   -0.0013    0.0125    0.0064   -0.0440    0.0231   -0.0286   -0.0233

  Columns 29 through 31

   -0.0127   -0.1029    0.0527

mask
mask
mask
mask
mask
mask
mask
mask
mask
mask
mask
mask
mask
mask
mask
mask
mask
mask
mask
mask
mask
mask
mask
mask
mask
mask
mask
mask
mask
mask
mask
masks/badre_rlpfc_22_46_20_r=10mm.nii

p =

    0.0049


t =

   -3.0390


b =

  Columns 1 through 7

   -0.0056   -0.0728   -0.0426    0.0881    0.0220   -0.0385   -0.0213

  Columns 8 through 14

   -0.0208    0.0252   -0.0338    0.0011   -0.0238   -0.0178    0.0066

  Columns 15 through 21

   -0.0831   -0.0218   -0.0045   -0.0708   -0.0025   -0.1132    0.0253

  Columns 22 through 28

   -0.0225    0.0106   -0.0466   -0.0321   -0.0237   -0.0131   -0.0159

  Columns 29 through 31

   -0.0688   -0.0937    0.0211

