
                            < M A T L A B (R) >
                  Copyright 1984-2017 The MathWorks, Inc.
                   R2017a (9.2.0.556344) 64-bit (glnxa64)
                               March 27, 2017

 
For online documentation, see http://www.mathworks.com/support
For product information, visit www.mathworks.com.
 
       datadir: '/ncf/gershman/Lab/Exploration/subjects/180725_UEP_001/preproc'
    structural: 'struct.nii'
    functional: {1×8 cell}

       datadir: '/ncf/gershman/Lab/Exploration/subjects/180727_UEP_002/preproc'
    structural: 'struct.nii'
    functional: {1×8 cell}

       datadir: '/ncf/gershman/Lab/Exploration/subjects/180727_UEP_003/preproc'
    structural: 'struct.nii'
    functional: {1×6 cell}

       datadir: '/ncf/gershman/Lab/Exploration/subjects/180730_UEP_004/preproc'
    structural: 'struct.nii'
    functional: {1×6 cell}

       datadir: '/ncf/gershman/Lab/Exploration/subjects/180730_UEP_005/preproc'
    structural: 'struct.nii'
    functional: {1×8 cell}

       datadir: '/ncf/gershman/Lab/Exploration/subjects/180801_UEP_006/preproc'
    structural: 'struct.nii'
    functional: {1×7 cell}

       datadir: '/ncf/gershman/Lab/Exploration/subjects/180802_UEP_007/preproc'
    structural: 'struct.nii'
    functional: {1×8 cell}

       datadir: '/ncf/gershman/Lab/Exploration/subjects/180803_UEP_008/preproc'
    structural: 'struct.nii'
    functional: {1×8 cell}

       datadir: '/ncf/gershman/Lab/Exploration/subjects/180803_UEP_009/preproc'
    structural: 'struct.nii'
    functional: {1×8 cell}

       datadir: '/ncf/gershman/Lab/Exploration/subjects/180804_UEP010/preproc'
    structural: 'struct.nii'
    functional: {1×8 cell}

       datadir: '/ncf/gershman/Lab/Exploration/subjects/180804_UEP_011/preproc'
    structural: 'struct.nii'
    functional: {1×8 cell}

       datadir: '/ncf/gershman/Lab/Exploration/subjects/180804_UEP_012/preproc'
    structural: 'struct.nii'
    functional: {1×8 cell}

       datadir: '/ncf/gershman/Lab/Exploration/subjects/180804_UEP_013/preproc'
    structural: 'struct.nii'
    functional: {1×7 cell}

       datadir: '/ncf/gershman/Lab/Exploration/subjects/180804_UEP_014/preproc'
    structural: 'struct.nii'
    functional: {1×8 cell}

       datadir: '/ncf/gershman/Lab/Exploration/subjects/180804_UEP_015/preproc'
    structural: 'struct.nii'
    functional: {1×8 cell}

       datadir: '/ncf/gershman/Lab/Exploration/subjects/180805_UEP_016/preproc'
    structural: 'struct.nii'
    functional: {1×8 cell}

       datadir: '/ncf/gershman/Lab/Exploration/subjects/180805_UEP_017/preproc'
    structural: 'struct.nii'
    functional: {1×7 cell}

       datadir: '/ncf/gershman/Lab/Exploration/subjects/180805_UEP_018_2/preproc'
    structural: 'struct.nii'
    functional: {1×7 cell}

       datadir: '/ncf/gershman/Lab/Exploration/subjects/180805_UEP_019/preproc'
    structural: 'struct.nii'
    functional: {1×8 cell}

       datadir: '/ncf/gershman/Lab/Exploration/subjects/180805_UEP_020/preproc'
    structural: 'struct.nii'
    functional: {1×8 cell}

       datadir: '/ncf/gershman/Lab/Exploration/subjects/180805_UEP_021/preproc'
    structural: 'struct.nii'
    functional: {1×8 cell}

       datadir: '/ncf/gershman/Lab/Exploration/subjects/180806_UEP_022/preproc'
    structural: 'struct.nii'
    functional: {1×8 cell}

       datadir: '/ncf/gershman/Lab/Exploration/subjects/180806_UEP_023/preproc'
    structural: 'struct.nii'
    functional: {1×8 cell}

       datadir: '/ncf/gershman/Lab/Exploration/subjects/180807_UEP_024/preproc'
    structural: 'struct.nii'
    functional: {1×8 cell}

       datadir: '/ncf/gershman/Lab/Exploration/subjects/180807_UEP_025/preproc'
    structural: 'struct.nii'
    functional: {1×8 cell}

       datadir: '/ncf/gershman/Lab/Exploration/subjects/180807_UEP_026/preproc'
    structural: 'struct.nii'
    functional: {1×8 cell}

       datadir: '/ncf/gershman/Lab/Exploration/subjects/180808_UEP_027/preproc'
    structural: 'struct.nii'
    functional: {1×8 cell}

       datadir: '/ncf/gershman/Lab/Exploration/subjects/180808_UEP_028/preproc'
    structural: 'struct.nii'
    functional: {1×8 cell}

       datadir: '/ncf/gershman/Lab/Exploration/subjects/180808_UEP_029/preproc'
    structural: 'struct.nii'
    functional: {1×8 cell}

       datadir: '/ncf/gershman/Lab/Exploration/subjects/180809_UEP_030/preproc'
    structural: 'struct.nii'
    functional: {1×8 cell}

       datadir: '/ncf/gershman/Lab/Exploration/subjects/180809_UEP_031/preproc'
    structural: 'struct.nii'
    functional: {1×8 cell}

badre_2012_roi_analysis_1_glm24.mat
mask
mask
mask
mask
mask
mask
mask
mask
mask
mask
mask
mask
mask
mask
mask
mask
mask
mask
mask
mask
mask
mask
mask
mask
mask
mask
mask
mask
mask
mask
mask
masks/badre_rlpfc_36_56_-8_r=10mm.nii

p =

    0.0102


t =

    2.7425


b =

  Columns 1 through 7

    0.0198    0.0634    0.1639    0.0112    0.0194   -0.0112    0.0355

  Columns 8 through 14

   -0.0145    0.1145    0.1824   -0.0189   -0.0210    0.0258    0.0520

  Columns 15 through 21

   -0.0889    0.0446    0.0246    0.0246    0.0806   -0.0580   -0.0336

  Columns 22 through 28

    0.0863    0.0865    0.2655   -0.0141    0.0455    0.0196    0.0019

  Columns 29 through 31

   -0.0757    0.0202    0.0825

mask
mask
mask
mask
mask
mask
mask
mask
mask
mask
mask
mask
mask
mask
mask
mask
mask
mask
mask
mask
mask
mask
mask
mask
mask
mask
mask
mask
mask
mask
mask
masks/badre_rlpfc_40_60_-10_r=10mm.nii

p =

    0.0132


t =

    2.6351


b =

  Columns 1 through 7

    0.0307    0.0763    0.1879    0.0336    0.0027   -0.0074    0.0786

  Columns 8 through 14

   -0.0178    0.1246    0.2099   -0.0301   -0.0537    0.0217    0.0670

  Columns 15 through 21

   -0.0810    0.0548    0.0216    0.0292    0.1124   -0.0839   -0.0596

  Columns 22 through 28

    0.1041    0.1077    0.3304   -0.0221    0.0528    0.0132    0.0042

  Columns 29 through 31

   -0.0930    0.0190    0.1041

mask
mask
mask
mask
mask
mask
mask
mask
mask
mask
mask
mask
mask
mask
mask
mask
mask
mask
mask
mask
mask
mask
mask
mask
mask
mask
mask
mask
mask
mask
mask
masks/badre_rlpfc_30_52_-14_r=10mm.nii

p =

    0.0035


t =

    3.1649


b =

  Columns 1 through 7

    0.0117    0.0404    0.1021   -0.0020    0.0276   -0.0319    0.0645

  Columns 8 through 14

    0.0007    0.0845    0.1241    0.0014   -0.0150    0.0461    0.0175

  Columns 15 through 21

   -0.0288    0.0302    0.0119    0.0063    0.0364   -0.0094    0.0203

  Columns 22 through 28

    0.0703    0.0260    0.1837    0.0359    0.0382    0.0020   -0.0039

  Columns 29 through 31

   -0.0872    0.0232    0.0563

mask
mask
mask
mask
mask
mask
mask
mask
mask
mask
mask
mask
mask
mask
mask
mask
mask
mask
mask
mask
mask
mask
mask
mask
mask
mask
mask
mask
mask
mask
mask
masks/badre_rlpfc_24_48_20_r=10mm.nii

p =

    0.0268


t =

    2.3287


b =

  Columns 1 through 7

   -0.0154    0.0314    0.1591    0.0434    0.0684   -0.0796   -0.0323

  Columns 8 through 14

    0.0114    0.1075    0.0630    0.0348   -0.0070    0.0340   -0.0095

  Columns 15 through 21

   -0.0633    0.0093   -0.0084   -0.0065    0.0017    0.0024   -0.0137

  Columns 22 through 28

    0.0293    0.0123    0.1242    0.0066    0.0239    0.0678   -0.0036

  Columns 29 through 31

    0.0054    0.0277    0.0134

mask
mask
mask
mask
mask
mask
mask
mask
mask
mask
mask
mask
mask
mask
mask
mask
mask
mask
mask
mask
mask
mask
mask
mask
mask
mask
mask
mask
mask
mask
mask
masks/badre_rlpfc_30_52_16_r=10mm.nii

p =

    0.0259


t =

    2.3431


b =

  Columns 1 through 7

   -0.0176    0.0480    0.1660    0.0388    0.0657   -0.0953   -0.0124

  Columns 8 through 14

   -0.0179    0.1664    0.1116    0.1049   -0.0063    0.0242   -0.0076

  Columns 15 through 21

   -0.0921    0.0341   -0.0024   -0.0067    0.0164   -0.0104   -0.0206

  Columns 22 through 28

    0.0413    0.0366    0.1998   -0.0236    0.0415    0.0506   -0.0041

  Columns 29 through 31

   -0.0089    0.0194    0.0281

mask
mask
mask
mask
mask
mask
mask
mask
mask
mask
mask
mask
mask
mask
mask
mask
mask
mask
mask
mask
mask
mask
mask
mask
mask
mask
mask
mask
mask
mask
mask
masks/badre_rlpfc_18_40_22_r=10mm.nii

p =

    0.0160


t =

    2.5525


b =

  Columns 1 through 7

   -0.0041    0.0184    0.0834    0.0422    0.0441   -0.0763   -0.0104

  Columns 8 through 14

    0.0382    0.0709    0.0479   -0.0018    0.0052    0.0313    0.0054

  Columns 15 through 21

   -0.0344   -0.0134    0.0058    0.0148    0.0026    0.0155    0.0090

  Columns 22 through 28

    0.0139    0.0115    0.0520    0.0274    0.0099    0.0312   -0.0159

  Columns 29 through 31

   -0.0113    0.0063    0.0161

mask
mask
mask
mask
mask
mask
mask
mask
mask
mask
mask
mask
mask
mask
mask
mask
mask
mask
mask
mask
mask
mask
mask
mask
mask
mask
mask
mask
mask
mask
mask
masks/badre_rlpfc_24_46_20_r=10mm.nii

p =

    0.0276


t =

    2.3157


b =

  Columns 1 through 7

   -0.0104    0.0269    0.1474    0.0472    0.0678   -0.0748   -0.0326

  Columns 8 through 14

    0.0151    0.0972    0.0609    0.0259   -0.0036    0.0336   -0.0064

  Columns 15 through 21

   -0.0631    0.0026   -0.0089   -0.0063   -0.0008    0.0062   -0.0115

  Columns 22 through 28

    0.0270    0.0109    0.1170    0.0059    0.0196    0.0645   -0.0068

  Columns 29 through 31

    0.0045    0.0288    0.0130

mask
mask
mask
mask
mask
mask
mask
mask
mask
mask
mask
mask
mask
mask
mask
mask
mask
mask
mask
mask
mask
mask
mask
mask
mask
mask
mask
mask
mask
mask
mask
masks/badre_rlpfc_30_52_-14_r=10mm.nii

p =

    0.0035


t =

    3.1649


b =

  Columns 1 through 7

    0.0117    0.0404    0.1021   -0.0020    0.0276   -0.0319    0.0645

  Columns 8 through 14

    0.0007    0.0845    0.1241    0.0014   -0.0150    0.0461    0.0175

  Columns 15 through 21

   -0.0288    0.0302    0.0119    0.0063    0.0364   -0.0094    0.0203

  Columns 22 through 28

    0.0703    0.0260    0.1837    0.0359    0.0382    0.0020   -0.0039

  Columns 29 through 31

   -0.0872    0.0232    0.0563

mask
mask
mask
mask
mask
mask
mask
mask
mask
mask
mask
mask
mask
mask
mask
mask
mask
mask
mask
mask
mask
mask
mask
mask
mask
mask
mask
mask
mask
mask
mask
masks/badre_rlpfc_36_56_-10_r=10mm.nii

p =

    0.0075


t =

    2.8673


b =

  Columns 1 through 7

    0.0223    0.0607    0.1619    0.0125    0.0179   -0.0127    0.0604

  Columns 8 through 14

   -0.0112    0.1042    0.1776   -0.0222   -0.0239    0.0287    0.0513

  Columns 15 through 21

   -0.0678    0.0438    0.0192    0.0251    0.0768   -0.0563   -0.0297

  Columns 22 through 28

    0.0915    0.0769    0.2600   -0.0031    0.0490    0.0202    0.0039

  Columns 29 through 31

   -0.0895    0.0219    0.0836

mask
mask
mask
mask
mask
mask
mask
mask
mask
mask
mask
mask
mask
mask
mask
mask
mask
mask
mask
mask
mask
mask
mask
mask
mask
mask
mask
mask
mask
mask
mask
masks/badre_rlpfc_22_56_26_r=10mm.nii

p =

    0.0323


t =

    2.2444


b =

  Columns 1 through 7

   -0.0458    0.0416    0.1920    0.0144    0.0595   -0.0823   -0.0221

  Columns 8 through 14

    0.0079    0.1238    0.0311    0.0362   -0.0485    0.0563   -0.0203

  Columns 15 through 21

   -0.0398    0.0062    0.0145   -0.0188    0.0215   -0.0047   -0.0008

  Columns 22 through 28

    0.0244    0.0053    0.1453    0.0449    0.0405    0.0599    0.0186

  Columns 29 through 31

    0.0116   -0.0037    0.0254

mask
mask
mask
mask
mask
mask
mask
mask
mask
mask
mask
mask
mask
mask
mask
mask
mask
mask
mask
mask
mask
mask
mask
mask
mask
mask
mask
mask
mask
mask
mask
masks/badre_rlpfc_26_52_16_r=10mm.nii

p =

    0.0211


t =

    2.4338


b =

  Columns 1 through 7

   -0.0208    0.0390    0.1586    0.0311    0.0665   -0.0924   -0.0149

  Columns 8 through 14

    0.0026    0.1469    0.0869    0.0780   -0.0120    0.0378   -0.0133

  Columns 15 through 21

   -0.0752    0.0312   -0.0039    0.0004    0.0213   -0.0119   -0.0105

  Columns 22 through 28

    0.0393    0.0325    0.1572   -0.0027    0.0419    0.0483   -0.0059

  Columns 29 through 31

   -0.0203    0.0212    0.0209

mask
mask
mask
mask
mask
mask
mask
mask
mask
mask
mask
mask
mask
mask
mask
mask
mask
mask
mask
mask
mask
mask
mask
mask
mask
mask
mask
mask
mask
mask
mask
masks/badre_rlpfc_44_42_28_r=10mm.nii

p =

    0.0684


t =

    1.8902


b =

  Columns 1 through 7

   -0.0105    0.0382    0.1476    0.0682    0.0406   -0.0575    0.0232

  Columns 8 through 14

   -0.1101    0.1043    0.1112    0.0853    0.0029    0.0273    0.0070

  Columns 15 through 21

   -0.0592   -0.0091   -0.0519   -0.0037    0.0049    0.0715   -0.0359

  Columns 22 through 28

    0.0738    0.0406    0.2652    0.0105    0.0547    0.0171   -0.0179

  Columns 29 through 31

   -0.0952   -0.0125    0.0440

mask
mask
mask
mask
mask
mask
mask
mask
mask
mask
mask
mask
mask
mask
mask
mask
mask
mask
mask
mask
mask
mask
mask
mask
mask
mask
mask
mask
mask
mask
mask
masks/badre_rlpfc_22_54_28_r=10mm.nii

p =

    0.0512


t =

    2.0314


b =

  Columns 1 through 7

   -0.0452    0.0437    0.1851    0.0260    0.0564   -0.0847   -0.0235

  Columns 8 through 14

    0.0151    0.1200    0.0334    0.0167   -0.0546    0.0589   -0.0169

  Columns 15 through 21

   -0.0598   -0.0042    0.0218   -0.0227    0.0107   -0.0024   -0.0033

  Columns 22 through 28

    0.0243    0.0026    0.1510    0.0423    0.0278    0.0540    0.0168

  Columns 29 through 31

    0.0224    0.0004    0.0228

mask
mask
mask
mask
mask
mask
mask
mask
mask
mask
mask
mask
mask
mask
mask
mask
mask
mask
mask
mask
mask
mask
mask
mask
mask
mask
mask
mask
mask
mask
mask
masks/badre_rlpfc_28_48_14_r=10mm.nii

p =

    0.0217


t =

    2.4213


b =

  Columns 1 through 7

   -0.0068    0.0333    0.1520    0.0380    0.0628   -0.0862   -0.0179

  Columns 8 through 14

    0.0033    0.1274    0.0895    0.0567   -0.0008    0.0377   -0.0016

  Columns 15 through 21

   -0.0753    0.0250   -0.0046    0.0014    0.0086   -0.0108   -0.0028

  Columns 22 through 28

    0.0333    0.0237    0.1596   -0.0177    0.0346    0.0348   -0.0086

  Columns 29 through 31

   -0.0127    0.0290    0.0221

mask
mask
mask
mask
mask
mask
mask
mask
mask
mask
mask
mask
mask
mask
mask
mask
mask
mask
mask
mask
mask
mask
mask
mask
mask
mask
mask
mask
mask
mask
mask
masks/badre_rlpfc_22_46_20_r=10mm.nii

p =

    0.0232


t =

    2.3918


b =

  Columns 1 through 7

   -0.0101    0.0234    0.1404    0.0402    0.0620   -0.0754   -0.0286

  Columns 8 through 14

    0.0255    0.0918    0.0542    0.0169   -0.0045    0.0355   -0.0041

  Columns 15 through 21

   -0.0526    0.0014   -0.0052    0.0019    0.0024    0.0057   -0.0044

  Columns 22 through 28

    0.0236    0.0097    0.1001    0.0131    0.0211    0.0540   -0.0098

  Columns 29 through 31

   -0.0023    0.0262    0.0108

