BAD -- max betas
                            < M A T L A B (R) >
                  Copyright 1984-2017 The MathWorks, Inc.
                   R2017a (9.2.0.556344) 64-bit (glnxa64)
                               March 27, 2017

 
For online documentation, see http://www.mathworks.com/support
For product information, visit www.mathworks.com.
 
       datadir: '/ncf/gershman/Lab/Exploration/subjects/180725_UEP_001/preproc'
    structural: 'struct.nii'
    functional: {1×8 cell}

       datadir: '/ncf/gershman/Lab/Exploration/subjects/180727_UEP_002/preproc'
    structural: 'struct.nii'
    functional: {1×8 cell}

       datadir: '/ncf/gershman/Lab/Exploration/subjects/180727_UEP_003/preproc'
    structural: 'struct.nii'
    functional: {1×6 cell}

       datadir: '/ncf/gershman/Lab/Exploration/subjects/180730_UEP_004/preproc'
    structural: 'struct.nii'
    functional: {1×6 cell}

       datadir: '/ncf/gershman/Lab/Exploration/subjects/180730_UEP_005/preproc'
    structural: 'struct.nii'
    functional: {1×8 cell}

       datadir: '/ncf/gershman/Lab/Exploration/subjects/180801_UEP_006/preproc'
    structural: 'struct.nii'
    functional: {1×7 cell}

       datadir: '/ncf/gershman/Lab/Exploration/subjects/180802_UEP_007/preproc'
    structural: 'struct.nii'
    functional: {1×8 cell}

       datadir: '/ncf/gershman/Lab/Exploration/subjects/180803_UEP_008/preproc'
    structural: 'struct.nii'
    functional: {1×8 cell}

       datadir: '/ncf/gershman/Lab/Exploration/subjects/180803_UEP_009/preproc'
    structural: 'struct.nii'
    functional: {1×8 cell}

       datadir: '/ncf/gershman/Lab/Exploration/subjects/180804_UEP010/preproc'
    structural: 'struct.nii'
    functional: {1×8 cell}

       datadir: '/ncf/gershman/Lab/Exploration/subjects/180804_UEP_011/preproc'
    structural: 'struct.nii'
    functional: {1×8 cell}

       datadir: '/ncf/gershman/Lab/Exploration/subjects/180804_UEP_012/preproc'
    structural: 'struct.nii'
    functional: {1×8 cell}

       datadir: '/ncf/gershman/Lab/Exploration/subjects/180804_UEP_013/preproc'
    structural: 'struct.nii'
    functional: {1×7 cell}

       datadir: '/ncf/gershman/Lab/Exploration/subjects/180804_UEP_014/preproc'
    structural: 'struct.nii'
    functional: {1×8 cell}

       datadir: '/ncf/gershman/Lab/Exploration/subjects/180804_UEP_015/preproc'
    structural: 'struct.nii'
    functional: {1×8 cell}

       datadir: '/ncf/gershman/Lab/Exploration/subjects/180805_UEP_016/preproc'
    structural: 'struct.nii'
    functional: {1×8 cell}

       datadir: '/ncf/gershman/Lab/Exploration/subjects/180805_UEP_017/preproc'
    structural: 'struct.nii'
    functional: {1×7 cell}

       datadir: '/ncf/gershman/Lab/Exploration/subjects/180805_UEP_018_2/preproc'
    structural: 'struct.nii'
    functional: {1×7 cell}

       datadir: '/ncf/gershman/Lab/Exploration/subjects/180805_UEP_019/preproc'
    structural: 'struct.nii'
    functional: {1×8 cell}

       datadir: '/ncf/gershman/Lab/Exploration/subjects/180805_UEP_020/preproc'
    structural: 'struct.nii'
    functional: {1×8 cell}

       datadir: '/ncf/gershman/Lab/Exploration/subjects/180805_UEP_021/preproc'
    structural: 'struct.nii'
    functional: {1×8 cell}

       datadir: '/ncf/gershman/Lab/Exploration/subjects/180806_UEP_022/preproc'
    structural: 'struct.nii'
    functional: {1×8 cell}

       datadir: '/ncf/gershman/Lab/Exploration/subjects/180806_UEP_023/preproc'
    structural: 'struct.nii'
    functional: {1×8 cell}

       datadir: '/ncf/gershman/Lab/Exploration/subjects/180807_UEP_024/preproc'
    structural: 'struct.nii'
    functional: {1×8 cell}

       datadir: '/ncf/gershman/Lab/Exploration/subjects/180807_UEP_025/preproc'
    structural: 'struct.nii'
    functional: {1×8 cell}

       datadir: '/ncf/gershman/Lab/Exploration/subjects/180807_UEP_026/preproc'
    structural: 'struct.nii'
    functional: {1×8 cell}

       datadir: '/ncf/gershman/Lab/Exploration/subjects/180808_UEP_027/preproc'
    structural: 'struct.nii'
    functional: {1×8 cell}

       datadir: '/ncf/gershman/Lab/Exploration/subjects/180808_UEP_028/preproc'
    structural: 'struct.nii'
    functional: {1×8 cell}

       datadir: '/ncf/gershman/Lab/Exploration/subjects/180808_UEP_029/preproc'
    structural: 'struct.nii'
    functional: {1×8 cell}

       datadir: '/ncf/gershman/Lab/Exploration/subjects/180809_UEP_030/preproc'
    structural: 'struct.nii'
    functional: {1×8 cell}

       datadir: '/ncf/gershman/Lab/Exploration/subjects/180809_UEP_031/preproc'
    structural: 'struct.nii'
    functional: {1×8 cell}

mask
mask
mask
mask
mask
mask
mask
mask
mask
mask
mask
mask
mask
mask
mask
mask
mask
mask
mask
mask
mask
mask
mask
mask
mask
mask
mask
mask
mask
mask
mask
masks/badre_rlpfc_36_56_-8_r=10mm.nii

p =

   6.1091e-07


t =

    6.2963


b =

  Columns 1 through 7

    1.5291    1.1031    0.2055    0.2645    1.1025    0.9021    0.6967

  Columns 8 through 14

    0.3321    1.0850    0.2056    0.2056    0.2966    0.1098    0.2269

  Columns 15 through 21

   -0.0019    0.4355    0.2387    0.0048    0.2971    0.1583    0.5445

  Columns 22 through 28

    0.1407    0.1342    0.6055    0.2742    0.2349    0.2705    0.2663

  Columns 29 through 31

    0.4992    0.1222    0.4854

mask
mask
mask
mask
mask
mask
mask
mask
mask
mask
mask
mask
mask
mask
mask
mask
mask
mask
mask
mask
mask
mask
mask
mask
mask
mask
mask
mask
mask
mask
mask
masks/badre_rlpfc_40_60_-10_r=10mm.nii

p =

   2.6999e-06


t =

    5.7642


b =

  Columns 1 through 7

    1.5291    1.1031    0.1713    0.2645    1.1025    0.9021    0.6967

  Columns 8 through 14

    0.2902    1.0686    0.2056    0.2056    0.1972    0.0829    0.2269

  Columns 15 through 21

   -0.0874    0.4355    0.2387   -0.0792    0.2971    0.0549    0.4634

  Columns 22 through 28

    0.1407    0.1342    0.5633    0.2512    0.1684    0.2705    0.2663

  Columns 29 through 31

    0.4822    0.1222    0.4854

mask
mask
mask
mask
mask
mask
mask
mask
mask
mask
mask
mask
mask
mask
mask
mask
mask
mask
mask
mask
mask
mask
mask
mask
mask
mask
mask
mask
mask
mask
mask
masks/badre_rlpfc_30_52_-14_r=10mm.nii

p =

   3.1994e-08


t =

    7.3796


b =

  Columns 1 through 7

    0.9386    0.2603    0.1090    0.2645    0.9270    0.7578    0.6524

  Columns 8 through 14

    0.1795    0.6962    0.2056    0.1719    0.2966    0.1256    0.1879

  Columns 15 through 21

    0.0460    0.3962    0.1912    0.0277    0.2671    0.1583    0.4634

  Columns 22 through 28

    0.1068    0.1342    0.4233    0.2742    0.1921    0.2579    0.2663

  Columns 29 through 31

    0.4781    0.1222    0.4373

mask
mask
mask
mask
mask
mask
mask
mask
mask
mask
mask
mask
mask
mask
mask
mask
mask
mask
mask
mask
mask
mask
mask
mask
mask
mask
mask
mask
mask
mask
mask
masks/badre_rlpfc_24_48_20_r=10mm.nii

p =

   6.8945e-09


t =

    7.9631


b =

  Columns 1 through 7

    0.6170    0.6959    0.3055    0.3055    0.4906    0.4509    0.2239

  Columns 8 through 14

    0.1132    0.6154    0.0779    0.1638    0.1347    0.2280    0.2462

  Columns 15 through 21

    0.1512    0.3036    0.1769    0.0477    0.1914    0.0922    0.4883

  Columns 22 through 28

    0.1667    0.2247    0.1620    0.0871    0.1801    0.2566    0.1541

  Columns 29 through 31

    0.3808    0.1931    0.8346

mask
mask
mask
mask
mask
mask
mask
mask
mask
mask
mask
mask
mask
mask
mask
mask
mask
mask
mask
mask
mask
mask
mask
mask
mask
mask
mask
mask
mask
mask
mask
masks/badre_rlpfc_30_52_16_r=10mm.nii

p =

   2.1513e-08


t =

    7.5290


b =

  Columns 1 through 7

    0.7095    0.7297    0.2132    0.3398    0.6337    0.5099    0.2829

  Columns 8 through 14

    0.2290    1.2528    0.0779    0.1590    0.3214    0.2711    0.2462

  Columns 15 through 21

    0.1947    0.3290    0.2084    0.0319    0.2145    0.0893    0.6565

  Columns 22 through 28

    0.1846    0.2247    0.5186    0.0402    0.2825    0.3304    0.3754

  Columns 29 through 31

    0.5627    0.2058    0.8505

mask
mask
mask
mask
mask
mask
mask
mask
mask
mask
mask
mask
mask
mask
mask
mask
mask
mask
mask
mask
mask
mask
mask
mask
mask
mask
mask
mask
mask
mask
mask
masks/badre_rlpfc_18_40_22_r=10mm.nii

p =

   5.1540e-12


t =

   10.9630


b =

  Columns 1 through 7

    0.3691    0.2711    0.1643    0.2436    0.3140    0.2730    0.1239

  Columns 8 through 14

    0.0509    0.3039    0.1438    0.0708    0.1268    0.2243    0.1702

  Columns 15 through 21

    0.1224    0.1718    0.0875    0.0564    0.1355    0.0521    0.2793

  Columns 22 through 28

    0.1298    0.1513    0.1418    0.1114    0.1164    0.2259    0.1148

  Columns 29 through 31

    0.1213    0.0806    0.2557

mask
mask
mask
mask
mask
mask
mask
mask
mask
mask
mask
mask
mask
mask
mask
mask
mask
mask
mask
mask
mask
mask
mask
mask
mask
mask
mask
mask
mask
mask
mask
masks/badre_rlpfc_24_46_20_r=10mm.nii

p =

   2.7922e-09


t =

    8.3145


b =

  Columns 1 through 7

    0.5868    0.6162    0.2380    0.2564    0.4638    0.4308    0.2108

  Columns 8 through 14

    0.0961    0.4980    0.0779    0.1442    0.1499    0.2243    0.2462

  Columns 15 through 21

    0.1202    0.2670    0.1620    0.0564    0.1437    0.1099    0.4614

  Columns 22 through 28

    0.1644    0.2247    0.1830    0.0812    0.1619    0.2479    0.1344

  Columns 29 through 31

    0.3494    0.1851    0.7220

mask
mask
mask
mask
mask
mask
mask
mask
mask
mask
mask
mask
mask
mask
mask
mask
mask
mask
mask
mask
mask
mask
mask
mask
mask
mask
mask
mask
mask
mask
mask
masks/badre_rlpfc_30_52_-14_r=10mm.nii

p =

   3.1994e-08


t =

    7.3796


b =

  Columns 1 through 7

    0.9386    0.2603    0.1090    0.2645    0.9270    0.7578    0.6524

  Columns 8 through 14

    0.1795    0.6962    0.2056    0.1719    0.2966    0.1256    0.1879

  Columns 15 through 21

    0.0460    0.3962    0.1912    0.0277    0.2671    0.1583    0.4634

  Columns 22 through 28

    0.1068    0.1342    0.4233    0.2742    0.1921    0.2579    0.2663

  Columns 29 through 31

    0.4781    0.1222    0.4373

mask
mask
mask
mask
mask
mask
mask
mask
mask
mask
mask
mask
mask
mask
mask
mask
mask
mask
mask
mask
mask
mask
mask
mask
mask
mask
mask
mask
mask
mask
mask
masks/badre_rlpfc_36_56_-10_r=10mm.nii

p =

   7.1281e-07


t =

    6.2407


b =

  Columns 1 through 7

    1.5291    0.9739    0.1713    0.2645    1.1025    0.9021    0.6967

  Columns 8 through 14

    0.3077    1.0686    0.2056    0.2056    0.2966    0.1006    0.2269

  Columns 15 through 21

   -0.0047    0.4355    0.2387    0.0048    0.2971    0.1583    0.4634

  Columns 22 through 28

    0.1407    0.1342    0.5633    0.2742    0.2007    0.2705    0.2663

  Columns 29 through 31

    0.4822    0.1222    0.4854

mask
mask
mask
mask
mask
mask
mask
mask
mask
mask
mask
mask
mask
mask
mask
mask
mask
mask
mask
mask
mask
mask
mask
mask
mask
mask
mask
mask
mask
mask
mask
masks/badre_rlpfc_22_56_26_r=10mm.nii

p =

   1.5928e-07


t =

    6.7847


b =

  Columns 1 through 7

    0.8169    0.7297    0.3571    0.3087    0.5552    0.4509    0.1566

  Columns 8 through 14

    0.1132    0.9924    0.0728    0.1791    0.1369    0.2311    0.2225

  Columns 15 through 21

    0.1786    0.3290    0.1981   -0.0259    0.3532    0.0661    0.5024

  Columns 22 through 28

    0.1283    0.2247    0.1307    0.1213    0.2180    0.2699    0.2062

  Columns 29 through 31

    0.2420    0.1081    0.8505

mask
mask
mask
mask
mask
mask
mask
mask
mask
mask
mask
mask
mask
mask
mask
mask
mask
mask
mask
mask
mask
mask
mask
mask
mask
mask
mask
mask
mask
mask
mask
masks/badre_rlpfc_26_52_16_r=10mm.nii

p =

   8.3724e-09


t =

    7.8884


b =

  Columns 1 through 7

    0.6170    0.7297    0.2132    0.3398    0.6337    0.4509    0.2614

  Columns 8 through 14

    0.1340    0.9686    0.0779    0.1528    0.1714    0.2311    0.2211

  Columns 15 through 21

    0.1947    0.3290    0.2084    0.0313    0.3030    0.0546    0.5737

  Columns 22 through 28

    0.1846    0.2247    0.5104    0.0570    0.2710    0.3304    0.3457

  Columns 29 through 31

    0.5571    0.2058    0.8505

mask
mask
mask
mask
mask
mask
mask
mask
mask
mask
mask
mask
mask
mask
mask
mask
mask
mask
mask
mask
mask
mask
mask
mask
mask
mask
mask
mask
mask
mask
mask
masks/badre_rlpfc_44_42_28_r=10mm.nii

p =

   2.3134e-07


t =

    6.6483


b =

  Columns 1 through 7

    0.9892    0.4691    0.1862    0.2566    0.7908    0.4279    0.2720

  Columns 8 through 14

    0.1212    1.0728    0.1050    0.1661    0.3166    0.2847    0.2702

  Columns 15 through 21

    0.1154    0.3535    0.1905    0.0175    0.1934    0.1713    0.6451

  Columns 22 through 28

    0.2872    0.1144    0.2242    0.1029    0.2959    0.3133    0.0695

  Columns 29 through 31

    0.3379    0.0597    0.1956

mask
mask
mask
mask
mask
mask
mask
mask
mask
mask
mask
mask
mask
mask
mask
mask
mask
mask
mask
mask
mask
mask
mask
mask
mask
mask
mask
mask
mask
mask
mask
masks/badre_rlpfc_22_54_28_r=10mm.nii

p =

   4.0543e-07


t =

    6.4444


b =

  Columns 1 through 7

    0.8169    0.7297    0.3571    0.3147    0.4769    0.4231    0.1090

  Columns 8 through 14

    0.1078    0.9924    0.0799    0.1791    0.1369    0.2311    0.2448

  Columns 15 through 21

    0.1609    0.3265    0.1884   -0.0391    0.3295    0.1154    0.4443

  Columns 22 through 28

    0.1238    0.2095    0.0480    0.1213    0.1555    0.2499    0.2062

  Columns 29 through 31

    0.1773    0.0984    0.8443

mask
mask
mask
mask
mask
mask
mask
mask
mask
mask
mask
mask
mask
mask
mask
mask
mask
mask
mask
mask
mask
mask
mask
mask
mask
mask
mask
mask
mask
mask
mask
masks/badre_rlpfc_28_48_14_r=10mm.nii

p =

   9.3841e-09


t =

    7.8446


b =

  Columns 1 through 7

    0.5972    0.6396    0.1842    0.3398    0.6109    0.4509    0.2829

  Columns 8 through 14

    0.1768    0.9257    0.0779    0.1590    0.2631    0.2211    0.2211

  Columns 15 through 21

    0.1524    0.3009    0.1842    0.0432    0.1287    0.0504    0.5195

  Columns 22 through 28

    0.1846    0.2247    0.3509    0.0819    0.2616    0.2876    0.2524

  Columns 29 through 31

    0.5085    0.2058    0.8505

mask
mask
mask
mask
mask
mask
mask
mask
mask
mask
mask
mask
mask
mask
mask
mask
mask
mask
mask
mask
mask
mask
mask
mask
mask
mask
mask
mask
mask
mask
mask
masks/badre_rlpfc_22_46_20_r=10mm.nii

p =

   3.5828e-09


t =

    8.2170


b =

  Columns 1 through 7

    0.5288    0.5177    0.1957    0.2533    0.4498    0.3902    0.1590

  Columns 8 through 14

    0.0900    0.4218    0.0837    0.1442    0.1044    0.2243    0.2154

  Columns 15 through 21

    0.0821    0.2540    0.1520    0.0596    0.1553    0.0877    0.4534

  Columns 22 through 28

    0.1430    0.2245    0.1444    0.1114    0.1546    0.2338    0.1384

  Columns 29 through 31

    0.3431    0.1694    0.7220

