
                            < M A T L A B (R) >
                  Copyright 1984-2017 The MathWorks, Inc.
                   R2017a (9.2.0.556344) 64-bit (glnxa64)
                               March 27, 2017

 
For online documentation, see http://www.mathworks.com/support
For product information, visit www.mathworks.com.
 
       datadir: '/ncf/gershman/Lab/Exploration/subjects/180725_UEP_001/preproc'
    structural: 'struct.nii'
    functional: {1×8 cell}

       datadir: '/ncf/gershman/Lab/Exploration/subjects/180727_UEP_002/preproc'
    structural: 'struct.nii'
    functional: {1×8 cell}

       datadir: '/ncf/gershman/Lab/Exploration/subjects/180727_UEP_003/preproc'
    structural: 'struct.nii'
    functional: {1×6 cell}

       datadir: '/ncf/gershman/Lab/Exploration/subjects/180730_UEP_004/preproc'
    structural: 'struct.nii'
    functional: {1×6 cell}

       datadir: '/ncf/gershman/Lab/Exploration/subjects/180730_UEP_005/preproc'
    structural: 'struct.nii'
    functional: {1×8 cell}

       datadir: '/ncf/gershman/Lab/Exploration/subjects/180801_UEP_006/preproc'
    structural: 'struct.nii'
    functional: {1×7 cell}

       datadir: '/ncf/gershman/Lab/Exploration/subjects/180802_UEP_007/preproc'
    structural: 'struct.nii'
    functional: {1×8 cell}

       datadir: '/ncf/gershman/Lab/Exploration/subjects/180803_UEP_008/preproc'
    structural: 'struct.nii'
    functional: {1×8 cell}

       datadir: '/ncf/gershman/Lab/Exploration/subjects/180803_UEP_009/preproc'
    structural: 'struct.nii'
    functional: {1×8 cell}

       datadir: '/ncf/gershman/Lab/Exploration/subjects/180804_UEP010/preproc'
    structural: 'struct.nii'
    functional: {1×8 cell}

       datadir: '/ncf/gershman/Lab/Exploration/subjects/180804_UEP_011/preproc'
    structural: 'struct.nii'
    functional: {1×8 cell}

       datadir: '/ncf/gershman/Lab/Exploration/subjects/180804_UEP_012/preproc'
    structural: 'struct.nii'
    functional: {1×8 cell}

       datadir: '/ncf/gershman/Lab/Exploration/subjects/180804_UEP_013/preproc'
    structural: 'struct.nii'
    functional: {1×7 cell}

       datadir: '/ncf/gershman/Lab/Exploration/subjects/180804_UEP_014/preproc'
    structural: 'struct.nii'
    functional: {1×8 cell}

       datadir: '/ncf/gershman/Lab/Exploration/subjects/180804_UEP_015/preproc'
    structural: 'struct.nii'
    functional: {1×8 cell}

       datadir: '/ncf/gershman/Lab/Exploration/subjects/180805_UEP_016/preproc'
    structural: 'struct.nii'
    functional: {1×8 cell}

       datadir: '/ncf/gershman/Lab/Exploration/subjects/180805_UEP_017/preproc'
    structural: 'struct.nii'
    functional: {1×7 cell}

       datadir: '/ncf/gershman/Lab/Exploration/subjects/180805_UEP_018_2/preproc'
    structural: 'struct.nii'
    functional: {1×7 cell}

       datadir: '/ncf/gershman/Lab/Exploration/subjects/180805_UEP_019/preproc'
    structural: 'struct.nii'
    functional: {1×8 cell}

       datadir: '/ncf/gershman/Lab/Exploration/subjects/180805_UEP_020/preproc'
    structural: 'struct.nii'
    functional: {1×8 cell}

       datadir: '/ncf/gershman/Lab/Exploration/subjects/180805_UEP_021/preproc'
    structural: 'struct.nii'
    functional: {1×8 cell}

       datadir: '/ncf/gershman/Lab/Exploration/subjects/180806_UEP_022/preproc'
    structural: 'struct.nii'
    functional: {1×8 cell}

       datadir: '/ncf/gershman/Lab/Exploration/subjects/180806_UEP_023/preproc'
    structural: 'struct.nii'
    functional: {1×8 cell}

       datadir: '/ncf/gershman/Lab/Exploration/subjects/180807_UEP_024/preproc'
    structural: 'struct.nii'
    functional: {1×8 cell}

       datadir: '/ncf/gershman/Lab/Exploration/subjects/180807_UEP_025/preproc'
    structural: 'struct.nii'
    functional: {1×8 cell}

       datadir: '/ncf/gershman/Lab/Exploration/subjects/180807_UEP_026/preproc'
    structural: 'struct.nii'
    functional: {1×8 cell}

       datadir: '/ncf/gershman/Lab/Exploration/subjects/180808_UEP_027/preproc'
    structural: 'struct.nii'
    functional: {1×8 cell}

       datadir: '/ncf/gershman/Lab/Exploration/subjects/180808_UEP_028/preproc'
    structural: 'struct.nii'
    functional: {1×8 cell}

       datadir: '/ncf/gershman/Lab/Exploration/subjects/180808_UEP_029/preproc'
    structural: 'struct.nii'
    functional: {1×8 cell}

       datadir: '/ncf/gershman/Lab/Exploration/subjects/180809_UEP_030/preproc'
    structural: 'struct.nii'
    functional: {1×8 cell}

       datadir: '/ncf/gershman/Lab/Exploration/subjects/180809_UEP_031/preproc'
    structural: 'struct.nii'
    functional: {1×8 cell}

rsa 2, subj 10
which_trials = 11111111111111111111111111111111111111111111111111111111111101111111111111111111111111111111111111111111111111111111111111111111111111111111111111111111111111111111111111111111111111111111111111111111111111111111111111111111111111110111111111111111111111111111111111111111111111111111111111111111101111111111111111111111
rsa 2, subj 25
which_trials = 11111111111111111111111111111111111111111111111111111111111111111111111111111111111111111111111111111111111111111111111111111111111111111111111111111111111111111111111111111111111111111111111111111111111111111111111111111111111111111111111111111111111111111111111111111111111111111111111111111111111111111111111111111111
rsa 2, subj 12
which_trials = 11111111111111111111111111111111111111111111111111111111111111111111111111111111111111111111111111111111111111111111111111111111111111111111111111111111111111111111111111111111111111111111111111111111111111111111111111111111111111111111111111111111111111111111111111111111111111111111111111111111111111111111111111111111
rsa 2, subj 2
which_trials = 11111111111111111111111111111101111111111111111111111111111111111111111111111111111111111111111111111111111111111111111111111111111111111111111111111111111111111111111111111111111111111111111111111111111111111111111111111111111111111111111111111111111111111111111111111111111111111111111111111111111111111111111111111111
rsa 2, subj 18
which_trials = 11111111111111111111111111111111111111111111111111111111111111111111111111111111111111111111111111111111111111111111111111111111111111111111111111111111111111110000000000000000000000000000000000000000111111111111111111111111111111111111111111111111111111111111111111111111111111111111111111111111101111111111111111111111
rsa 2, subj 31
which_trials = 11111101111111111111111111110101111111110111111111111111111111111111110111111111111111111101111111111111111111111111111101111111111111111111111111111111111111110111111111111111111111111111111111111111111111111111111111111111111111111111111111111111111111111111111111111111111111111111111111111111111111111111111111111111
rsa 2, subj 27
which_trials = 11111111111111111111011111111111111111111111111111111111111111111111111111111111111111111111111111111111111111111111111111111111111111111111111111111111111111111111111111111111111111111111111111111111111111111111111111111111111111111111111111111111111111111111111111111111111111111111111111111111111111111111111111111111
rsa 2, subj 5
which_trials = 11111111111111111111011111111111111111111111111111111111111111111111111111111111111111111111111111111111111111111111111111111111111111111111111111111111111111111111111111111111111111111111111111111111011111111111111111111111111111111111111111111111111111111111111111111011111111111111111111111111111111111111111111111111
rsa 2, subj 13
which_trials = 11111111111111111111111111111111111111111111111111111111111111111111111111111111111111110111111111111111111111111101111100000000000000000000000000000000000000001111111111111111111111111111111111111111111111111111111111111111111111111111111111111111111111111111111111111111111111111111111111111111111111111111111111111111
rsa 2, subj 3
which_trials = 00000000000000000000000000000000000000001111111111111111110111111111111111111111000000000000000000000000000000000000000011111111111111111111111111111111011111111111111111111111011111111111111011111111111111111111111111111111111111111111111111111111111111111111111111111111111111111111111111101111111111111011111111111111
rsa 2, subj 7
which_trials = 11111111111111111011111111111111111111111111111111111111111111111111111111111111011111111111111111111111111111111111111111111111111111111111111111111111111111111111111111111111111111111111111111111111111111111111111111111111111111111111111111111111111111111111111111111111111111111111111111111111111111111111111111111111
rsa 2, subj 6
which_trials = 11111111111111111111011111111111111111111111111111111111111111111111111111111111111111111111111111111111111111111111111100000000000000000000000000000000000000001111111111111111111111111111111111111111111111111111111111111111110111111111111111111111111111111011111111111111111111111111111111111111111111111111111111111111
rsa 2, subj 9
which_trials = 11111111111111111111111111111111111111111111111111111111111111111111111111111111111111111111111111111111111111111011111111111111111111111111111111111111111111111111111111111111111111111111111111111111111111111111111111111111111111111111111111111111111111111111111111111111111111111111111111111111111111111111111111111111
rsa 2, subj 28
which_trials = 11111111111111111111111111111111111111111111111111111111111111111111111111111111111111111101111111111111111111111111111111111111111111111111111111111111111111111111111111111111111111111111111111111111111111111111111111111111111111111111111111111111111111111111111111111111111111111111111111111111111111111111111111111111
rsa 2, subj 23
which_trials = 11111111111111111111111111111111111111111111111111111111111111111111111111111111111111111111111111111111111111111111111111111111111111111111111111111111111111111111111111111111111111111111111111111111111111111111111111111111111111111111111111111111111111111111111111111111111111111111111111111111111111111111111111111111
rsa 2, subj 16
which_trials = 11111111110111111111011011111101111111111111111111111111111111111111111111111111111111111111111111111111111111111111111111111111111111111111011111111111111111111111111111111111111111111111111111111111111111111111111111111111111111111111111111111111111111111111111111111111111111111111111111111111111111111111110111111111
rsa 2, subj 14
which_trials = 11111111111111111111111111111111111111111111111111111111111111111111111111111111111111111111111111111111111111111111111111111111111111111111111111111111111111111111111111111111111111111111111111111111111111111111111111111111111111111111111111111111111111111111111111111111111111111111111111111111111111111111111111111111
rsa 2, subj 19
which_trials = 11111111101111111111111111101111111111111111111111111111111111111111111111111111111111111111111111111111111111111111111111111111111111111111111111111111111111111111111111111111111111111111111111111111111111111111111111111111111111111111111111111111111111111111111111111111111111111111111111111111111111111111111111111111
rsa 2, subj 24
which_trials = 11111111111111111111111111111101111111111111111111011111111111111111111111111111111111111111111111111111111111111111111101111111111111111111111111111111111111111111111111111111111111111111111111111111111111111111111111111111111111111111111111111111111111111111111111111111111111111111111111111111111111111111111111111111
rsa 2, subj 8
which_trials = 11111111111111111111111111111111111111111111111111111101011111111111111111111111111111111111111111111111111111111111111111111111111111110111111110111111111111111111111111111111111111111111111111111111111111111111111111111111111111111111111111111111111111111111111111111111111111111111111111111111111111111111111111111111
rsa 2, subj 4
which_trials = 1111111111111111111111111111111111111111111111111111111111111101111111111111111111111111111111111111111111111111111111111111111111111111111111111111111111111111000000000000000000000000000000000000000011111111111111111111111111110111111111111111111111111111111111111111111111111111
rsa 2, subj 30
which_trials = 11111111111111111111111111111111111111111111111111011111111111111111111111111111111111111111111111111111111111111111111111111111111111111111111111111111111111111111111111111111111111111111111111111111111111111111111111111111111111111111111111111111111111110111111111111011111111111111111111111111111111111111011111111111
rsa 2, subj 1
which_trials = 11111111111111111111111111111111111111111111111111111111111111111111111111111111111111111111111111111111111111111111111111111111111111111111111111111111111111111111111111111111111111111111111111111111111111111111111111111111111111111111111111111111111111111111111111111111111111111111111111111111111111111111111111111111
rsa 2, subj 15
which_trials = 11111111111111111111111111111111111111111111111111111111111111111111111111111111111111111111111111111111111111111111111111111111111111111111111111111111111111111111111111111111111111111111111111111111111111111111111111111111111111111111111111111111111111111111111111111111111111111111111111111111111111111111111111111111
rsa 2, subj 26
which_trials = 11111111111111111111111111111111111111111111111111111111111111111111111111111111111111111111111111111111111111111111111111111111111111111111111111111111111111111111111111111111111111111111111111111111111111111111111111111111111111111111111111111111111111111111111111111111111111111111111111111111111111111111111111111111
rsa 2, subj 22
which_trials = 11111111111111111111111111111111111111111111111110111111111111011111111111111011111111011111011111111111101110111101011111111101101111111111111111111111111111111111111111111111111111111111111111111111111111111111111111111111111111111111111111111111111111111111111111111111111111111111111111111111111111111111111111111111
rsa 2, subj 17
which_trials = 11111111111111111111111111111111111111111111111111111111111111111111111111111111111111111111111111111111111111111111111111111111111111111111111111111111111111110000000000000000000000000000000000000000111111111111111111111111111111111111111111111111111111111111111111111111111111111111111111111111111101111111111111111111
rsa 2, subj 20
which_trials = 11111111111111111111111111111111111111111111111111111111111111111111111111111111111111111111111111111111111110111111111111111011110111111111011101111111011011111111111111111111111111111111111111111111111111111111111111111111111111111111111111111111111111111111111111111111111111111111111111111111111111111111111111111111
rsa 2, subj 11
which_trials = 11111111111110111111111111111111101111111111111110111110111111111101011011110111101011111001111111101101110101111101111111111111111110111110111101111101011011001111111111111111111111111111101111010111111111111011111011101011101111011011111111111111010111111111011111111111011111011111111111111111111111111111111111111111
rsa 2, subj 29
which_trials = 11111111111111011111111111111111111111111111111111111111111111111111111111111111111111111111111110111111111111111111111111111111110111111111111111111101111111111111111111111111111111111111111111111111111111111111111111111111111111111111111111111111111111111111111111111111111111111111111111111111111111111111111111111111
rsa 2, subj 21
which_trials = 11111111111111111111111111111111111111111111111111011111111111111111111111111111111111111111111111110111111111111111111111111111101111111111111111111111111111111111111111111111111111111111111111111111111111111111111111111111011111111111111111111111111111111111111111111111111111111111110111111111111111111111111111111111

------- subbatch 1-1000 ------

/ncf/gershman/Lab/Exploration/rsaOutput/rsa2/searchlight_10001-11000_TWJWKATPES.mat
rsa 2, subj 1
which_trials = 11111111111111111111111111111111111111111111111111111111111111111111111111111111111111111111111111111111111111111111111111111111111111111111111111111111111111111111111111111111111111111111111111111111111111111111111111111111111111111111111111111111111111111111111111111111111111111111111111111111111111111111111111111111
mask
rsa 2, subj 10
which_trials = 11111111111111111111111111111111111111111111111111111111111101111111111111111111111111111111111111111111111111111111111111111111111111111111111111111111111111111111111111111111111111111111111111111111111111111111111111111111111111110111111111111111111111111111111111111111111111111111111111111111101111111111111111111111
/ncf/gershman/Lab/Exploration/rsaOutput/rsa2/betas_10.mat
loading cached betas from .mat file...
Elapsed time is 13.449139 seconds.
computing RDMs...
Elapsed time is 384.891383 seconds.
rsa 2, subj 25
which_trials = 11111111111111111111111111111111111111111111111111111111111111111111111111111111111111111111111111111111111111111111111111111111111111111111111111111111111111111111111111111111111111111111111111111111111111111111111111111111111111111111111111111111111111111111111111111111111111111111111111111111111111111111111111111111
/ncf/gershman/Lab/Exploration/rsaOutput/rsa2/betas_25.mat
loading cached betas from .mat file...
Elapsed time is 5.325334 seconds.
computing RDMs...
Elapsed time is 351.123721 seconds.
rsa 2, subj 12
which_trials = 11111111111111111111111111111111111111111111111111111111111111111111111111111111111111111111111111111111111111111111111111111111111111111111111111111111111111111111111111111111111111111111111111111111111111111111111111111111111111111111111111111111111111111111111111111111111111111111111111111111111111111111111111111111
/ncf/gershman/Lab/Exploration/rsaOutput/rsa2/betas_12.mat
loading cached betas from .mat file...
Elapsed time is 6.118845 seconds.
computing RDMs...
Elapsed time is 351.024175 seconds.
rsa 2, subj 2
which_trials = 11111111111111111111111111111101111111111111111111111111111111111111111111111111111111111111111111111111111111111111111111111111111111111111111111111111111111111111111111111111111111111111111111111111111111111111111111111111111111111111111111111111111111111111111111111111111111111111111111111111111111111111111111111111
/ncf/gershman/Lab/Exploration/rsaOutput/rsa2/betas_2.mat
loading cached betas from .mat file...
Elapsed time is 5.094950 seconds.
computing RDMs...
Elapsed time is 353.038799 seconds.
rsa 2, subj 18
which_trials = 11111111111111111111111111111111111111111111111111111111111111111111111111111111111111111111111111111111111111111111111111111111111111111111111111111111111111110000000000000000000000000000000000000000111111111111111111111111111111111111111111111111111111111111111111111111111111111111111111111111101111111111111111111111
/ncf/gershman/Lab/Exploration/rsaOutput/rsa2/betas_18.mat
loading cached betas from .mat file...
Elapsed time is 4.592863 seconds.
computing RDMs...
Elapsed time is 310.085351 seconds.
rsa 2, subj 31
which_trials = 11111101111111111111111111110101111111110111111111111111111111111111110111111111111111111101111111111111111111111111111101111111111111111111111111111111111111110111111111111111111111111111111111111111111111111111111111111111111111111111111111111111111111111111111111111111111111111111111111111111111111111111111111111111
/ncf/gershman/Lab/Exploration/rsaOutput/rsa2/betas_31.mat
loading cached betas from .mat file...
Elapsed time is 6.368974 seconds.
computing RDMs...
Elapsed time is 346.736151 seconds.
rsa 2, subj 27
which_trials = 11111111111111111111011111111111111111111111111111111111111111111111111111111111111111111111111111111111111111111111111111111111111111111111111111111111111111111111111111111111111111111111111111111111111111111111111111111111111111111111111111111111111111111111111111111111111111111111111111111111111111111111111111111111
/ncf/gershman/Lab/Exploration/rsaOutput/rsa2/betas_27.mat
loading cached betas from .mat file...
Elapsed time is 5.256193 seconds.
computing RDMs...
Elapsed time is 326.288109 seconds.
rsa 2, subj 5
which_trials = 11111111111111111111011111111111111111111111111111111111111111111111111111111111111111111111111111111111111111111111111111111111111111111111111111111111111111111111111111111111111111111111111111111111011111111111111111111111111111111111111111111111111111111111111111111011111111111111111111111111111111111111111111111111
/ncf/gershman/Lab/Exploration/rsaOutput/rsa2/betas_5.mat
loading cached betas from .mat file...
Elapsed time is 5.023124 seconds.
computing RDMs...
Elapsed time is 351.827330 seconds.
rsa 2, subj 13
which_trials = 11111111111111111111111111111111111111111111111111111111111111111111111111111111111111110111111111111111111111111101111100000000000000000000000000000000000000001111111111111111111111111111111111111111111111111111111111111111111111111111111111111111111111111111111111111111111111111111111111111111111111111111111111111111
/ncf/gershman/Lab/Exploration/rsaOutput/rsa2/betas_13.mat
loading cached betas from .mat file...
Elapsed time is 4.649979 seconds.
computing RDMs...
Elapsed time is 306.249763 seconds.
rsa 2, subj 3
which_trials = 00000000000000000000000000000000000000001111111111111111110111111111111111111111000000000000000000000000000000000000000011111111111111111111111111111111011111111111111111111111011111111111111011111111111111111111111111111111111111111111111111111111111111111111111111111111111111111111111111101111111111111011111111111111
/ncf/gershman/Lab/Exploration/rsaOutput/rsa2/betas_3.mat
loading cached betas from .mat file...
Elapsed time is 4.794851 seconds.
computing RDMs...
Elapsed time is 239.117765 seconds.
rsa 2, subj 7
which_trials = 11111111111111111011111111111111111111111111111111111111111111111111111111111111011111111111111111111111111111111111111111111111111111111111111111111111111111111111111111111111111111111111111111111111111111111111111111111111111111111111111111111111111111111111111111111111111111111111111111111111111111111111111111111111
/ncf/gershman/Lab/Exploration/rsaOutput/rsa2/betas_7.mat
loading cached betas from .mat file...
Elapsed time is 5.047377 seconds.
computing RDMs...
Elapsed time is 352.192158 seconds.
rsa 2, subj 6
which_trials = 11111111111111111111011111111111111111111111111111111111111111111111111111111111111111111111111111111111111111111111111100000000000000000000000000000000000000001111111111111111111111111111111111111111111111111111111111111111110111111111111111111111111111111011111111111111111111111111111111111111111111111111111111111111
/ncf/gershman/Lab/Exploration/rsaOutput/rsa2/betas_6.mat
loading cached betas from .mat file...
Elapsed time is 4.450084 seconds.
computing RDMs...
Elapsed time is 365.750710 seconds.
rsa 2, subj 9
which_trials = 11111111111111111111111111111111111111111111111111111111111111111111111111111111111111111111111111111111111111111011111111111111111111111111111111111111111111111111111111111111111111111111111111111111111111111111111111111111111111111111111111111111111111111111111111111111111111111111111111111111111111111111111111111111
/ncf/gershman/Lab/Exploration/rsaOutput/rsa2/betas_9.mat
loading cached betas from .mat file...
Elapsed time is 5.112593 seconds.
computing RDMs...
Elapsed time is 474.994120 seconds.
rsa 2, subj 28
which_trials = 11111111111111111111111111111111111111111111111111111111111111111111111111111111111111111101111111111111111111111111111111111111111111111111111111111111111111111111111111111111111111111111111111111111111111111111111111111111111111111111111111111111111111111111111111111111111111111111111111111111111111111111111111111111
/ncf/gershman/Lab/Exploration/rsaOutput/rsa2/betas_28.mat
loading cached betas from .mat file...
Elapsed time is 5.159717 seconds.
computing RDMs...
Elapsed time is 496.229847 seconds.
rsa 2, subj 23
which_trials = 11111111111111111111111111111111111111111111111111111111111111111111111111111111111111111111111111111111111111111111111111111111111111111111111111111111111111111111111111111111111111111111111111111111111111111111111111111111111111111111111111111111111111111111111111111111111111111111111111111111111111111111111111111111
/ncf/gershman/Lab/Exploration/rsaOutput/rsa2/betas_23.mat
loading cached betas from .mat file...
Elapsed time is 5.225419 seconds.
computing RDMs...
Elapsed time is 613.394770 seconds.
rsa 2, subj 16
which_trials = 11111111110111111111011011111101111111111111111111111111111111111111111111111111111111111111111111111111111111111111111111111111111111111111011111111111111111111111111111111111111111111111111111111111111111111111111111111111111111111111111111111111111111111111111111111111111111111111111111111111111111111111110111111111
/ncf/gershman/Lab/Exploration/rsaOutput/rsa2/betas_16.mat
loading cached betas from .mat file...
Elapsed time is 5.585101 seconds.
computing RDMs...
Elapsed time is 629.318832 seconds.
rsa 2, subj 14
which_trials = 11111111111111111111111111111111111111111111111111111111111111111111111111111111111111111111111111111111111111111111111111111111111111111111111111111111111111111111111111111111111111111111111111111111111111111111111111111111111111111111111111111111111111111111111111111111111111111111111111111111111111111111111111111111
/ncf/gershman/Lab/Exploration/rsaOutput/rsa2/betas_14.mat
loading cached betas from .mat file...
Elapsed time is 5.570517 seconds.
computing RDMs...
Elapsed time is 645.920611 seconds.
rsa 2, subj 19
which_trials = 11111111101111111111111111101111111111111111111111111111111111111111111111111111111111111111111111111111111111111111111111111111111111111111111111111111111111111111111111111111111111111111111111111111111111111111111111111111111111111111111111111111111111111111111111111111111111111111111111111111111111111111111111111111
/ncf/gershman/Lab/Exploration/rsaOutput/rsa2/betas_19.mat
loading cached betas from .mat file...
Elapsed time is 5.220889 seconds.
computing RDMs...
Elapsed time is 655.534856 seconds.
rsa 2, subj 24
which_trials = 11111111111111111111111111111101111111111111111111011111111111111111111111111111111111111111111111111111111111111111111101111111111111111111111111111111111111111111111111111111111111111111111111111111111111111111111111111111111111111111111111111111111111111111111111111111111111111111111111111111111111111111111111111111
/ncf/gershman/Lab/Exploration/rsaOutput/rsa2/betas_24.mat
loading cached betas from .mat file...
Elapsed time is 5.675756 seconds.
computing RDMs...
Elapsed time is 641.504626 seconds.
rsa 2, subj 8
which_trials = 11111111111111111111111111111111111111111111111111111101011111111111111111111111111111111111111111111111111111111111111111111111111111110111111110111111111111111111111111111111111111111111111111111111111111111111111111111111111111111111111111111111111111111111111111111111111111111111111111111111111111111111111111111111
/ncf/gershman/Lab/Exploration/rsaOutput/rsa2/betas_8.mat
loading cached betas from .mat file...
Elapsed time is 5.320795 seconds.
computing RDMs...
Elapsed time is 635.458720 seconds.
rsa 2, subj 4
which_trials = 1111111111111111111111111111111111111111111111111111111111111101111111111111111111111111111111111111111111111111111111111111111111111111111111111111111111111111000000000000000000000000000000000000000011111111111111111111111111110111111111111111111111111111111111111111111111111111
/ncf/gershman/Lab/Exploration/rsaOutput/rsa2/betas_4.mat
loading cached betas from .mat file...
Elapsed time is 3.986229 seconds.
computing RDMs...
Elapsed time is 478.334912 seconds.
rsa 2, subj 30
which_trials = 11111111111111111111111111111111111111111111111111011111111111111111111111111111111111111111111111111111111111111111111111111111111111111111111111111111111111111111111111111111111111111111111111111111111111111111111111111111111111111111111111111111111111110111111111111011111111111111111111111111111111111111011111111111
/ncf/gershman/Lab/Exploration/rsaOutput/rsa2/betas_30.mat
loading cached betas from .mat file...
Elapsed time is 5.310228 seconds.
computing RDMs...
Elapsed time is 613.898891 seconds.
rsa 2, subj 1
which_trials = 11111111111111111111111111111111111111111111111111111111111111111111111111111111111111111111111111111111111111111111111111111111111111111111111111111111111111111111111111111111111111111111111111111111111111111111111111111111111111111111111111111111111111111111111111111111111111111111111111111111111111111111111111111111
/ncf/gershman/Lab/Exploration/rsaOutput/rsa2/betas_1.mat
loading cached betas from .mat file...
Elapsed time is 5.412264 seconds.
computing RDMs...
Elapsed time is 629.408199 seconds.
rsa 2, subj 15
which_trials = 11111111111111111111111111111111111111111111111111111111111111111111111111111111111111111111111111111111111111111111111111111111111111111111111111111111111111111111111111111111111111111111111111111111111111111111111111111111111111111111111111111111111111111111111111111111111111111111111111111111111111111111111111111111
/ncf/gershman/Lab/Exploration/rsaOutput/rsa2/betas_15.mat
loading cached betas from .mat file...
Elapsed time is 5.354954 seconds.
computing RDMs...
Elapsed time is 556.418120 seconds.
rsa 2, subj 26
which_trials = 11111111111111111111111111111111111111111111111111111111111111111111111111111111111111111111111111111111111111111111111111111111111111111111111111111111111111111111111111111111111111111111111111111111111111111111111111111111111111111111111111111111111111111111111111111111111111111111111111111111111111111111111111111111
/ncf/gershman/Lab/Exploration/rsaOutput/rsa2/betas_26.mat
loading cached betas from .mat file...
Elapsed time is 5.259628 seconds.
computing RDMs...
Elapsed time is 479.394231 seconds.
rsa 2, subj 22
which_trials = 11111111111111111111111111111111111111111111111110111111111111011111111111111011111111011111011111111111101110111101011111111101101111111111111111111111111111111111111111111111111111111111111111111111111111111111111111111111111111111111111111111111111111111111111111111111111111111111111111111111111111111111111111111111
/ncf/gershman/Lab/Exploration/rsaOutput/rsa2/betas_22.mat
loading cached betas from .mat file...
Elapsed time is 4.951821 seconds.
computing RDMs...
Elapsed time is 459.115706 seconds.
rsa 2, subj 17
which_trials = 11111111111111111111111111111111111111111111111111111111111111111111111111111111111111111111111111111111111111111111111111111111111111111111111111111111111111110000000000000000000000000000000000000000111111111111111111111111111111111111111111111111111111111111111111111111111111111111111111111111111101111111111111111111
/ncf/gershman/Lab/Exploration/rsaOutput/rsa2/betas_17.mat
loading cached betas from .mat file...
Elapsed time is 4.543441 seconds.
computing RDMs...
Elapsed time is 439.773693 seconds.
rsa 2, subj 20
which_trials = 11111111111111111111111111111111111111111111111111111111111111111111111111111111111111111111111111111111111110111111111111111011110111111111011101111111011011111111111111111111111111111111111111111111111111111111111111111111111111111111111111111111111111111111111111111111111111111111111111111111111111111111111111111111
/ncf/gershman/Lab/Exploration/rsaOutput/rsa2/betas_20.mat
loading cached betas from .mat file...
Elapsed time is 5.063041 seconds.
computing RDMs...
Elapsed time is 470.094402 seconds.
rsa 2, subj 11
which_trials = 11111111111110111111111111111111101111111111111110111110111111111101011011110111101011111001111111101101110101111101111111111111111110111110111101111101011011001111111111111111111111111111101111010111111111111011111011101011101111011011111111111111010111111111011111111111011111011111111111111111111111111111111111111111
/ncf/gershman/Lab/Exploration/rsaOutput/rsa2/betas_11.mat
loading cached betas from .mat file...
Elapsed time is 4.655591 seconds.
computing RDMs...
Elapsed time is 415.324490 seconds.
rsa 2, subj 29
which_trials = 11111111111111011111111111111111111111111111111111111111111111111111111111111111111111111111111110111111111111111111111111111111110111111111111111111101111111111111111111111111111111111111111111111111111111111111111111111111111111111111111111111111111111111111111111111111111111111111111111111111111111111111111111111111
/ncf/gershman/Lab/Exploration/rsaOutput/rsa2/betas_29.mat
loading cached betas from .mat file...
Elapsed time is 5.115171 seconds.
computing RDMs...
Elapsed time is 498.862410 seconds.
rsa 2, subj 21
which_trials = 11111111111111111111111111111111111111111111111111011111111111111111111111111111111111111111111111110111111111111111111111111111101111111111111111111111111111111111111111111111111111111111111111111111111111111111111111111111011111111111111111111111111111111111111111111111111111111111110111111111111111111111111111111111
/ncf/gershman/Lab/Exploration/rsaOutput/rsa2/betas_21.mat
loading cached betas from .mat file...
Elapsed time is 5.030546 seconds.
computing RDMs...
Elapsed time is 451.716900 seconds.
ROI #1
ROI #2
ROI #3
ROI #4
ROI #5
ROI #6
ROI #7
ROI #8
ROI #9
ROI #10
ROI #11
ROI #12
ROI #13
ROI #14
ROI #15
ROI #16
ROI #17
ROI #18
ROI #19
ROI #20
ROI #21
ROI #22
ROI #23
ROI #24
ROI #25
ROI #26
ROI #27
ROI #28
ROI #29
ROI #30
ROI #31
ROI #32
ROI #33
ROI #34
ROI #35
ROI #36
ROI #37
ROI #38
ROI #39
ROI #40
ROI #41
ROI #42
ROI #43
ROI #44
ROI #45
ROI #46
ROI #47
ROI #48
ROI #49
ROI #50
ROI #51
ROI #52
ROI #53
ROI #54
ROI #55
ROI #56
ROI #57
ROI #58
ROI #59
ROI #60
ROI #61
ROI #62
ROI #63
ROI #64
ROI #65
ROI #66
ROI #67
ROI #68
ROI #69
ROI #70
ROI #71
ROI #72
ROI #73
ROI #74
ROI #75
ROI #76
ROI #77
ROI #78
ROI #79
ROI #80
ROI #81
ROI #82
ROI #83
ROI #84
ROI #85
ROI #86
ROI #87
ROI #88
ROI #89
ROI #90
ROI #91
ROI #92
ROI #93
ROI #94
ROI #95
ROI #96
ROI #97
ROI #98
ROI #99
ROI #100
ROI #101
ROI #102
ROI #103
ROI #104
ROI #105
ROI #106
ROI #107
ROI #108
ROI #109
ROI #110
ROI #111
ROI #112
ROI #113
ROI #114
ROI #115
ROI #116
ROI #117
ROI #118
ROI #119
ROI #120
ROI #121
ROI #122
ROI #123
ROI #124
ROI #125
ROI #126
ROI #127
ROI #128
ROI #129
ROI #130
ROI #131
ROI #132
ROI #133
ROI #134
ROI #135
ROI #136
ROI #137
ROI #138
ROI #139
ROI #140
ROI #141
ROI #142
ROI #143
ROI #144
ROI #145
ROI #146
ROI #147
ROI #148
ROI #149
ROI #150
ROI #151
ROI #152
ROI #153
ROI #154
ROI #155
ROI #156
ROI #157
ROI #158
ROI #159
ROI #160
ROI #161
ROI #162
ROI #163
ROI #164
ROI #165
ROI #166
ROI #167
ROI #168
ROI #169
ROI #170
ROI #171
ROI #172
ROI #173
ROI #174
ROI #175
ROI #176
ROI #177
ROI #178
ROI #179
ROI #180
ROI #181
ROI #182
ROI #183
ROI #184
ROI #185
ROI #186
ROI #187
ROI #188
ROI #189
ROI #190
ROI #191
ROI #192
ROI #193
ROI #194
ROI #195
ROI #196
ROI #197
ROI #198
ROI #199
ROI #200
ROI #201
ROI #202
ROI #203
ROI #204
ROI #205
ROI #206
ROI #207
ROI #208
ROI #209
ROI #210
ROI #211
ROI #212
ROI #213
ROI #214
ROI #215
ROI #216
ROI #217
ROI #218
ROI #219
ROI #220
ROI #221
ROI #222
ROI #223
ROI #224
ROI #225
ROI #226
ROI #227
ROI #228
ROI #229
ROI #230
ROI #231
ROI #232
ROI #233
ROI #234
ROI #235
ROI #236
ROI #237
ROI #238
ROI #239
ROI #240
ROI #241
ROI #242
ROI #243
ROI #244
ROI #245
ROI #246
ROI #247
ROI #248
ROI #249
ROI #250
ROI #251
ROI #252
ROI #253
ROI #254
ROI #255
ROI #256
ROI #257
ROI #258
ROI #259
ROI #260
ROI #261
ROI #262
ROI #263
ROI #264
ROI #265
ROI #266
ROI #267
ROI #268
ROI #269
ROI #270
ROI #271
ROI #272
ROI #273
ROI #274
ROI #275
ROI #276
ROI #277
ROI #278
ROI #279
ROI #280
ROI #281
ROI #282
ROI #283
ROI #284
ROI #285
ROI #286
ROI #287
ROI #288
ROI #289
ROI #290
ROI #291
ROI #292
ROI #293
ROI #294
ROI #295
ROI #296
ROI #297
ROI #298
ROI #299
ROI #300
ROI #301
ROI #302
ROI #303
ROI #304
ROI #305
ROI #306
ROI #307
ROI #308
ROI #309
ROI #310
ROI #311
ROI #312
ROI #313
ROI #314
ROI #315
ROI #316
ROI #317
ROI #318
ROI #319
ROI #320
ROI #321
ROI #322
ROI #323
ROI #324
ROI #325
ROI #326
ROI #327
ROI #328
ROI #329
ROI #330
ROI #331
ROI #332
ROI #333
ROI #334
ROI #335
ROI #336
ROI #337
ROI #338
ROI #339
ROI #340
ROI #341
ROI #342
ROI #343
ROI #344
ROI #345
ROI #346
ROI #347
ROI #348
ROI #349
ROI #350
ROI #351
ROI #352
ROI #353
ROI #354
ROI #355
ROI #356
ROI #357
ROI #358
ROI #359
ROI #360
ROI #361
ROI #362
ROI #363
ROI #364
ROI #365
ROI #366
ROI #367
ROI #368
ROI #369
ROI #370
ROI #371
ROI #372
ROI #373
ROI #374
ROI #375
ROI #376
ROI #377
ROI #378
ROI #379
ROI #380
ROI #381
ROI #382
ROI #383
ROI #384
ROI #385
ROI #386
ROI #387
ROI #388
ROI #389
ROI #390
ROI #391
ROI #392
ROI #393
ROI #394
ROI #395
ROI #396
ROI #397
ROI #398
ROI #399
ROI #400
ROI #401
ROI #402
ROI #403
ROI #404
ROI #405
ROI #406
ROI #407
ROI #408
ROI #409
ROI #410
ROI #411
ROI #412
ROI #413
ROI #414
ROI #415
ROI #416
ROI #417
ROI #418
ROI #419
ROI #420
ROI #421
ROI #422
ROI #423
ROI #424
ROI #425
ROI #426
ROI #427
ROI #428
ROI #429
ROI #430
ROI #431
ROI #432
ROI #433
ROI #434
ROI #435
ROI #436
ROI #437
ROI #438
ROI #439
ROI #440
ROI #441
ROI #442
ROI #443
ROI #444
ROI #445
ROI #446
ROI #447
ROI #448
ROI #449
ROI #450
ROI #451
ROI #452
ROI #453
ROI #454
ROI #455
ROI #456
ROI #457
ROI #458
ROI #459
ROI #460
ROI #461
ROI #462
ROI #463
ROI #464
ROI #465
ROI #466
ROI #467
ROI #468
ROI #469
ROI #470
ROI #471
ROI #472
ROI #473
ROI #474
ROI #475
ROI #476
ROI #477
ROI #478
ROI #479
ROI #480
ROI #481
ROI #482
ROI #483
ROI #484
ROI #485
ROI #486
ROI #487
ROI #488
ROI #489
ROI #490
ROI #491
ROI #492
ROI #493
ROI #494
ROI #495
ROI #496
ROI #497
ROI #498
ROI #499
ROI #500
ROI #501
ROI #502
ROI #503
ROI #504
ROI #505
ROI #506
ROI #507
ROI #508
ROI #509
ROI #510
ROI #511
ROI #512
ROI #513
ROI #514
ROI #515
ROI #516
ROI #517
ROI #518
ROI #519
ROI #520
ROI #521
ROI #522
ROI #523
ROI #524
ROI #525
ROI #526
ROI #527
ROI #528
ROI #529
ROI #530
ROI #531
ROI #532
ROI #533
ROI #534
ROI #535
ROI #536
ROI #537
ROI #538
ROI #539
ROI #540
ROI #541
ROI #542
ROI #543
ROI #544
ROI #545
ROI #546
ROI #547
ROI #548
ROI #549
ROI #550
ROI #551
ROI #552
ROI #553
ROI #554
ROI #555
ROI #556
ROI #557
ROI #558
ROI #559
ROI #560
ROI #561
ROI #562
ROI #563
ROI #564
ROI #565
ROI #566
ROI #567
ROI #568
ROI #569
ROI #570
ROI #571
ROI #572
ROI #573
ROI #574
ROI #575
ROI #576
ROI #577
ROI #578
ROI #579
ROI #580
ROI #581
ROI #582
ROI #583
ROI #584
ROI #585
ROI #586
ROI #587
ROI #588
ROI #589
ROI #590
ROI #591
ROI #592
ROI #593
ROI #594
ROI #595
ROI #596
ROI #597
ROI #598
ROI #599
ROI #600
ROI #601
ROI #602
ROI #603
ROI #604
ROI #605
ROI #606
ROI #607
ROI #608
ROI #609
ROI #610
ROI #611
ROI #612
ROI #613
ROI #614
ROI #615
ROI #616
ROI #617
ROI #618
ROI #619
ROI #620
ROI #621
ROI #622
ROI #623
ROI #624
ROI #625
ROI #626
ROI #627
ROI #628
ROI #629
ROI #630
ROI #631
ROI #632
ROI #633
ROI #634
ROI #635
ROI #636
ROI #637
ROI #638
ROI #639
ROI #640
ROI #641
ROI #642
ROI #643
ROI #644
ROI #645
ROI #646
ROI #647
ROI #648
ROI #649
ROI #650
ROI #651
ROI #652
ROI #653
ROI #654
ROI #655
ROI #656
ROI #657
ROI #658
ROI #659
ROI #660
ROI #661
ROI #662
ROI #663
ROI #664
ROI #665
ROI #666
ROI #667
ROI #668
ROI #669
ROI #670
ROI #671
ROI #672
ROI #673
ROI #674
ROI #675
ROI #676
ROI #677
ROI #678
ROI #679
ROI #680
ROI #681
ROI #682
ROI #683
ROI #684
ROI #685
ROI #686
ROI #687
ROI #688
ROI #689
ROI #690
ROI #691
ROI #692
ROI #693
ROI #694
ROI #695
ROI #696
ROI #697
ROI #698
ROI #699
ROI #700
ROI #701
ROI #702
ROI #703
ROI #704
ROI #705
ROI #706
ROI #707
ROI #708
ROI #709
ROI #710
ROI #711
ROI #712
ROI #713
ROI #714
ROI #715
ROI #716
ROI #717
ROI #718
ROI #719
ROI #720
ROI #721
ROI #722
ROI #723
ROI #724
ROI #725
ROI #726
ROI #727
ROI #728
ROI #729
ROI #730
ROI #731
ROI #732
ROI #733
ROI #734
ROI #735
ROI #736
ROI #737
ROI #738
ROI #739
ROI #740
ROI #741
ROI #742
ROI #743
ROI #744
ROI #745
ROI #746
ROI #747
ROI #748
ROI #749
ROI #750
ROI #751
ROI #752
ROI #753
ROI #754
ROI #755
ROI #756
ROI #757
ROI #758
ROI #759
ROI #760
ROI #761
ROI #762
ROI #763
ROI #764
ROI #765
ROI #766
ROI #767
ROI #768
ROI #769
ROI #770
ROI #771
ROI #772
ROI #773
ROI #774
ROI #775
ROI #776
ROI #777
ROI #778
ROI #779
ROI #780
ROI #781
ROI #782
ROI #783
ROI #784
ROI #785
ROI #786
ROI #787
ROI #788
ROI #789
ROI #790
ROI #791
ROI #792
ROI #793
ROI #794
ROI #795
ROI #796
ROI #797
ROI #798
ROI #799
ROI #800
ROI #801
ROI #802
ROI #803
ROI #804
ROI #805
ROI #806
ROI #807
ROI #808
ROI #809
ROI #810
ROI #811
ROI #812
ROI #813
ROI #814
ROI #815
ROI #816
ROI #817
ROI #818
ROI #819
ROI #820
ROI #821
ROI #822
ROI #823
ROI #824
ROI #825
ROI #826
ROI #827
ROI #828
ROI #829
ROI #830
ROI #831
ROI #832
ROI #833
ROI #834
ROI #835
ROI #836
ROI #837
ROI #838
ROI #839
ROI #840
ROI #841
ROI #842
ROI #843
ROI #844
ROI #845
ROI #846
ROI #847
ROI #848
ROI #849
ROI #850
ROI #851
ROI #852
ROI #853
ROI #854
ROI #855
ROI #856
ROI #857
ROI #858
ROI #859
ROI #860
ROI #861
ROI #862
ROI #863
ROI #864
ROI #865
ROI #866
ROI #867
ROI #868
ROI #869
ROI #870
ROI #871
ROI #872
ROI #873
ROI #874
ROI #875
ROI #876
ROI #877
ROI #878
ROI #879
ROI #880
ROI #881
ROI #882
ROI #883
ROI #884
ROI #885
ROI #886
ROI #887
ROI #888
ROI #889
ROI #890
ROI #891
ROI #892
ROI #893
ROI #894
ROI #895
ROI #896
ROI #897
ROI #898
ROI #899
ROI #900
ROI #901
ROI #902
ROI #903
ROI #904
ROI #905
ROI #906
ROI #907
ROI #908
ROI #909
ROI #910
ROI #911
ROI #912
ROI #913
ROI #914
ROI #915
ROI #916
ROI #917
ROI #918
ROI #919
ROI #920
ROI #921
ROI #922
ROI #923
ROI #924
ROI #925
ROI #926
ROI #927
ROI #928
ROI #929
ROI #930
ROI #931
ROI #932
ROI #933
ROI #934
ROI #935
ROI #936
ROI #937
ROI #938
ROI #939
ROI #940
ROI #941
ROI #942
ROI #943
ROI #944
ROI #945
ROI #946
ROI #947
ROI #948
ROI #949
ROI #950
ROI #951
ROI #952
ROI #953
ROI #954
ROI #955
ROI #956
ROI #957
ROI #958
ROI #959
ROI #960
ROI #961
ROI #962
ROI #963
ROI #964
ROI #965
ROI #966
ROI #967
ROI #968
ROI #969
ROI #970
ROI #971
ROI #972
ROI #973
ROI #974
ROI #975
ROI #976
ROI #977
ROI #978
ROI #979
ROI #980
ROI #981
ROI #982
ROI #983
ROI #984
ROI #985
ROI #986
ROI #987
ROI #988
ROI #989
ROI #990
ROI #991
ROI #992
ROI #993
ROI #994
ROI #995
ROI #996
ROI #997
ROI #998
ROI #999
ROI #1000

------- subbatch 1001-2000 ------

/ncf/gershman/Lab/Exploration/rsaOutput/rsa2/searchlight_11001-12000_ASUSQZIUHP.mat
rsa 2, subj 1
which_trials = 11111111111111111111111111111111111111111111111111111111111111111111111111111111111111111111111111111111111111111111111111111111111111111111111111111111111111111111111111111111111111111111111111111111111111111111111111111111111111111111111111111111111111111111111111111111111111111111111111111111111111111111111111111111
mask
rsa 2, subj 10
which_trials = 11111111111111111111111111111111111111111111111111111111111101111111111111111111111111111111111111111111111111111111111111111111111111111111111111111111111111111111111111111111111111111111111111111111111111111111111111111111111111110111111111111111111111111111111111111111111111111111111111111111101111111111111111111111
/ncf/gershman/Lab/Exploration/rsaOutput/rsa2/betas_10.mat
loading cached betas from .mat file...
Elapsed time is 5.092257 seconds.
computing RDMs...
Elapsed time is 539.308384 seconds.
rsa 2, subj 25
which_trials = 11111111111111111111111111111111111111111111111111111111111111111111111111111111111111111111111111111111111111111111111111111111111111111111111111111111111111111111111111111111111111111111111111111111111111111111111111111111111111111111111111111111111111111111111111111111111111111111111111111111111111111111111111111111
/ncf/gershman/Lab/Exploration/rsaOutput/rsa2/betas_25.mat
loading cached betas from .mat file...
Elapsed time is 5.146192 seconds.
computing RDMs...
Elapsed time is 576.632341 seconds.
rsa 2, subj 12
which_trials = 11111111111111111111111111111111111111111111111111111111111111111111111111111111111111111111111111111111111111111111111111111111111111111111111111111111111111111111111111111111111111111111111111111111111111111111111111111111111111111111111111111111111111111111111111111111111111111111111111111111111111111111111111111111
/ncf/gershman/Lab/Exploration/rsaOutput/rsa2/betas_12.mat
loading cached betas from .mat file...
Elapsed time is 5.222032 seconds.
computing RDMs...
Elapsed time is 607.135663 seconds.
rsa 2, subj 2
which_trials = 11111111111111111111111111111101111111111111111111111111111111111111111111111111111111111111111111111111111111111111111111111111111111111111111111111111111111111111111111111111111111111111111111111111111111111111111111111111111111111111111111111111111111111111111111111111111111111111111111111111111111111111111111111111
/ncf/gershman/Lab/Exploration/rsaOutput/rsa2/betas_2.mat
loading cached betas from .mat file...
Elapsed time is 5.210587 seconds.
computing RDMs...
Elapsed time is 594.560570 seconds.
rsa 2, subj 18
which_trials = 11111111111111111111111111111111111111111111111111111111111111111111111111111111111111111111111111111111111111111111111111111111111111111111111111111111111111110000000000000000000000000000000000000000111111111111111111111111111111111111111111111111111111111111111111111111111111111111111111111111101111111111111111111111
/ncf/gershman/Lab/Exploration/rsaOutput/rsa2/betas_18.mat
loading cached betas from .mat file...
Elapsed time is 4.558674 seconds.
computing RDMs...
Elapsed time is 522.942430 seconds.
rsa 2, subj 31
which_trials = 11111101111111111111111111110101111111110111111111111111111111111111110111111111111111111101111111111111111111111111111101111111111111111111111111111111111111110111111111111111111111111111111111111111111111111111111111111111111111111111111111111111111111111111111111111111111111111111111111111111111111111111111111111111
/ncf/gershman/Lab/Exploration/rsaOutput/rsa2/betas_31.mat
loading cached betas from .mat file...
Elapsed time is 5.077893 seconds.
computing RDMs...
Elapsed time is 572.121432 seconds.
rsa 2, subj 27
which_trials = 11111111111111111111011111111111111111111111111111111111111111111111111111111111111111111111111111111111111111111111111111111111111111111111111111111111111111111111111111111111111111111111111111111111111111111111111111111111111111111111111111111111111111111111111111111111111111111111111111111111111111111111111111111111
/ncf/gershman/Lab/Exploration/rsaOutput/rsa2/betas_27.mat
loading cached betas from .mat file...
Elapsed time is 5.169731 seconds.
computing RDMs...
Elapsed time is 564.741192 seconds.
rsa 2, subj 5
which_trials = 11111111111111111111011111111111111111111111111111111111111111111111111111111111111111111111111111111111111111111111111111111111111111111111111111111111111111111111111111111111111111111111111111111111011111111111111111111111111111111111111111111111111111111111111111111011111111111111111111111111111111111111111111111111
/ncf/gershman/Lab/Exploration/rsaOutput/rsa2/betas_5.mat
loading cached betas from .mat file...
Elapsed time is 5.218058 seconds.
computing RDMs...
Elapsed time is 554.572632 seconds.
rsa 2, subj 13
which_trials = 11111111111111111111111111111111111111111111111111111111111111111111111111111111111111110111111111111111111111111101111100000000000000000000000000000000000000001111111111111111111111111111111111111111111111111111111111111111111111111111111111111111111111111111111111111111111111111111111111111111111111111111111111111111
/ncf/gershman/Lab/Exploration/rsaOutput/rsa2/betas_13.mat
loading cached betas from .mat file...
Elapsed time is 4.498200 seconds.
computing RDMs...
Elapsed time is 475.535122 seconds.
rsa 2, subj 3
which_trials = 00000000000000000000000000000000000000001111111111111111110111111111111111111111000000000000000000000000000000000000000011111111111111111111111111111111011111111111111111111111011111111111111011111111111111111111111111111111111111111111111111111111111111111111111111111111111111111111111111101111111111111011111111111111
/ncf/gershman/Lab/Exploration/rsaOutput/rsa2/betas_3.mat
loading cached betas from .mat file...
Elapsed time is 3.911132 seconds.
computing RDMs...
Elapsed time is 361.784677 seconds.
rsa 2, subj 7
which_trials = 11111111111111111011111111111111111111111111111111111111111111111111111111111111011111111111111111111111111111111111111111111111111111111111111111111111111111111111111111111111111111111111111111111111111111111111111111111111111111111111111111111111111111111111111111111111111111111111111111111111111111111111111111111111
/ncf/gershman/Lab/Exploration/rsaOutput/rsa2/betas_7.mat
loading cached betas from .mat file...
Elapsed time is 5.269288 seconds.
computing RDMs...
Elapsed time is 519.089486 seconds.
rsa 2, subj 6
which_trials = 11111111111111111111011111111111111111111111111111111111111111111111111111111111111111111111111111111111111111111111111100000000000000000000000000000000000000001111111111111111111111111111111111111111111111111111111111111111110111111111111111111111111111111011111111111111111111111111111111111111111111111111111111111111
/ncf/gershman/Lab/Exploration/rsaOutput/rsa2/betas_6.mat
loading cached betas from .mat file...
Elapsed time is 4.568785 seconds.
computing RDMs...
Elapsed time is 504.439392 seconds.
rsa 2, subj 9
which_trials = 11111111111111111111111111111111111111111111111111111111111111111111111111111111111111111111111111111111111111111011111111111111111111111111111111111111111111111111111111111111111111111111111111111111111111111111111111111111111111111111111111111111111111111111111111111111111111111111111111111111111111111111111111111111
/ncf/gershman/Lab/Exploration/rsaOutput/rsa2/betas_9.mat
loading cached betas from .mat file...
Elapsed time is 5.221782 seconds.
computing RDMs...
Elapsed time is 586.575269 seconds.
rsa 2, subj 28
which_trials = 11111111111111111111111111111111111111111111111111111111111111111111111111111111111111111101111111111111111111111111111111111111111111111111111111111111111111111111111111111111111111111111111111111111111111111111111111111111111111111111111111111111111111111111111111111111111111111111111111111111111111111111111111111111
/ncf/gershman/Lab/Exploration/rsaOutput/rsa2/betas_28.mat
loading cached betas from .mat file...
Elapsed time is 5.245071 seconds.
computing RDMs...
Elapsed time is 570.184383 seconds.
rsa 2, subj 23
which_trials = 11111111111111111111111111111111111111111111111111111111111111111111111111111111111111111111111111111111111111111111111111111111111111111111111111111111111111111111111111111111111111111111111111111111111111111111111111111111111111111111111111111111111111111111111111111111111111111111111111111111111111111111111111111111
/ncf/gershman/Lab/Exploration/rsaOutput/rsa2/betas_23.mat
loading cached betas from .mat file...
Elapsed time is 5.219821 seconds.
computing RDMs...
Elapsed time is 590.284277 seconds.
rsa 2, subj 16
which_trials = 11111111110111111111011011111101111111111111111111111111111111111111111111111111111111111111111111111111111111111111111111111111111111111111011111111111111111111111111111111111111111111111111111111111111111111111111111111111111111111111111111111111111111111111111111111111111111111111111111111111111111111111110111111111
/ncf/gershman/Lab/Exploration/rsaOutput/rsa2/betas_16.mat
loading cached betas from .mat file...
Elapsed time is 5.185556 seconds.
computing RDMs...
Elapsed time is 592.749895 seconds.
rsa 2, subj 14
which_trials = 11111111111111111111111111111111111111111111111111111111111111111111111111111111111111111111111111111111111111111111111111111111111111111111111111111111111111111111111111111111111111111111111111111111111111111111111111111111111111111111111111111111111111111111111111111111111111111111111111111111111111111111111111111111
/ncf/gershman/Lab/Exploration/rsaOutput/rsa2/betas_14.mat
loading cached betas from .mat file...
Elapsed time is 5.304833 seconds.
computing RDMs...
Elapsed time is 603.015881 seconds.
rsa 2, subj 19
which_trials = 11111111101111111111111111101111111111111111111111111111111111111111111111111111111111111111111111111111111111111111111111111111111111111111111111111111111111111111111111111111111111111111111111111111111111111111111111111111111111111111111111111111111111111111111111111111111111111111111111111111111111111111111111111111
/ncf/gershman/Lab/Exploration/rsaOutput/rsa2/betas_19.mat
loading cached betas from .mat file...
Elapsed time is 5.247633 seconds.
computing RDMs...
Elapsed time is 568.951278 seconds.
rsa 2, subj 24
which_trials = 11111111111111111111111111111101111111111111111111011111111111111111111111111111111111111111111111111111111111111111111101111111111111111111111111111111111111111111111111111111111111111111111111111111111111111111111111111111111111111111111111111111111111111111111111111111111111111111111111111111111111111111111111111111
/ncf/gershman/Lab/Exploration/rsaOutput/rsa2/betas_24.mat
loading cached betas from .mat file...
Elapsed time is 5.340650 seconds.
computing RDMs...
Elapsed time is 640.472989 seconds.
rsa 2, subj 8
which_trials = 11111111111111111111111111111111111111111111111111111101011111111111111111111111111111111111111111111111111111111111111111111111111111110111111110111111111111111111111111111111111111111111111111111111111111111111111111111111111111111111111111111111111111111111111111111111111111111111111111111111111111111111111111111111
/ncf/gershman/Lab/Exploration/rsaOutput/rsa2/betas_8.mat
loading cached betas from .mat file...
Elapsed time is 5.289370 seconds.
computing RDMs...
Elapsed time is 674.615609 seconds.
rsa 2, subj 4
which_trials = 1111111111111111111111111111111111111111111111111111111111111101111111111111111111111111111111111111111111111111111111111111111111111111111111111111111111111111000000000000000000000000000000000000000011111111111111111111111111110111111111111111111111111111111111111111111111111111
/ncf/gershman/Lab/Exploration/rsaOutput/rsa2/betas_4.mat
loading cached betas from .mat file...
Elapsed time is 4.076446 seconds.
computing RDMs...
Elapsed time is 531.213747 seconds.
rsa 2, subj 30
which_trials = 11111111111111111111111111111111111111111111111111011111111111111111111111111111111111111111111111111111111111111111111111111111111111111111111111111111111111111111111111111111111111111111111111111111111111111111111111111111111111111111111111111111111111110111111111111011111111111111111111111111111111111111011111111111
/ncf/gershman/Lab/Exploration/rsaOutput/rsa2/betas_30.mat
loading cached betas from .mat file...
Elapsed time is 5.328193 seconds.
computing RDMs...
Elapsed time is 764.841461 seconds.
rsa 2, subj 1
which_trials = 11111111111111111111111111111111111111111111111111111111111111111111111111111111111111111111111111111111111111111111111111111111111111111111111111111111111111111111111111111111111111111111111111111111111111111111111111111111111111111111111111111111111111111111111111111111111111111111111111111111111111111111111111111111
/ncf/gershman/Lab/Exploration/rsaOutput/rsa2/betas_1.mat
loading cached betas from .mat file...
Elapsed time is 5.387276 seconds.
computing RDMs...
Elapsed time is 772.007186 seconds.
rsa 2, subj 15
which_trials = 11111111111111111111111111111111111111111111111111111111111111111111111111111111111111111111111111111111111111111111111111111111111111111111111111111111111111111111111111111111111111111111111111111111111111111111111111111111111111111111111111111111111111111111111111111111111111111111111111111111111111111111111111111111
/ncf/gershman/Lab/Exploration/rsaOutput/rsa2/betas_15.mat
loading cached betas from .mat file...
Elapsed time is 5.410091 seconds.
computing RDMs...
Elapsed time is 735.652099 seconds.
rsa 2, subj 26
which_trials = 11111111111111111111111111111111111111111111111111111111111111111111111111111111111111111111111111111111111111111111111111111111111111111111111111111111111111111111111111111111111111111111111111111111111111111111111111111111111111111111111111111111111111111111111111111111111111111111111111111111111111111111111111111111
/ncf/gershman/Lab/Exploration/rsaOutput/rsa2/betas_26.mat
loading cached betas from .mat file...
Elapsed time is 5.337846 seconds.
computing RDMs...
Elapsed time is 723.385291 seconds.
rsa 2, subj 22
which_trials = 11111111111111111111111111111111111111111111111110111111111111011111111111111011111111011111011111111111101110111101011111111101101111111111111111111111111111111111111111111111111111111111111111111111111111111111111111111111111111111111111111111111111111111111111111111111111111111111111111111111111111111111111111111111
/ncf/gershman/Lab/Exploration/rsaOutput/rsa2/betas_22.mat
loading cached betas from .mat file...
Elapsed time is 5.134522 seconds.
computing RDMs...
Elapsed time is 650.409325 seconds.
rsa 2, subj 17
which_trials = 11111111111111111111111111111111111111111111111111111111111111111111111111111111111111111111111111111111111111111111111111111111111111111111111111111111111111110000000000000000000000000000000000000000111111111111111111111111111111111111111111111111111111111111111111111111111111111111111111111111111101111111111111111111
/ncf/gershman/Lab/Exploration/rsaOutput/rsa2/betas_17.mat
loading cached betas from .mat file...
Elapsed time is 4.610443 seconds.
computing RDMs...
Elapsed time is 600.623527 seconds.
rsa 2, subj 20
which_trials = 11111111111111111111111111111111111111111111111111111111111111111111111111111111111111111111111111111111111110111111111111111011110111111111011101111111011011111111111111111111111111111111111111111111111111111111111111111111111111111111111111111111111111111111111111111111111111111111111111111111111111111111111111111111
/ncf/gershman/Lab/Exploration/rsaOutput/rsa2/betas_20.mat
loading cached betas from .mat file...
Elapsed time is 5.181346 seconds.
computing RDMs...
Elapsed time is 645.155660 seconds.
rsa 2, subj 11
which_trials = 11111111111110111111111111111111101111111111111110111110111111111101011011110111101011111001111111101101110101111101111111111111111110111110111101111101011011001111111111111111111111111111101111010111111111111011111011101011101111011011111111111111010111111111011111111111011111011111111111111111111111111111111111111111
/ncf/gershman/Lab/Exploration/rsaOutput/rsa2/betas_11.mat
loading cached betas from .mat file...
Elapsed time is 4.503904 seconds.
computing RDMs...
Elapsed time is 322.208135 seconds.
rsa 2, subj 29
which_trials = 11111111111111011111111111111111111111111111111111111111111111111111111111111111111111111111111110111111111111111111111111111111110111111111111111111101111111111111111111111111111111111111111111111111111111111111111111111111111111111111111111111111111111111111111111111111111111111111111111111111111111111111111111111111
/ncf/gershman/Lab/Exploration/rsaOutput/rsa2/betas_29.mat
loading cached betas from .mat file...
Elapsed time is 5.019074 seconds.
computing RDMs...
Elapsed time is 423.445524 seconds.
rsa 2, subj 21
which_trials = 11111111111111111111111111111111111111111111111111011111111111111111111111111111111111111111111111110111111111111111111111111111101111111111111111111111111111111111111111111111111111111111111111111111111111111111111111111111011111111111111111111111111111111111111111111111111111111111110111111111111111111111111111111111
/ncf/gershman/Lab/Exploration/rsaOutput/rsa2/betas_21.mat
loading cached betas from .mat file...
Elapsed time is 5.142251 seconds.
computing RDMs...
Elapsed time is 494.082449 seconds.
ROI #1
ROI #2
ROI #3
ROI #4
ROI #5
ROI #6
ROI #7
ROI #8
ROI #9
ROI #10
ROI #11
ROI #12
ROI #13
ROI #14
ROI #15
ROI #16
ROI #17
ROI #18
ROI #19
ROI #20
ROI #21
ROI #22
ROI #23
ROI #24
ROI #25
ROI #26
ROI #27
ROI #28
ROI #29
ROI #30
ROI #31
ROI #32
ROI #33
ROI #34
ROI #35
ROI #36
ROI #37
ROI #38
ROI #39
ROI #40
ROI #41
ROI #42
ROI #43
ROI #44
ROI #45
ROI #46
ROI #47
ROI #48
ROI #49
ROI #50
ROI #51
ROI #52
ROI #53
ROI #54
ROI #55
ROI #56
ROI #57
ROI #58
ROI #59
ROI #60
ROI #61
ROI #62
ROI #63
ROI #64
ROI #65
ROI #66
ROI #67
ROI #68
ROI #69
ROI #70
ROI #71
ROI #72
ROI #73
ROI #74
ROI #75
ROI #76
ROI #77
ROI #78
ROI #79
ROI #80
ROI #81
ROI #82
ROI #83
ROI #84
ROI #85
ROI #86
ROI #87
ROI #88
ROI #89
ROI #90
ROI #91
ROI #92
ROI #93
ROI #94
ROI #95
ROI #96
ROI #97
ROI #98
ROI #99
ROI #100
ROI #101
ROI #102
ROI #103
ROI #104
ROI #105
ROI #106
ROI #107
ROI #108
ROI #109
ROI #110
ROI #111
ROI #112
ROI #113
ROI #114
ROI #115
ROI #116
ROI #117
ROI #118
ROI #119
ROI #120
ROI #121
ROI #122
ROI #123
ROI #124
ROI #125
ROI #126
ROI #127
ROI #128
ROI #129
ROI #130
ROI #131
ROI #132
ROI #133
ROI #134
ROI #135
ROI #136
ROI #137
ROI #138
ROI #139
ROI #140
ROI #141
ROI #142
ROI #143
ROI #144
ROI #145
ROI #146
ROI #147
ROI #148
ROI #149
ROI #150
ROI #151
ROI #152
ROI #153
ROI #154
ROI #155
ROI #156
ROI #157
ROI #158
ROI #159
ROI #160
ROI #161
ROI #162
ROI #163
ROI #164
ROI #165
ROI #166
ROI #167
ROI #168
ROI #169
ROI #170
ROI #171
ROI #172
ROI #173
ROI #174
ROI #175
ROI #176
ROI #177
ROI #178
ROI #179
ROI #180
ROI #181
ROI #182
ROI #183
ROI #184
ROI #185
ROI #186
ROI #187
ROI #188
ROI #189
ROI #190
ROI #191
ROI #192
ROI #193
ROI #194
ROI #195
ROI #196
ROI #197
ROI #198
ROI #199
ROI #200
ROI #201
ROI #202
ROI #203
ROI #204
ROI #205
ROI #206
ROI #207
ROI #208
ROI #209
ROI #210
ROI #211
ROI #212
ROI #213
ROI #214
ROI #215
ROI #216
ROI #217
ROI #218
ROI #219
ROI #220
ROI #221
ROI #222
ROI #223
ROI #224
ROI #225
ROI #226
ROI #227
ROI #228
ROI #229
ROI #230
ROI #231
ROI #232
ROI #233
ROI #234
ROI #235
ROI #236
ROI #237
ROI #238
ROI #239
ROI #240
ROI #241
ROI #242
ROI #243
ROI #244
ROI #245
ROI #246
ROI #247
ROI #248
ROI #249
ROI #250
ROI #251
ROI #252
ROI #253
ROI #254
ROI #255
ROI #256
ROI #257
ROI #258
ROI #259
ROI #260
ROI #261
ROI #262
ROI #263
ROI #264
ROI #265
ROI #266
ROI #267
ROI #268
ROI #269
ROI #270
ROI #271
ROI #272
ROI #273
ROI #274
ROI #275
ROI #276
ROI #277
ROI #278
ROI #279
ROI #280
ROI #281
ROI #282
ROI #283
ROI #284
ROI #285
ROI #286
ROI #287
ROI #288
ROI #289
ROI #290
ROI #291
ROI #292
ROI #293
ROI #294
ROI #295
ROI #296
ROI #297
ROI #298
ROI #299
ROI #300
ROI #301
ROI #302
ROI #303
ROI #304
ROI #305
ROI #306
ROI #307
ROI #308
ROI #309
ROI #310
ROI #311
ROI #312
ROI #313
ROI #314
ROI #315
ROI #316
ROI #317
ROI #318
ROI #319
ROI #320
ROI #321
ROI #322
ROI #323
ROI #324
ROI #325
ROI #326
ROI #327
ROI #328
ROI #329
ROI #330
ROI #331
ROI #332
ROI #333
ROI #334
ROI #335
ROI #336
ROI #337
ROI #338
ROI #339
ROI #340
ROI #341
ROI #342
ROI #343
ROI #344
ROI #345
ROI #346
ROI #347
ROI #348
ROI #349
ROI #350
ROI #351
ROI #352
ROI #353
ROI #354
ROI #355
ROI #356
ROI #357
ROI #358
ROI #359
ROI #360
ROI #361
ROI #362
ROI #363
ROI #364
ROI #365
ROI #366
ROI #367
ROI #368
ROI #369
ROI #370
ROI #371
ROI #372
ROI #373
ROI #374
ROI #375
ROI #376
ROI #377
ROI #378
ROI #379
ROI #380
ROI #381
ROI #382
ROI #383
ROI #384
ROI #385
ROI #386
ROI #387
ROI #388
ROI #389
ROI #390
ROI #391
ROI #392
ROI #393
ROI #394
ROI #395
ROI #396
ROI #397
ROI #398
ROI #399
ROI #400
ROI #401
ROI #402
ROI #403
ROI #404
ROI #405
ROI #406
ROI #407
ROI #408
ROI #409
ROI #410
ROI #411
ROI #412
ROI #413
ROI #414
ROI #415
ROI #416
ROI #417
ROI #418
ROI #419
ROI #420
ROI #421
ROI #422
ROI #423
ROI #424
ROI #425
ROI #426
ROI #427
ROI #428
ROI #429
ROI #430
ROI #431
ROI #432
ROI #433
ROI #434
ROI #435
ROI #436
ROI #437
ROI #438
ROI #439
ROI #440
ROI #441
ROI #442
ROI #443
ROI #444
ROI #445
ROI #446
ROI #447
ROI #448
ROI #449
ROI #450
ROI #451
ROI #452
ROI #453
ROI #454
ROI #455
ROI #456
ROI #457
ROI #458
ROI #459
ROI #460
ROI #461
ROI #462
ROI #463
ROI #464
ROI #465
ROI #466
ROI #467
ROI #468
ROI #469
ROI #470
ROI #471
ROI #472
ROI #473
ROI #474
ROI #475
ROI #476
ROI #477
ROI #478
ROI #479
ROI #480
ROI #481
ROI #482
ROI #483
ROI #484
ROI #485
ROI #486
ROI #487
ROI #488
ROI #489
ROI #490
ROI #491
ROI #492
ROI #493
ROI #494
ROI #495
ROI #496
ROI #497
ROI #498
ROI #499
ROI #500
ROI #501
ROI #502
ROI #503
ROI #504
ROI #505
ROI #506
ROI #507
ROI #508
ROI #509
ROI #510
ROI #511
ROI #512
ROI #513
ROI #514
ROI #515
ROI #516
ROI #517
ROI #518
ROI #519
ROI #520
ROI #521
ROI #522
ROI #523
ROI #524
ROI #525
ROI #526
ROI #527
ROI #528
ROI #529
ROI #530
ROI #531
ROI #532
ROI #533
ROI #534
ROI #535
ROI #536
ROI #537
ROI #538
ROI #539
ROI #540
ROI #541
ROI #542
ROI #543
ROI #544
ROI #545
ROI #546
ROI #547
ROI #548
ROI #549
ROI #550
ROI #551
ROI #552
ROI #553
ROI #554
ROI #555
ROI #556
ROI #557
ROI #558
ROI #559
ROI #560
ROI #561
ROI #562
ROI #563
ROI #564
ROI #565
ROI #566
ROI #567
ROI #568
ROI #569
ROI #570
ROI #571
ROI #572
ROI #573
ROI #574
ROI #575
ROI #576
ROI #577
ROI #578
ROI #579
ROI #580
ROI #581
ROI #582
ROI #583
ROI #584
ROI #585
ROI #586
ROI #587
ROI #588
ROI #589
ROI #590
ROI #591
ROI #592
ROI #593
ROI #594
ROI #595
ROI #596
ROI #597
ROI #598
ROI #599
ROI #600
ROI #601
ROI #602
ROI #603
ROI #604
ROI #605
ROI #606
ROI #607
ROI #608
ROI #609
ROI #610
ROI #611
ROI #612
ROI #613
ROI #614
ROI #615
ROI #616
ROI #617
ROI #618
ROI #619
ROI #620
ROI #621
ROI #622
ROI #623
ROI #624
ROI #625
ROI #626
ROI #627
ROI #628
ROI #629
ROI #630
ROI #631
ROI #632
ROI #633
ROI #634
ROI #635
ROI #636
ROI #637
ROI #638
ROI #639
ROI #640
ROI #641
ROI #642
ROI #643
ROI #644
ROI #645
ROI #646
ROI #647
ROI #648
ROI #649
ROI #650
ROI #651
ROI #652
ROI #653
ROI #654
ROI #655
ROI #656
ROI #657
ROI #658
ROI #659
ROI #660
ROI #661
ROI #662
ROI #663
ROI #664
ROI #665
ROI #666
ROI #667
ROI #668
ROI #669
ROI #670
ROI #671
ROI #672
ROI #673
ROI #674
ROI #675
ROI #676
ROI #677
ROI #678
ROI #679
ROI #680
ROI #681
ROI #682
ROI #683
ROI #684
ROI #685
ROI #686
ROI #687
ROI #688
ROI #689
ROI #690
ROI #691
ROI #692
ROI #693
ROI #694
ROI #695
ROI #696
ROI #697
ROI #698
ROI #699
ROI #700
ROI #701
ROI #702
ROI #703
ROI #704
ROI #705
ROI #706
ROI #707
ROI #708
ROI #709
ROI #710
ROI #711
ROI #712
ROI #713
ROI #714
ROI #715
ROI #716
ROI #717
ROI #718
ROI #719
ROI #720
ROI #721
ROI #722
ROI #723
ROI #724
ROI #725
ROI #726
ROI #727
ROI #728
ROI #729
ROI #730
ROI #731
ROI #732
ROI #733
ROI #734
ROI #735
ROI #736
ROI #737
ROI #738
ROI #739
ROI #740
ROI #741
ROI #742
ROI #743
ROI #744
ROI #745
ROI #746
ROI #747
ROI #748
ROI #749
ROI #750
ROI #751
ROI #752
ROI #753
ROI #754
ROI #755
ROI #756
ROI #757
ROI #758
ROI #759
ROI #760
ROI #761
ROI #762
ROI #763
ROI #764
ROI #765
ROI #766
ROI #767
ROI #768
ROI #769
ROI #770
ROI #771
ROI #772
ROI #773
ROI #774
ROI #775
ROI #776
ROI #777
ROI #778
ROI #779
ROI #780
ROI #781
ROI #782
ROI #783
ROI #784
ROI #785
ROI #786
ROI #787
ROI #788
ROI #789
ROI #790
ROI #791
ROI #792
ROI #793
ROI #794
ROI #795
ROI #796
ROI #797
ROI #798
ROI #799
ROI #800
ROI #801
ROI #802
ROI #803
ROI #804
ROI #805
ROI #806
ROI #807
ROI #808
ROI #809
ROI #810
ROI #811
ROI #812
ROI #813
ROI #814
ROI #815
ROI #816
ROI #817
ROI #818
ROI #819
ROI #820
ROI #821
ROI #822
ROI #823
ROI #824
ROI #825
ROI #826
ROI #827
ROI #828
ROI #829
ROI #830
ROI #831
ROI #832
ROI #833
ROI #834
ROI #835
ROI #836
ROI #837
ROI #838
ROI #839
ROI #840
ROI #841
ROI #842
ROI #843
ROI #844
ROI #845
ROI #846
ROI #847
ROI #848
ROI #849
ROI #850
ROI #851
ROI #852
ROI #853
ROI #854
ROI #855
ROI #856
ROI #857
ROI #858
ROI #859
ROI #860
ROI #861
ROI #862
ROI #863
ROI #864
ROI #865
ROI #866
ROI #867
ROI #868
ROI #869
ROI #870
ROI #871
ROI #872
ROI #873
ROI #874
ROI #875
ROI #876
ROI #877
ROI #878
ROI #879
ROI #880
ROI #881
ROI #882
ROI #883
ROI #884
ROI #885
ROI #886
ROI #887
ROI #888
ROI #889
ROI #890
ROI #891
ROI #892
ROI #893
ROI #894
ROI #895
ROI #896
ROI #897
ROI #898
ROI #899
ROI #900
ROI #901
ROI #902
ROI #903
ROI #904
ROI #905
ROI #906
ROI #907
ROI #908
ROI #909
ROI #910
ROI #911
ROI #912
ROI #913
ROI #914
ROI #915
ROI #916
ROI #917
ROI #918
ROI #919
ROI #920
ROI #921
ROI #922
ROI #923
ROI #924
ROI #925
ROI #926
ROI #927
ROI #928
ROI #929
ROI #930
ROI #931
ROI #932
ROI #933
ROI #934
ROI #935
ROI #936
ROI #937
ROI #938
ROI #939
ROI #940
ROI #941
ROI #942
ROI #943
ROI #944
ROI #945
ROI #946
ROI #947
ROI #948
ROI #949
ROI #950
ROI #951
ROI #952
ROI #953
ROI #954
ROI #955
ROI #956
ROI #957
ROI #958
ROI #959
ROI #960
ROI #961
ROI #962
ROI #963
ROI #964
ROI #965
ROI #966
ROI #967
ROI #968
ROI #969
ROI #970
ROI #971
ROI #972
ROI #973
ROI #974
ROI #975
ROI #976
ROI #977
ROI #978
ROI #979
ROI #980
ROI #981
ROI #982
ROI #983
ROI #984
ROI #985
ROI #986
ROI #987
ROI #988
ROI #989
ROI #990
ROI #991
ROI #992
ROI #993
ROI #994
ROI #995
ROI #996
ROI #997
ROI #998
ROI #999
ROI #1000

------- subbatch 2001-3000 ------

/ncf/gershman/Lab/Exploration/rsaOutput/rsa2/searchlight_12001-13000_NLNJDYFSAI.mat
rsa 2, subj 1
which_trials = 11111111111111111111111111111111111111111111111111111111111111111111111111111111111111111111111111111111111111111111111111111111111111111111111111111111111111111111111111111111111111111111111111111111111111111111111111111111111111111111111111111111111111111111111111111111111111111111111111111111111111111111111111111111
mask
rsa 2, subj 10
which_trials = 11111111111111111111111111111111111111111111111111111111111101111111111111111111111111111111111111111111111111111111111111111111111111111111111111111111111111111111111111111111111111111111111111111111111111111111111111111111111111110111111111111111111111111111111111111111111111111111111111111111101111111111111111111111
/ncf/gershman/Lab/Exploration/rsaOutput/rsa2/betas_10.mat
loading cached betas from .mat file...
Elapsed time is 5.122893 seconds.
computing RDMs...
Elapsed time is 378.288349 seconds.
rsa 2, subj 25
which_trials = 11111111111111111111111111111111111111111111111111111111111111111111111111111111111111111111111111111111111111111111111111111111111111111111111111111111111111111111111111111111111111111111111111111111111111111111111111111111111111111111111111111111111111111111111111111111111111111111111111111111111111111111111111111111
/ncf/gershman/Lab/Exploration/rsaOutput/rsa2/betas_25.mat
loading cached betas from .mat file...
Elapsed time is 5.255848 seconds.
computing RDMs...
Elapsed time is 520.904183 seconds.
rsa 2, subj 12
which_trials = 11111111111111111111111111111111111111111111111111111111111111111111111111111111111111111111111111111111111111111111111111111111111111111111111111111111111111111111111111111111111111111111111111111111111111111111111111111111111111111111111111111111111111111111111111111111111111111111111111111111111111111111111111111111
/ncf/gershman/Lab/Exploration/rsaOutput/rsa2/betas_12.mat
loading cached betas from .mat file...
Elapsed time is 5.219000 seconds.
computing RDMs...
Elapsed time is 462.447853 seconds.
rsa 2, subj 2
which_trials = 11111111111111111111111111111101111111111111111111111111111111111111111111111111111111111111111111111111111111111111111111111111111111111111111111111111111111111111111111111111111111111111111111111111111111111111111111111111111111111111111111111111111111111111111111111111111111111111111111111111111111111111111111111111
/ncf/gershman/Lab/Exploration/rsaOutput/rsa2/betas_2.mat
loading cached betas from .mat file...
Elapsed time is 5.249841 seconds.
computing RDMs...
Elapsed time is 500.855224 seconds.
rsa 2, subj 18
which_trials = 11111111111111111111111111111111111111111111111111111111111111111111111111111111111111111111111111111111111111111111111111111111111111111111111111111111111111110000000000000000000000000000000000000000111111111111111111111111111111111111111111111111111111111111111111111111111111111111111111111111101111111111111111111111
/ncf/gershman/Lab/Exploration/rsaOutput/rsa2/betas_18.mat
loading cached betas from .mat file...
Elapsed time is 4.575257 seconds.
computing RDMs...
Elapsed time is 351.208256 seconds.
rsa 2, subj 31
which_trials = 11111101111111111111111111110101111111110111111111111111111111111111110111111111111111111101111111111111111111111111111101111111111111111111111111111111111111110111111111111111111111111111111111111111111111111111111111111111111111111111111111111111111111111111111111111111111111111111111111111111111111111111111111111111
/ncf/gershman/Lab/Exploration/rsaOutput/rsa2/betas_31.mat
loading cached betas from .mat file...
Elapsed time is 5.075675 seconds.
computing RDMs...
Elapsed time is 365.737482 seconds.
rsa 2, subj 27
which_trials = 11111111111111111111011111111111111111111111111111111111111111111111111111111111111111111111111111111111111111111111111111111111111111111111111111111111111111111111111111111111111111111111111111111111111111111111111111111111111111111111111111111111111111111111111111111111111111111111111111111111111111111111111111111111
/ncf/gershman/Lab/Exploration/rsaOutput/rsa2/betas_27.mat
loading cached betas from .mat file...
Elapsed time is 5.191881 seconds.
computing RDMs...
Elapsed time is 460.741274 seconds.
rsa 2, subj 5
which_trials = 11111111111111111111011111111111111111111111111111111111111111111111111111111111111111111111111111111111111111111111111111111111111111111111111111111111111111111111111111111111111111111111111111111111011111111111111111111111111111111111111111111111111111111111111111111011111111111111111111111111111111111111111111111111
/ncf/gershman/Lab/Exploration/rsaOutput/rsa2/betas_5.mat
loading cached betas from .mat file...
Elapsed time is 5.204857 seconds.
computing RDMs...
Elapsed time is 417.018595 seconds.
rsa 2, subj 13
which_trials = 11111111111111111111111111111111111111111111111111111111111111111111111111111111111111110111111111111111111111111101111100000000000000000000000000000000000000001111111111111111111111111111111111111111111111111111111111111111111111111111111111111111111111111111111111111111111111111111111111111111111111111111111111111111
/ncf/gershman/Lab/Exploration/rsaOutput/rsa2/betas_13.mat
loading cached betas from .mat file...
Elapsed time is 4.590399 seconds.
computing RDMs...
Elapsed time is 356.069232 seconds.
rsa 2, subj 3
which_trials = 00000000000000000000000000000000000000001111111111111111110111111111111111111111000000000000000000000000000000000000000011111111111111111111111111111111011111111111111111111111011111111111111011111111111111111111111111111111111111111111111111111111111111111111111111111111111111111111111111101111111111111011111111111111
/ncf/gershman/Lab/Exploration/rsaOutput/rsa2/betas_3.mat
loading cached betas from .mat file...
Elapsed time is 3.846046 seconds.
computing RDMs...
Elapsed time is 274.663524 seconds.
rsa 2, subj 7
which_trials = 11111111111111111011111111111111111111111111111111111111111111111111111111111111011111111111111111111111111111111111111111111111111111111111111111111111111111111111111111111111111111111111111111111111111111111111111111111111111111111111111111111111111111111111111111111111111111111111111111111111111111111111111111111111
/ncf/gershman/Lab/Exploration/rsaOutput/rsa2/betas_7.mat
loading cached betas from .mat file...
Elapsed time is 5.230005 seconds.
computing RDMs...
Elapsed time is 567.152744 seconds.
rsa 2, subj 6
which_trials = 11111111111111111111011111111111111111111111111111111111111111111111111111111111111111111111111111111111111111111111111100000000000000000000000000000000000000001111111111111111111111111111111111111111111111111111111111111111110111111111111111111111111111111011111111111111111111111111111111111111111111111111111111111111
/ncf/gershman/Lab/Exploration/rsaOutput/rsa2/betas_6.mat
loading cached betas from .mat file...
Elapsed time is 4.648732 seconds.
computing RDMs...
Elapsed time is 395.283064 seconds.
rsa 2, subj 9
which_trials = 11111111111111111111111111111111111111111111111111111111111111111111111111111111111111111111111111111111111111111011111111111111111111111111111111111111111111111111111111111111111111111111111111111111111111111111111111111111111111111111111111111111111111111111111111111111111111111111111111111111111111111111111111111111
/ncf/gershman/Lab/Exploration/rsaOutput/rsa2/betas_9.mat
loading cached betas from .mat file...
Elapsed time is 5.318464 seconds.
computing RDMs...
Elapsed time is 586.101885 seconds.
rsa 2, subj 28
which_trials = 11111111111111111111111111111111111111111111111111111111111111111111111111111111111111111101111111111111111111111111111111111111111111111111111111111111111111111111111111111111111111111111111111111111111111111111111111111111111111111111111111111111111111111111111111111111111111111111111111111111111111111111111111111111
/ncf/gershman/Lab/Exploration/rsaOutput/rsa2/betas_28.mat
loading cached betas from .mat file...
Elapsed time is 5.353624 seconds.
computing RDMs...
Elapsed time is 545.395311 seconds.
rsa 2, subj 23
which_trials = 11111111111111111111111111111111111111111111111111111111111111111111111111111111111111111111111111111111111111111111111111111111111111111111111111111111111111111111111111111111111111111111111111111111111111111111111111111111111111111111111111111111111111111111111111111111111111111111111111111111111111111111111111111111
/ncf/gershman/Lab/Exploration/rsaOutput/rsa2/betas_23.mat
loading cached betas from .mat file...
Elapsed time is 5.188392 seconds.
computing RDMs...
Elapsed time is 441.918391 seconds.
rsa 2, subj 16
which_trials = 11111111110111111111011011111101111111111111111111111111111111111111111111111111111111111111111111111111111111111111111111111111111111111111011111111111111111111111111111111111111111111111111111111111111111111111111111111111111111111111111111111111111111111111111111111111111111111111111111111111111111111111110111111111
/ncf/gershman/Lab/Exploration/rsaOutput/rsa2/betas_16.mat
loading cached betas from .mat file...
Elapsed time is 5.147025 seconds.
computing RDMs...
Elapsed time is 363.503233 seconds.
rsa 2, subj 14
which_trials = 11111111111111111111111111111111111111111111111111111111111111111111111111111111111111111111111111111111111111111111111111111111111111111111111111111111111111111111111111111111111111111111111111111111111111111111111111111111111111111111111111111111111111111111111111111111111111111111111111111111111111111111111111111111
/ncf/gershman/Lab/Exploration/rsaOutput/rsa2/betas_14.mat
loading cached betas from .mat file...
Elapsed time is 5.290040 seconds.
computing RDMs...
Elapsed time is 466.489539 seconds.
rsa 2, subj 19
which_trials = 11111111101111111111111111101111111111111111111111111111111111111111111111111111111111111111111111111111111111111111111111111111111111111111111111111111111111111111111111111111111111111111111111111111111111111111111111111111111111111111111111111111111111111111111111111111111111111111111111111111111111111111111111111111
/ncf/gershman/Lab/Exploration/rsaOutput/rsa2/betas_19.mat
loading cached betas from .mat file...
Elapsed time is 5.330268 seconds.
computing RDMs...
Elapsed time is 582.295685 seconds.
rsa 2, subj 24
which_trials = 11111111111111111111111111111101111111111111111111011111111111111111111111111111111111111111111111111111111111111111111101111111111111111111111111111111111111111111111111111111111111111111111111111111111111111111111111111111111111111111111111111111111111111111111111111111111111111111111111111111111111111111111111111111
/ncf/gershman/Lab/Exploration/rsaOutput/rsa2/betas_24.mat
loading cached betas from .mat file...
Elapsed time is 5.337276 seconds.
computing RDMs...
Elapsed time is 490.722834 seconds.
rsa 2, subj 8
which_trials = 11111111111111111111111111111111111111111111111111111101011111111111111111111111111111111111111111111111111111111111111111111111111111110111111110111111111111111111111111111111111111111111111111111111111111111111111111111111111111111111111111111111111111111111111111111111111111111111111111111111111111111111111111111111
/ncf/gershman/Lab/Exploration/rsaOutput/rsa2/betas_8.mat
loading cached betas from .mat file...
Elapsed time is 5.163783 seconds.
computing RDMs...
Elapsed time is 359.638697 seconds.
rsa 2, subj 4
which_trials = 1111111111111111111111111111111111111111111111111111111111111101111111111111111111111111111111111111111111111111111111111111111111111111111111111111111111111111000000000000000000000000000000000000000011111111111111111111111111110111111111111111111111111111111111111111111111111111
/ncf/gershman/Lab/Exploration/rsaOutput/rsa2/betas_4.mat
loading cached betas from .mat file...
Elapsed time is 3.969282 seconds.
computing RDMs...
Elapsed time is 337.118917 seconds.
rsa 2, subj 30
which_trials = 11111111111111111111111111111111111111111111111111011111111111111111111111111111111111111111111111111111111111111111111111111111111111111111111111111111111111111111111111111111111111111111111111111111111111111111111111111111111111111111111111111111111111110111111111111011111111111111111111111111111111111111011111111111
/ncf/gershman/Lab/Exploration/rsaOutput/rsa2/betas_30.mat
loading cached betas from .mat file...
Elapsed time is 5.057808 seconds.
computing RDMs...
Elapsed time is 461.573142 seconds.
rsa 2, subj 1
which_trials = 11111111111111111111111111111111111111111111111111111111111111111111111111111111111111111111111111111111111111111111111111111111111111111111111111111111111111111111111111111111111111111111111111111111111111111111111111111111111111111111111111111111111111111111111111111111111111111111111111111111111111111111111111111111
/ncf/gershman/Lab/Exploration/rsaOutput/rsa2/betas_1.mat
loading cached betas from .mat file...
Elapsed time is 5.269964 seconds.
computing RDMs...
Elapsed time is 503.704963 seconds.
rsa 2, subj 15
which_trials = 11111111111111111111111111111111111111111111111111111111111111111111111111111111111111111111111111111111111111111111111111111111111111111111111111111111111111111111111111111111111111111111111111111111111111111111111111111111111111111111111111111111111111111111111111111111111111111111111111111111111111111111111111111111
/ncf/gershman/Lab/Exploration/rsaOutput/rsa2/betas_15.mat
loading cached betas from .mat file...
Elapsed time is 5.595742 seconds.
computing RDMs...
Elapsed time is 507.901598 seconds.
rsa 2, subj 26
which_trials = 11111111111111111111111111111111111111111111111111111111111111111111111111111111111111111111111111111111111111111111111111111111111111111111111111111111111111111111111111111111111111111111111111111111111111111111111111111111111111111111111111111111111111111111111111111111111111111111111111111111111111111111111111111111
/ncf/gershman/Lab/Exploration/rsaOutput/rsa2/betas_26.mat
loading cached betas from .mat file...
Elapsed time is 5.612964 seconds.
computing RDMs...
Elapsed time is 491.032003 seconds.
rsa 2, subj 22
which_trials = 11111111111111111111111111111111111111111111111110111111111111011111111111111011111111011111011111111111101110111101011111111101101111111111111111111111111111111111111111111111111111111111111111111111111111111111111111111111111111111111111111111111111111111111111111111111111111111111111111111111111111111111111111111111
/ncf/gershman/Lab/Exploration/rsaOutput/rsa2/betas_22.mat
loading cached betas from .mat file...
Elapsed time is 5.472478 seconds.
computing RDMs...
Elapsed time is 550.920701 seconds.
rsa 2, subj 17
which_trials = 11111111111111111111111111111111111111111111111111111111111111111111111111111111111111111111111111111111111111111111111111111111111111111111111111111111111111110000000000000000000000000000000000000000111111111111111111111111111111111111111111111111111111111111111111111111111111111111111111111111111101111111111111111111
/ncf/gershman/Lab/Exploration/rsaOutput/rsa2/betas_17.mat
loading cached betas from .mat file...
Elapsed time is 5.115763 seconds.
computing RDMs...
Elapsed time is 582.363088 seconds.
rsa 2, subj 20
which_trials = 11111111111111111111111111111111111111111111111111111111111111111111111111111111111111111111111111111111111110111111111111111011110111111111011101111111011011111111111111111111111111111111111111111111111111111111111111111111111111111111111111111111111111111111111111111111111111111111111111111111111111111111111111111111
/ncf/gershman/Lab/Exploration/rsaOutput/rsa2/betas_20.mat
loading cached betas from .mat file...
Elapsed time is 5.863783 seconds.
computing RDMs...
Elapsed time is 596.779801 seconds.
rsa 2, subj 11
which_trials = 11111111111110111111111111111111101111111111111110111110111111111101011011110111101011111001111111101101110101111101111111111111111110111110111101111101011011001111111111111111111111111111101111010111111111111011111011101011101111011011111111111111010111111111011111111111011111011111111111111111111111111111111111111111
/ncf/gershman/Lab/Exploration/rsaOutput/rsa2/betas_11.mat
loading cached betas from .mat file...
Elapsed time is 5.505151 seconds.
computing RDMs...
