
                            < M A T L A B (R) >
                  Copyright 1984-2017 The MathWorks, Inc.
                   R2017a (9.2.0.556344) 64-bit (glnxa64)
                               March 27, 2017

 
For online documentation, see http://www.mathworks.com/support
For product information, visit www.mathworks.com.
 
       datadir: '/ncf/gershman/Lab/Exploration/subjects/180725_UEP_001/preproc'
    structural: 'struct.nii'
    functional: {1×8 cell}

       datadir: '/ncf/gershman/Lab/Exploration/subjects/180727_UEP_002/preproc'
    structural: 'struct.nii'
    functional: {1×8 cell}

       datadir: '/ncf/gershman/Lab/Exploration/subjects/180727_UEP_003/preproc'
    structural: 'struct.nii'
    functional: {1×6 cell}

       datadir: '/ncf/gershman/Lab/Exploration/subjects/180730_UEP_004/preproc'
    structural: 'struct.nii'
    functional: {1×6 cell}

       datadir: '/ncf/gershman/Lab/Exploration/subjects/180730_UEP_005/preproc'
    structural: 'struct.nii'
    functional: {1×8 cell}

       datadir: '/ncf/gershman/Lab/Exploration/subjects/180801_UEP_006/preproc'
    structural: 'struct.nii'
    functional: {1×7 cell}

       datadir: '/ncf/gershman/Lab/Exploration/subjects/180802_UEP_007/preproc'
    structural: 'struct.nii'
    functional: {1×8 cell}

       datadir: '/ncf/gershman/Lab/Exploration/subjects/180803_UEP_008/preproc'
    structural: 'struct.nii'
    functional: {1×8 cell}

       datadir: '/ncf/gershman/Lab/Exploration/subjects/180803_UEP_009/preproc'
    structural: 'struct.nii'
    functional: {1×8 cell}

       datadir: '/ncf/gershman/Lab/Exploration/subjects/180804_UEP010/preproc'
    structural: 'struct.nii'
    functional: {1×8 cell}

       datadir: '/ncf/gershman/Lab/Exploration/subjects/180804_UEP_011/preproc'
    structural: 'struct.nii'
    functional: {1×8 cell}

       datadir: '/ncf/gershman/Lab/Exploration/subjects/180804_UEP_012/preproc'
    structural: 'struct.nii'
    functional: {1×8 cell}

       datadir: '/ncf/gershman/Lab/Exploration/subjects/180804_UEP_013/preproc'
    structural: 'struct.nii'
    functional: {1×7 cell}

       datadir: '/ncf/gershman/Lab/Exploration/subjects/180804_UEP_014/preproc'
    structural: 'struct.nii'
    functional: {1×8 cell}

       datadir: '/ncf/gershman/Lab/Exploration/subjects/180804_UEP_015/preproc'
    structural: 'struct.nii'
    functional: {1×8 cell}

       datadir: '/ncf/gershman/Lab/Exploration/subjects/180805_UEP_016/preproc'
    structural: 'struct.nii'
    functional: {1×8 cell}

       datadir: '/ncf/gershman/Lab/Exploration/subjects/180805_UEP_017/preproc'
    structural: 'struct.nii'
    functional: {1×7 cell}

       datadir: '/ncf/gershman/Lab/Exploration/subjects/180805_UEP_018_2/preproc'
    structural: 'struct.nii'
    functional: {1×7 cell}

       datadir: '/ncf/gershman/Lab/Exploration/subjects/180805_UEP_019/preproc'
    structural: 'struct.nii'
    functional: {1×8 cell}

       datadir: '/ncf/gershman/Lab/Exploration/subjects/180805_UEP_020/preproc'
    structural: 'struct.nii'
    functional: {1×8 cell}

       datadir: '/ncf/gershman/Lab/Exploration/subjects/180805_UEP_021/preproc'
    structural: 'struct.nii'
    functional: {1×8 cell}

       datadir: '/ncf/gershman/Lab/Exploration/subjects/180806_UEP_022/preproc'
    structural: 'struct.nii'
    functional: {1×8 cell}

       datadir: '/ncf/gershman/Lab/Exploration/subjects/180806_UEP_023/preproc'
    structural: 'struct.nii'
    functional: {1×8 cell}

       datadir: '/ncf/gershman/Lab/Exploration/subjects/180807_UEP_024/preproc'
    structural: 'struct.nii'
    functional: {1×8 cell}

       datadir: '/ncf/gershman/Lab/Exploration/subjects/180807_UEP_025/preproc'
    structural: 'struct.nii'
    functional: {1×8 cell}

       datadir: '/ncf/gershman/Lab/Exploration/subjects/180807_UEP_026/preproc'
    structural: 'struct.nii'
    functional: {1×8 cell}

       datadir: '/ncf/gershman/Lab/Exploration/subjects/180808_UEP_027/preproc'
    structural: 'struct.nii'
    functional: {1×8 cell}

       datadir: '/ncf/gershman/Lab/Exploration/subjects/180808_UEP_028/preproc'
    structural: 'struct.nii'
    functional: {1×8 cell}

       datadir: '/ncf/gershman/Lab/Exploration/subjects/180808_UEP_029/preproc'
    structural: 'struct.nii'
    functional: {1×8 cell}

       datadir: '/ncf/gershman/Lab/Exploration/subjects/180809_UEP_030/preproc'
    structural: 'struct.nii'
    functional: {1×8 cell}

       datadir: '/ncf/gershman/Lab/Exploration/subjects/180809_UEP_031/preproc'
    structural: 'struct.nii'
    functional: {1×8 cell}

rsa 2, subj 28
which_trials = 11111111111111111111111111111111111111111111111111111111111111111111111111111111111111111101111111111111111111111111111111111111111111111111111111111111111111111111111111111111111111111111111111111111111111111111111111111111111111111111111111111111111111111111111111111111111111111111111111111111111111111111111111111111
rsa 2, subj 22
which_trials = 11111111111111111111111111111111111111111111111110111111111111011111111111111011111111011111011111111111101110111101011111111101101111111111111111111111111111111111111111111111111111111111111111111111111111111111111111111111111111111111111111111111111111111111111111111111111111111111111111111111111111111111111111111111
rsa 2, subj 2
which_trials = 11111111111111111111111111111101111111111111111111111111111111111111111111111111111111111111111111111111111111111111111111111111111111111111111111111111111111111111111111111111111111111111111111111111111111111111111111111111111111111111111111111111111111111111111111111111111111111111111111111111111111111111111111111111
rsa 2, subj 27
which_trials = 11111111111111111111011111111111111111111111111111111111111111111111111111111111111111111111111111111111111111111111111111111111111111111111111111111111111111111111111111111111111111111111111111111111111111111111111111111111111111111111111111111111111111111111111111111111111111111111111111111111111111111111111111111111
rsa 2, subj 23
which_trials = 11111111111111111111111111111111111111111111111111111111111111111111111111111111111111111111111111111111111111111111111111111111111111111111111111111111111111111111111111111111111111111111111111111111111111111111111111111111111111111111111111111111111111111111111111111111111111111111111111111111111111111111111111111111
rsa 2, subj 1
which_trials = 11111111111111111111111111111111111111111111111111111111111111111111111111111111111111111111111111111111111111111111111111111111111111111111111111111111111111111111111111111111111111111111111111111111111111111111111111111111111111111111111111111111111111111111111111111111111111111111111111111111111111111111111111111111
rsa 2, subj 16
which_trials = 11111111110111111111011011111101111111111111111111111111111111111111111111111111111111111111111111111111111111111111111111111111111111111111011111111111111111111111111111111111111111111111111111111111111111111111111111111111111111111111111111111111111111111111111111111111111111111111111111111111111111111111110111111111
rsa 2, subj 3
which_trials = 00000000000000000000000000000000000000001111111111111111110111111111111111111111000000000000000000000000000000000000000011111111111111111111111111111111011111111111111111111111011111111111111011111111111111111111111111111111111111111111111111111111111111111111111111111111111111111111111111101111111111111011111111111111
rsa 2, subj 12
which_trials = 11111111111111111111111111111111111111111111111111111111111111111111111111111111111111111111111111111111111111111111111111111111111111111111111111111111111111111111111111111111111111111111111111111111111111111111111111111111111111111111111111111111111111111111111111111111111111111111111111111111111111111111111111111111
rsa 2, subj 29
which_trials = 11111111111111011111111111111111111111111111111111111111111111111111111111111111111111111111111110111111111111111111111111111111110111111111111111111101111111111111111111111111111111111111111111111111111111111111111111111111111111111111111111111111111111111111111111111111111111111111111111111111111111111111111111111111
rsa 2, subj 20
which_trials = 11111111111111111111111111111111111111111111111111111111111111111111111111111111111111111111111111111111111110111111111111111011110111111111011101111111011011111111111111111111111111111111111111111111111111111111111111111111111111111111111111111111111111111111111111111111111111111111111111111111111111111111111111111111
rsa 2, subj 7
which_trials = 11111111111111111011111111111111111111111111111111111111111111111111111111111111011111111111111111111111111111111111111111111111111111111111111111111111111111111111111111111111111111111111111111111111111111111111111111111111111111111111111111111111111111111111111111111111111111111111111111111111111111111111111111111111
rsa 2, subj 30
which_trials = 11111111111111111111111111111111111111111111111111011111111111111111111111111111111111111111111111111111111111111111111111111111111111111111111111111111111111111111111111111111111111111111111111111111111111111111111111111111111111111111111111111111111111110111111111111011111111111111111111111111111111111111011111111111
rsa 2, subj 9
which_trials = 11111111111111111111111111111111111111111111111111111111111111111111111111111111111111111111111111111111111111111011111111111111111111111111111111111111111111111111111111111111111111111111111111111111111111111111111111111111111111111111111111111111111111111111111111111111111111111111111111111111111111111111111111111111
rsa 2, subj 31
which_trials = 11111101111111111111111111110101111111110111111111111111111111111111110111111111111111111101111111111111111111111111111101111111111111111111111111111111111111110111111111111111111111111111111111111111111111111111111111111111111111111111111111111111111111111111111111111111111111111111111111111111111111111111111111111111
rsa 2, subj 8
which_trials = 11111111111111111111111111111111111111111111111111111101011111111111111111111111111111111111111111111111111111111111111111111111111111110111111110111111111111111111111111111111111111111111111111111111111111111111111111111111111111111111111111111111111111111111111111111111111111111111111111111111111111111111111111111111
rsa 2, subj 21
which_trials = 11111111111111111111111111111111111111111111111111011111111111111111111111111111111111111111111111110111111111111111111111111111101111111111111111111111111111111111111111111111111111111111111111111111111111111111111111111111011111111111111111111111111111111111111111111111111111111111110111111111111111111111111111111111
rsa 2, subj 15
which_trials = 11111111111111111111111111111111111111111111111111111111111111111111111111111111111111111111111111111111111111111111111111111111111111111111111111111111111111111111111111111111111111111111111111111111111111111111111111111111111111111111111111111111111111111111111111111111111111111111111111111111111111111111111111111111
rsa 2, subj 19
which_trials = 11111111101111111111111111101111111111111111111111111111111111111111111111111111111111111111111111111111111111111111111111111111111111111111111111111111111111111111111111111111111111111111111111111111111111111111111111111111111111111111111111111111111111111111111111111111111111111111111111111111111111111111111111111111
rsa 2, subj 4
which_trials = 1111111111111111111111111111111111111111111111111111111111111101111111111111111111111111111111111111111111111111111111111111111111111111111111111111111111111111000000000000000000000000000000000000000011111111111111111111111111110111111111111111111111111111111111111111111111111111
rsa 2, subj 24
which_trials = 11111111111111111111111111111101111111111111111111011111111111111111111111111111111111111111111111111111111111111111111101111111111111111111111111111111111111111111111111111111111111111111111111111111111111111111111111111111111111111111111111111111111111111111111111111111111111111111111111111111111111111111111111111111
rsa 2, subj 5
which_trials = 11111111111111111111011111111111111111111111111111111111111111111111111111111111111111111111111111111111111111111111111111111111111111111111111111111111111111111111111111111111111111111111111111111111011111111111111111111111111111111111111111111111111111111111111111111011111111111111111111111111111111111111111111111111
rsa 2, subj 11
which_trials = 11111111111110111111111111111111101111111111111110111110111111111101011011110111101011111001111111101101110101111101111111111111111110111110111101111101011011001111111111111111111111111111101111010111111111111011111011101011101111011011111111111111010111111111011111111111011111011111111111111111111111111111111111111111
rsa 2, subj 14
which_trials = 11111111111111111111111111111111111111111111111111111111111111111111111111111111111111111111111111111111111111111111111111111111111111111111111111111111111111111111111111111111111111111111111111111111111111111111111111111111111111111111111111111111111111111111111111111111111111111111111111111111111111111111111111111111
rsa 2, subj 25
which_trials = 11111111111111111111111111111111111111111111111111111111111111111111111111111111111111111111111111111111111111111111111111111111111111111111111111111111111111111111111111111111111111111111111111111111111111111111111111111111111111111111111111111111111111111111111111111111111111111111111111111111111111111111111111111111
rsa 2, subj 17
which_trials = 11111111111111111111111111111111111111111111111111111111111111111111111111111111111111111111111111111111111111111111111111111111111111111111111111111111111111110000000000000000000000000000000000000000111111111111111111111111111111111111111111111111111111111111111111111111111111111111111111111111111101111111111111111111
rsa 2, subj 26
which_trials = 11111111111111111111111111111111111111111111111111111111111111111111111111111111111111111111111111111111111111111111111111111111111111111111111111111111111111111111111111111111111111111111111111111111111111111111111111111111111111111111111111111111111111111111111111111111111111111111111111111111111111111111111111111111
rsa 2, subj 6
which_trials = 11111111111111111111011111111111111111111111111111111111111111111111111111111111111111111111111111111111111111111111111100000000000000000000000000000000000000001111111111111111111111111111111111111111111111111111111111111111110111111111111111111111111111111011111111111111111111111111111111111111111111111111111111111111
rsa 2, subj 10
which_trials = 11111111111111111111111111111111111111111111111111111111111101111111111111111111111111111111111111111111111111111111111111111111111111111111111111111111111111111111111111111111111111111111111111111111111111111111111111111111111111110111111111111111111111111111111111111111111111111111111111111111101111111111111111111111
rsa 2, subj 13
which_trials = 11111111111111111111111111111111111111111111111111111111111111111111111111111111111111110111111111111111111111111101111100000000000000000000000000000000000000001111111111111111111111111111111111111111111111111111111111111111111111111111111111111111111111111111111111111111111111111111111111111111111111111111111111111111
rsa 2, subj 18
which_trials = 11111111111111111111111111111111111111111111111111111111111111111111111111111111111111111111111111111111111111111111111111111111111111111111111111111111111111110000000000000000000000000000000000000000111111111111111111111111111111111111111111111111111111111111111111111111111111111111111111111111101111111111111111111111

------- subbatch 1-1000 ------

/ncf/gershman/Lab/Exploration/rsaOutput/rsa2/searchlight_230001-231000_HPDRELJTAE.mat
rsa 2, subj 1
which_trials = 11111111111111111111111111111111111111111111111111111111111111111111111111111111111111111111111111111111111111111111111111111111111111111111111111111111111111111111111111111111111111111111111111111111111111111111111111111111111111111111111111111111111111111111111111111111111111111111111111111111111111111111111111111111
mask
rsa 2, subj 28
which_trials = 11111111111111111111111111111111111111111111111111111111111111111111111111111111111111111101111111111111111111111111111111111111111111111111111111111111111111111111111111111111111111111111111111111111111111111111111111111111111111111111111111111111111111111111111111111111111111111111111111111111111111111111111111111111
/ncf/gershman/Lab/Exploration/rsaOutput/rsa2/betas_28.mat
loading cached betas from .mat file...
Elapsed time is 5.187920 seconds.
computing RDMs...
Elapsed time is 0.000204 seconds.
rsa 2, subj 22
which_trials = 11111111111111111111111111111111111111111111111110111111111111011111111111111011111111011111011111111111101110111101011111111101101111111111111111111111111111111111111111111111111111111111111111111111111111111111111111111111111111111111111111111111111111111111111111111111111111111111111111111111111111111111111111111111
/ncf/gershman/Lab/Exploration/rsaOutput/rsa2/betas_22.mat
loading cached betas from .mat file...
Elapsed time is 4.776818 seconds.
computing RDMs...
Elapsed time is 0.000204 seconds.
rsa 2, subj 2
which_trials = 11111111111111111111111111111101111111111111111111111111111111111111111111111111111111111111111111111111111111111111111111111111111111111111111111111111111111111111111111111111111111111111111111111111111111111111111111111111111111111111111111111111111111111111111111111111111111111111111111111111111111111111111111111111
/ncf/gershman/Lab/Exploration/rsaOutput/rsa2/betas_2.mat
loading cached betas from .mat file...
Elapsed time is 5.079074 seconds.
computing RDMs...
Elapsed time is 0.000474 seconds.
rsa 2, subj 27
which_trials = 11111111111111111111011111111111111111111111111111111111111111111111111111111111111111111111111111111111111111111111111111111111111111111111111111111111111111111111111111111111111111111111111111111111111111111111111111111111111111111111111111111111111111111111111111111111111111111111111111111111111111111111111111111111
/ncf/gershman/Lab/Exploration/rsaOutput/rsa2/betas_27.mat
loading cached betas from .mat file...
Elapsed time is 4.953810 seconds.
computing RDMs...
Elapsed time is 0.000139 seconds.
rsa 2, subj 23
which_trials = 11111111111111111111111111111111111111111111111111111111111111111111111111111111111111111111111111111111111111111111111111111111111111111111111111111111111111111111111111111111111111111111111111111111111111111111111111111111111111111111111111111111111111111111111111111111111111111111111111111111111111111111111111111111
/ncf/gershman/Lab/Exploration/rsaOutput/rsa2/betas_23.mat
loading cached betas from .mat file...
Elapsed time is 5.125913 seconds.
computing RDMs...
Elapsed time is 0.000667 seconds.
rsa 2, subj 1
which_trials = 11111111111111111111111111111111111111111111111111111111111111111111111111111111111111111111111111111111111111111111111111111111111111111111111111111111111111111111111111111111111111111111111111111111111111111111111111111111111111111111111111111111111111111111111111111111111111111111111111111111111111111111111111111111
/ncf/gershman/Lab/Exploration/rsaOutput/rsa2/betas_1.mat
loading cached betas from .mat file...
Elapsed time is 4.987608 seconds.
computing RDMs...
Elapsed time is 0.000079 seconds.
rsa 2, subj 16
which_trials = 11111111110111111111011011111101111111111111111111111111111111111111111111111111111111111111111111111111111111111111111111111111111111111111011111111111111111111111111111111111111111111111111111111111111111111111111111111111111111111111111111111111111111111111111111111111111111111111111111111111111111111111110111111111
/ncf/gershman/Lab/Exploration/rsaOutput/rsa2/betas_16.mat
loading cached betas from .mat file...
Elapsed time is 4.847849 seconds.
computing RDMs...
Elapsed time is 0.000107 seconds.
rsa 2, subj 3
which_trials = 00000000000000000000000000000000000000001111111111111111110111111111111111111111000000000000000000000000000000000000000011111111111111111111111111111111011111111111111111111111011111111111111011111111111111111111111111111111111111111111111111111111111111111111111111111111111111111111111111101111111111111011111111111111
/ncf/gershman/Lab/Exploration/rsaOutput/rsa2/betas_3.mat
loading cached betas from .mat file...
Elapsed time is 3.679482 seconds.
computing RDMs...
Elapsed time is 0.000079 seconds.
rsa 2, subj 12
which_trials = 11111111111111111111111111111111111111111111111111111111111111111111111111111111111111111111111111111111111111111111111111111111111111111111111111111111111111111111111111111111111111111111111111111111111111111111111111111111111111111111111111111111111111111111111111111111111111111111111111111111111111111111111111111111
/ncf/gershman/Lab/Exploration/rsaOutput/rsa2/betas_12.mat
loading cached betas from .mat file...
Elapsed time is 4.963236 seconds.
computing RDMs...
Elapsed time is 0.000095 seconds.
rsa 2, subj 29
which_trials = 11111111111111011111111111111111111111111111111111111111111111111111111111111111111111111111111110111111111111111111111111111111110111111111111111111101111111111111111111111111111111111111111111111111111111111111111111111111111111111111111111111111111111111111111111111111111111111111111111111111111111111111111111111111
/ncf/gershman/Lab/Exploration/rsaOutput/rsa2/betas_29.mat
loading cached betas from .mat file...
Elapsed time is 4.920341 seconds.
computing RDMs...
Elapsed time is 0.000075 seconds.
rsa 2, subj 20
which_trials = 11111111111111111111111111111111111111111111111111111111111111111111111111111111111111111111111111111111111110111111111111111011110111111111011101111111011011111111111111111111111111111111111111111111111111111111111111111111111111111111111111111111111111111111111111111111111111111111111111111111111111111111111111111111
/ncf/gershman/Lab/Exploration/rsaOutput/rsa2/betas_20.mat
loading cached betas from .mat file...
Elapsed time is 4.868141 seconds.
computing RDMs...
Elapsed time is 0.000075 seconds.
rsa 2, subj 7
which_trials = 11111111111111111011111111111111111111111111111111111111111111111111111111111111011111111111111111111111111111111111111111111111111111111111111111111111111111111111111111111111111111111111111111111111111111111111111111111111111111111111111111111111111111111111111111111111111111111111111111111111111111111111111111111111
/ncf/gershman/Lab/Exploration/rsaOutput/rsa2/betas_7.mat
loading cached betas from .mat file...
Elapsed time is 4.961375 seconds.
computing RDMs...
Elapsed time is 0.000061 seconds.
rsa 2, subj 30
which_trials = 11111111111111111111111111111111111111111111111111011111111111111111111111111111111111111111111111111111111111111111111111111111111111111111111111111111111111111111111111111111111111111111111111111111111111111111111111111111111111111111111111111111111111110111111111111011111111111111111111111111111111111111011111111111
/ncf/gershman/Lab/Exploration/rsaOutput/rsa2/betas_30.mat
loading cached betas from .mat file...
Elapsed time is 4.895180 seconds.
computing RDMs...
Elapsed time is 0.000060 seconds.
rsa 2, subj 9
which_trials = 11111111111111111111111111111111111111111111111111111111111111111111111111111111111111111111111111111111111111111011111111111111111111111111111111111111111111111111111111111111111111111111111111111111111111111111111111111111111111111111111111111111111111111111111111111111111111111111111111111111111111111111111111111111
/ncf/gershman/Lab/Exploration/rsaOutput/rsa2/betas_9.mat
loading cached betas from .mat file...
Elapsed time is 4.943625 seconds.
computing RDMs...
Elapsed time is 0.000056 seconds.
rsa 2, subj 31
which_trials = 11111101111111111111111111110101111111110111111111111111111111111111110111111111111111111101111111111111111111111111111101111111111111111111111111111111111111110111111111111111111111111111111111111111111111111111111111111111111111111111111111111111111111111111111111111111111111111111111111111111111111111111111111111111
/ncf/gershman/Lab/Exploration/rsaOutput/rsa2/betas_31.mat
loading cached betas from .mat file...
Elapsed time is 4.823527 seconds.
computing RDMs...
Elapsed time is 0.000086 seconds.
rsa 2, subj 8
which_trials = 11111111111111111111111111111111111111111111111111111101011111111111111111111111111111111111111111111111111111111111111111111111111111110111111110111111111111111111111111111111111111111111111111111111111111111111111111111111111111111111111111111111111111111111111111111111111111111111111111111111111111111111111111111111
/ncf/gershman/Lab/Exploration/rsaOutput/rsa2/betas_8.mat
loading cached betas from .mat file...
Elapsed time is 4.916529 seconds.
computing RDMs...
Elapsed time is 0.000069 seconds.
rsa 2, subj 21
which_trials = 11111111111111111111111111111111111111111111111111011111111111111111111111111111111111111111111111110111111111111111111111111111101111111111111111111111111111111111111111111111111111111111111111111111111111111111111111111111011111111111111111111111111111111111111111111111111111111111110111111111111111111111111111111111
/ncf/gershman/Lab/Exploration/rsaOutput/rsa2/betas_21.mat
loading cached betas from .mat file...
Elapsed time is 4.882986 seconds.
computing RDMs...
Elapsed time is 0.000052 seconds.
rsa 2, subj 15
which_trials = 11111111111111111111111111111111111111111111111111111111111111111111111111111111111111111111111111111111111111111111111111111111111111111111111111111111111111111111111111111111111111111111111111111111111111111111111111111111111111111111111111111111111111111111111111111111111111111111111111111111111111111111111111111111
/ncf/gershman/Lab/Exploration/rsaOutput/rsa2/betas_15.mat
loading cached betas from .mat file...
Elapsed time is 4.983173 seconds.
computing RDMs...
Elapsed time is 0.000058 seconds.
rsa 2, subj 19
which_trials = 11111111101111111111111111101111111111111111111111111111111111111111111111111111111111111111111111111111111111111111111111111111111111111111111111111111111111111111111111111111111111111111111111111111111111111111111111111111111111111111111111111111111111111111111111111111111111111111111111111111111111111111111111111111
/ncf/gershman/Lab/Exploration/rsaOutput/rsa2/betas_19.mat
loading cached betas from .mat file...
Elapsed time is 4.928666 seconds.
computing RDMs...
Elapsed time is 0.000051 seconds.
rsa 2, subj 4
which_trials = 1111111111111111111111111111111111111111111111111111111111111101111111111111111111111111111111111111111111111111111111111111111111111111111111111111111111111111000000000000000000000000000000000000000011111111111111111111111111110111111111111111111111111111111111111111111111111111
/ncf/gershman/Lab/Exploration/rsaOutput/rsa2/betas_4.mat
loading cached betas from .mat file...
Elapsed time is 3.723027 seconds.
computing RDMs...
Elapsed time is 0.000052 seconds.
rsa 2, subj 24
which_trials = 11111111111111111111111111111101111111111111111111011111111111111111111111111111111111111111111111111111111111111111111101111111111111111111111111111111111111111111111111111111111111111111111111111111111111111111111111111111111111111111111111111111111111111111111111111111111111111111111111111111111111111111111111111111
/ncf/gershman/Lab/Exploration/rsaOutput/rsa2/betas_24.mat
loading cached betas from .mat file...
Elapsed time is 5.104096 seconds.
computing RDMs...
Elapsed time is 0.000052 seconds.
rsa 2, subj 5
which_trials = 11111111111111111111011111111111111111111111111111111111111111111111111111111111111111111111111111111111111111111111111111111111111111111111111111111111111111111111111111111111111111111111111111111111011111111111111111111111111111111111111111111111111111111111111111111011111111111111111111111111111111111111111111111111
/ncf/gershman/Lab/Exploration/rsaOutput/rsa2/betas_5.mat
loading cached betas from .mat file...
Elapsed time is 4.892947 seconds.
computing RDMs...
Elapsed time is 0.000050 seconds.
rsa 2, subj 11
which_trials = 11111111111110111111111111111111101111111111111110111110111111111101011011110111101011111001111111101101110101111101111111111111111110111110111101111101011011001111111111111111111111111111101111010111111111111011111011101011101111011011111111111111010111111111011111111111011111011111111111111111111111111111111111111111
/ncf/gershman/Lab/Exploration/rsaOutput/rsa2/betas_11.mat
loading cached betas from .mat file...
Elapsed time is 4.334435 seconds.
computing RDMs...
Elapsed time is 0.000056 seconds.
rsa 2, subj 14
which_trials = 11111111111111111111111111111111111111111111111111111111111111111111111111111111111111111111111111111111111111111111111111111111111111111111111111111111111111111111111111111111111111111111111111111111111111111111111111111111111111111111111111111111111111111111111111111111111111111111111111111111111111111111111111111111
/ncf/gershman/Lab/Exploration/rsaOutput/rsa2/betas_14.mat
loading cached betas from .mat file...
Elapsed time is 4.939070 seconds.
computing RDMs...
Elapsed time is 0.000051 seconds.
rsa 2, subj 25
which_trials = 11111111111111111111111111111111111111111111111111111111111111111111111111111111111111111111111111111111111111111111111111111111111111111111111111111111111111111111111111111111111111111111111111111111111111111111111111111111111111111111111111111111111111111111111111111111111111111111111111111111111111111111111111111111
/ncf/gershman/Lab/Exploration/rsaOutput/rsa2/betas_25.mat
loading cached betas from .mat file...
Elapsed time is 4.935720 seconds.
computing RDMs...
Elapsed time is 0.000051 seconds.
rsa 2, subj 17
which_trials = 11111111111111111111111111111111111111111111111111111111111111111111111111111111111111111111111111111111111111111111111111111111111111111111111111111111111111110000000000000000000000000000000000000000111111111111111111111111111111111111111111111111111111111111111111111111111111111111111111111111111101111111111111111111
/ncf/gershman/Lab/Exploration/rsaOutput/rsa2/betas_17.mat
loading cached betas from .mat file...
Elapsed time is 4.319455 seconds.
computing RDMs...
Elapsed time is 0.000058 seconds.
rsa 2, subj 26
which_trials = 11111111111111111111111111111111111111111111111111111111111111111111111111111111111111111111111111111111111111111111111111111111111111111111111111111111111111111111111111111111111111111111111111111111111111111111111111111111111111111111111111111111111111111111111111111111111111111111111111111111111111111111111111111111
/ncf/gershman/Lab/Exploration/rsaOutput/rsa2/betas_26.mat
loading cached betas from .mat file...
Elapsed time is 4.945613 seconds.
computing RDMs...
Elapsed time is 0.000052 seconds.
rsa 2, subj 6
which_trials = 11111111111111111111011111111111111111111111111111111111111111111111111111111111111111111111111111111111111111111111111100000000000000000000000000000000000000001111111111111111111111111111111111111111111111111111111111111111110111111111111111111111111111111011111111111111111111111111111111111111111111111111111111111111
/ncf/gershman/Lab/Exploration/rsaOutput/rsa2/betas_6.mat
loading cached betas from .mat file...
Elapsed time is 4.285569 seconds.
computing RDMs...
Elapsed time is 0.000051 seconds.
rsa 2, subj 10
which_trials = 11111111111111111111111111111111111111111111111111111111111101111111111111111111111111111111111111111111111111111111111111111111111111111111111111111111111111111111111111111111111111111111111111111111111111111111111111111111111111110111111111111111111111111111111111111111111111111111111111111111101111111111111111111111
/ncf/gershman/Lab/Exploration/rsaOutput/rsa2/betas_10.mat
loading cached betas from .mat file...
Elapsed time is 4.903510 seconds.
computing RDMs...
Elapsed time is 0.000058 seconds.
rsa 2, subj 13
which_trials = 11111111111111111111111111111111111111111111111111111111111111111111111111111111111111110111111111111111111111111101111100000000000000000000000000000000000000001111111111111111111111111111111111111111111111111111111111111111111111111111111111111111111111111111111111111111111111111111111111111111111111111111111111111111
/ncf/gershman/Lab/Exploration/rsaOutput/rsa2/betas_13.mat
loading cached betas from .mat file...
Elapsed time is 4.304040 seconds.
computing RDMs...
Elapsed time is 0.000052 seconds.
rsa 2, subj 18
which_trials = 11111111111111111111111111111111111111111111111111111111111111111111111111111111111111111111111111111111111111111111111111111111111111111111111111111111111111110000000000000000000000000000000000000000111111111111111111111111111111111111111111111111111111111111111111111111111111111111111111111111101111111111111111111111
/ncf/gershman/Lab/Exploration/rsaOutput/rsa2/betas_18.mat
loading cached betas from .mat file...
Elapsed time is 4.322161 seconds.
computing RDMs...
Elapsed time is 0.000052 seconds.
>> 