
                            < M A T L A B (R) >
                  Copyright 1984-2017 The MathWorks, Inc.
                   R2017a (9.2.0.556344) 64-bit (glnxa64)
                               March 27, 2017

 
For online documentation, see http://www.mathworks.com/support
For product information, visit www.mathworks.com.
 
       datadir: '/ncf/gershman/Lab/Exploration/subjects/180725_UEP_001/preproc'
    structural: 'struct.nii'
    functional: {1×8 cell}

       datadir: '/ncf/gershman/Lab/Exploration/subjects/180727_UEP_002/preproc'
    structural: 'struct.nii'
    functional: {1×8 cell}

glm 1, subj 2, run 1
{Error using ==
Not enough input arguments.

Error in exploration_create_multi (line 43)
    which_trials = data.subject == subj & data.run == run;

Error in ccnl_fmri_glm (line 52)
            multi = EXPT.create_multi(model,subj,i);
} 
>> 