
                              < M A T L A B >
                  Copyright 1984-2007 The MathWorks, Inc.
                         Version 7.4.0.287 (R2007a)
                              January 29, 2007

 
  To get started, type one of these: helpwin, helpdesk, or demo.
  For product information, visit www.mathworks.com.
 
       datadir: [1x61 char]
    structural: 'struct.nii'
    functional: {1x8 cell}

       datadir: [1x61 char]
    structural: 'struct.nii'
    functional: {1x8 cell}

       datadir: [1x61 char]
    structural: 'struct.nii'
    functional: {1x6 cell}

       datadir: [1x61 char]
    structural: 'struct.nii'
    functional: {1x6 cell}

       datadir: [1x61 char]
    structural: 'struct.nii'
    functional: {1x8 cell}

       datadir: [1x61 char]
    structural: 'struct.nii'
    functional: {1x7 cell}

       datadir: [1x61 char]
    structural: 'struct.nii'
    functional: {1x8 cell}

       datadir: [1x61 char]
    structural: 'struct.nii'
    functional: {1x8 cell}

       datadir: [1x61 char]
    structural: 'struct.nii'
    functional: {1x8 cell}

       datadir: '/ncf/gershman/Lab/Exploration/subjects/180804_UEP010/preproc'
    structural: 'struct.nii'
    functional: {1x8 cell}

       datadir: [1x61 char]
    structural: 'struct.nii'
    functional: {1x8 cell}

       datadir: [1x61 char]
    structural: 'struct.nii'
    functional: {1x8 cell}

       datadir: [1x61 char]
    structural: 'struct.nii'
    functional: {1x7 cell}

       datadir: [1x61 char]
    structural: 'struct.nii'
    functional: {1x8 cell}

       datadir: [1x61 char]
    structural: 'struct.nii'
    functional: {1x8 cell}

       datadir: [1x61 char]
    structural: 'struct.nii'
    functional: {1x8 cell}

       datadir: [1x61 char]
    structural: 'struct.nii'
    functional: {1x7 cell}

       datadir: [1x63 char]
    structural: 'struct.nii'
    functional: {1x7 cell}

       datadir: [1x61 char]
    structural: 'struct.nii'
    functional: {1x8 cell}

       datadir: [1x61 char]
    structural: 'struct.nii'
    functional: {1x8 cell}

       datadir: [1x61 char]
    structural: 'struct.nii'
    functional: {1x8 cell}

       datadir: [1x61 char]
    structural: 'struct.nii'
    functional: {1x8 cell}

       datadir: [1x61 char]
    structural: 'struct.nii'
    functional: {1x8 cell}

       datadir: [1x61 char]
    structural: 'struct.nii'
    functional: {1x8 cell}

       datadir: [1x61 char]
    structural: 'struct.nii'
    functional: {1x8 cell}

       datadir: [1x61 char]
    structural: 'struct.nii'
    functional: {1x8 cell}

       datadir: [1x61 char]
    structural: 'struct.nii'
    functional: {1x8 cell}

       datadir: [1x61 char]
    structural: 'struct.nii'
    functional: {1x8 cell}

       datadir: [1x61 char]
    structural: 'struct.nii'
    functional: {1x8 cell}

       datadir: [1x61 char]
    structural: 'struct.nii'
    functional: {1x8 cell}

       datadir: [1x61 char]
    structural: 'struct.nii'
    functional: {1x8 cell}

>> 