
                            < M A T L A B (R) >
                  Copyright 1984-2017 The MathWorks, Inc.
                   R2017a (9.2.0.556344) 64-bit (glnxa64)
                               March 27, 2017

 
For online documentation, see http://www.mathworks.com/support
For product information, visit www.mathworks.com.
 
       datadir: '/ncf/gershman/Lab/Exploration/subjects/180725_UEP_001/preproc'
    structural: 'struct.nii'
    functional: {1×8 cell}

       datadir: '/ncf/gershman/Lab/Exploration/subjects/180727_UEP_002/preproc'
    structural: 'struct.nii'
    functional: {1×8 cell}

       datadir: '/ncf/gershman/Lab/Exploration/subjects/180727_UEP_003/preproc'
    structural: 'struct.nii'
    functional: {1×6 cell}

       datadir: '/ncf/gershman/Lab/Exploration/subjects/180730_UEP_004/preproc'
    structural: 'struct.nii'
    functional: {1×6 cell}

       datadir: '/ncf/gershman/Lab/Exploration/subjects/180730_UEP_005/preproc'
    structural: 'struct.nii'
    functional: {1×8 cell}

       datadir: '/ncf/gershman/Lab/Exploration/subjects/180801_UEP_006/preproc'
    structural: 'struct.nii'
    functional: {1×7 cell}

       datadir: '/ncf/gershman/Lab/Exploration/subjects/180802_UEP_007/preproc'
    structural: 'struct.nii'
    functional: {1×8 cell}

       datadir: '/ncf/gershman/Lab/Exploration/subjects/180803_UEP_008/preproc'
    structural: 'struct.nii'
    functional: {1×8 cell}

       datadir: '/ncf/gershman/Lab/Exploration/subjects/180803_UEP_009/preproc'
    structural: 'struct.nii'
    functional: {1×8 cell}

       datadir: '/ncf/gershman/Lab/Exploration/subjects/180804_UEP010/preproc'
    structural: 'struct.nii'
    functional: {1×8 cell}

       datadir: '/ncf/gershman/Lab/Exploration/subjects/180804_UEP_011/preproc'
    structural: 'struct.nii'
    functional: {1×8 cell}

       datadir: '/ncf/gershman/Lab/Exploration/subjects/180804_UEP_012/preproc'
    structural: 'struct.nii'
    functional: {1×8 cell}

       datadir: '/ncf/gershman/Lab/Exploration/subjects/180804_UEP_013/preproc'
    structural: 'struct.nii'
    functional: {1×7 cell}

       datadir: '/ncf/gershman/Lab/Exploration/subjects/180804_UEP_014/preproc'
    structural: 'struct.nii'
    functional: {1×8 cell}

       datadir: '/ncf/gershman/Lab/Exploration/subjects/180804_UEP_015/preproc'
    structural: 'struct.nii'
    functional: {1×8 cell}

       datadir: '/ncf/gershman/Lab/Exploration/subjects/180805_UEP_016/preproc'
    structural: 'struct.nii'
    functional: {1×8 cell}

       datadir: '/ncf/gershman/Lab/Exploration/subjects/180805_UEP_017/preproc'
    structural: 'struct.nii'
    functional: {1×7 cell}

       datadir: '/ncf/gershman/Lab/Exploration/subjects/180805_UEP_018_2/preproc'
    structural: 'struct.nii'
    functional: {1×7 cell}

       datadir: '/ncf/gershman/Lab/Exploration/subjects/180805_UEP_019/preproc'
    structural: 'struct.nii'
    functional: {1×8 cell}

       datadir: '/ncf/gershman/Lab/Exploration/subjects/180805_UEP_020/preproc'
    structural: 'struct.nii'
    functional: {1×8 cell}

       datadir: '/ncf/gershman/Lab/Exploration/subjects/180805_UEP_021/preproc'
    structural: 'struct.nii'
    functional: {1×8 cell}

       datadir: '/ncf/gershman/Lab/Exploration/subjects/180806_UEP_022/preproc'
    structural: 'struct.nii'
    functional: {1×8 cell}

       datadir: '/ncf/gershman/Lab/Exploration/subjects/180806_UEP_023/preproc'
    structural: 'struct.nii'
    functional: {1×8 cell}

       datadir: '/ncf/gershman/Lab/Exploration/subjects/180807_UEP_024/preproc'
    structural: 'struct.nii'
    functional: {1×8 cell}

       datadir: '/ncf/gershman/Lab/Exploration/subjects/180807_UEP_025/preproc'
    structural: 'struct.nii'
    functional: {1×8 cell}

       datadir: '/ncf/gershman/Lab/Exploration/subjects/180807_UEP_026/preproc'
    structural: 'struct.nii'
    functional: {1×8 cell}

       datadir: '/ncf/gershman/Lab/Exploration/subjects/180808_UEP_027/preproc'
    structural: 'struct.nii'
    functional: {1×8 cell}

       datadir: '/ncf/gershman/Lab/Exploration/subjects/180808_UEP_028/preproc'
    structural: 'struct.nii'
    functional: {1×8 cell}

       datadir: '/ncf/gershman/Lab/Exploration/subjects/180808_UEP_029/preproc'
    structural: 'struct.nii'
    functional: {1×8 cell}

       datadir: '/ncf/gershman/Lab/Exploration/subjects/180809_UEP_030/preproc'
    structural: 'struct.nii'
    functional: {1×8 cell}

       datadir: '/ncf/gershman/Lab/Exploration/subjects/180809_UEP_031/preproc'
    structural: 'struct.nii'
    functional: {1×8 cell}

rsa 2, subj 4
which_trials = 1111111111111111111111111111111111111111111111111111111111111101111111111111111111111111111111111111111111111111111111111111111111111111111111111111111111111111000000000000000000000000000000000000000011111111111111111111111111110111111111111111111111111111111111111111111111111111
rsa 2, subj 28
which_trials = 11111111111111111111111111111111111111111111111111111111111111111111111111111111111111111101111111111111111111111111111111111111111111111111111111111111111111111111111111111111111111111111111111111111111111111111111111111111111111111111111111111111111111111111111111111111111111111111111111111111111111111111111111111111
rsa 2, subj 13
which_trials = 11111111111111111111111111111111111111111111111111111111111111111111111111111111111111110111111111111111111111111101111100000000000000000000000000000000000000001111111111111111111111111111111111111111111111111111111111111111111111111111111111111111111111111111111111111111111111111111111111111111111111111111111111111111
rsa 2, subj 14
which_trials = 11111111111111111111111111111111111111111111111111111111111111111111111111111111111111111111111111111111111111111111111111111111111111111111111111111111111111111111111111111111111111111111111111111111111111111111111111111111111111111111111111111111111111111111111111111111111111111111111111111111111111111111111111111111
rsa 2, subj 18
which_trials = 11111111111111111111111111111111111111111111111111111111111111111111111111111111111111111111111111111111111111111111111111111111111111111111111111111111111111110000000000000000000000000000000000000000111111111111111111111111111111111111111111111111111111111111111111111111111111111111111111111111101111111111111111111111
rsa 2, subj 19
which_trials = 11111111101111111111111111101111111111111111111111111111111111111111111111111111111111111111111111111111111111111111111111111111111111111111111111111111111111111111111111111111111111111111111111111111111111111111111111111111111111111111111111111111111111111111111111111111111111111111111111111111111111111111111111111111
rsa 2, subj 8
which_trials = 11111111111111111111111111111111111111111111111111111101011111111111111111111111111111111111111111111111111111111111111111111111111111110111111110111111111111111111111111111111111111111111111111111111111111111111111111111111111111111111111111111111111111111111111111111111111111111111111111111111111111111111111111111111
rsa 2, subj 7
which_trials = 11111111111111111011111111111111111111111111111111111111111111111111111111111111011111111111111111111111111111111111111111111111111111111111111111111111111111111111111111111111111111111111111111111111111111111111111111111111111111111111111111111111111111111111111111111111111111111111111111111111111111111111111111111111
rsa 2, subj 9
which_trials = 11111111111111111111111111111111111111111111111111111111111111111111111111111111111111111111111111111111111111111011111111111111111111111111111111111111111111111111111111111111111111111111111111111111111111111111111111111111111111111111111111111111111111111111111111111111111111111111111111111111111111111111111111111111
rsa 2, subj 17
which_trials = 11111111111111111111111111111111111111111111111111111111111111111111111111111111111111111111111111111111111111111111111111111111111111111111111111111111111111110000000000000000000000000000000000000000111111111111111111111111111111111111111111111111111111111111111111111111111111111111111111111111111101111111111111111111
rsa 2, subj 20
which_trials = 11111111111111111111111111111111111111111111111111111111111111111111111111111111111111111111111111111111111110111111111111111011110111111111011101111111011011111111111111111111111111111111111111111111111111111111111111111111111111111111111111111111111111111111111111111111111111111111111111111111111111111111111111111111
rsa 2, subj 3
which_trials = 00000000000000000000000000000000000000001111111111111111110111111111111111111111000000000000000000000000000000000000000011111111111111111111111111111111011111111111111111111111011111111111111011111111111111111111111111111111111111111111111111111111111111111111111111111111111111111111111111101111111111111011111111111111
rsa 2, subj 25
which_trials = 11111111111111111111111111111111111111111111111111111111111111111111111111111111111111111111111111111111111111111111111111111111111111111111111111111111111111111111111111111111111111111111111111111111111111111111111111111111111111111111111111111111111111111111111111111111111111111111111111111111111111111111111111111111
rsa 2, subj 12
which_trials = 11111111111111111111111111111111111111111111111111111111111111111111111111111111111111111111111111111111111111111111111111111111111111111111111111111111111111111111111111111111111111111111111111111111111111111111111111111111111111111111111111111111111111111111111111111111111111111111111111111111111111111111111111111111
rsa 2, subj 30
which_trials = 11111111111111111111111111111111111111111111111111011111111111111111111111111111111111111111111111111111111111111111111111111111111111111111111111111111111111111111111111111111111111111111111111111111111111111111111111111111111111111111111111111111111111110111111111111011111111111111111111111111111111111111011111111111
rsa 2, subj 26
which_trials = 11111111111111111111111111111111111111111111111111111111111111111111111111111111111111111111111111111111111111111111111111111111111111111111111111111111111111111111111111111111111111111111111111111111111111111111111111111111111111111111111111111111111111111111111111111111111111111111111111111111111111111111111111111111
rsa 2, subj 29
which_trials = 11111111111111011111111111111111111111111111111111111111111111111111111111111111111111111111111110111111111111111111111111111111110111111111111111111101111111111111111111111111111111111111111111111111111111111111111111111111111111111111111111111111111111111111111111111111111111111111111111111111111111111111111111111111
rsa 2, subj 31
which_trials = 11111101111111111111111111110101111111110111111111111111111111111111110111111111111111111101111111111111111111111111111101111111111111111111111111111111111111110111111111111111111111111111111111111111111111111111111111111111111111111111111111111111111111111111111111111111111111111111111111111111111111111111111111111111
rsa 2, subj 10
which_trials = 11111111111111111111111111111111111111111111111111111111111101111111111111111111111111111111111111111111111111111111111111111111111111111111111111111111111111111111111111111111111111111111111111111111111111111111111111111111111111110111111111111111111111111111111111111111111111111111111111111111101111111111111111111111
rsa 2, subj 1
which_trials = 11111111111111111111111111111111111111111111111111111111111111111111111111111111111111111111111111111111111111111111111111111111111111111111111111111111111111111111111111111111111111111111111111111111111111111111111111111111111111111111111111111111111111111111111111111111111111111111111111111111111111111111111111111111
rsa 2, subj 23
which_trials = 11111111111111111111111111111111111111111111111111111111111111111111111111111111111111111111111111111111111111111111111111111111111111111111111111111111111111111111111111111111111111111111111111111111111111111111111111111111111111111111111111111111111111111111111111111111111111111111111111111111111111111111111111111111
rsa 2, subj 11
which_trials = 11111111111110111111111111111111101111111111111110111110111111111101011011110111101011111001111111101101110101111101111111111111111110111110111101111101011011001111111111111111111111111111101111010111111111111011111011101011101111011011111111111111010111111111011111111111011111011111111111111111111111111111111111111111
rsa 2, subj 2
which_trials = 11111111111111111111111111111101111111111111111111111111111111111111111111111111111111111111111111111111111111111111111111111111111111111111111111111111111111111111111111111111111111111111111111111111111111111111111111111111111111111111111111111111111111111111111111111111111111111111111111111111111111111111111111111111
rsa 2, subj 15
which_trials = 11111111111111111111111111111111111111111111111111111111111111111111111111111111111111111111111111111111111111111111111111111111111111111111111111111111111111111111111111111111111111111111111111111111111111111111111111111111111111111111111111111111111111111111111111111111111111111111111111111111111111111111111111111111
rsa 2, subj 16
which_trials = 11111111110111111111011011111101111111111111111111111111111111111111111111111111111111111111111111111111111111111111111111111111111111111111011111111111111111111111111111111111111111111111111111111111111111111111111111111111111111111111111111111111111111111111111111111111111111111111111111111111111111111111110111111111
rsa 2, subj 24
which_trials = 11111111111111111111111111111101111111111111111111011111111111111111111111111111111111111111111111111111111111111111111101111111111111111111111111111111111111111111111111111111111111111111111111111111111111111111111111111111111111111111111111111111111111111111111111111111111111111111111111111111111111111111111111111111
rsa 2, subj 21
which_trials = 11111111111111111111111111111111111111111111111111011111111111111111111111111111111111111111111111110111111111111111111111111111101111111111111111111111111111111111111111111111111111111111111111111111111111111111111111111111011111111111111111111111111111111111111111111111111111111111110111111111111111111111111111111111
rsa 2, subj 22
which_trials = 11111111111111111111111111111111111111111111111110111111111111011111111111111011111111011111011111111111101110111101011111111101101111111111111111111111111111111111111111111111111111111111111111111111111111111111111111111111111111111111111111111111111111111111111111111111111111111111111111111111111111111111111111111111
rsa 2, subj 6
which_trials = 11111111111111111111011111111111111111111111111111111111111111111111111111111111111111111111111111111111111111111111111100000000000000000000000000000000000000001111111111111111111111111111111111111111111111111111111111111111110111111111111111111111111111111011111111111111111111111111111111111111111111111111111111111111
rsa 2, subj 27
which_trials = 11111111111111111111011111111111111111111111111111111111111111111111111111111111111111111111111111111111111111111111111111111111111111111111111111111111111111111111111111111111111111111111111111111111111111111111111111111111111111111111111111111111111111111111111111111111111111111111111111111111111111111111111111111111
rsa 2, subj 5
which_trials = 11111111111111111111011111111111111111111111111111111111111111111111111111111111111111111111111111111111111111111111111111111111111111111111111111111111111111111111111111111111111111111111111111111111011111111111111111111111111111111111111111111111111111111111111111111011111111111111111111111111111111111111111111111111

------- subbatch 1-1000 ------

/ncf/gershman/Lab/Exploration/rsaOutput/rsa2/searchlight_240001-241000_DESKZCEPEP.mat
rsa 2, subj 1
which_trials = 11111111111111111111111111111111111111111111111111111111111111111111111111111111111111111111111111111111111111111111111111111111111111111111111111111111111111111111111111111111111111111111111111111111111111111111111111111111111111111111111111111111111111111111111111111111111111111111111111111111111111111111111111111111
mask
rsa 2, subj 4
which_trials = 1111111111111111111111111111111111111111111111111111111111111101111111111111111111111111111111111111111111111111111111111111111111111111111111111111111111111111000000000000000000000000000000000000000011111111111111111111111111110111111111111111111111111111111111111111111111111111
/ncf/gershman/Lab/Exploration/rsaOutput/rsa2/betas_4.mat
loading cached betas from .mat file...
Elapsed time is 3.970073 seconds.
computing RDMs...
Elapsed time is 0.000205 seconds.
rsa 2, subj 28
which_trials = 11111111111111111111111111111111111111111111111111111111111111111111111111111111111111111101111111111111111111111111111111111111111111111111111111111111111111111111111111111111111111111111111111111111111111111111111111111111111111111111111111111111111111111111111111111111111111111111111111111111111111111111111111111111
/ncf/gershman/Lab/Exploration/rsaOutput/rsa2/betas_28.mat
loading cached betas from .mat file...
Elapsed time is 5.363499 seconds.
computing RDMs...
Elapsed time is 0.001021 seconds.
rsa 2, subj 13
which_trials = 11111111111111111111111111111111111111111111111111111111111111111111111111111111111111110111111111111111111111111101111100000000000000000000000000000000000000001111111111111111111111111111111111111111111111111111111111111111111111111111111111111111111111111111111111111111111111111111111111111111111111111111111111111111
/ncf/gershman/Lab/Exploration/rsaOutput/rsa2/betas_13.mat
loading cached betas from .mat file...
Elapsed time is 4.448278 seconds.
computing RDMs...
Elapsed time is 0.000138 seconds.
rsa 2, subj 14
which_trials = 11111111111111111111111111111111111111111111111111111111111111111111111111111111111111111111111111111111111111111111111111111111111111111111111111111111111111111111111111111111111111111111111111111111111111111111111111111111111111111111111111111111111111111111111111111111111111111111111111111111111111111111111111111111
/ncf/gershman/Lab/Exploration/rsaOutput/rsa2/betas_14.mat
loading cached betas from .mat file...
Elapsed time is 4.940674 seconds.
computing RDMs...
Elapsed time is 0.000144 seconds.
rsa 2, subj 18
which_trials = 11111111111111111111111111111111111111111111111111111111111111111111111111111111111111111111111111111111111111111111111111111111111111111111111111111111111111110000000000000000000000000000000000000000111111111111111111111111111111111111111111111111111111111111111111111111111111111111111111111111101111111111111111111111
/ncf/gershman/Lab/Exploration/rsaOutput/rsa2/betas_18.mat
loading cached betas from .mat file...
Elapsed time is 4.453419 seconds.
computing RDMs...
Elapsed time is 0.000659 seconds.
rsa 2, subj 19
which_trials = 11111111101111111111111111101111111111111111111111111111111111111111111111111111111111111111111111111111111111111111111111111111111111111111111111111111111111111111111111111111111111111111111111111111111111111111111111111111111111111111111111111111111111111111111111111111111111111111111111111111111111111111111111111111
/ncf/gershman/Lab/Exploration/rsaOutput/rsa2/betas_19.mat
loading cached betas from .mat file...
Elapsed time is 4.918892 seconds.
computing RDMs...
Elapsed time is 0.000072 seconds.
rsa 2, subj 8
which_trials = 11111111111111111111111111111111111111111111111111111101011111111111111111111111111111111111111111111111111111111111111111111111111111110111111110111111111111111111111111111111111111111111111111111111111111111111111111111111111111111111111111111111111111111111111111111111111111111111111111111111111111111111111111111111
/ncf/gershman/Lab/Exploration/rsaOutput/rsa2/betas_8.mat
loading cached betas from .mat file...
Elapsed time is 4.879685 seconds.
computing RDMs...
Elapsed time is 0.000099 seconds.
rsa 2, subj 7
which_trials = 11111111111111111011111111111111111111111111111111111111111111111111111111111111011111111111111111111111111111111111111111111111111111111111111111111111111111111111111111111111111111111111111111111111111111111111111111111111111111111111111111111111111111111111111111111111111111111111111111111111111111111111111111111111
/ncf/gershman/Lab/Exploration/rsaOutput/rsa2/betas_7.mat
loading cached betas from .mat file...
Elapsed time is 5.175965 seconds.
computing RDMs...
Elapsed time is 0.000077 seconds.
rsa 2, subj 9
which_trials = 11111111111111111111111111111111111111111111111111111111111111111111111111111111111111111111111111111111111111111011111111111111111111111111111111111111111111111111111111111111111111111111111111111111111111111111111111111111111111111111111111111111111111111111111111111111111111111111111111111111111111111111111111111111
/ncf/gershman/Lab/Exploration/rsaOutput/rsa2/betas_9.mat
loading cached betas from .mat file...
Elapsed time is 4.924889 seconds.
computing RDMs...
Elapsed time is 0.000079 seconds.
rsa 2, subj 17
which_trials = 11111111111111111111111111111111111111111111111111111111111111111111111111111111111111111111111111111111111111111111111111111111111111111111111111111111111111110000000000000000000000000000000000000000111111111111111111111111111111111111111111111111111111111111111111111111111111111111111111111111111101111111111111111111
/ncf/gershman/Lab/Exploration/rsaOutput/rsa2/betas_17.mat
loading cached betas from .mat file...
Elapsed time is 4.306838 seconds.
computing RDMs...
Elapsed time is 0.000915 seconds.
rsa 2, subj 20
which_trials = 11111111111111111111111111111111111111111111111111111111111111111111111111111111111111111111111111111111111110111111111111111011110111111111011101111111011011111111111111111111111111111111111111111111111111111111111111111111111111111111111111111111111111111111111111111111111111111111111111111111111111111111111111111111
/ncf/gershman/Lab/Exploration/rsaOutput/rsa2/betas_20.mat
loading cached betas from .mat file...
Elapsed time is 4.831814 seconds.
computing RDMs...
Elapsed time is 0.000074 seconds.
rsa 2, subj 3
which_trials = 00000000000000000000000000000000000000001111111111111111110111111111111111111111000000000000000000000000000000000000000011111111111111111111111111111111011111111111111111111111011111111111111011111111111111111111111111111111111111111111111111111111111111111111111111111111111111111111111111101111111111111011111111111111
/ncf/gershman/Lab/Exploration/rsaOutput/rsa2/betas_3.mat
loading cached betas from .mat file...
Elapsed time is 3.673453 seconds.
computing RDMs...
Elapsed time is 0.000051 seconds.
rsa 2, subj 25
which_trials = 11111111111111111111111111111111111111111111111111111111111111111111111111111111111111111111111111111111111111111111111111111111111111111111111111111111111111111111111111111111111111111111111111111111111111111111111111111111111111111111111111111111111111111111111111111111111111111111111111111111111111111111111111111111
/ncf/gershman/Lab/Exploration/rsaOutput/rsa2/betas_25.mat
loading cached betas from .mat file...
Elapsed time is 4.930819 seconds.
computing RDMs...
Elapsed time is 0.000061 seconds.
rsa 2, subj 12
which_trials = 11111111111111111111111111111111111111111111111111111111111111111111111111111111111111111111111111111111111111111111111111111111111111111111111111111111111111111111111111111111111111111111111111111111111111111111111111111111111111111111111111111111111111111111111111111111111111111111111111111111111111111111111111111111
/ncf/gershman/Lab/Exploration/rsaOutput/rsa2/betas_12.mat
loading cached betas from .mat file...
Elapsed time is 4.937895 seconds.
computing RDMs...
Elapsed time is 0.000052 seconds.
rsa 2, subj 30
which_trials = 11111111111111111111111111111111111111111111111111011111111111111111111111111111111111111111111111111111111111111111111111111111111111111111111111111111111111111111111111111111111111111111111111111111111111111111111111111111111111111111111111111111111111110111111111111011111111111111111111111111111111111111011111111111
/ncf/gershman/Lab/Exploration/rsaOutput/rsa2/betas_30.mat
loading cached betas from .mat file...
Elapsed time is 4.900760 seconds.
computing RDMs...
Elapsed time is 0.000057 seconds.
rsa 2, subj 26
which_trials = 11111111111111111111111111111111111111111111111111111111111111111111111111111111111111111111111111111111111111111111111111111111111111111111111111111111111111111111111111111111111111111111111111111111111111111111111111111111111111111111111111111111111111111111111111111111111111111111111111111111111111111111111111111111
/ncf/gershman/Lab/Exploration/rsaOutput/rsa2/betas_26.mat
loading cached betas from .mat file...
Elapsed time is 4.952786 seconds.
computing RDMs...
Elapsed time is 0.000053 seconds.
rsa 2, subj 29
which_trials = 11111111111111011111111111111111111111111111111111111111111111111111111111111111111111111111111110111111111111111111111111111111110111111111111111111101111111111111111111111111111111111111111111111111111111111111111111111111111111111111111111111111111111111111111111111111111111111111111111111111111111111111111111111111
/ncf/gershman/Lab/Exploration/rsaOutput/rsa2/betas_29.mat
loading cached betas from .mat file...
Elapsed time is 4.889447 seconds.
computing RDMs...
Elapsed time is 0.000051 seconds.
rsa 2, subj 31
which_trials = 11111101111111111111111111110101111111110111111111111111111111111111110111111111111111111101111111111111111111111111111101111111111111111111111111111111111111110111111111111111111111111111111111111111111111111111111111111111111111111111111111111111111111111111111111111111111111111111111111111111111111111111111111111111
/ncf/gershman/Lab/Exploration/rsaOutput/rsa2/betas_31.mat
loading cached betas from .mat file...
Elapsed time is 5.041061 seconds.
computing RDMs...
Elapsed time is 0.000058 seconds.
rsa 2, subj 10
which_trials = 11111111111111111111111111111111111111111111111111111111111101111111111111111111111111111111111111111111111111111111111111111111111111111111111111111111111111111111111111111111111111111111111111111111111111111111111111111111111111110111111111111111111111111111111111111111111111111111111111111111101111111111111111111111
/ncf/gershman/Lab/Exploration/rsaOutput/rsa2/betas_10.mat
loading cached betas from .mat file...
Elapsed time is 5.118974 seconds.
computing RDMs...
Elapsed time is 0.000062 seconds.
rsa 2, subj 1
which_trials = 11111111111111111111111111111111111111111111111111111111111111111111111111111111111111111111111111111111111111111111111111111111111111111111111111111111111111111111111111111111111111111111111111111111111111111111111111111111111111111111111111111111111111111111111111111111111111111111111111111111111111111111111111111111
/ncf/gershman/Lab/Exploration/rsaOutput/rsa2/betas_1.mat
loading cached betas from .mat file...
Elapsed time is 4.967446 seconds.
computing RDMs...
Elapsed time is 0.000050 seconds.
rsa 2, subj 23
which_trials = 11111111111111111111111111111111111111111111111111111111111111111111111111111111111111111111111111111111111111111111111111111111111111111111111111111111111111111111111111111111111111111111111111111111111111111111111111111111111111111111111111111111111111111111111111111111111111111111111111111111111111111111111111111111
/ncf/gershman/Lab/Exploration/rsaOutput/rsa2/betas_23.mat
loading cached betas from .mat file...
Elapsed time is 5.106403 seconds.
computing RDMs...
Elapsed time is 0.000062 seconds.
rsa 2, subj 11
which_trials = 11111111111110111111111111111111101111111111111110111110111111111101011011110111101011111001111111101101110101111101111111111111111110111110111101111101011011001111111111111111111111111111101111010111111111111011111011101011101111011011111111111111010111111111011111111111011111011111111111111111111111111111111111111111
/ncf/gershman/Lab/Exploration/rsaOutput/rsa2/betas_11.mat
loading cached betas from .mat file...
Elapsed time is 4.337957 seconds.
computing RDMs...
Elapsed time is 0.000051 seconds.
rsa 2, subj 2
which_trials = 11111111111111111111111111111101111111111111111111111111111111111111111111111111111111111111111111111111111111111111111111111111111111111111111111111111111111111111111111111111111111111111111111111111111111111111111111111111111111111111111111111111111111111111111111111111111111111111111111111111111111111111111111111111
/ncf/gershman/Lab/Exploration/rsaOutput/rsa2/betas_2.mat
loading cached betas from .mat file...
Elapsed time is 4.939613 seconds.
computing RDMs...
Elapsed time is 0.000052 seconds.
rsa 2, subj 15
which_trials = 11111111111111111111111111111111111111111111111111111111111111111111111111111111111111111111111111111111111111111111111111111111111111111111111111111111111111111111111111111111111111111111111111111111111111111111111111111111111111111111111111111111111111111111111111111111111111111111111111111111111111111111111111111111
/ncf/gershman/Lab/Exploration/rsaOutput/rsa2/betas_15.mat
loading cached betas from .mat file...
Elapsed time is 4.935726 seconds.
computing RDMs...
Elapsed time is 0.000061 seconds.
rsa 2, subj 16
which_trials = 11111111110111111111011011111101111111111111111111111111111111111111111111111111111111111111111111111111111111111111111111111111111111111111011111111111111111111111111111111111111111111111111111111111111111111111111111111111111111111111111111111111111111111111111111111111111111111111111111111111111111111111110111111111
/ncf/gershman/Lab/Exploration/rsaOutput/rsa2/betas_16.mat
loading cached betas from .mat file...
Elapsed time is 5.072344 seconds.
computing RDMs...
Elapsed time is 0.000496 seconds.
rsa 2, subj 24
which_trials = 11111111111111111111111111111101111111111111111111011111111111111111111111111111111111111111111111111111111111111111111101111111111111111111111111111111111111111111111111111111111111111111111111111111111111111111111111111111111111111111111111111111111111111111111111111111111111111111111111111111111111111111111111111111
/ncf/gershman/Lab/Exploration/rsaOutput/rsa2/betas_24.mat
loading cached betas from .mat file...
Elapsed time is 4.908473 seconds.
computing RDMs...
Elapsed time is 0.000060 seconds.
rsa 2, subj 21
which_trials = 11111111111111111111111111111111111111111111111111011111111111111111111111111111111111111111111111110111111111111111111111111111101111111111111111111111111111111111111111111111111111111111111111111111111111111111111111111111011111111111111111111111111111111111111111111111111111111111110111111111111111111111111111111111
/ncf/gershman/Lab/Exploration/rsaOutput/rsa2/betas_21.mat
loading cached betas from .mat file...
Elapsed time is 4.860481 seconds.
computing RDMs...
Elapsed time is 0.000051 seconds.
rsa 2, subj 22
which_trials = 11111111111111111111111111111111111111111111111110111111111111011111111111111011111111011111011111111111101110111101011111111101101111111111111111111111111111111111111111111111111111111111111111111111111111111111111111111111111111111111111111111111111111111111111111111111111111111111111111111111111111111111111111111111
/ncf/gershman/Lab/Exploration/rsaOutput/rsa2/betas_22.mat
loading cached betas from .mat file...
Elapsed time is 4.755577 seconds.
computing RDMs...
Elapsed time is 0.000058 seconds.
rsa 2, subj 6
which_trials = 11111111111111111111011111111111111111111111111111111111111111111111111111111111111111111111111111111111111111111111111100000000000000000000000000000000000000001111111111111111111111111111111111111111111111111111111111111111110111111111111111111111111111111011111111111111111111111111111111111111111111111111111111111111
/ncf/gershman/Lab/Exploration/rsaOutput/rsa2/betas_6.mat
loading cached betas from .mat file...
Elapsed time is 4.304111 seconds.
computing RDMs...
Elapsed time is 0.000053 seconds.
rsa 2, subj 27
which_trials = 11111111111111111111011111111111111111111111111111111111111111111111111111111111111111111111111111111111111111111111111111111111111111111111111111111111111111111111111111111111111111111111111111111111111111111111111111111111111111111111111111111111111111111111111111111111111111111111111111111111111111111111111111111111
/ncf/gershman/Lab/Exploration/rsaOutput/rsa2/betas_27.mat
loading cached betas from .mat file...
Elapsed time is 4.929304 seconds.
computing RDMs...
Elapsed time is 0.000055 seconds.
rsa 2, subj 5
which_trials = 11111111111111111111011111111111111111111111111111111111111111111111111111111111111111111111111111111111111111111111111111111111111111111111111111111111111111111111111111111111111111111111111111111111011111111111111111111111111111111111111111111111111111111111111111111011111111111111111111111111111111111111111111111111
/ncf/gershman/Lab/Exploration/rsaOutput/rsa2/betas_5.mat
loading cached betas from .mat file...
Elapsed time is 5.142999 seconds.
computing RDMs...
Elapsed time is 0.000063 seconds.
>> 