
                            < M A T L A B (R) >
                  Copyright 1984-2017 The MathWorks, Inc.
                   R2017a (9.2.0.556344) 64-bit (glnxa64)
                               March 27, 2017

 
For online documentation, see http://www.mathworks.com/support
For product information, visit www.mathworks.com.
 
       datadir: '/ncf/gershman/Lab/Exploration/subjects/180725_UEP_001/preproc'
    structural: 'struct.nii'
    functional: {1×8 cell}

       datadir: '/ncf/gershman/Lab/Exploration/subjects/180727_UEP_002/preproc'
    structural: 'struct.nii'
    functional: {1×8 cell}

       datadir: '/ncf/gershman/Lab/Exploration/subjects/180727_UEP_003/preproc'
    structural: 'struct.nii'
    functional: {1×6 cell}

       datadir: '/ncf/gershman/Lab/Exploration/subjects/180730_UEP_004/preproc'
    structural: 'struct.nii'
    functional: {1×6 cell}

       datadir: '/ncf/gershman/Lab/Exploration/subjects/180730_UEP_005/preproc'
    structural: 'struct.nii'
    functional: {1×8 cell}

       datadir: '/ncf/gershman/Lab/Exploration/subjects/180801_UEP_006/preproc'
    structural: 'struct.nii'
    functional: {1×7 cell}

       datadir: '/ncf/gershman/Lab/Exploration/subjects/180802_UEP_007/preproc'
    structural: 'struct.nii'
    functional: {1×8 cell}

       datadir: '/ncf/gershman/Lab/Exploration/subjects/180803_UEP_008/preproc'
    structural: 'struct.nii'
    functional: {1×8 cell}

       datadir: '/ncf/gershman/Lab/Exploration/subjects/180803_UEP_009/preproc'
    structural: 'struct.nii'
    functional: {1×8 cell}

       datadir: '/ncf/gershman/Lab/Exploration/subjects/180804_UEP010/preproc'
    structural: 'struct.nii'
    functional: {1×8 cell}

       datadir: '/ncf/gershman/Lab/Exploration/subjects/180804_UEP_011/preproc'
    structural: 'struct.nii'
    functional: {1×8 cell}

       datadir: '/ncf/gershman/Lab/Exploration/subjects/180804_UEP_012/preproc'
    structural: 'struct.nii'
    functional: {1×8 cell}

       datadir: '/ncf/gershman/Lab/Exploration/subjects/180804_UEP_013/preproc'
    structural: 'struct.nii'
    functional: {1×7 cell}

       datadir: '/ncf/gershman/Lab/Exploration/subjects/180804_UEP_014/preproc'
    structural: 'struct.nii'
    functional: {1×8 cell}

       datadir: '/ncf/gershman/Lab/Exploration/subjects/180804_UEP_015/preproc'
    structural: 'struct.nii'
    functional: {1×8 cell}

       datadir: '/ncf/gershman/Lab/Exploration/subjects/180805_UEP_016/preproc'
    structural: 'struct.nii'
    functional: {1×8 cell}

       datadir: '/ncf/gershman/Lab/Exploration/subjects/180805_UEP_017/preproc'
    structural: 'struct.nii'
    functional: {1×7 cell}

       datadir: '/ncf/gershman/Lab/Exploration/subjects/180805_UEP_018_2/preproc'
    structural: 'struct.nii'
    functional: {1×7 cell}

       datadir: '/ncf/gershman/Lab/Exploration/subjects/180805_UEP_019/preproc'
    structural: 'struct.nii'
    functional: {1×8 cell}

       datadir: '/ncf/gershman/Lab/Exploration/subjects/180805_UEP_020/preproc'
    structural: 'struct.nii'
    functional: {1×8 cell}

       datadir: '/ncf/gershman/Lab/Exploration/subjects/180805_UEP_021/preproc'
    structural: 'struct.nii'
    functional: {1×8 cell}

       datadir: '/ncf/gershman/Lab/Exploration/subjects/180806_UEP_022/preproc'
    structural: 'struct.nii'
    functional: {1×8 cell}

       datadir: '/ncf/gershman/Lab/Exploration/subjects/180806_UEP_023/preproc'
    structural: 'struct.nii'
    functional: {1×8 cell}

       datadir: '/ncf/gershman/Lab/Exploration/subjects/180807_UEP_024/preproc'
    structural: 'struct.nii'
    functional: {1×8 cell}

       datadir: '/ncf/gershman/Lab/Exploration/subjects/180807_UEP_025/preproc'
    structural: 'struct.nii'
    functional: {1×8 cell}

       datadir: '/ncf/gershman/Lab/Exploration/subjects/180807_UEP_026/preproc'
    structural: 'struct.nii'
    functional: {1×8 cell}

       datadir: '/ncf/gershman/Lab/Exploration/subjects/180808_UEP_027/preproc'
    structural: 'struct.nii'
    functional: {1×8 cell}

       datadir: '/ncf/gershman/Lab/Exploration/subjects/180808_UEP_028/preproc'
    structural: 'struct.nii'
    functional: {1×8 cell}

       datadir: '/ncf/gershman/Lab/Exploration/subjects/180808_UEP_029/preproc'
    structural: 'struct.nii'
    functional: {1×8 cell}

       datadir: '/ncf/gershman/Lab/Exploration/subjects/180809_UEP_030/preproc'
    structural: 'struct.nii'
    functional: {1×8 cell}

       datadir: '/ncf/gershman/Lab/Exploration/subjects/180809_UEP_031/preproc'
    structural: 'struct.nii'
    functional: {1×8 cell}

Duplicate application tag in applications 'SPM' and 'SPM'.
Duplicate application tag in applications 'BasicIO' and 'BasicIO'.

ans =

    'RU'


con =

  cell

    'RU'


sgn =

  cell

    '+'


convec =

  Columns 1 through 7

         0    0.1250         0         0         0         0         0

  Columns 8 through 14

         0         0         0         0         0         0         0

  Columns 15 through 21

    0.1250         0         0         0         0         0         0

  Columns 22 through 28

         0         0         0         0         0         0    0.1250

  Columns 29 through 35

         0         0         0         0         0         0         0

  Columns 36 through 42

         0         0         0         0         0    0.1250         0

  Columns 43 through 49

         0         0         0         0         0         0         0

  Columns 50 through 56

         0         0         0         0    0.1250         0         0

  Columns 57 through 63

         0         0         0         0         0         0         0

  Columns 64 through 70

         0         0         0    0.1250         0         0         0

  Columns 71 through 77

         0         0         0         0         0         0         0

  Columns 78 through 84

         0         0    0.1250         0         0         0         0

  Columns 85 through 91

         0         0         0         0         0         0         0

  Columns 92 through 98

         0    0.1250         0         0         0         0         0

  Columns 99 through 105

         0         0         0         0         0         0         0

  Columns 106 through 112

         0         0         0         0         0         0         0


ans =

    'VTU'


con =

  cell

    'VTU'


sgn =

  cell

    '+'


convec =

  Columns 1 through 7

         0    0.1250         0         0         0         0         0
         0         0    0.1250         0         0         0         0

  Columns 8 through 14

         0         0         0         0         0         0         0
         0         0         0         0         0         0         0

  Columns 15 through 21

    0.1250         0         0         0         0         0         0
         0    0.1250         0         0         0         0         0

  Columns 22 through 28

         0         0         0         0         0         0    0.1250
         0         0         0         0         0         0         0

  Columns 29 through 35

         0         0         0         0         0         0         0
    0.1250         0         0         0         0         0         0

  Columns 36 through 42

         0         0         0         0         0    0.1250         0
         0         0         0         0         0         0    0.1250

  Columns 43 through 49

         0         0         0         0         0         0         0
         0         0         0         0         0         0         0

  Columns 50 through 56

         0         0         0         0    0.1250         0         0
         0         0         0         0         0    0.1250         0

  Columns 57 through 63

         0         0         0         0         0         0         0
         0         0         0         0         0         0         0

  Columns 64 through 70

         0         0         0    0.1250         0         0         0
         0         0         0         0    0.1250         0         0

  Columns 71 through 77

         0         0         0         0         0         0         0
         0         0         0         0         0         0         0

  Columns 78 through 84

         0         0    0.1250         0         0         0         0
         0         0         0    0.1250         0         0         0

  Columns 85 through 91

         0         0         0         0         0         0         0
         0         0         0         0         0         0         0

  Columns 92 through 98

         0    0.1250         0         0         0         0         0
         0         0    0.1250         0         0         0         0

  Columns 99 through 105

         0         0         0         0         0         0         0
         0         0         0         0         0         0         0

  Columns 106 through 112

         0         0         0         0         0         0         0
         0         0         0         0         0         0         0


ans =

    'RS - VTU'


con =

  1×2 cell array

    'RS '    ' VTU'


sgn =

  1×2 cell array

    '+'    '-'

>> 