
                            < M A T L A B (R) >
                  Copyright 1984-2017 The MathWorks, Inc.
                   R2017a (9.2.0.556344) 64-bit (glnxa64)
                               March 27, 2017

 
For online documentation, see http://www.mathworks.com/support
For product information, visit www.mathworks.com.
 
       datadir: '/ncf/gershman/Lab/Exploration/subjects/180725_UEP_001/preproc'
    structural: 'struct.nii'
    functional: {1×8 cell}

       datadir: '/ncf/gershman/Lab/Exploration/subjects/180727_UEP_002/preproc'
    structural: 'struct.nii'
    functional: {1×8 cell}

glm 1, subj 2, run 1
glm 1, subj 2, run 2
glm 1, subj 2, run 3
glm 1, subj 2, run 4
glm 1, subj 2, run 5
glm 1, subj 2, run 6
glm 1, subj 2, run 7
glm 1, subj 2, run 8

SPM12: spm_fMRI_design (v5183)                     21:52:22 - 27/07/2018
========================================================================
{Error using svd
Input to SVD must not contain NaN or Inf.

Error in rank (line 14)
s = svd(A);

Error in spm_orth (line 34)
rankX = rank(full(X));

Error in spm_get_ons (line 116)
        u     = spm_orth(u);

Error in spm_fMRI_design (line 221)
    U = spm_get_ons(SPM,s);

Error in spm_fmri_spm_ui (line 183)
SPM   = spm_fMRI_design(SPM);

Error in spm_run_fmri_spec (line 360)
SPM = spm_fmri_spm_ui(SPM);

Error in ccnl_fmri_glm (line 64)
        job = spm_run_fmri_spec(job);
} 
>> 