
                            < M A T L A B (R) >
                  Copyright 1984-2017 The MathWorks, Inc.
                   R2017a (9.2.0.556344) 64-bit (glnxa64)
                               March 27, 2017

 
For online documentation, see http://www.mathworks.com/support
For product information, visit www.mathworks.com.
 
       datadir: '/ncf/gershman/Lab/Exploration/subjects/180725_UEP_001/preproc'
    structural: 'struct.nii'
    functional: {1×8 cell}

       datadir: '/ncf/gershman/Lab/Exploration/subjects/180727_UEP_002/preproc'
    structural: 'struct.nii'
    functional: {1×8 cell}

       datadir: '/ncf/gershman/Lab/Exploration/subjects/180727_UEP_003/preproc'
    structural: 'struct.nii'
    functional: {1×6 cell}

       datadir: '/ncf/gershman/Lab/Exploration/subjects/180730_UEP_004/preproc'
    structural: 'struct.nii'
    functional: {1×6 cell}

       datadir: '/ncf/gershman/Lab/Exploration/subjects/180730_UEP_005/preproc'
    structural: 'struct.nii'
    functional: {1×8 cell}

       datadir: '/ncf/gershman/Lab/Exploration/subjects/180801_UEP_006/preproc'
    structural: 'struct.nii'
    functional: {1×7 cell}

       datadir: '/ncf/gershman/Lab/Exploration/subjects/180802_UEP_007/preproc'
    structural: 'struct.nii'
    functional: {1×8 cell}

       datadir: '/ncf/gershman/Lab/Exploration/subjects/180803_UEP_008/preproc'
    structural: 'struct.nii'
    functional: {1×8 cell}

       datadir: '/ncf/gershman/Lab/Exploration/subjects/180803_UEP_009/preproc'
    structural: 'struct.nii'
    functional: {1×8 cell}

       datadir: '/ncf/gershman/Lab/Exploration/subjects/180804_UEP010/preproc'
    structural: 'struct.nii'
    functional: {1×8 cell}

       datadir: '/ncf/gershman/Lab/Exploration/subjects/180804_UEP_011/preproc'
    structural: 'struct.nii'
    functional: {1×8 cell}

       datadir: '/ncf/gershman/Lab/Exploration/subjects/180804_UEP_012/preproc'
    structural: 'struct.nii'
    functional: {1×8 cell}

       datadir: '/ncf/gershman/Lab/Exploration/subjects/180804_UEP_013/preproc'
    structural: 'struct.nii'
    functional: {1×7 cell}

       datadir: '/ncf/gershman/Lab/Exploration/subjects/180804_UEP_014/preproc'
    structural: 'struct.nii'
    functional: {1×8 cell}

       datadir: '/ncf/gershman/Lab/Exploration/subjects/180804_UEP_015/preproc'
    structural: 'struct.nii'
    functional: {1×8 cell}

       datadir: '/ncf/gershman/Lab/Exploration/subjects/180805_UEP_016/preproc'
    structural: 'struct.nii'
    functional: {1×8 cell}

       datadir: '/ncf/gershman/Lab/Exploration/subjects/180805_UEP_017/preproc'
    structural: 'struct.nii'
    functional: {1×7 cell}

       datadir: '/ncf/gershman/Lab/Exploration/subjects/180805_UEP_018_2/preproc'
    structural: 'struct.nii'
    functional: {1×7 cell}

       datadir: '/ncf/gershman/Lab/Exploration/subjects/180805_UEP_019/preproc'
    structural: 'struct.nii'
    functional: {1×8 cell}

       datadir: '/ncf/gershman/Lab/Exploration/subjects/180805_UEP_020/preproc'
    structural: 'struct.nii'
    functional: {1×8 cell}

       datadir: '/ncf/gershman/Lab/Exploration/subjects/180805_UEP_021/preproc'
    structural: 'struct.nii'
    functional: {1×8 cell}

       datadir: '/ncf/gershman/Lab/Exploration/subjects/180806_UEP_022/preproc'
    structural: 'struct.nii'
    functional: {1×8 cell}

       datadir: '/ncf/gershman/Lab/Exploration/subjects/180806_UEP_023/preproc'
    structural: 'struct.nii'
    functional: {1×8 cell}

       datadir: '/ncf/gershman/Lab/Exploration/subjects/180807_UEP_024/preproc'
    structural: 'struct.nii'
    functional: {1×8 cell}

       datadir: '/ncf/gershman/Lab/Exploration/subjects/180807_UEP_025/preproc'
    structural: 'struct.nii'
    functional: {1×8 cell}

       datadir: '/ncf/gershman/Lab/Exploration/subjects/180807_UEP_026/preproc'
    structural: 'struct.nii'
    functional: {1×8 cell}

       datadir: '/ncf/gershman/Lab/Exploration/subjects/180808_UEP_027/preproc'
    structural: 'struct.nii'
    functional: {1×8 cell}

       datadir: '/ncf/gershman/Lab/Exploration/subjects/180808_UEP_028/preproc'
    structural: 'struct.nii'
    functional: {1×8 cell}

       datadir: '/ncf/gershman/Lab/Exploration/subjects/180808_UEP_029/preproc'
    structural: 'struct.nii'
    functional: {1×8 cell}

       datadir: '/ncf/gershman/Lab/Exploration/subjects/180809_UEP_030/preproc'
    structural: 'struct.nii'
    functional: {1×8 cell}

       datadir: '/ncf/gershman/Lab/Exploration/subjects/180809_UEP_031/preproc'
    structural: 'struct.nii'
    functional: {1×8 cell}

cross_subject_glm21_TU_TU_-_trial_sphere_standardize=2_corr=0.mat
bspm_extract_clusters(/ncf/gershman/Lab/Exploration/glmOutput/model21/con6/spmT_0001.nii, 0.001000, +, 0.050000, 20, 1, 30, /ncf/gershman/Lab/scripts/ccnl-fmri-2018/atlases, AAL2, 0)
[Warning: No voxels found after cluster FWE correction. Setting extent threshold
= 5.] 
[> In ccnl_extract_clusters>bspm_extract_clusters (line 151)
  In ccnl_extract_clusters (line 89)
  In cross_subject (line 45)] 
  Columns 1 through 6

    'Positive'    'Parietal_Inf_R'         [2042]    [7.5078]    [ 38]    [-46]
            []    'Parietal_Inf_L'         [1521]    [7.2982]    [-46]    [-40]
            []    'Location not in ...'    [ 468]    [6.2314]    [ 22]    [ -2]
            []    'Location not in ...'    [ 179]    [5.7933]    [-26]    [ -4]
            []    'Precentral_L'           [ 282]    [5.7913]    [-42]    [  2]
            []    'Precentral_R'           [ 258]    [4.8413]    [ 46]    [  8]
            []    'Insula_L'               [ 268]    [4.8153]    [-30]    [ 22]
            []    'Frontal_Mid_2_R'        [ 183]    [4.7281]    [ 38]    [ 30]
            []    'Location not in ...'    [  23]    [4.2689]    [ 20]    [ 36]
            []    'Supp_Motor_Area_L'      [  49]    [4.1884]    [ -8]    [ 20]
            []    'Frontal_Mid_2_L'        [ 137]    [4.1494]    [-44]    [ 30]
            []    'Precuneus_R'            [  26]    [4.1212]    [ 12]    [-68]
            []    'Frontal_Mid_2_R'        [  30]    [4.1007]    [ 36]    [ 54]
            []    'Supp_Motor_Area_R'      [  50]    [3.9434]    [  8]    [ 16]
            []    'OFCant_L'               [   6]    [3.9079]    [-20]    [ 46]
            []    'Temporal_Inf_L'         [  15]    [3.7209]    [-58]    [-38]
            []    'Frontal_Mid_2_R'        [  20]    [3.6956]    [ 44]    [ 38]
            []    'Fusiform_L'             [   5]    [3.6059]    [-36]    [-64]

  Column 7

    [ 44]
    [ 48]
    [ 52]
    [ 44]
    [ 28]
    [ 30]
    [  2]
    [ 34]
    [ -2]
    [ 48]
    [ 32]
    [ 50]
    [-10]
    [ 48]
    [-14]
    [-20]
    [ 20]
    [-14]

mask
mask
mask
mask
mask
mask
mask
mask
mask
mask
mask
mask
mask
mask
mask
mask
mask
mask
mask
mask
mask
mask
mask
mask
mask
mask
mask
mask
mask
mask
mask
sphere_glm21_TU_-_trial_38_-46_44_r=10mm.nii

r =

    0.2315


p =

    0.2102

mask
mask
mask
mask
mask
mask
mask
mask
mask
mask
mask
mask
mask
mask
mask
mask
mask
mask
mask
mask
mask
mask
mask
mask
mask
mask
mask
mask
mask
mask
mask
sphere_glm21_TU_-_trial_-46_-40_48_r=10mm.nii

r =

    0.2933


p =

    0.1092

mask
mask
mask
mask
mask
mask
mask
mask
mask
mask
mask
mask
mask
mask
mask
mask
mask
mask
mask
mask
mask
mask
mask
mask
mask
mask
mask
mask
mask
mask
mask
sphere_glm21_TU_-_trial_22_-2_52_r=10mm.nii

r =

    0.3354


p =

    0.0651

mask
mask
mask
mask
mask
mask
mask
mask
mask
mask
mask
mask
mask
mask
mask
mask
mask
mask
mask
mask
mask
mask
mask
mask
mask
mask
mask
mask
mask
mask
mask
sphere_glm21_TU_-_trial_-26_-4_44_r=10mm.nii

r =

    0.3174


p =

    0.0819

mask
mask
mask
mask
mask
mask
mask
mask
mask
mask
mask
mask
mask
mask
mask
mask
mask
mask
mask
mask
mask
mask
mask
mask
mask
mask
mask
mask
mask
mask
mask
sphere_glm21_TU_-_trial_-42_2_28_r=10mm.nii

r =

    0.3077


p =

    0.0922

mask
mask
mask
mask
mask
mask
mask
mask
mask
mask
mask
mask
mask
mask
mask
mask
mask
mask
mask
mask
mask
mask
mask
mask
mask
mask
mask
mask
mask
mask
mask
sphere_glm21_TU_-_trial_46_8_30_r=10mm.nii

r =

    0.3041


p =

    0.0962

mask
mask
mask
mask
mask
mask
mask
mask
mask
mask
mask
mask
mask
mask
mask
mask
mask
mask
mask
mask
mask
mask
mask
mask
mask
mask
mask
mask
mask
mask
mask
sphere_glm21_TU_-_trial_-30_22_2_r=10mm.nii

r =

    0.4287


p =

    0.0161

mask
mask
mask
mask
mask
mask
mask
mask
mask
mask
mask
mask
mask
mask
mask
mask
mask
mask
mask
mask
mask
mask
mask
mask
mask
mask
mask
mask
mask
mask
mask
sphere_glm21_TU_-_trial_38_30_34_r=10mm.nii

r =

    0.0870


p =

    0.6416

mask
mask
mask
mask
mask
mask
mask
mask
mask
mask
mask
mask
mask
mask
mask
mask
mask
mask
mask
mask
mask
mask
mask
mask
mask
mask
mask
mask
mask
mask
mask
sphere_glm21_TU_-_trial_20_36_-2_r=10mm.nii

r =

    0.0786


p =

    0.6744

mask
mask
mask
mask
mask
mask
mask
mask
mask
mask
mask
mask
mask
mask
mask
mask
mask
mask
mask
mask
mask
mask
mask
mask
mask
mask
mask
mask
mask
mask
mask
sphere_glm21_TU_-_trial_-8_20_48_r=10mm.nii

r =

    0.4740


p =

    0.0071

mask
mask
mask
mask
mask
mask
mask
mask
mask
mask
mask
mask
mask
mask
mask
mask
mask
mask
mask
mask
mask
mask
mask
mask
mask
mask
mask
mask
mask
mask
mask
sphere_glm21_TU_-_trial_-44_30_32_r=10mm.nii

r =

    0.4049


p =

    0.0238

mask
mask
mask
mask
mask
mask
mask
mask
mask
mask
mask
mask
mask
mask
mask
mask
mask
mask
mask
mask
mask
mask
mask
mask
mask
mask
mask
mask
mask
mask
mask
sphere_glm21_TU_-_trial_12_-68_50_r=10mm.nii

r =

    0.4935


p =

    0.0048

mask
mask
mask
mask
mask
mask
mask
mask
mask
mask
mask
mask
mask
mask
mask
mask
mask
mask
mask
mask
mask
mask
mask
mask
mask
mask
mask
mask
mask
mask
mask
sphere_glm21_TU_-_trial_36_54_-10_r=10mm.nii

r =

   -0.0475


p =

    0.7997

mask
mask
mask
mask
mask
mask
mask
mask
mask
mask
mask
mask
mask
mask
mask
mask
mask
mask
mask
mask
mask
mask
mask
mask
mask
mask
mask
mask
mask
mask
mask
sphere_glm21_TU_-_trial_8_16_48_r=10mm.nii

r =

    0.2663


p =

    0.1476

mask
mask
mask
mask
mask
mask
mask
mask
mask
mask
mask
mask
mask
mask
mask
mask
mask
mask
mask
mask
mask
mask
mask
mask
mask
mask
mask
mask
mask
mask
mask
sphere_glm21_TU_-_trial_-20_46_-14_r=10mm.nii

r =

    0.0752


p =

    0.6875

mask
mask
mask
mask
mask
mask
mask
mask
mask
mask
mask
mask
mask
mask
mask
mask
mask
mask
mask
mask
mask
mask
mask
mask
mask
mask
mask
mask
mask
mask
mask
sphere_glm21_TU_-_trial_-58_-38_-20_r=10mm.nii

r =

   -0.0388


p =

    0.8358

mask
mask
mask
mask
mask
mask
mask
mask
mask
mask
mask
mask
mask
mask
mask
mask
mask
mask
mask
mask
mask
mask
mask
mask
mask
mask
mask
mask
mask
mask
mask
sphere_glm21_TU_-_trial_44_38_20_r=10mm.nii

r =

    0.2883


p =

    0.1157

mask
mask
mask
mask
mask
mask
mask
mask
mask
mask
mask
mask
mask
mask
mask
mask
mask
mask
mask
mask
mask
mask
mask
mask
mask
mask
mask
mask
mask
mask
mask
sphere_glm21_TU_-_trial_-36_-64_-14_r=10mm.nii

r =

    0.2572


p =

    0.1625


ans =

  18×4 table

             Var1              p_uncorr      p_corr         r    
    _______________________    _________    ________    _________

    'Parietal_Inf_R'              0.2102      0.9857      0.23149
    'Parietal_Inf_L'             0.10924     0.87535      0.29335
    'Location not in atlas'     0.065113     0.70238      0.33539
    'Location not in atlas'      0.08189     0.78516      0.31739
    'Precentral_L'              0.092227     0.82478      0.30767
    'Precentral_R'               0.09622     0.83814      0.30414
    'Insula_L'                   0.01612     0.25362      0.42868
    'Frontal_Mid_2_R'            0.64157           1     0.087024
    'Location not in atlas'      0.67436           1     0.078579
    'Supp_Motor_Area_L'        0.0070699     0.11989      0.47397
    'Frontal_Mid_2_L'           0.023847     0.35237      0.40492
    'Precuneus_R'              0.0047822    0.082669      0.49353
    'Frontal_Mid_2_R'            0.79966           1    -0.047508
    'Supp_Motor_Area_R'          0.14761     0.94357      0.26629
    'OFCant_L'                   0.68753           1     0.075227
    'Temporal_Inf_L'             0.83577           1    -0.038816
    'Frontal_Mid_2_R'             0.1157     0.89065      0.28835
    'Fusiform_L'                 0.16251     0.95892      0.25718

