
                            < M A T L A B (R) >
                  Copyright 1984-2017 The MathWorks, Inc.
                   R2017a (9.2.0.556344) 64-bit (glnxa64)
                               March 27, 2017

 
For online documentation, see http://www.mathworks.com/support
For product information, visit www.mathworks.com.
 
       datadir: '/ncf/gershman/Lab/Exploration/subjects/180725_UEP_001/preproc'
    structural: 'struct.nii'
    functional: {1×8 cell}

       datadir: '/ncf/gershman/Lab/Exploration/subjects/180727_UEP_002/preproc'
    structural: 'struct.nii'
    functional: {1×8 cell}

       datadir: '/ncf/gershman/Lab/Exploration/subjects/180727_UEP_003/preproc'
    structural: 'struct.nii'
    functional: {1×6 cell}

       datadir: '/ncf/gershman/Lab/Exploration/subjects/180730_UEP_004/preproc'
    structural: 'struct.nii'
    functional: {1×6 cell}

       datadir: '/ncf/gershman/Lab/Exploration/subjects/180730_UEP_005/preproc'
    structural: 'struct.nii'
    functional: {1×8 cell}

       datadir: '/ncf/gershman/Lab/Exploration/subjects/180801_UEP_006/preproc'
    structural: 'struct.nii'
    functional: {1×7 cell}

       datadir: '/ncf/gershman/Lab/Exploration/subjects/180802_UEP_007/preproc'
    structural: 'struct.nii'
    functional: {1×8 cell}

       datadir: '/ncf/gershman/Lab/Exploration/subjects/180803_UEP_008/preproc'
    structural: 'struct.nii'
    functional: {1×8 cell}

       datadir: '/ncf/gershman/Lab/Exploration/subjects/180803_UEP_009/preproc'
    structural: 'struct.nii'
    functional: {1×8 cell}

       datadir: '/ncf/gershman/Lab/Exploration/subjects/180804_UEP010/preproc'
    structural: 'struct.nii'
    functional: {1×8 cell}

       datadir: '/ncf/gershman/Lab/Exploration/subjects/180804_UEP_011/preproc'
    structural: 'struct.nii'
    functional: {1×8 cell}

       datadir: '/ncf/gershman/Lab/Exploration/subjects/180804_UEP_012/preproc'
    structural: 'struct.nii'
    functional: {1×8 cell}

       datadir: '/ncf/gershman/Lab/Exploration/subjects/180804_UEP_013/preproc'
    structural: 'struct.nii'
    functional: {1×7 cell}

       datadir: '/ncf/gershman/Lab/Exploration/subjects/180804_UEP_014/preproc'
    structural: 'struct.nii'
    functional: {1×8 cell}

       datadir: '/ncf/gershman/Lab/Exploration/subjects/180804_UEP_015/preproc'
    structural: 'struct.nii'
    functional: {1×8 cell}

       datadir: '/ncf/gershman/Lab/Exploration/subjects/180805_UEP_016/preproc'
    structural: 'struct.nii'
    functional: {1×8 cell}

       datadir: '/ncf/gershman/Lab/Exploration/subjects/180805_UEP_017/preproc'
    structural: 'struct.nii'
    functional: {1×7 cell}

       datadir: '/ncf/gershman/Lab/Exploration/subjects/180805_UEP_018_2/preproc'
    structural: 'struct.nii'
    functional: {1×7 cell}

       datadir: '/ncf/gershman/Lab/Exploration/subjects/180805_UEP_019/preproc'
    structural: 'struct.nii'
    functional: {1×8 cell}

       datadir: '/ncf/gershman/Lab/Exploration/subjects/180805_UEP_020/preproc'
    structural: 'struct.nii'
    functional: {1×8 cell}

       datadir: '/ncf/gershman/Lab/Exploration/subjects/180805_UEP_021/preproc'
    structural: 'struct.nii'
    functional: {1×8 cell}

       datadir: '/ncf/gershman/Lab/Exploration/subjects/180806_UEP_022/preproc'
    structural: 'struct.nii'
    functional: {1×8 cell}

       datadir: '/ncf/gershman/Lab/Exploration/subjects/180806_UEP_023/preproc'
    structural: 'struct.nii'
    functional: {1×8 cell}

       datadir: '/ncf/gershman/Lab/Exploration/subjects/180807_UEP_024/preproc'
    structural: 'struct.nii'
    functional: {1×8 cell}

       datadir: '/ncf/gershman/Lab/Exploration/subjects/180807_UEP_025/preproc'
    structural: 'struct.nii'
    functional: {1×8 cell}

       datadir: '/ncf/gershman/Lab/Exploration/subjects/180807_UEP_026/preproc'
    structural: 'struct.nii'
    functional: {1×8 cell}

       datadir: '/ncf/gershman/Lab/Exploration/subjects/180808_UEP_027/preproc'
    structural: 'struct.nii'
    functional: {1×8 cell}

       datadir: '/ncf/gershman/Lab/Exploration/subjects/180808_UEP_028/preproc'
    structural: 'struct.nii'
    functional: {1×8 cell}

       datadir: '/ncf/gershman/Lab/Exploration/subjects/180808_UEP_029/preproc'
    structural: 'struct.nii'
    functional: {1×8 cell}

       datadir: '/ncf/gershman/Lab/Exploration/subjects/180809_UEP_030/preproc'
    structural: 'struct.nii'
    functional: {1×8 cell}

       datadir: '/ncf/gershman/Lab/Exploration/subjects/180809_UEP_031/preproc'
    structural: 'struct.nii'
    functional: {1×8 cell}

cross_subj_vbm_glm21_TU_RU_-_trial_sphere_standardize=0_modulated=false.mat
bspm_extract_clusters(/ncf/gershman/Lab/Exploration/glmOutput/model21/con5/spmT_0001.nii, 0.001000, +, 0.050000, 20, 1, 30, /ncf/gershman/Lab/scripts/ccnl-fmri-2018/atlases, AAL2)
[Warning: No voxels found after cluster FWE correction. Setting extent threshold
= 5.] 
[> In ccnl_extract_clusters>bspm_extract_clusters (line 146)
  In ccnl_extract_clusters (line 85)
  In cross_subj_vbm (line 42)] 
  Columns 1 through 6

    'Positive'    'Location not in ...'    [102]    [4.9221]    [ 22]    [ 36]
            []    'Frontal_Mid_2_R'        [177]    [4.7206]    [ 34]    [ 50]
            []    'Parietal_Inf_R'         [ 49]    [4.4973]    [ 52]    [-58]
            []    'Location not in ...'    [  7]    [4.0179]    [-52]    [-56]
            []    'Frontal_Sup_2_L'        [  6]    [4.0130]    [-20]    [ 48]
            []    'Frontal_Mid_2_R'        [ 48]    [3.7128]    [ 42]    [ 26]
            []    'Frontal_Mid_2_L'        [ 55]    [3.6813]    [-34]    [ 48]

  Column 7

    [ -2]
    [-10]
    [ 50]
    [ 52]
    [-12]
    [ 38]
    [ -4]

mask
sphere_glm21_RU_-_trial_22_36_-2_r=10mm.nii

r =

    0.4457


p =

    0.0120

mask
sphere_glm21_RU_-_trial_34_50_-10_r=10mm.nii

r =

   -0.1781


p =

    0.3377

mask
sphere_glm21_RU_-_trial_52_-58_50_r=10mm.nii

r =

    0.1021


p =

    0.5848

mask
sphere_glm21_RU_-_trial_-52_-56_52_r=10mm.nii

r =

   -0.0076


p =

    0.9677

mask
sphere_glm21_RU_-_trial_-20_48_-12_r=10mm.nii

r =

    0.1416


p =

    0.4472

mask
sphere_glm21_RU_-_trial_42_26_38_r=10mm.nii

r =

    0.1550


p =

    0.4051

mask
sphere_glm21_RU_-_trial_-34_48_-4_r=10mm.nii

r =

    0.2534


p =

    0.1690


ans =

  7×4 table

             Var1              p_uncorr     p_corr         r     
    _______________________    ________    ________    __________

    'Location not in atlas'    0.011971    0.080846       0.44572
    'Frontal_Mid_2_R'           0.33775     0.94413      -0.17811
    'Parietal_Inf_R'            0.58482     0.99787       0.10207
    'Location not in atlas'     0.96768           1    -0.0075902
    'Frontal_Sup_2_L'           0.44723     0.98423       0.14164
    'Frontal_Mid_2_R'           0.40508     0.97362         0.155
    'Frontal_Mid_2_L'           0.16897     0.72628       0.25341

