
                            < M A T L A B (R) >
                  Copyright 1984-2017 The MathWorks, Inc.
                   R2017a (9.2.0.556344) 64-bit (glnxa64)
                               March 27, 2017

 
For online documentation, see http://www.mathworks.com/support
For product information, visit www.mathworks.com.
 
       datadir: '/ncf/gershman/Lab/Exploration/subjects/180725_UEP_001/preproc'
    structural: 'struct.nii'
    functional: {1×8 cell}

       datadir: '/ncf/gershman/Lab/Exploration/subjects/180727_UEP_002/preproc'
    structural: 'struct.nii'
    functional: {1×8 cell}

       datadir: '/ncf/gershman/Lab/Exploration/subjects/180727_UEP_003/preproc'
    structural: 'struct.nii'
    functional: {1×6 cell}

       datadir: '/ncf/gershman/Lab/Exploration/subjects/180730_UEP_004/preproc'
    structural: 'struct.nii'
    functional: {1×6 cell}

       datadir: '/ncf/gershman/Lab/Exploration/subjects/180730_UEP_005/preproc'
    structural: 'struct.nii'
    functional: {1×8 cell}

       datadir: '/ncf/gershman/Lab/Exploration/subjects/180801_UEP_006/preproc'
    structural: 'struct.nii'
    functional: {1×7 cell}

       datadir: '/ncf/gershman/Lab/Exploration/subjects/180802_UEP_007/preproc'
    structural: 'struct.nii'
    functional: {1×8 cell}

       datadir: '/ncf/gershman/Lab/Exploration/subjects/180803_UEP_008/preproc'
    structural: 'struct.nii'
    functional: {1×8 cell}

       datadir: '/ncf/gershman/Lab/Exploration/subjects/180803_UEP_009/preproc'
    structural: 'struct.nii'
    functional: {1×8 cell}

       datadir: '/ncf/gershman/Lab/Exploration/subjects/180804_UEP010/preproc'
    structural: 'struct.nii'
    functional: {1×8 cell}

       datadir: '/ncf/gershman/Lab/Exploration/subjects/180804_UEP_011/preproc'
    structural: 'struct.nii'
    functional: {1×8 cell}

       datadir: '/ncf/gershman/Lab/Exploration/subjects/180804_UEP_012/preproc'
    structural: 'struct.nii'
    functional: {1×8 cell}

       datadir: '/ncf/gershman/Lab/Exploration/subjects/180804_UEP_013/preproc'
    structural: 'struct.nii'
    functional: {1×7 cell}

       datadir: '/ncf/gershman/Lab/Exploration/subjects/180804_UEP_014/preproc'
    structural: 'struct.nii'
    functional: {1×8 cell}

       datadir: '/ncf/gershman/Lab/Exploration/subjects/180804_UEP_015/preproc'
    structural: 'struct.nii'
    functional: {1×8 cell}

       datadir: '/ncf/gershman/Lab/Exploration/subjects/180805_UEP_016/preproc'
    structural: 'struct.nii'
    functional: {1×8 cell}

       datadir: '/ncf/gershman/Lab/Exploration/subjects/180805_UEP_017/preproc'
    structural: 'struct.nii'
    functional: {1×7 cell}

       datadir: '/ncf/gershman/Lab/Exploration/subjects/180805_UEP_018_2/preproc'
    structural: 'struct.nii'
    functional: {1×7 cell}

       datadir: '/ncf/gershman/Lab/Exploration/subjects/180805_UEP_019/preproc'
    structural: 'struct.nii'
    functional: {1×8 cell}

       datadir: '/ncf/gershman/Lab/Exploration/subjects/180805_UEP_020/preproc'
    structural: 'struct.nii'
    functional: {1×8 cell}

       datadir: '/ncf/gershman/Lab/Exploration/subjects/180805_UEP_021/preproc'
    structural: 'struct.nii'
    functional: {1×8 cell}

       datadir: '/ncf/gershman/Lab/Exploration/subjects/180806_UEP_022/preproc'
    structural: 'struct.nii'
    functional: {1×8 cell}

       datadir: '/ncf/gershman/Lab/Exploration/subjects/180806_UEP_023/preproc'
    structural: 'struct.nii'
    functional: {1×8 cell}

       datadir: '/ncf/gershman/Lab/Exploration/subjects/180807_UEP_024/preproc'
    structural: 'struct.nii'
    functional: {1×8 cell}

       datadir: '/ncf/gershman/Lab/Exploration/subjects/180807_UEP_025/preproc'
    structural: 'struct.nii'
    functional: {1×8 cell}

       datadir: '/ncf/gershman/Lab/Exploration/subjects/180807_UEP_026/preproc'
    structural: 'struct.nii'
    functional: {1×8 cell}

       datadir: '/ncf/gershman/Lab/Exploration/subjects/180808_UEP_027/preproc'
    structural: 'struct.nii'
    functional: {1×8 cell}

       datadir: '/ncf/gershman/Lab/Exploration/subjects/180808_UEP_028/preproc'
    structural: 'struct.nii'
    functional: {1×8 cell}

       datadir: '/ncf/gershman/Lab/Exploration/subjects/180808_UEP_029/preproc'
    structural: 'struct.nii'
    functional: {1×8 cell}

       datadir: '/ncf/gershman/Lab/Exploration/subjects/180809_UEP_030/preproc'
    structural: 'struct.nii'
    functional: {1×8 cell}

       datadir: '/ncf/gershman/Lab/Exploration/subjects/180809_UEP_031/preproc'
    structural: 'struct.nii'
    functional: {1×8 cell}

cross_subj_vbm_beta_glm21_RU_TU_-_trial_sphere_standardize=0.mat
bspm_extract_clusters(/ncf/gershman/Lab/Exploration/glmOutput/model21/con6/spmT_0001.nii, 0.001000, +, 0.050000, 20, 1, 30, /ncf/gershman/Lab/scripts/ccnl-fmri-2018/atlases, AAL2)
  Columns 1 through 6

    'Positive'    'Parietal_Inf_R'         [2042]    [7.5078]    [ 38]    [-46]
            []    'Parietal_Inf_L'         [1521]    [7.2982]    [-46]    [-40]
            []    'Location not in ...'    [ 468]    [6.2314]    [ 22]    [ -2]
            []    'Precentral_L'           [ 282]    [5.7913]    [-42]    [  2]
            []    'Precentral_R'           [ 258]    [4.8413]    [ 46]    [  8]
            []    'Insula_L'               [ 268]    [4.8153]    [-30]    [ 22]

  Column 7

    [44]
    [48]
    [52]
    [28]
    [30]
    [ 2]

mask
mask
mask
mask
mask
mask
mask
mask
mask
mask
mask
mask
mask
mask
mask
mask
mask
mask
mask
mask
mask
mask
mask
mask
mask
mask
mask
mask
mask
mask
mask
mask
sphere_glm21_TU_-_trial_38_-46_44_r=10mm.nii

r =

   -0.1747


p =

    0.3471

mask
mask
mask
mask
mask
mask
mask
mask
mask
mask
mask
mask
mask
mask
mask
mask
mask
mask
mask
mask
mask
mask
mask
mask
mask
mask
mask
mask
mask
mask
mask
mask
sphere_glm21_TU_-_trial_-46_-40_48_r=10mm.nii

r =

    0.1392


p =

    0.4553

mask
mask
mask
mask
mask
mask
mask
mask
mask
mask
mask
mask
mask
mask
mask
mask
mask
mask
mask
mask
mask
mask
mask
mask
mask
mask
mask
mask
mask
mask
mask
mask
sphere_glm21_TU_-_trial_22_-2_52_r=10mm.nii

r =

   -0.0856


p =

    0.6471

mask
mask
mask
mask
mask
mask
mask
mask
mask
mask
mask
mask
mask
mask
mask
mask
mask
mask
mask
mask
mask
mask
mask
mask
mask
mask
mask
mask
mask
mask
mask
mask
sphere_glm21_TU_-_trial_-42_2_28_r=10mm.nii

r =

   -0.2610


p =

    0.1562

mask
mask
mask
mask
mask
mask
mask
mask
mask
mask
mask
mask
mask
mask
mask
mask
mask
mask
mask
mask
mask
mask
mask
mask
mask
mask
mask
mask
mask
mask
mask
mask
sphere_glm21_TU_-_trial_46_8_30_r=10mm.nii

r =

    0.0617


p =

    0.7417

mask
mask
mask
mask
mask
mask
mask
mask
mask
mask
mask
mask
mask
mask
mask
mask
mask
mask
mask
mask
mask
mask
mask
mask
mask
mask
mask
mask
mask
mask
mask
mask
sphere_glm21_TU_-_trial_-30_22_2_r=10mm.nii

r =

    0.0067


p =

    0.9716


ans =

  6×4 table

             Var1              p_uncorr    p_corr         r    
    _______________________    ________    _______    _________

    'Parietal_Inf_R'            0.3471     0.92254     -0.17475
    'Parietal_Inf_L'           0.45533     0.97389      0.13915
    'Location not in atlas'    0.64707     0.99807    -0.085597
    'Precentral_L'             0.15619     0.63902     -0.26097
    'Precentral_R'             0.74169      0.9997     0.061678
    'Insula_L'                 0.97159           1    0.0066705

