Saving output to '/net/rcss2/srv/export/gershman/share_root/Lab/Exploration/subjects'
ArcGet.py: WARNING: Unable to determine Age for DOB=""

SUBJECT: 180809_UEP_030 (CBSCentral_S08761) AGE:       0                             
GENDER:                                 HADEDNESS:                               
RACE:                                   ETHNICITY:                               
ENGLISH:                                LANGUAGE:                                
WEIGHT:                                 HEIGHT:                                  
SESSION: 180809_UEP_030 (Accession ID CBSCentral_E11443)

downld  num quality  type         series                           note
    no    1 usable   LOCALIZER    localizer_32ch_uncombined        
    no    2 usable   localizer_32ch_uncombined localizer_32ch_uncombined        
    no    3 usable   AAHead_Scout_32ch AAHead_Scout_32ch                
    no    4 usable   AAScout      AAHead_Scout_32ch_MPR_sag        
    no    5 usable   AAScout      AAHead_Scout_32ch_MPR_cor        
    no    6 usable   AAScout      AAHead_Scout_32ch_MPR_tra        
   YES    7 usable   MEMPRAGE RMS T1_MEMPRAGE_1.0mm_p2 RMS         
    no    8 usable   HCP_SEFieldMap_1.5mm_84sl_p2_AP HCP_SEFieldMap_1.5mm_84sl_p2_AP  
    no    9 usable   HCP_SEFieldMap_1.5mm_84sl_p2_PA HCP_SEFieldMap_1.5mm_84sl_p2_PA  
    no   10 usable   Minn_HCP_1.5mm_Task_SBRef Minn_HCP_1.5mm_Task_SBRef        
   YES   11 usable   Minn_HCP_1.5mm_Task Minn_HCP_1.5mm_Task              
    no   12 usable   Minn_HCP_1.5mm_Task_SBRef Minn_HCP_1.5mm_Task_SBRef        
   YES   13 usable   Minn_HCP_1.5mm_Task Minn_HCP_1.5mm_Task              
    no   14 usable   Minn_HCP_1.5mm_Task_SBRef Minn_HCP_1.5mm_Task_SBRef        
   YES   15 usable   Minn_HCP_1.5mm_Task Minn_HCP_1.5mm_Task              
    no   16 usable   Minn_HCP_1.5mm_Task_SBRef Minn_HCP_1.5mm_Task_SBRef        
   YES   17 usable   Minn_HCP_1.5mm_Task Minn_HCP_1.5mm_Task              
    no   18 usable   LOCALIZER    localizer_32ch_uncombined        
    no   19 usable   localizer_32ch_uncombined localizer_32ch_uncombined        
    no   20 usable   AAHead_Scout_32ch AAHead_Scout_32ch                
    no   21 usable   AAScout      AAHead_Scout_32ch_MPR_sag        
    no   22 usable   AAScout      AAHead_Scout_32ch_MPR_cor        
    no   23 usable   AAScout      AAHead_Scout_32ch_MPR_tra        
    no   24 usable   HCP_SEFieldMap_1.5mm_84sl_p2_AP HCP_SEFieldMap_1.5mm_84sl_p2_AP  
    no   25 usable   HCP_SEFieldMap_1.5mm_84sl_p2_PA HCP_SEFieldMap_1.5mm_84sl_p2_PA  
    no   26 usable   Minn_HCP_1.5mm_Task_SBRef Minn_HCP_1.5mm_Task_SBRef        
   YES   27 usable   Minn_HCP_1.5mm_Task Minn_HCP_1.5mm_Task              
    no   28 usable   Minn_HCP_1.5mm_Task_SBRef Minn_HCP_1.5mm_Task_SBRef        
   YES   29 usable   Minn_HCP_1.5mm_Task Minn_HCP_1.5mm_Task              
    no   30 usable   Minn_HCP_1.5mm_Task_SBRef Minn_HCP_1.5mm_Task_SBRef        
   YES   31 usable   Minn_HCP_1.5mm_Task Minn_HCP_1.5mm_Task              
    no   32 usable   Minn_HCP_1.5mm_Task_SBRef Minn_HCP_1.5mm_Task_SBRef        
   YES   33 usable   Minn_HCP_1.5mm_Task Minn_HCP_1.5mm_Task              
    no   99 usable   PhoenixZIPReport PhoenixZIPReport                 

Getting Data...
Scan    7 MEMPRAGE RMS T1_MEMPRAGE_1.0mm_p2 RMS from '180809_UEP_030'
################################################## 19.53 MB 5.38 MB/s
################################################## 39.06 MB 5.87 MB/s
#########                                          42.83 MB 4.79 MB/s Total
Scan   11 Minn_HCP_1.5mm_Task Minn_HCP_1.5mm_Task      from '180809_UEP_030'
################################################## 19.53 MB 2.82 MB/s
################################################## 39.06 MB 3.70 MB/s
################################################## 58.59 MB 4.30 MB/s
################################################## 78.12 MB 4.60 MB/s
################################################## 97.66 MB 4.80 MB/s
################################################## 117.19 MB 5.18 MB/s
################################################## 136.72 MB 5.37 MB/s
################################################## 156.25 MB 5.55 MB/s
################################################## 175.78 MB 5.68 MB/s
################################################## 195.31 MB 5.83 MB/s
################################################## 214.84 MB 5.96 MB/s
################################################## 234.38 MB 5.91 MB/s
################################################## 253.91 MB 5.97 MB/s
################################################## 273.44 MB 6.07 MB/s
################################################## 292.97 MB 6.11 MB/s
################################################## 312.50 MB 6.07 MB/s
################################################## 332.03 MB 6.11 MB/s
################################################## 351.56 MB 6.15 MB/s
################################################## 371.09 MB 6.21 MB/s
################################################## 390.62 MB 6.23 MB/s
################################################## 410.16 MB 6.24 MB/s
################################################## 429.69 MB 6.26 MB/s
################################################## 449.22 MB 6.23 MB/s
################################################## 468.75 MB 6.25 MB/s
################################################## 488.28 MB 6.25 MB/s
################################################## 507.81 MB 6.29 MB/s
################################################## 527.34 MB 6.28 MB/s
################################################## 546.88 MB 6.30 MB/s
################################################## 566.41 MB 6.31 MB/s
################################################## 585.94 MB 6.29 MB/s
################################################## 605.47 MB 6.30 MB/s
################################################## 625.00 MB 6.41 MB/s
################################################## 644.53 MB 6.51 MB/s
################################################## 664.06 MB 6.60 MB/s
################################################## 683.59 MB 6.68 MB/s
################################################## 703.12 MB 6.77 MB/s
################################################## 722.66 MB 6.85 MB/s
################################################## 742.19 MB 6.95 MB/s
################################################## 761.72 MB 7.03 MB/s
################################################## 781.25 MB 7.12 MB/s
################################################## 800.78 MB 7.20 MB/s
################################################## 820.31 MB 7.26 MB/s
################################################## 839.84 MB 7.30 MB/s
################################################## 859.38 MB 7.26 MB/s
################################################## 878.91 MB 7.23 MB/s
#################################################  898.21 MB 7.25 MB/s Total
Scan   13 Minn_HCP_1.5mm_Task Minn_HCP_1.5mm_Task      from '180809_UEP_030'
################################################## 19.53 MB 3.34 MB/s
################################################## 39.06 MB 4.86 MB/s
################################################## 58.59 MB 5.44 MB/s
################################################## 78.12 MB 5.66 MB/s
################################################## 97.66 MB 6.06 MB/s
################################################## 117.19 MB 6.26 MB/s
################################################## 136.72 MB 6.41 MB/s
################################################## 156.25 MB 6.44 MB/s
################################################## 175.78 MB 6.61 MB/s
################################################## 195.31 MB 6.68 MB/s
################################################## 214.84 MB 6.82 MB/s
################################################## 234.38 MB 6.85 MB/s
################################################## 253.91 MB 6.99 MB/s
################################################## 273.44 MB 7.06 MB/s
################################################## 292.97 MB 7.10 MB/s
################################################## 312.50 MB 7.08 MB/s
################################################## 332.03 MB 7.11 MB/s
################################################## 351.56 MB 7.07 MB/s
################################################## 371.09 MB 7.04 MB/s
################################################## 390.62 MB 7.04 MB/s
################################################## 410.16 MB 7.07 MB/s
################################################## 429.69 MB 7.06 MB/s
################################################## 449.22 MB 7.07 MB/s
################################################## 468.75 MB 7.10 MB/s
################################################## 488.28 MB 7.13 MB/s
################################################## 507.81 MB 7.17 MB/s
################################################## 527.34 MB 7.13 MB/s
################################################## 546.88 MB 7.24 MB/s
################################################## 566.41 MB 7.38 MB/s
################################################## 585.94 MB 7.52 MB/s
################################################## 605.47 MB 7.61 MB/s
################################################## 625.00 MB 7.74 MB/s
################################################## 644.53 MB 7.83 MB/s
################################################## 664.06 MB 7.93 MB/s
################################################## 683.59 MB 8.01 MB/s
################################################## 703.12 MB 8.11 MB/s
################################################## 722.66 MB 8.22 MB/s
################################################## 742.19 MB 8.30 MB/s
################################################## 761.72 MB 8.40 MB/s
################################################## 781.25 MB 8.48 MB/s
################################################## 800.78 MB 8.46 MB/s
################################################## 820.31 MB 8.39 MB/s
################################################## 839.84 MB 8.40 MB/s
################################################## 859.38 MB 8.40 MB/s
################################################## 878.91 MB 8.43 MB/s
#################################################  898.21 MB 8.44 MB/s Total
Scan   15 Minn_HCP_1.5mm_Task Minn_HCP_1.5mm_Task      from '180809_UEP_030'
################################################## 19.53 MB 3.56 MB/s
################################################## 39.06 MB 4.93 MB/s
################################################## 58.59 MB 5.72 MB/s
################################################## 78.12 MB 6.08 MB/s
################################################## 97.66 MB 6.32 MB/s
################################################## 117.19 MB 6.65 MB/s
################################################## 136.72 MB 6.78 MB/s
################################################## 156.25 MB 6.88 MB/s
################################################## 175.78 MB 6.99 MB/s
################################################## 195.31 MB 7.05 MB/s
################################################## 214.84 MB 7.21 MB/s
################################################## 234.38 MB 7.05 MB/s
################################################## 253.91 MB 7.11 MB/s
################################################## 273.44 MB 7.12 MB/s
################################################## 292.97 MB 7.10 MB/s
################################################## 312.50 MB 7.02 MB/s
################################################## 332.03 MB 7.03 MB/s
################################################## 351.56 MB 7.08 MB/s
################################################## 371.09 MB 7.15 MB/s
################################################## 390.62 MB 7.15 MB/s
################################################## 410.16 MB 7.18 MB/s
################################################## 429.69 MB 7.24 MB/s
################################################## 449.22 MB 7.24 MB/s
################################################## 468.75 MB 7.36 MB/s
################################################## 488.28 MB 7.52 MB/s
################################################## 507.81 MB 7.67 MB/s
################################################## 527.34 MB 7.81 MB/s
################################################## 546.88 MB 7.95 MB/s
################################################## 566.41 MB 8.08 MB/s
################################################## 585.94 MB 8.21 MB/s
################################################## 605.47 MB 8.32 MB/s
################################################## 625.00 MB 8.46 MB/s
################################################## 644.53 MB 8.57 MB/s
################################################## 664.06 MB 8.65 MB/s
################################################## 683.59 MB 8.72 MB/s
################################################## 703.12 MB 8.78 MB/s
################################################## 722.66 MB 8.77 MB/s
################################################## 742.19 MB 8.78 MB/s
################################################## 761.72 MB 8.61 MB/s
################################################## 781.25 MB 8.62 MB/s
################################################## 800.78 MB 8.61 MB/s
################################################## 820.31 MB 8.55 MB/s
################################################## 839.84 MB 8.54 MB/s
################################################## 859.38 MB 8.53 MB/s
################################################## 878.91 MB 8.53 MB/s
#################################################  898.21 MB 8.52 MB/s Total
Scan   17 Minn_HCP_1.5mm_Task Minn_HCP_1.5mm_Task      from '180809_UEP_030'
################################################## 19.53 MB 3.26 MB/s
################################################## 39.06 MB 4.32 MB/s
################################################## 58.59 MB 5.14 MB/s
################################################## 78.12 MB 5.62 MB/s
################################################## 97.66 MB 6.02 MB/s
################################################## 117.19 MB 6.30 MB/s
################################################## 136.72 MB 6.54 MB/s
################################################## 156.25 MB 6.60 MB/s
################################################## 175.78 MB 6.75 MB/s
################################################## 195.31 MB 6.80 MB/s
################################################## 214.84 MB 6.91 MB/s
################################################## 234.38 MB 6.91 MB/s
################################################## 253.91 MB 6.91 MB/s
################################################## 273.44 MB 6.98 MB/s
################################################## 292.97 MB 6.97 MB/s
################################################## 312.50 MB 6.91 MB/s
################################################## 332.03 MB 6.95 MB/s
################################################## 351.56 MB 7.04 MB/s
################################################## 371.09 MB 7.09 MB/s
################################################## 390.62 MB 7.19 MB/s
################################################## 410.16 MB 7.36 MB/s
################################################## 429.69 MB 7.50 MB/s
################################################## 449.22 MB 7.64 MB/s
################################################## 468.75 MB 7.81 MB/s
################################################## 488.28 MB 7.96 MB/s
################################################## 507.81 MB 8.11 MB/s
################################################## 527.34 MB 8.24 MB/s
################################################## 546.88 MB 8.37 MB/s
################################################## 566.41 MB 8.49 MB/s
################################################## 585.94 MB 8.61 MB/s
################################################## 605.47 MB 8.70 MB/s
################################################## 625.00 MB 8.74 MB/s
################################################## 644.53 MB 8.73 MB/s
################################################## 664.06 MB 8.65 MB/s
################################################## 683.59 MB 8.56 MB/s
################################################## 703.12 MB 8.53 MB/s
################################################## 722.66 MB 8.49 MB/s
################################################## 742.19 MB 8.36 MB/s
################################################## 761.72 MB 8.32 MB/s
################################################## 781.25 MB 8.31 MB/s
################################################## 800.78 MB 8.25 MB/s
################################################## 820.31 MB 8.20 MB/s
################################################## 839.84 MB 8.20 MB/s
################################################## 859.38 MB 8.15 MB/s
################################################## 878.91 MB 8.08 MB/s
#################################################  898.21 MB 8.06 MB/s Total
Scan   27 Minn_HCP_1.5mm_Task Minn_HCP_1.5mm_Task      from '180809_UEP_030'
################################################## 19.53 MB 4.31 MB/s
################################################## 39.06 MB 5.81 MB/s
################################################## 58.59 MB 6.62 MB/s
################################################## 78.12 MB 6.83 MB/s
################################################## 97.66 MB 7.00 MB/s
################################################## 117.19 MB 7.12 MB/s
################################################## 136.72 MB 7.21 MB/s
################################################## 156.25 MB 6.84 MB/s
################################################## 175.78 MB 7.06 MB/s
################################################## 195.31 MB 7.17 MB/s
################################################## 214.84 MB 7.27 MB/s
################################################## 234.38 MB 7.13 MB/s
################################################## 253.91 MB 7.13 MB/s
################################################## 273.44 MB 7.16 MB/s
################################################## 292.97 MB 7.36 MB/s
################################################## 312.50 MB 7.58 MB/s
################################################## 332.03 MB 7.80 MB/s
################################################## 351.56 MB 8.01 MB/s
################################################## 371.09 MB 8.17 MB/s
################################################## 390.62 MB 8.34 MB/s
################################################## 410.16 MB 8.50 MB/s
################################################## 429.69 MB 8.63 MB/s
################################################## 449.22 MB 8.79 MB/s
################################################## 468.75 MB 8.97 MB/s
################################################## 488.28 MB 9.08 MB/s
################################################## 507.81 MB 9.19 MB/s
################################################## 527.34 MB 8.93 MB/s
################################################## 546.88 MB 8.95 MB/s
################################################## 566.41 MB 8.96 MB/s
################################################## 585.94 MB 8.95 MB/s
################################################## 605.47 MB 8.91 MB/s
################################################## 625.00 MB 8.87 MB/s
################################################## 644.53 MB 8.86 MB/s
################################################## 664.06 MB 8.84 MB/s
################################################## 683.59 MB 8.77 MB/s
################################################## 703.12 MB 8.75 MB/s
################################################## 722.66 MB 8.77 MB/s
################################################## 742.19 MB 8.80 MB/s
################################################## 761.72 MB 8.67 MB/s
################################################## 781.25 MB 8.67 MB/s
################################################## 800.78 MB 8.59 MB/s
################################################## 820.31 MB 8.56 MB/s
################################################## 839.84 MB 8.53 MB/s
################################################## 859.38 MB 8.53 MB/s
################################################## 878.91 MB 8.51 MB/s
#################################################  898.23 MB 8.49 MB/s Total
Scan   29 Minn_HCP_1.5mm_Task Minn_HCP_1.5mm_Task      from '180809_UEP_030'
################################################## 19.53 MB 4.08 MB/s
################################################## 39.06 MB 5.52 MB/s
################################################## 58.59 MB 6.33 MB/s
################################################## 78.12 MB 6.50 MB/s
################################################## 97.66 MB 6.72 MB/s
################################################## 117.19 MB 7.02 MB/s
################################################## 136.72 MB 7.03 MB/s
################################################## 156.25 MB 7.11 MB/s
################################################## 175.78 MB 7.44 MB/s
################################################## 195.31 MB 7.86 MB/s
################################################## 214.84 MB 8.22 MB/s
################################################## 234.38 MB 8.51 MB/s
################################################## 253.91 MB 8.80 MB/s
################################################## 273.44 MB 9.02 MB/s
################################################## 292.97 MB 9.25 MB/s
################################################## 312.50 MB 9.46 MB/s
################################################## 332.03 MB 9.72 MB/s
################################################## 351.56 MB 9.92 MB/s
################################################## 371.09 MB 10.11 MB/s
################################################## 390.62 MB 10.22 MB/s
################################################## 410.16 MB 10.21 MB/s
################################################## 429.69 MB 9.90 MB/s
################################################## 449.22 MB 9.72 MB/s
################################################## 468.75 MB 9.70 MB/s
################################################## 488.28 MB 9.64 MB/s
################################################## 507.81 MB 9.44 MB/s
################################################## 527.34 MB 9.31 MB/s
################################################## 546.88 MB 9.25 MB/s
################################################## 566.41 MB 9.16 MB/s
################################################## 585.94 MB 9.15 MB/s
################################################## 605.47 MB 9.10 MB/s
################################################## 625.00 MB 9.04 MB/s
################################################## 644.53 MB 9.07 MB/s
################################################## 664.06 MB 9.07 MB/s
################################################## 683.59 MB 8.94 MB/s
################################################## 703.12 MB 8.82 MB/s
################################################## 722.66 MB 8.80 MB/s
################################################## 742.19 MB 8.74 MB/s
################################################## 761.72 MB 8.73 MB/s
################################################## 781.25 MB 8.69 MB/s
################################################## 800.78 MB 8.64 MB/s
################################################## 820.31 MB 8.58 MB/s
################################################## 839.84 MB 8.54 MB/s
################################################## 859.38 MB 8.53 MB/s
################################################## 878.91 MB 8.49 MB/s
#################################################  898.23 MB 8.46 MB/s Total
Scan   31 Minn_HCP_1.5mm_Task Minn_HCP_1.5mm_Task      from '180809_UEP_030'
################################################## 19.53 MB 4.47 MB/s
################################################## 39.06 MB 6.07 MB/s
################################################## 58.59 MB 6.82 MB/s
################################################## 78.12 MB 6.87 MB/s
################################################## 97.66 MB 7.65 MB/s
################################################## 117.19 MB 8.42 MB/s
################################################## 136.72 MB 8.98 MB/s
################################################## 156.25 MB 9.46 MB/s
################################################## 175.78 MB 9.90 MB/s
################################################## 195.31 MB 10.23 MB/s
################################################## 214.84 MB 10.51 MB/s
################################################## 234.38 MB 10.70 MB/s
################################################## 253.91 MB 10.91 MB/s
################################################## 273.44 MB 11.15 MB/s
################################################## 292.97 MB 11.35 MB/s
################################################## 312.50 MB 11.48 MB/s
################################################## 332.03 MB 11.59 MB/s
################################################## 351.56 MB 11.26 MB/s
################################################## 371.09 MB 11.10 MB/s
################################################## 390.62 MB 10.93 MB/s
################################################## 410.16 MB 10.85 MB/s
################################################## 429.69 MB 10.68 MB/s
################################################## 449.22 MB 10.44 MB/s
################################################## 468.75 MB 10.33 MB/s
################################################## 488.28 MB 9.96 MB/s
################################################## 507.81 MB 9.86 MB/s
################################################## 527.34 MB 9.78 MB/s
################################################## 546.88 MB 9.68 MB/s
################################################## 566.41 MB 9.58 MB/s
################################################## 585.94 MB 9.49 MB/s
################################################## 605.47 MB 9.41 MB/s
################################################## 625.00 MB 9.34 MB/s
################################################## 644.53 MB 9.32 MB/s
################################################## 664.06 MB 9.28 MB/s
################################################## 683.59 MB 9.19 MB/s
################################################## 703.12 MB 9.16 MB/s
################################################## 722.66 MB 9.16 MB/s
################################################## 742.19 MB 9.11 MB/s
################################################## 761.72 MB 9.07 MB/s
################################################## 781.25 MB 9.04 MB/s
################################################## 800.78 MB 9.07 MB/s
################################################## 820.31 MB 9.08 MB/s
################################################## 839.84 MB 9.05 MB/s
################################################## 859.38 MB 9.03 MB/s
################################################## 878.91 MB 9.03 MB/s
#################################################  898.23 MB 9.03 MB/s Total
Scan   33 Minn_HCP_1.5mm_Task Minn_HCP_1.5mm_Task      from '180809_UEP_030'
################################################## 19.53 MB 5.31 MB/s
################################################## 39.06 MB 6.53 MB/s
################################################## 58.59 MB 7.14 MB/s
################################################## 78.12 MB 7.39 MB/s
################################################## 97.66 MB 7.58 MB/s
################################################## 117.19 MB 7.82 MB/s
################################################## 136.72 MB 8.39 MB/s
################################################## 156.25 MB 8.86 MB/s
################################################## 175.78 MB 9.28 MB/s
################################################## 195.31 MB 9.68 MB/s
################################################## 214.84 MB 9.94 MB/s
################################################## 234.38 MB 10.05 MB/s
################################################## 253.91 MB 10.28 MB/s
################################################## 273.44 MB 10.49 MB/s
################################################## 292.97 MB 10.65 MB/s
################################################## 312.50 MB 10.80 MB/s
################################################## 332.03 MB 10.88 MB/s
################################################## 351.56 MB 11.03 MB/s
################################################## 371.09 MB 11.01 MB/s
################################################## 390.62 MB 11.06 MB/s
################################################## 410.16 MB 11.20 MB/s
################################################## 429.69 MB 11.37 MB/s
################################################## 449.22 MB 11.49 MB/s
################################################## 468.75 MB 11.62 MB/s
################################################## 488.28 MB 11.70 MB/s
################################################## 507.81 MB 11.77 MB/s
################################################## 527.34 MB 11.71 MB/s
################################################## 546.88 MB 11.70 MB/s
################################################## 566.41 MB 11.76 MB/s
################################################## 585.94 MB 11.82 MB/s
################################################## 605.47 MB 11.89 MB/s
################################################## 625.00 MB 11.99 MB/s
################################################## 644.53 MB 11.77 MB/s
################################################## 664.06 MB 11.82 MB/s
################################################## 683.59 MB 11.88 MB/s
################################################## 703.12 MB 11.97 MB/s
################################################## 722.66 MB 12.01 MB/s
################################################## 742.19 MB 12.04 MB/s
################################################## 761.72 MB 12.07 MB/s
################################################## 781.25 MB 12.08 MB/s
################################################## 800.78 MB 12.10 MB/s
################################################## 820.31 MB 12.09 MB/s
################################################## 839.84 MB 12.17 MB/s
################################################## 859.38 MB 12.22 MB/s
################################################## 878.91 MB 12.26 MB/s
#################################################  898.23 MB 12.29 MB/s Total
Done with '180809_UEP_030'.
ArcGet.py: =================================================================
ArcGet.py: SUMMARY of WARNINGS:
ArcGet.py: WARNING: Unable to determine Age for DOB=""
------------------
Run = 180809_UEP_030.MR.Investigators_Gershman.7.1.20180809.171822.lk1mty.dcm
count = 0
filename = struct
mri_convert -it siemens_dicom -ot nii -i 180809_UEP_030.MR.Investigators_Gershman.7.1.20180809.171822.lk1mty.dcm -o /ncf/gershman/Lab/Exploration/subjects/180809_UEP_030/preproc/struct.nii 
$Id: mri_convert.c,v 1.225 2015/10/19 18:48:26 fischl Exp $
reading from 180809_UEP_030.MR.Investigators_Gershman.7.1.20180809.171822.lk1mty.dcm...
Getting Series No 
Scanning Directory 
INFO: loading series header info.
INFO: sorting.
INFO: (256 256 176), nframes = 1, ismosaic=0
sdfi->UseSliceScaleFactor 0
datatype = 4, short=4, float=3
PE Dir ROW ROW
AutoAlign matrix detected 
AutoAlign Matrix --------------------- 
 1.00000   0.00000   0.00000   0.00000;
 0.00000   1.00000   0.00000   0.00000;
 0.00000   0.00000   1.00000   0.00000;
 0.00000   0.00000   0.00000   1.00000;

FileName 		/net/rcss2/srv/export/gershman/share_root/Lab/Exploration/subjects/180809_UEP_030/RAW/180809_UEP_030.MR.Investigators_Gershman.7.1.20180809.171822.lk1mty.dcm
Identification
	NumarisVer        syngo MR E11
	ScannerModel      Prisma_fit
	PatientName       180809_UEP_030
Date and time
	StudyDate         20180809
	StudyTime         171822.812000 
	SeriesTime        172736.648000 
	AcqTime           172117.520000 
Acquisition parameters
	PulseSeq          tfl3d4_16ns 
	Protocol          T1_MEMPRAGE_1.0mm_p2
	PhEncDir          ROW
	EchoNo            1
	FlipAngle         7
	EchoTime          1.69
	InversionTime     1100
	RepetitionTime    2530
	PhEncFOV          256
	ReadoutFOV        256
Image information
	RunNo             6
	SeriesNo          7
	ImageNo           1
	NImageRows        256
	NImageCols        256
	NFrames           1
	SliceArraylSize   1
	IsMosaic          0
	ImgPos             87.9321 144.4830 113.0716 
	VolRes              1.0000   1.0000   1.0000 
	VolDim            256      256      176 
	Vc                  0.0111  -0.9967  -0.0804 
	Vr                 -0.0104   0.0803  -0.9967 
	Vs                 -0.9999  -0.0119   0.0095 
	VolCenter           0.0395  26.1268 -23.9638 
	TransferSyntaxUID 1.2.840.10008.1.2.1
UseSliceScaleFactor 0 (slice 0: 1)
IsDWI = 0
INFO: no Siemens slice order reversal detected (good!). 
TR=2530.00, TE=1.69, TI=1100.00, flip angle=7.00
i_ras = (0.0111429, -0.996703, -0.0803693)
j_ras = (-0.0103834, 0.0802546, -0.99672)
k_ras = (-0.999884, -0.0119408, 0.00945492)
writing to /ncf/gershman/Lab/Exploration/subjects/180809_UEP_030/preproc/struct.nii...
------------------
Run = 180809_UEP_030.MR.Investigators_Gershman.11.1.20180809.171822.1x4yqhq.dcm
count = 0+1
filename = run001
mri_convert -it siemens_dicom -ot nii -i 180809_UEP_030.MR.Investigators_Gershman.11.1.20180809.171822.1x4yqhq.dcm -o /ncf/gershman/Lab/Exploration/subjects/180809_UEP_030/preproc/run001.nii 
$Id: mri_convert.c,v 1.225 2015/10/19 18:48:26 fischl Exp $
reading from 180809_UEP_030.MR.Investigators_Gershman.11.1.20180809.171822.1x4yqhq.dcm...
Getting Series No 
Scanning Directory 
INFO: loading series header info.
INFO: sorting.
INFO: (136 136  84), nframes = 242, ismosaic=1
sdfi->UseSliceScaleFactor 0
datatype = 4, short=4, float=3
Could not parse NUMARIS version string syngo MR E11
found in dicom tag 18,1020 (len = 3 != 6)
Repetition Time = 2000, TR = 2000 ms
PE Dir COL COL
AutoAlign matrix detected 
AutoAlign Matrix --------------------- 
 1.00000   0.00000   0.00000   0.00000;
 0.00000   1.00000   0.00000   0.00000;
 0.00000   0.00000   1.00000   0.00000;
 0.00000   0.00000   0.00000   1.00000;

FileName 		/net/rcss2/srv/export/gershman/share_root/Lab/Exploration/subjects/180809_UEP_030/RAW/180809_UEP_030.MR.Investigators_Gershman.11.1.20180809.171822.1x4yqhq.dcm
Identification
	NumarisVer        syngo MR E11
	ScannerModel      Prisma_fit
	PatientName       180809_UEP_030
Date and time
	StudyDate         20180809
	StudyTime         171822.812000 
	SeriesTime        173121.231000 
	AcqTime           173023.427500 
Acquisition parameters
	PulseSeq          epfid2d1_136
	Protocol          Minn_HCP_1.5mm_Task 
	PhEncDir          COL
	EchoNo            1
	FlipAngle         80
	EchoTime          30
	InversionTime     -1
	RepetitionTime    2000
	PhEncFOV          204
	ReadoutFOV        204
Image information
	RunNo             10
	SeriesNo          11
	ImageNo           1
	NImageRows        1360
	NImageCols        1360
	NFrames           242
	SliceArraylSize   84
	IsMosaic          1
	ImgPos            101.5333 124.9229  -6.3397 
	VolRes              1.5000   1.5000   1.5000 
	VolDim            136      136       84 
	Vc                 -0.9999  -0.0120   0.0094 
	Vr                  0.0058  -0.8694  -0.4941 
	Vs                  0.0141  -0.4940   0.8694 
	VolCenter           1.0221   3.9022  -1.0026 
	TransferSyntaxUID 1.2.840.10008.1.2.1
UseSliceScaleFactor 0 (slice 0: 1)
IsDWI = 0
sagrev = 0, correv =0, trarev = 0
Vs = 0.0141198 -0.493959 0.869371
INFO: no Siemens slice order reversal detected (good!). 
TR=2000.00, TE=30.00, TI=-1.00, flip angle=80.00
i_ras = (-0.999884, -0.0119828, 0.00943106)
j_ras = (0.00575896, -0.869403, -0.494071)
k_ras = (0.0141198, -0.493959, 0.869371)
writing to /ncf/gershman/Lab/Exploration/subjects/180809_UEP_030/preproc/run001.nii...
------------------
Run = 180809_UEP_030.MR.Investigators_Gershman.13.1.20180809.171822.9h3uei.dcm
count = 0+1+1
filename = run002
mri_convert -it siemens_dicom -ot nii -i 180809_UEP_030.MR.Investigators_Gershman.13.1.20180809.171822.9h3uei.dcm -o /ncf/gershman/Lab/Exploration/subjects/180809_UEP_030/preproc/run002.nii 
$Id: mri_convert.c,v 1.225 2015/10/19 18:48:26 fischl Exp $
reading from 180809_UEP_030.MR.Investigators_Gershman.13.1.20180809.171822.9h3uei.dcm...
Getting Series No 
Scanning Directory 
INFO: loading series header info.
INFO: sorting.
INFO: (136 136  84), nframes = 242, ismosaic=1
sdfi->UseSliceScaleFactor 0
datatype = 4, short=4, float=3
Could not parse NUMARIS version string syngo MR E11
found in dicom tag 18,1020 (len = 3 != 6)
Repetition Time = 2000, TR = 2000 ms
PE Dir COL COL
AutoAlign matrix detected 
AutoAlign Matrix --------------------- 
 1.00000   0.00000   0.00000   0.00000;
 0.00000   1.00000   0.00000   0.00000;
 0.00000   0.00000   1.00000   0.00000;
 0.00000   0.00000   0.00000   1.00000;

FileName 		/net/rcss2/srv/export/gershman/share_root/Lab/Exploration/subjects/180809_UEP_030/RAW/180809_UEP_030.MR.Investigators_Gershman.13.1.20180809.171822.9h3uei.dcm
Identification
	NumarisVer        syngo MR E11
	ScannerModel      Prisma_fit
	PatientName       180809_UEP_030
Date and time
	StudyDate         20180809
	StudyTime         171822.812000 
	SeriesTime        173956.614000 
	AcqTime           173915.315000 
Acquisition parameters
	PulseSeq          epfid2d1_136
	Protocol          Minn_HCP_1.5mm_Task 
	PhEncDir          COL
	EchoNo            1
	FlipAngle         80
	EchoTime          30
	InversionTime     -1
	RepetitionTime    2000
	PhEncFOV          204
	ReadoutFOV        204
Image information
	RunNo             12
	SeriesNo          13
	ImageNo           1
	NImageRows        1360
	NImageCols        1360
	NFrames           242
	SliceArraylSize   84
	IsMosaic          1
	ImgPos            101.5333 124.9229  -6.3397 
	VolRes              1.5000   1.5000   1.5000 
	VolDim            136      136       84 
	Vc                 -0.9999  -0.0120   0.0094 
	Vr                  0.0058  -0.8694  -0.4941 
	Vs                  0.0141  -0.4940   0.8694 
	VolCenter           1.0221   3.9022  -1.0026 
	TransferSyntaxUID 1.2.840.10008.1.2.1
UseSliceScaleFactor 0 (slice 0: 1)
IsDWI = 0
sagrev = 0, correv =0, trarev = 0
Vs = 0.0141198 -0.493959 0.869371
INFO: no Siemens slice order reversal detected (good!). 
TR=2000.00, TE=30.00, TI=-1.00, flip angle=80.00
i_ras = (-0.999884, -0.0119828, 0.00943106)
j_ras = (0.00575896, -0.869403, -0.494071)
k_ras = (0.0141198, -0.493959, 0.869371)
writing to /ncf/gershman/Lab/Exploration/subjects/180809_UEP_030/preproc/run002.nii...
------------------
Run = 180809_UEP_030.MR.Investigators_Gershman.15.1.20180809.171822.r3ewto.dcm
count = 0+1+1+1
filename = run003
mri_convert -it siemens_dicom -ot nii -i 180809_UEP_030.MR.Investigators_Gershman.15.1.20180809.171822.r3ewto.dcm -o /ncf/gershman/Lab/Exploration/subjects/180809_UEP_030/preproc/run003.nii 
$Id: mri_convert.c,v 1.225 2015/10/19 18:48:26 fischl Exp $
reading from 180809_UEP_030.MR.Investigators_Gershman.15.1.20180809.171822.r3ewto.dcm...
Getting Series No 
Scanning Directory 
INFO: loading series header info.
INFO: sorting.
INFO: (136 136  84), nframes = 242, ismosaic=1
sdfi->UseSliceScaleFactor 0
datatype = 4, short=4, float=3
Could not parse NUMARIS version string syngo MR E11
found in dicom tag 18,1020 (len = 3 != 6)
Repetition Time = 2000, TR = 2000 ms
PE Dir COL COL
AutoAlign matrix detected 
AutoAlign Matrix --------------------- 
 1.00000   0.00000   0.00000   0.00000;
 0.00000   1.00000   0.00000   0.00000;
 0.00000   0.00000   1.00000   0.00000;
 0.00000   0.00000   0.00000   1.00000;

FileName 		/net/rcss2/srv/export/gershman/share_root/Lab/Exploration/subjects/180809_UEP_030/RAW/180809_UEP_030.MR.Investigators_Gershman.15.1.20180809.171822.r3ewto.dcm
Identification
	NumarisVer        syngo MR E11
	ScannerModel      Prisma_fit
	PatientName       180809_UEP_030
Date and time
	StudyDate         20180809
	StudyTime         171822.812000 
	SeriesTime        174856.690000 
	AcqTime           174807.532500 
Acquisition parameters
	PulseSeq          epfid2d1_136
	Protocol          Minn_HCP_1.5mm_Task 
	PhEncDir          COL
	EchoNo            1
	FlipAngle         80
	EchoTime          30
	InversionTime     -1
	RepetitionTime    2000
	PhEncFOV          204
	ReadoutFOV        204
Image information
	RunNo             14
	SeriesNo          15
	ImageNo           1
	NImageRows        1360
	NImageCols        1360
	NFrames           242
	SliceArraylSize   84
	IsMosaic          1
	ImgPos            101.5333 124.9229  -6.3397 
	VolRes              1.5000   1.5000   1.5000 
	VolDim            136      136       84 
	Vc                 -0.9999  -0.0120   0.0094 
	Vr                  0.0058  -0.8694  -0.4941 
	Vs                  0.0141  -0.4940   0.8694 
	VolCenter           1.0221   3.9022  -1.0026 
	TransferSyntaxUID 1.2.840.10008.1.2.1
UseSliceScaleFactor 0 (slice 0: 1)
IsDWI = 0
sagrev = 0, correv =0, trarev = 0
Vs = 0.0141198 -0.493959 0.869371
INFO: no Siemens slice order reversal detected (good!). 
TR=2000.00, TE=30.00, TI=-1.00, flip angle=80.00
i_ras = (-0.999884, -0.0119828, 0.00943106)
j_ras = (0.00575896, -0.869403, -0.494071)
k_ras = (0.0141198, -0.493959, 0.869371)
writing to /ncf/gershman/Lab/Exploration/subjects/180809_UEP_030/preproc/run003.nii...
------------------
Run = 180809_UEP_030.MR.Investigators_Gershman.17.1.20180809.171822.ie2zjz.dcm
count = 0+1+1+1+1
filename = run004
mri_convert -it siemens_dicom -ot nii -i 180809_UEP_030.MR.Investigators_Gershman.17.1.20180809.171822.ie2zjz.dcm -o /ncf/gershman/Lab/Exploration/subjects/180809_UEP_030/preproc/run004.nii 
$Id: mri_convert.c,v 1.225 2015/10/19 18:48:26 fischl Exp $
reading from 180809_UEP_030.MR.Investigators_Gershman.17.1.20180809.171822.ie2zjz.dcm...
Getting Series No 
Scanning Directory 
INFO: loading series header info.
INFO: sorting.
INFO: (136 136  84), nframes = 242, ismosaic=1
sdfi->UseSliceScaleFactor 0
datatype = 3, short=4, float=3
Could not parse NUMARIS version string syngo MR E11
found in dicom tag 18,1020 (len = 3 != 6)
Repetition Time = 2000, TR = 2000 ms
PE Dir COL COL
AutoAlign matrix detected 
AutoAlign Matrix --------------------- 
 1.00000   0.00000   0.00000   0.00000;
 0.00000   1.00000   0.00000   0.00000;
 0.00000   0.00000   1.00000   0.00000;
 0.00000   0.00000   0.00000   1.00000;

FileName 		/net/rcss2/srv/export/gershman/share_root/Lab/Exploration/subjects/180809_UEP_030/RAW/180809_UEP_030.MR.Investigators_Gershman.17.1.20180809.171822.ie2zjz.dcm
Identification
	NumarisVer        syngo MR E11
	ScannerModel      Prisma_fit
	PatientName       180809_UEP_030
Date and time
	StudyDate         20180809
	StudyTime         171822.812000 
	SeriesTime        175721.247000 
	AcqTime           175700.655000 
Acquisition parameters
	PulseSeq          epfid2d1_136
	Protocol          Minn_HCP_1.5mm_Task 
	PhEncDir          COL
	EchoNo            1
	FlipAngle         80
	EchoTime          30
	InversionTime     -1
	RepetitionTime    2000
	PhEncFOV          204
	ReadoutFOV        204
Image information
	RunNo             16
	SeriesNo          17
	ImageNo           1
	NImageRows        1360
	NImageCols        1360
	NFrames           242
	SliceArraylSize   84
	IsMosaic          1
	ImgPos            101.5333 124.9229  -6.3397 
	VolRes              1.5000   1.5000   1.5000 
	VolDim            136      136       84 
	Vc                 -0.9999  -0.0120   0.0094 
	Vr                  0.0058  -0.8694  -0.4941 
	Vs                  0.0141  -0.4940   0.8694 
	VolCenter           1.0221   3.9022  -1.0026 
	TransferSyntaxUID 1.2.840.10008.1.2.1
UseSliceScaleFactor 0 (slice 0: 1)
IsDWI = 0
sagrev = 0, correv =0, trarev = 0
Vs = 0.0141198 -0.493959 0.869371
INFO: no Siemens slice order reversal detected (good!). 
TR=2000.00, TE=30.00, TI=-1.00, flip angle=80.00
i_ras = (-0.999884, -0.0119828, 0.00943106)
j_ras = (0.00575896, -0.869403, -0.494071)
k_ras = (0.0141198, -0.493959, 0.869371)
writing to /ncf/gershman/Lab/Exploration/subjects/180809_UEP_030/preproc/run004.nii...
------------------
Run = 180809_UEP_030.MR.Investigators_Gershman.27.1.20180809.171822.1h4y285.dcm
count = 0+1+1+1+1+1
filename = run005
mri_convert -it siemens_dicom -ot nii -i 180809_UEP_030.MR.Investigators_Gershman.27.1.20180809.171822.1h4y285.dcm -o /ncf/gershman/Lab/Exploration/subjects/180809_UEP_030/preproc/run005.nii 
$Id: mri_convert.c,v 1.225 2015/10/19 18:48:26 fischl Exp $
reading from 180809_UEP_030.MR.Investigators_Gershman.27.1.20180809.171822.1h4y285.dcm...
Getting Series No 
Scanning Directory 
INFO: loading series header info.
INFO: sorting.
INFO: (136 136  84), nframes = 242, ismosaic=1
sdfi->UseSliceScaleFactor 0
datatype = 4, short=4, float=3
Could not parse NUMARIS version string syngo MR E11
found in dicom tag 18,1020 (len = 3 != 6)
Repetition Time = 2000, TR = 2000 ms
PE Dir COL COL
AutoAlign matrix detected 
AutoAlign Matrix --------------------- 
 1.00000   0.00000   0.00000   0.00000;
 0.00000   1.00000   0.00000   0.00000;
 0.00000   0.00000   1.00000   0.00000;
 0.00000   0.00000   0.00000   1.00000;

FileName 		/net/rcss2/srv/export/gershman/share_root/Lab/Exploration/subjects/180809_UEP_030/RAW/180809_UEP_030.MR.Investigators_Gershman.27.1.20180809.171822.1h4y285.dcm
Identification
	NumarisVer        syngo MR E11
	ScannerModel      Prisma_fit
	PatientName       180809_UEP_030
Date and time
	StudyDate         20180809
	StudyTime         171822.812000 
	SeriesTime        181656.681000 
	AcqTime           181605.810000 
Acquisition parameters
	PulseSeq          epfid2d1_136
	Protocol          Minn_HCP_1.5mm_Task 
	PhEncDir          COL
	EchoNo            1
	FlipAngle         80
	EchoTime          30
	InversionTime     -1
	RepetitionTime    2000
	PhEncFOV          204
	ReadoutFOV        204
Image information
	RunNo             26
	SeriesNo          27
	ImageNo           1
	NImageRows        1360
	NImageCols        1360
	NFrames           242
	SliceArraylSize   84
	IsMosaic          1
	ImgPos             99.7415 125.8891   2.4246 
	VolRes              1.5000   1.5000   1.5000 
	VolDim            136      136       84 
	Vc                 -0.9996  -0.0215   0.0182 
	Vr                  0.0092  -0.8617  -0.5073 
	Vs                  0.0266  -0.5069   0.8616 
	VolCenter           0.4004   3.8685   6.8193 
	TransferSyntaxUID 1.2.840.10008.1.2.1
UseSliceScaleFactor 0 (slice 0: 1)
IsDWI = 0
sagrev = 0, correv =0, trarev = 0
Vs = 0.0265924 -0.506925 0.86158
INFO: no Siemens slice order reversal detected (good!). 
TR=2000.00, TE=30.00, TI=-1.00, flip angle=80.00
i_ras = (-0.999604, -0.021457, 0.0182279)
j_ras = (0.00924678, -0.861723, -0.507294)
k_ras = (0.0265924, -0.506925, 0.86158)
writing to /ncf/gershman/Lab/Exploration/subjects/180809_UEP_030/preproc/run005.nii...
------------------
Run = 180809_UEP_030.MR.Investigators_Gershman.29.1.20180809.171822.s1f0hf.dcm
count = 0+1+1+1+1+1+1
filename = run006
mri_convert -it siemens_dicom -ot nii -i 180809_UEP_030.MR.Investigators_Gershman.29.1.20180809.171822.s1f0hf.dcm -o /ncf/gershman/Lab/Exploration/subjects/180809_UEP_030/preproc/run006.nii 
$Id: mri_convert.c,v 1.225 2015/10/19 18:48:26 fischl Exp $
reading from 180809_UEP_030.MR.Investigators_Gershman.29.1.20180809.171822.s1f0hf.dcm...
Getting Series No 
Scanning Directory 
INFO: loading series header info.
INFO: sorting.
INFO: (136 136  84), nframes = 242, ismosaic=1
sdfi->UseSliceScaleFactor 0
datatype = 4, short=4, float=3
Could not parse NUMARIS version string syngo MR E11
found in dicom tag 18,1020 (len = 3 != 6)
Repetition Time = 2000, TR = 2000 ms
PE Dir COL COL
AutoAlign matrix detected 
AutoAlign Matrix --------------------- 
 1.00000   0.00000   0.00000   0.00000;
 0.00000   1.00000   0.00000   0.00000;
 0.00000   0.00000   1.00000   0.00000;
 0.00000   0.00000   0.00000   1.00000;

FileName 		/net/rcss2/srv/export/gershman/share_root/Lab/Exploration/subjects/180809_UEP_030/RAW/180809_UEP_030.MR.Investigators_Gershman.29.1.20180809.171822.s1f0hf.dcm
Identification
	NumarisVer        syngo MR E11
	ScannerModel      Prisma_fit
	PatientName       180809_UEP_030
Date and time
	StudyDate         20180809
	StudyTime         171822.812000 
	SeriesTime        182541.236000 
	AcqTime           182456.830000 
Acquisition parameters
	PulseSeq          epfid2d1_136
	Protocol          Minn_HCP_1.5mm_Task 
	PhEncDir          COL
	EchoNo            1
	FlipAngle         80
	EchoTime          30
	InversionTime     -1
	RepetitionTime    2000
	PhEncFOV          204
	ReadoutFOV        204
Image information
	RunNo             28
	SeriesNo          29
	ImageNo           1
	NImageRows        1360
	NImageCols        1360
	NFrames           242
	SliceArraylSize   84
	IsMosaic          1
	ImgPos             99.7415 125.8891   2.4246 
	VolRes              1.5000   1.5000   1.5000 
	VolDim            136      136       84 
	Vc                 -0.9996  -0.0215   0.0182 
	Vr                  0.0092  -0.8617  -0.5073 
	Vs                  0.0266  -0.5069   0.8616 
	VolCenter           0.4004   3.8685   6.8193 
	TransferSyntaxUID 1.2.840.10008.1.2.1
UseSliceScaleFactor 0 (slice 0: 1)
IsDWI = 0
sagrev = 0, correv =0, trarev = 0
Vs = 0.0265924 -0.506925 0.86158
INFO: no Siemens slice order reversal detected (good!). 
TR=2000.00, TE=30.00, TI=-1.00, flip angle=80.00
i_ras = (-0.999604, -0.021457, 0.0182279)
j_ras = (0.00924678, -0.861723, -0.507294)
k_ras = (0.0265924, -0.506925, 0.86158)
writing to /ncf/gershman/Lab/Exploration/subjects/180809_UEP_030/preproc/run006.nii...
------------------
Run = 180809_UEP_030.MR.Investigators_Gershman.31.1.20180809.171822.1rj3y30.dcm
count = 0+1+1+1+1+1+1+1
filename = run007
mri_convert -it siemens_dicom -ot nii -i 180809_UEP_030.MR.Investigators_Gershman.31.1.20180809.171822.1rj3y30.dcm -o /ncf/gershman/Lab/Exploration/subjects/180809_UEP_030/preproc/run007.nii 
$Id: mri_convert.c,v 1.225 2015/10/19 18:48:26 fischl Exp $
reading from 180809_UEP_030.MR.Investigators_Gershman.31.1.20180809.171822.1rj3y30.dcm...
Getting Series No 
Scanning Directory 
INFO: loading series header info.
INFO: sorting.
INFO: (136 136  84), nframes = 242, ismosaic=1
sdfi->UseSliceScaleFactor 0
datatype = 4, short=4, float=3
Could not parse NUMARIS version string syngo MR E11
found in dicom tag 18,1020 (len = 3 != 6)
Repetition Time = 2000, TR = 2000 ms
PE Dir COL COL
AutoAlign matrix detected 
AutoAlign Matrix --------------------- 
 1.00000   0.00000   0.00000   0.00000;
 0.00000   1.00000   0.00000   0.00000;
 0.00000   0.00000   1.00000   0.00000;
 0.00000   0.00000   0.00000   1.00000;

FileName 		/net/rcss2/srv/export/gershman/share_root/Lab/Exploration/subjects/180809_UEP_030/RAW/180809_UEP_030.MR.Investigators_Gershman.31.1.20180809.171822.1rj3y30.dcm
Identification
	NumarisVer        syngo MR E11
	ScannerModel      Prisma_fit
	PatientName       180809_UEP_030
Date and time
	StudyDate         20180809
	StudyTime         171822.812000 
	SeriesTime        183434.588000 
	AcqTime           183352.067500 
Acquisition parameters
	PulseSeq          epfid2d1_136
	Protocol          Minn_HCP_1.5mm_Task 
	PhEncDir          COL
	EchoNo            1
	FlipAngle         80
	EchoTime          30
	InversionTime     -1
	RepetitionTime    2000
	PhEncFOV          204
	ReadoutFOV        204
Image information
	RunNo             30
	SeriesNo          31
	ImageNo           1
	NImageRows        1360
	NImageCols        1360
	NFrames           242
	SliceArraylSize   84
	IsMosaic          1
	ImgPos             99.7415 125.8891   2.4246 
	VolRes              1.5000   1.5000   1.5000 
	VolDim            136      136       84 
	Vc                 -0.9996  -0.0215   0.0182 
	Vr                  0.0092  -0.8617  -0.5073 
	Vs                  0.0266  -0.5069   0.8616 
	VolCenter           0.4004   3.8685   6.8193 
	TransferSyntaxUID 1.2.840.10008.1.2.1
UseSliceScaleFactor 0 (slice 0: 1)
IsDWI = 0
sagrev = 0, correv =0, trarev = 0
Vs = 0.0265924 -0.506925 0.86158
INFO: no Siemens slice order reversal detected (good!). 
TR=2000.00, TE=30.00, TI=-1.00, flip angle=80.00
i_ras = (-0.999604, -0.021457, 0.0182279)
j_ras = (0.00924678, -0.861723, -0.507294)
k_ras = (0.0265924, -0.506925, 0.86158)
writing to /ncf/gershman/Lab/Exploration/subjects/180809_UEP_030/preproc/run007.nii...
------------------
Run = 180809_UEP_030.MR.Investigators_Gershman.33.1.20180809.171822.ni51fc.dcm
count = 0+1+1+1+1+1+1+1+1
filename = run008
mri_convert -it siemens_dicom -ot nii -i 180809_UEP_030.MR.Investigators_Gershman.33.1.20180809.171822.ni51fc.dcm -o /ncf/gershman/Lab/Exploration/subjects/180809_UEP_030/preproc/run008.nii 
$Id: mri_convert.c,v 1.225 2015/10/19 18:48:26 fischl Exp $
reading from 180809_UEP_030.MR.Investigators_Gershman.33.1.20180809.171822.ni51fc.dcm...
Getting Series No 
Scanning Directory 
INFO: loading series header info.
INFO: sorting.
INFO: (136 136  84), nframes = 242, ismosaic=1
sdfi->UseSliceScaleFactor 0
datatype = 4, short=4, float=3
Could not parse NUMARIS version string syngo MR E11
found in dicom tag 18,1020 (len = 3 != 6)
Repetition Time = 2000, TR = 2000 ms
PE Dir COL COL
AutoAlign matrix detected 
AutoAlign Matrix --------------------- 
 1.00000   0.00000   0.00000   0.00000;
 0.00000   1.00000   0.00000   0.00000;
 0.00000   0.00000   1.00000   0.00000;
 0.00000   0.00000   0.00000   1.00000;

FileName 		/net/rcss2/srv/export/gershman/share_root/Lab/Exploration/subjects/180809_UEP_030/RAW/180809_UEP_030.MR.Investigators_Gershman.33.1.20180809.171822.ni51fc.dcm
Identification
	NumarisVer        syngo MR E11
	ScannerModel      Prisma_fit
	PatientName       180809_UEP_030
Date and time
	StudyDate         20180809
	StudyTime         171822.812000 
	SeriesTime        184336.694000 
	AcqTime           184242.597500 
Acquisition parameters
	PulseSeq          epfid2d1_136
	Protocol          Minn_HCP_1.5mm_Task 
	PhEncDir          COL
	EchoNo            1
	FlipAngle         80
	EchoTime          30
	InversionTime     -1
	RepetitionTime    2000
	PhEncFOV          204
	ReadoutFOV        204
Image information
	RunNo             32
	SeriesNo          33
	ImageNo           1
	NImageRows        1360
	NImageCols        1360
	NFrames           242
	SliceArraylSize   84
	IsMosaic          1
	ImgPos             99.7415 125.8891   2.4246 
	VolRes              1.5000   1.5000   1.5000 
	VolDim            136      136       84 
	Vc                 -0.9996  -0.0215   0.0182 
	Vr                  0.0092  -0.8617  -0.5073 
	Vs                  0.0266  -0.5069   0.8616 
	VolCenter           0.4004   3.8685   6.8193 
	TransferSyntaxUID 1.2.840.10008.1.2.1
UseSliceScaleFactor 0 (slice 0: 1)
IsDWI = 0
sagrev = 0, correv =0, trarev = 0
Vs = 0.0265924 -0.506925 0.86158
INFO: no Siemens slice order reversal detected (good!). 
TR=2000.00, TE=30.00, TI=-1.00, flip angle=80.00
i_ras = (-0.999604, -0.021457, 0.0182279)
j_ras = (0.00924678, -0.861723, -0.507294)
k_ras = (0.0265924, -0.506925, 0.86158)
writing to /ncf/gershman/Lab/Exploration/subjects/180809_UEP_030/preproc/run008.nii...
