Saving output to '/net/rcss2/srv/export/gershman/share_root/Lab/Exploration/subjects'
ArcGet.py: WARNING: Unable to determine Age for DOB=""

SUBJECT: 180730_UEP_000 (CBSCentral_S08708) AGE:       0                             
GENDER:                                 HADEDNESS:                               
RACE:                                   ETHNICITY:                               
ENGLISH:                                LANGUAGE:                                
WEIGHT:                                 HEIGHT:                                  
SESSION: 180730_UEP_000 (Accession ID CBSCentral_E11384)

downld  num quality  type         series                           note
    no    1 usable   LOCALIZER    localizer_32ch_uncombined        
    no    2 usable   localizer_32ch_uncombined localizer_32ch_uncombined        
    no    3 usable   AAHead_Scout_32ch AAHead_Scout_32ch                
    no    4 usable   AAScout      AAHead_Scout_32ch_MPR_sag        
    no    5 usable   AAScout      AAHead_Scout_32ch_MPR_cor        
    no    6 usable   AAScout      AAHead_Scout_32ch_MPR_tra        
   YES    7 usable   MEMPRAGE RMS T1_MEMPRAGE_1.0mm_p2 RMS         
    no    8 usable   HCP_SEFieldMap_1.5mm_84sl_p2_AP HCP_SEFieldMap_1.5mm_84sl_p2_AP  
    no    9 usable   HCP_SEFieldMap_1.5mm_84sl_p2_PA HCP_SEFieldMap_1.5mm_84sl_p2_PA  
    no   10 usable   Minn_HCP_1.5mm_Task_SBRef Minn_HCP_1.5mm_Task_SBRef        
   YES   11 usable   Minn_HCP_1.5mm_Task Minn_HCP_1.5mm_Task              
    no   99 usable   PhoenixZIPReport PhoenixZIPReport                 

Getting Data...
Scan    7 MEMPRAGE RMS T1_MEMPRAGE_1.0mm_p2 RMS from '180730_UEP_000'
################################################## 19.53 MB 5.24 MB/s
################################################## 39.06 MB 7.41 MB/s
#########                                          42.85 MB 7.53 MB/s Total
Scan   11 Minn_HCP_1.5mm_Task Minn_HCP_1.5mm_Task      from '180730_UEP_000'
################################################## 19.53 MB 8.79 MB/s
################################################## 39.06 MB 11.51 MB/s
################################################## 58.59 MB 13.01 MB/s
################################################## 78.12 MB 13.28 MB/s
################################################## 97.66 MB 13.50 MB/s
################################################## 117.19 MB 13.39 MB/s
################################################## 136.72 MB 13.77 MB/s
################################################## 156.25 MB 14.08 MB/s
################################################## 175.78 MB 13.14 MB/s
################################################## 195.31 MB 13.44 MB/s
################################################## 214.84 MB 13.68 MB/s
################################################## 234.38 MB 13.77 MB/s
################################################## 253.91 MB 13.74 MB/s
################################################## 273.44 MB 13.88 MB/s
################################################## 292.97 MB 13.93 MB/s
################################################## 312.50 MB 14.06 MB/s
################################################## 332.03 MB 14.21 MB/s
################################################## 351.56 MB 14.31 MB/s
#################################################  371.06 MB 14.44 MB/s Total
Done with '180730_UEP_000'.
ArcGet.py: =================================================================
ArcGet.py: SUMMARY of WARNINGS:
ArcGet.py: WARNING: Unable to determine Age for DOB=""
------------------
Run = 180730_UEP_000.MR.Investigators_Gershman.7.1.20180730.124626.gn51kr.dcm
count = 0
filename = struct
mri_convert -it siemens_dicom -ot nii -i 180730_UEP_000.MR.Investigators_Gershman.7.1.20180730.124626.gn51kr.dcm -o /ncf/gershman/Lab/Exploration/subjects/180730_UEP_000/preproc/struct.nii 
$Id: mri_convert.c,v 1.225 2015/10/19 18:48:26 fischl Exp $
reading from 180730_UEP_000.MR.Investigators_Gershman.7.1.20180730.124626.gn51kr.dcm...
Getting Series No 
Scanning Directory 
INFO: loading series header info.
INFO: sorting.
INFO: (256 256 176), nframes = 1, ismosaic=0
sdfi->UseSliceScaleFactor 0
datatype = 4, short=4, float=3
PE Dir ROW ROW
AutoAlign matrix detected 
AutoAlign Matrix --------------------- 
 1.00000   0.00000   0.00000   0.00000;
 0.00000   1.00000   0.00000   0.00000;
 0.00000   0.00000   1.00000   0.00000;
 0.00000   0.00000   0.00000   1.00000;

FileName 		/net/rcss2/srv/export/gershman/share_root/Lab/Exploration/subjects/180730_UEP_000/RAW/180730_UEP_000.MR.Investigators_Gershman.7.1.20180730.124626.gn51kr.dcm
Identification
	NumarisVer        syngo MR E11
	ScannerModel      Prisma_fit
	PatientName       180730_UEP_000
Date and time
	StudyDate         20180730
	StudyTime         124626.810000 
	SeriesTime        125454.116000 
	AcqTime           124818.045000 
Acquisition parameters
	PulseSeq          tfl3d4_16ns 
	Protocol          T1_MEMPRAGE_1.0mm_p2
	PhEncDir          ROW
	EchoNo            1
	FlipAngle         7
	EchoTime          1.69
	InversionTime     1100
	RepetitionTime    2530
	PhEncFOV          256
	ReadoutFOV        256
Image information
	RunNo             6
	SeriesNo          7
	ImageNo           1
	NImageRows        256
	NImageCols        256
	NFrames           1
	SliceArraylSize   1
	IsMosaic          0
	ImgPos             82.3964 146.0250 130.3892 
	VolRes              1.0000   1.0000   1.0000 
	VolDim            256      256      176 
	Vc                  0.0220  -0.9967  -0.0781 
	Vr                  0.0046   0.0782  -0.9969 
	Vs                 -0.9997  -0.0216  -0.0063 
	VolCenter          -2.1808  26.5607  -7.7664 
	TransferSyntaxUID 1.2.840.10008.1.2.1
UseSliceScaleFactor 0 (slice 0: 1)
IsDWI = 0
INFO: no Siemens slice order reversal detected (good!). 
TR=2530.00, TE=1.69, TI=1100.00, flip angle=7.00
i_ras = (0.0220106, -0.996702, -0.0781096)
j_ras = (0.00455636, 0.0782277, -0.996925)
k_ras = (-0.999747, -0.021587, -0.0062632)
writing to /ncf/gershman/Lab/Exploration/subjects/180730_UEP_000/preproc/struct.nii...
------------------
Run = 180730_UEP_000.MR.Investigators_Gershman.11.1.20180730.124626.195iprp.dcm
count = 0+1
filename = run001
mri_convert -it siemens_dicom -ot nii -i 180730_UEP_000.MR.Investigators_Gershman.11.1.20180730.124626.195iprp.dcm -o /ncf/gershman/Lab/Exploration/subjects/180730_UEP_000/preproc/run001.nii 
$Id: mri_convert.c,v 1.225 2015/10/19 18:48:26 fischl Exp $
reading from 180730_UEP_000.MR.Investigators_Gershman.11.1.20180730.124626.195iprp.dcm...
Getting Series No 
Scanning Directory 
INFO: loading series header info.
INFO: sorting.
INFO: (136 136  84), nframes = 100, ismosaic=1
sdfi->UseSliceScaleFactor 0
datatype = 4, short=4, float=3
Could not parse NUMARIS version string syngo MR E11
found in dicom tag 18,1020 (len = 3 != 6)
Repetition Time = 2000, TR = 2000 ms
PE Dir COL COL
AutoAlign matrix detected 
AutoAlign Matrix --------------------- 
 1.00000   0.00000   0.00000   0.00000;
 0.00000   1.00000   0.00000   0.00000;
 0.00000   0.00000   1.00000   0.00000;
 0.00000   0.00000   0.00000   1.00000;

FileName 		/net/rcss2/srv/export/gershman/share_root/Lab/Exploration/subjects/180730_UEP_000/RAW/180730_UEP_000.MR.Investigators_Gershman.11.1.20180730.124626.195iprp.dcm
Identification
	NumarisVer        syngo MR E11
	ScannerModel      Prisma_fit
	PatientName       180730_UEP_000
Date and time
	StudyDate         20180730
	StudyTime         124626.810000 
	SeriesTime        125802.236000 
	AcqTime           125720.135000 
Acquisition parameters
	PulseSeq          epfid2d1_136
	Protocol          Minn_HCP_1.5mm_Task 
	PhEncDir          COL
	EchoNo            1
	FlipAngle         80
	EchoTime          30
	InversionTime     -1
	RepetitionTime    2000
	PhEncFOV          204
	ReadoutFOV        204
Image information
	RunNo             10
	SeriesNo          11
	ImageNo           1
	NImageRows        1360
	NImageCols        1360
	NFrames           100
	SliceArraylSize   84
	IsMosaic          1
	ImgPos             98.0771 126.3564  11.2498 
	VolRes              1.5000   1.5000   1.5000 
	VolDim            136      136       84 
	Vc                 -0.9997  -0.0215  -0.0062 
	Vr                  0.0218  -0.8702  -0.4922 
	Vs                  0.0052  -0.4922   0.8705 
	VolCenter          -1.3462   4.3892  15.2520 
	TransferSyntaxUID 1.2.840.10008.1.2.1
UseSliceScaleFactor 0 (slice 0: 1)
IsDWI = 0
sagrev = 0, correv =0, trarev = 0
Vs = 0.00517417 -0.492186 0.870474
INFO: no Siemens slice order reversal detected (good!). 
TR=2000.00, TE=30.00, TI=-1.00, flip angle=80.00
i_ras = (-0.999749, -0.0215356, -0.00623414)
j_ras = (0.0218146, -0.870223, -0.492174)
k_ras = (0.00517417, -0.492186, 0.870474)
writing to /ncf/gershman/Lab/Exploration/subjects/180730_UEP_000/preproc/run001.nii...
