Saving output to '/net/rcss2/srv/export/gershman/share_root/Lab/Exploration/subjects'
ArcGet.py: WARNING: Unable to determine Age for DOB=""

SUBJECT: 180807_UEP_026 (CBSCentral_S08749) AGE:       0                             
GENDER:                                 HADEDNESS:                               
RACE:                                   ETHNICITY:                               
ENGLISH:                                LANGUAGE:                                
WEIGHT:                                 HEIGHT:                                  
SESSION: 180807_UEP_026 (Accession ID CBSCentral_E11444)

downld  num quality  type         series                           note
    no    1 usable   LOCALIZER    localizer_32ch_uncombined        
    no    2 usable   localizer_32ch_uncombined localizer_32ch_uncombined        
    no    3 usable   AAHead_Scout_32ch AAHead_Scout_32ch                
    no    4 usable   AAScout      AAHead_Scout_32ch_MPR_sag        
    no    5 usable   AAScout      AAHead_Scout_32ch_MPR_cor        
    no    6 usable   AAScout      AAHead_Scout_32ch_MPR_tra        
   YES    7 usable   MEMPRAGE RMS T1_MEMPRAGE_1.0mm_p2 RMS         
    no    8 usable   HCP_SEFieldMap_1.5mm_84sl_p2_AP HCP_SEFieldMap_1.5mm_84sl_p2_AP  
    no    9 usable   HCP_SEFieldMap_1.5mm_84sl_p2_PA HCP_SEFieldMap_1.5mm_84sl_p2_PA  
    no   10 usable   Minn_HCP_1.5mm_Task_SBRef Minn_HCP_1.5mm_Task_SBRef        
   YES   11 usable   Minn_HCP_1.5mm_Task Minn_HCP_1.5mm_Task              
    no   12 usable   Minn_HCP_1.5mm_Task_SBRef Minn_HCP_1.5mm_Task_SBRef        
   YES   13 usable   Minn_HCP_1.5mm_Task Minn_HCP_1.5mm_Task              
    no   14 usable   Minn_HCP_1.5mm_Task_SBRef Minn_HCP_1.5mm_Task_SBRef        
   YES   15 usable   Minn_HCP_1.5mm_Task Minn_HCP_1.5mm_Task              
    no   16 usable   Minn_HCP_1.5mm_Task_SBRef Minn_HCP_1.5mm_Task_SBRef        
   YES   17 usable   Minn_HCP_1.5mm_Task Minn_HCP_1.5mm_Task              
    no   18 usable   LOCALIZER    localizer_32ch_uncombined        
    no   19 usable   localizer_32ch_uncombined localizer_32ch_uncombined        
    no   20 usable   AAHead_Scout_32ch AAHead_Scout_32ch                
    no   21 usable   AAScout      AAHead_Scout_32ch_MPR_sag        
    no   22 usable   AAScout      AAHead_Scout_32ch_MPR_cor        
    no   23 usable   AAScout      AAHead_Scout_32ch_MPR_tra        
    no   24 usable   HCP_SEFieldMap_1.5mm_84sl_p2_AP HCP_SEFieldMap_1.5mm_84sl_p2_AP  
    no   25 usable   HCP_SEFieldMap_1.5mm_84sl_p2_PA HCP_SEFieldMap_1.5mm_84sl_p2_PA  
    no   26 usable   Minn_HCP_1.5mm_Task_SBRef Minn_HCP_1.5mm_Task_SBRef        
   YES   27 usable   Minn_HCP_1.5mm_Task Minn_HCP_1.5mm_Task              
    no   28 usable   Minn_HCP_1.5mm_Task_SBRef Minn_HCP_1.5mm_Task_SBRef        
   YES   29 usable   Minn_HCP_1.5mm_Task Minn_HCP_1.5mm_Task              
    no   30 usable   Minn_HCP_1.5mm_Task_SBRef Minn_HCP_1.5mm_Task_SBRef        
   YES   31 usable   Minn_HCP_1.5mm_Task Minn_HCP_1.5mm_Task              
    no   32 usable   Minn_HCP_1.5mm_Task_SBRef Minn_HCP_1.5mm_Task_SBRef        
   YES   33 usable   Minn_HCP_1.5mm_Task Minn_HCP_1.5mm_Task              
    no   99 usable   PhoenixZIPReport PhoenixZIPReport                 

Getting Data...
Scan    7 MEMPRAGE RMS T1_MEMPRAGE_1.0mm_p2 RMS from '180807_UEP_026'
################################################## 19.53 MB 2.40 MB/s
################################################## 39.06 MB 2.89 MB/s
#########                                          42.86 MB 2.78 MB/s Total
Scan   11 Minn_HCP_1.5mm_Task Minn_HCP_1.5mm_Task      from '180807_UEP_026'
################################################## 19.53 MB 3.00 MB/s
################################################## 39.06 MB 4.26 MB/s
################################################## 58.59 MB 5.03 MB/s
################################################## 78.12 MB 5.37 MB/s
################################################## 97.66 MB 5.61 MB/s
################################################## 117.19 MB 5.96 MB/s
################################################## 136.72 MB 6.08 MB/s
################################################## 156.25 MB 6.18 MB/s
################################################## 175.78 MB 6.33 MB/s
################################################## 195.31 MB 6.41 MB/s
################################################## 214.84 MB 6.48 MB/s
################################################## 234.38 MB 6.45 MB/s
################################################## 253.91 MB 6.50 MB/s
################################################## 273.44 MB 6.50 MB/s
################################################## 292.97 MB 6.59 MB/s
################################################## 312.50 MB 6.53 MB/s
################################################## 332.03 MB 6.59 MB/s
################################################## 351.56 MB 6.62 MB/s
################################################## 371.09 MB 6.64 MB/s
################################################## 390.62 MB 6.64 MB/s
################################################## 410.16 MB 6.65 MB/s
################################################## 429.69 MB 6.68 MB/s
################################################## 449.22 MB 6.65 MB/s
################################################## 468.75 MB 6.58 MB/s
################################################## 488.28 MB 6.59 MB/s
################################################## 507.81 MB 6.62 MB/s
################################################## 527.34 MB 6.63 MB/s
################################################## 546.88 MB 6.66 MB/s
################################################## 566.41 MB 6.67 MB/s
################################################## 585.94 MB 6.67 MB/s
################################################## 605.47 MB 6.63 MB/s
################################################## 625.00 MB 6.63 MB/s
################################################## 644.53 MB 6.69 MB/s
################################################## 664.06 MB 6.70 MB/s
################################################## 683.59 MB 6.72 MB/s
################################################## 703.12 MB 6.76 MB/s
################################################## 722.66 MB 6.79 MB/s
################################################## 742.19 MB 6.81 MB/s
################################################## 761.72 MB 6.82 MB/s
################################################## 781.25 MB 6.88 MB/s
################################################## 800.78 MB 6.97 MB/s
################################################## 820.31 MB 7.06 MB/s
################################################## 839.84 MB 7.15 MB/s
################################################## 859.38 MB 7.25 MB/s
################################################## 878.91 MB 7.32 MB/s
#################################################  898.21 MB 7.38 MB/s Total
Scan   13 Minn_HCP_1.5mm_Task Minn_HCP_1.5mm_Task      from '180807_UEP_026'
################################################## 19.53 MB 4.03 MB/s
################################################## 39.06 MB 5.42 MB/s
################################################## 58.59 MB 5.65 MB/s
################################################## 78.12 MB 5.97 MB/s
################################################## 97.66 MB 6.21 MB/s
################################################## 117.19 MB 6.42 MB/s
################################################## 136.72 MB 6.41 MB/s
################################################## 156.25 MB 6.52 MB/s
################################################## 175.78 MB 6.62 MB/s
################################################## 195.31 MB 6.81 MB/s
################################################## 214.84 MB 6.90 MB/s
################################################## 234.38 MB 6.78 MB/s
################################################## 253.91 MB 6.83 MB/s
################################################## 273.44 MB 6.87 MB/s
################################################## 292.97 MB 6.97 MB/s
################################################## 312.50 MB 6.99 MB/s
################################################## 332.03 MB 6.91 MB/s
################################################## 351.56 MB 6.94 MB/s
################################################## 371.09 MB 6.99 MB/s
################################################## 390.62 MB 6.96 MB/s
################################################## 410.16 MB 7.01 MB/s
################################################## 429.69 MB 7.07 MB/s
################################################## 449.22 MB 7.02 MB/s
################################################## 468.75 MB 7.07 MB/s
################################################## 488.28 MB 7.11 MB/s
################################################## 507.81 MB 7.15 MB/s
################################################## 527.34 MB 7.13 MB/s
################################################## 546.88 MB 7.18 MB/s
################################################## 566.41 MB 7.19 MB/s
################################################## 585.94 MB 7.20 MB/s
################################################## 605.47 MB 7.15 MB/s
################################################## 625.00 MB 7.17 MB/s
################################################## 644.53 MB 7.15 MB/s
################################################## 664.06 MB 7.15 MB/s
################################################## 683.59 MB 7.14 MB/s
################################################## 703.12 MB 7.16 MB/s
################################################## 722.66 MB 7.16 MB/s
################################################## 742.19 MB 7.18 MB/s
################################################## 761.72 MB 7.19 MB/s
################################################## 781.25 MB 7.28 MB/s
################################################## 800.78 MB 7.38 MB/s
################################################## 820.31 MB 7.47 MB/s
################################################## 839.84 MB 7.55 MB/s
################################################## 859.38 MB 7.63 MB/s
################################################## 878.91 MB 7.70 MB/s
#################################################  898.21 MB 7.78 MB/s Total
Scan   15 Minn_HCP_1.5mm_Task Minn_HCP_1.5mm_Task      from '180807_UEP_026'
################################################## 19.53 MB 3.27 MB/s
################################################## 39.06 MB 4.66 MB/s
################################################## 58.59 MB 5.35 MB/s
################################################## 78.12 MB 5.72 MB/s
################################################## 97.66 MB 6.03 MB/s
################################################## 117.19 MB 6.13 MB/s
################################################## 136.72 MB 6.19 MB/s
################################################## 156.25 MB 6.09 MB/s
################################################## 175.78 MB 6.25 MB/s
################################################## 195.31 MB 6.35 MB/s
################################################## 214.84 MB 6.42 MB/s
################################################## 234.38 MB 6.48 MB/s
################################################## 253.91 MB 6.49 MB/s
################################################## 273.44 MB 6.54 MB/s
################################################## 292.97 MB 6.59 MB/s
################################################## 312.50 MB 6.56 MB/s
################################################## 332.03 MB 6.62 MB/s
################################################## 351.56 MB 6.69 MB/s
################################################## 371.09 MB 6.72 MB/s
################################################## 390.62 MB 6.71 MB/s
################################################## 410.16 MB 6.75 MB/s
################################################## 429.69 MB 6.75 MB/s
################################################## 449.22 MB 6.72 MB/s
################################################## 468.75 MB 6.76 MB/s
################################################## 488.28 MB 6.80 MB/s
################################################## 507.81 MB 6.83 MB/s
################################################## 527.34 MB 6.84 MB/s
################################################## 546.88 MB 6.88 MB/s
################################################## 566.41 MB 6.90 MB/s
################################################## 585.94 MB 6.93 MB/s
################################################## 605.47 MB 6.90 MB/s
################################################## 625.00 MB 6.90 MB/s
################################################## 644.53 MB 6.94 MB/s
################################################## 664.06 MB 6.97 MB/s
################################################## 683.59 MB 6.96 MB/s
################################################## 703.12 MB 7.00 MB/s
################################################## 722.66 MB 7.00 MB/s
################################################## 742.19 MB 6.98 MB/s
################################################## 761.72 MB 7.00 MB/s
################################################## 781.25 MB 7.09 MB/s
################################################## 800.78 MB 7.17 MB/s
################################################## 820.31 MB 7.23 MB/s
################################################## 839.84 MB 7.30 MB/s
################################################## 859.38 MB 7.38 MB/s
################################################## 878.91 MB 7.45 MB/s
#################################################  898.21 MB 7.53 MB/s Total
Scan   17 Minn_HCP_1.5mm_Task Minn_HCP_1.5mm_Task      from '180807_UEP_026'
################################################## 19.53 MB 3.46 MB/s
################################################## 39.06 MB 4.67 MB/s
################################################## 58.59 MB 5.46 MB/s
################################################## 78.12 MB 5.73 MB/s
################################################## 97.66 MB 5.58 MB/s
################################################## 117.19 MB 5.81 MB/s
################################################## 136.72 MB 5.98 MB/s
################################################## 156.25 MB 6.04 MB/s
################################################## 175.78 MB 6.11 MB/s
################################################## 195.31 MB 6.22 MB/s
################################################## 214.84 MB 6.37 MB/s
################################################## 234.38 MB 6.37 MB/s
################################################## 253.91 MB 6.43 MB/s
################################################## 273.44 MB 6.50 MB/s
################################################## 292.97 MB 6.59 MB/s
################################################## 312.50 MB 6.65 MB/s
################################################## 332.03 MB 6.70 MB/s
################################################## 351.56 MB 6.78 MB/s
################################################## 371.09 MB 6.81 MB/s
################################################## 390.62 MB 6.81 MB/s
################################################## 410.16 MB 6.84 MB/s
################################################## 429.69 MB 6.84 MB/s
################################################## 449.22 MB 6.83 MB/s
################################################## 468.75 MB 6.89 MB/s
################################################## 488.28 MB 6.93 MB/s
################################################## 507.81 MB 6.96 MB/s
################################################## 527.34 MB 6.96 MB/s
################################################## 546.88 MB 6.95 MB/s
################################################## 566.41 MB 6.97 MB/s
################################################## 585.94 MB 7.00 MB/s
################################################## 605.47 MB 7.03 MB/s
################################################## 625.00 MB 7.02 MB/s
################################################## 644.53 MB 7.03 MB/s
################################################## 664.06 MB 7.06 MB/s
################################################## 683.59 MB 7.05 MB/s
################################################## 703.12 MB 7.09 MB/s
################################################## 722.66 MB 7.17 MB/s
################################################## 742.19 MB 7.26 MB/s
################################################## 761.72 MB 7.35 MB/s
################################################## 781.25 MB 7.40 MB/s
################################################## 800.78 MB 7.45 MB/s
################################################## 820.31 MB 7.48 MB/s
################################################## 839.84 MB 7.51 MB/s
################################################## 859.38 MB 7.56 MB/s
################################################## 878.91 MB 7.62 MB/s
#################################################  898.21 MB 7.66 MB/s Total
Scan   27 Minn_HCP_1.5mm_Task Minn_HCP_1.5mm_Task      from '180807_UEP_026'
################################################## 19.53 MB 2.98 MB/s
################################################## 39.06 MB 4.34 MB/s
################################################## 58.59 MB 5.03 MB/s
################################################## 78.12 MB 5.34 MB/s
################################################## 97.66 MB 5.69 MB/s
################################################## 117.19 MB 5.93 MB/s
################################################## 136.72 MB 6.24 MB/s
################################################## 156.25 MB 6.37 MB/s
################################################## 175.78 MB 6.53 MB/s
################################################## 195.31 MB 6.63 MB/s
################################################## 214.84 MB 6.71 MB/s
################################################## 234.38 MB 6.73 MB/s
################################################## 253.91 MB 6.80 MB/s
################################################## 273.44 MB 6.87 MB/s
################################################## 292.97 MB 6.97 MB/s
################################################## 312.50 MB 6.92 MB/s
################################################## 332.03 MB 6.85 MB/s
################################################## 351.56 MB 6.91 MB/s
################################################## 371.09 MB 6.91 MB/s
################################################## 390.62 MB 6.82 MB/s
################################################## 410.16 MB 6.80 MB/s
################################################## 429.69 MB 6.81 MB/s
################################################## 449.22 MB 6.80 MB/s
################################################## 468.75 MB 6.79 MB/s
################################################## 488.28 MB 6.80 MB/s
################################################## 507.81 MB 6.83 MB/s
################################################## 527.34 MB 6.84 MB/s
################################################## 546.88 MB 6.80 MB/s
################################################## 566.41 MB 6.80 MB/s
################################################## 585.94 MB 6.82 MB/s
################################################## 605.47 MB 6.81 MB/s
################################################## 625.00 MB 6.81 MB/s
################################################## 644.53 MB 6.82 MB/s
################################################## 664.06 MB 6.85 MB/s
################################################## 683.59 MB 6.85 MB/s
################################################## 703.12 MB 6.92 MB/s
################################################## 722.66 MB 7.03 MB/s
################################################## 742.19 MB 7.13 MB/s
################################################## 761.72 MB 7.23 MB/s
################################################## 781.25 MB 7.33 MB/s
################################################## 800.78 MB 7.42 MB/s
################################################## 820.31 MB 7.49 MB/s
################################################## 839.84 MB 7.57 MB/s
################################################## 859.38 MB 7.65 MB/s
################################################## 878.91 MB 7.73 MB/s
#################################################  898.18 MB 7.81 MB/s Total
Scan   29 Minn_HCP_1.5mm_Task Minn_HCP_1.5mm_Task      from '180807_UEP_026'
################################################## 19.53 MB 3.62 MB/s
################################################## 39.06 MB 4.98 MB/s
################################################## 58.59 MB 5.74 MB/s
################################################## 78.12 MB 6.16 MB/s
################################################## 97.66 MB 6.50 MB/s
################################################## 117.19 MB 6.73 MB/s
################################################## 136.72 MB 6.55 MB/s
################################################## 156.25 MB 6.62 MB/s
################################################## 175.78 MB 6.70 MB/s
################################################## 195.31 MB 6.60 MB/s
################################################## 214.84 MB 6.61 MB/s
################################################## 234.38 MB 6.59 MB/s
################################################## 253.91 MB 6.58 MB/s
################################################## 273.44 MB 6.60 MB/s
################################################## 292.97 MB 6.59 MB/s
################################################## 312.50 MB 6.52 MB/s
################################################## 332.03 MB 6.60 MB/s
################################################## 351.56 MB 6.59 MB/s
################################################## 371.09 MB 6.57 MB/s
################################################## 390.62 MB 6.56 MB/s
################################################## 410.16 MB 6.63 MB/s
################################################## 429.69 MB 6.69 MB/s
################################################## 449.22 MB 6.76 MB/s
################################################## 468.75 MB 6.80 MB/s
################################################## 488.28 MB 6.85 MB/s
################################################## 507.81 MB 6.89 MB/s
################################################## 527.34 MB 6.89 MB/s
################################################## 546.88 MB 6.92 MB/s
################################################## 566.41 MB 6.92 MB/s
################################################## 585.94 MB 6.98 MB/s
################################################## 605.47 MB 6.99 MB/s
################################################## 625.00 MB 6.99 MB/s
################################################## 644.53 MB 7.01 MB/s
################################################## 664.06 MB 7.05 MB/s
################################################## 683.59 MB 7.11 MB/s
################################################## 703.12 MB 7.20 MB/s
################################################## 722.66 MB 7.30 MB/s
################################################## 742.19 MB 7.38 MB/s
################################################## 761.72 MB 7.44 MB/s
################################################## 781.25 MB 7.48 MB/s
################################################## 800.78 MB 7.51 MB/s
################################################## 820.31 MB 7.51 MB/s
################################################## 839.84 MB 7.55 MB/s
################################################## 859.38 MB 7.60 MB/s
################################################## 878.91 MB 7.67 MB/s
#################################################  898.18 MB 7.64 MB/s Total
Scan   31 Minn_HCP_1.5mm_Task Minn_HCP_1.5mm_Task      from '180807_UEP_026'
################################################## 19.53 MB 3.03 MB/s
################################################## 39.06 MB 4.33 MB/s
################################################## 58.59 MB 5.11 MB/s
################################################## 78.12 MB 5.47 MB/s
################################################## 97.66 MB 5.69 MB/s
################################################## 117.19 MB 5.95 MB/s
################################################## 136.72 MB 6.19 MB/s
################################################## 156.25 MB 6.15 MB/s
################################################## 175.78 MB 6.31 MB/s
################################################## 195.31 MB 6.48 MB/s
################################################## 214.84 MB 6.53 MB/s
################################################## 234.38 MB 6.57 MB/s
################################################## 253.91 MB 6.67 MB/s
################################################## 273.44 MB 6.79 MB/s
################################################## 292.97 MB 6.89 MB/s
################################################## 312.50 MB 6.91 MB/s
################################################## 332.03 MB 6.95 MB/s
################################################## 351.56 MB 6.97 MB/s
################################################## 371.09 MB 7.04 MB/s
################################################## 390.62 MB 7.01 MB/s
################################################## 410.16 MB 7.06 MB/s
################################################## 429.69 MB 7.07 MB/s
################################################## 449.22 MB 7.08 MB/s
################################################## 468.75 MB 7.07 MB/s
################################################## 488.28 MB 7.08 MB/s
################################################## 507.81 MB 7.08 MB/s
################################################## 527.34 MB 7.07 MB/s
################################################## 546.88 MB 7.06 MB/s
################################################## 566.41 MB 7.10 MB/s
################################################## 585.94 MB 7.14 MB/s
################################################## 605.47 MB 7.13 MB/s
################################################## 625.00 MB 7.18 MB/s
################################################## 644.53 MB 7.17 MB/s
################################################## 664.06 MB 7.22 MB/s
################################################## 683.59 MB 7.32 MB/s
################################################## 703.12 MB 7.43 MB/s
################################################## 722.66 MB 7.54 MB/s
################################################## 742.19 MB 7.65 MB/s
################################################## 761.72 MB 7.74 MB/s
################################################## 781.25 MB 7.83 MB/s
################################################## 800.78 MB 7.91 MB/s
################################################## 820.31 MB 7.95 MB/s
################################################## 839.84 MB 8.01 MB/s
################################################## 859.38 MB 8.06 MB/s
################################################## 878.91 MB 8.09 MB/s
#################################################  898.18 MB 8.11 MB/s Total
Scan   33 Minn_HCP_1.5mm_Task Minn_HCP_1.5mm_Task      from '180807_UEP_026'
################################################## 19.53 MB 2.95 MB/s
################################################## 39.06 MB 4.37 MB/s
################################################## 58.59 MB 5.16 MB/s
################################################## 78.12 MB 5.54 MB/s
################################################## 97.66 MB 5.92 MB/s
################################################## 117.19 MB 6.04 MB/s
################################################## 136.72 MB 6.22 MB/s
################################################## 156.25 MB 6.25 MB/s
################################################## 175.78 MB 6.48 MB/s
################################################## 195.31 MB 6.70 MB/s
################################################## 214.84 MB 6.79 MB/s
################################################## 234.38 MB 6.76 MB/s
################################################## 253.91 MB 6.85 MB/s
################################################## 273.44 MB 6.86 MB/s
################################################## 292.97 MB 6.97 MB/s
################################################## 312.50 MB 7.01 MB/s
################################################## 332.03 MB 7.03 MB/s
################################################## 351.56 MB 7.07 MB/s
################################################## 371.09 MB 7.10 MB/s
################################################## 390.62 MB 7.09 MB/s
################################################## 410.16 MB 7.12 MB/s
################################################## 429.69 MB 7.09 MB/s
################################################## 449.22 MB 7.10 MB/s
################################################## 468.75 MB 7.10 MB/s
################################################## 488.28 MB 7.13 MB/s
################################################## 507.81 MB 7.18 MB/s
################################################## 527.34 MB 7.16 MB/s
################################################## 546.88 MB 7.14 MB/s
################################################## 566.41 MB 7.16 MB/s
################################################## 585.94 MB 7.22 MB/s
################################################## 605.47 MB 7.23 MB/s
################################################## 625.00 MB 7.29 MB/s
################################################## 644.53 MB 7.30 MB/s
################################################## 664.06 MB 7.33 MB/s
################################################## 683.59 MB 7.43 MB/s
################################################## 703.12 MB 7.54 MB/s
################################################## 722.66 MB 7.65 MB/s
################################################## 742.19 MB 7.76 MB/s
################################################## 761.72 MB 7.86 MB/s
################################################## 781.25 MB 7.95 MB/s
################################################## 800.78 MB 8.04 MB/s
################################################## 820.31 MB 8.12 MB/s
################################################## 839.84 MB 8.21 MB/s
################################################## 859.38 MB 8.29 MB/s
################################################## 878.91 MB 8.38 MB/s
#################################################  898.18 MB 8.45 MB/s Total
Done with '180807_UEP_026'.
ArcGet.py: =================================================================
ArcGet.py: SUMMARY of WARNINGS:
ArcGet.py: WARNING: Unable to determine Age for DOB=""
------------------
Run = 180807_UEP_026.MR.Investigators_Gershman.7.1.20180807.203617.1u1p8r4.dcm
count = 0
filename = struct
mri_convert -it siemens_dicom -ot nii -i 180807_UEP_026.MR.Investigators_Gershman.7.1.20180807.203617.1u1p8r4.dcm -o /ncf/gershman/Lab/Exploration/subjects/180807_UEP_026/preproc/struct.nii 
$Id: mri_convert.c,v 1.225 2015/10/19 18:48:26 fischl Exp $
reading from 180807_UEP_026.MR.Investigators_Gershman.7.1.20180807.203617.1u1p8r4.dcm...
Getting Series No 
Scanning Directory 
INFO: loading series header info.
INFO: sorting.
INFO: (256 256 176), nframes = 1, ismosaic=0
sdfi->UseSliceScaleFactor 0
datatype = 4, short=4, float=3
PE Dir ROW ROW
AutoAlign matrix detected 
AutoAlign Matrix --------------------- 
 1.00000   0.00000   0.00000   0.00000;
 0.00000   1.00000   0.00000   0.00000;
 0.00000   0.00000   1.00000   0.00000;
 0.00000   0.00000   0.00000   1.00000;

FileName 		/net/rcss2/srv/export/gershman/share_root/Lab/Exploration/subjects/180807_UEP_026/RAW/180807_UEP_026.MR.Investigators_Gershman.7.1.20180807.203617.1u1p8r4.dcm
Identification
	NumarisVer        syngo MR E11
	ScannerModel      Prisma_fit
	PatientName       180807_UEP_026
Date and time
	StudyDate         20180807
	StudyTime         203617.493000 
	SeriesTime        204454.135000 
	AcqTime           203832.995000 
Acquisition parameters
	PulseSeq          tfl3d4_16ns 
	Protocol          T1_MEMPRAGE_1.0mm_p2
	PhEncDir          ROW
	EchoNo            1
	FlipAngle         7
	EchoTime          1.69
	InversionTime     1100
	RepetitionTime    2530
	PhEncFOV          256
	ReadoutFOV        256
Image information
	RunNo             6
	SeriesNo          7
	ImageNo           1
	NImageRows        256
	NImageCols        256
	NFrames           1
	SliceArraylSize   1
	IsMosaic          0
	ImgPos             78.6507 156.4559  97.1767 
	VolRes              1.0000   1.0000   1.0000 
	VolDim            256      256      176 
	Vc                  0.0529  -0.9937   0.0986 
	Vr                 -0.0051  -0.0990  -0.9951 
	Vs                 -0.9986  -0.0522   0.0103 
	VolCenter          -3.1068  11.9943 -16.6590 
	TransferSyntaxUID 1.2.840.10008.1.2.1
UseSliceScaleFactor 0 (slice 0: 1)
IsDWI = 0
INFO: no Siemens slice order reversal detected (good!). 
TR=2530.00, TE=1.69, TI=1100.00, flip angle=7.00
i_ras = (0.05293, -0.993717, 0.0986198)
j_ras = (-0.00513312, -0.0990276, -0.995071)
k_ras = (-0.998585, -0.0521629, 0.0103424)
writing to /ncf/gershman/Lab/Exploration/subjects/180807_UEP_026/preproc/struct.nii...
------------------
Run = 180807_UEP_026.MR.Investigators_Gershman.11.1.20180807.203617.13e815n.dcm
count = 0+1
filename = run001
mri_convert -it siemens_dicom -ot nii -i 180807_UEP_026.MR.Investigators_Gershman.11.1.20180807.203617.13e815n.dcm -o /ncf/gershman/Lab/Exploration/subjects/180807_UEP_026/preproc/run001.nii 
$Id: mri_convert.c,v 1.225 2015/10/19 18:48:26 fischl Exp $
reading from 180807_UEP_026.MR.Investigators_Gershman.11.1.20180807.203617.13e815n.dcm...
Getting Series No 
Scanning Directory 
INFO: loading series header info.
INFO: sorting.
INFO: (136 136  84), nframes = 242, ismosaic=1
sdfi->UseSliceScaleFactor 0
datatype = 4, short=4, float=3
Could not parse NUMARIS version string syngo MR E11
found in dicom tag 18,1020 (len = 3 != 6)
Repetition Time = 2000, TR = 2000 ms
PE Dir COL COL
AutoAlign matrix detected 
AutoAlign Matrix --------------------- 
 1.00000   0.00000   0.00000   0.00000;
 0.00000   1.00000   0.00000   0.00000;
 0.00000   0.00000   1.00000   0.00000;
 0.00000   0.00000   0.00000   1.00000;

FileName 		/net/rcss2/srv/export/gershman/share_root/Lab/Exploration/subjects/180807_UEP_026/RAW/180807_UEP_026.MR.Investigators_Gershman.11.1.20180807.203617.13e815n.dcm
Identification
	NumarisVer        syngo MR E11
	ScannerModel      Prisma_fit
	PatientName       180807_UEP_026
Date and time
	StudyDate         20180807
	StudyTime         203617.493000 
	SeriesTime        204822.990000 
	AcqTime           204736.462500 
Acquisition parameters
	PulseSeq          epfid2d1_136
	Protocol          Minn_HCP_1.5mm_Task 
	PhEncDir          COL
	EchoNo            1
	FlipAngle         80
	EchoTime          30
	InversionTime     -1
	RepetitionTime    2000
	PhEncFOV          204
	ReadoutFOV        204
Image information
	RunNo             10
	SeriesNo          11
	ImageNo           1
	NImageRows        1360
	NImageCols        1360
	NFrames           242
	SliceArraylSize   84
	IsMosaic          1
	ImgPos             94.0690 116.5365 -16.8253 
	VolRes              1.5000   1.5000   1.5000 
	VolDim            136      136       84 
	Vc                 -0.9986  -0.0522   0.0103 
	Vr                  0.0459  -0.9425  -0.3311 
	Vs                  0.0270  -0.3302   0.9435 
	VolCenter          -1.4055  -5.7232   9.8987 
	TransferSyntaxUID 1.2.840.10008.1.2.1
UseSliceScaleFactor 0 (slice 0: 1)
IsDWI = 0
sagrev = 0, correv =0, trarev = 0
Vs = 0.0270184 -0.330152 0.943541
INFO: no Siemens slice order reversal detected (good!). 
TR=2000.00, TE=30.00, TI=-1.00, flip angle=80.00
i_ras = (-0.998582, -0.0522252, 0.0103205)
j_ras = (0.0458692, -0.942482, -0.331095)
k_ras = (0.0270184, -0.330152, 0.943541)
writing to /ncf/gershman/Lab/Exploration/subjects/180807_UEP_026/preproc/run001.nii...
------------------
Run = 180807_UEP_026.MR.Investigators_Gershman.13.1.20180807.203617.z0l6sf.dcm
count = 0+1+1
filename = run002
mri_convert -it siemens_dicom -ot nii -i 180807_UEP_026.MR.Investigators_Gershman.13.1.20180807.203617.z0l6sf.dcm -o /ncf/gershman/Lab/Exploration/subjects/180807_UEP_026/preproc/run002.nii 
$Id: mri_convert.c,v 1.225 2015/10/19 18:48:26 fischl Exp $
reading from 180807_UEP_026.MR.Investigators_Gershman.13.1.20180807.203617.z0l6sf.dcm...
Getting Series No 
Scanning Directory 
INFO: loading series header info.
INFO: sorting.
INFO: (136 136  84), nframes = 242, ismosaic=1
sdfi->UseSliceScaleFactor 0
datatype = 4, short=4, float=3
Could not parse NUMARIS version string syngo MR E11
found in dicom tag 18,1020 (len = 3 != 6)
Repetition Time = 2000, TR = 2000 ms
PE Dir COL COL
AutoAlign matrix detected 
AutoAlign Matrix --------------------- 
 1.00000   0.00000   0.00000   0.00000;
 0.00000   1.00000   0.00000   0.00000;
 0.00000   0.00000   1.00000   0.00000;
 0.00000   0.00000   0.00000   1.00000;

FileName 		/net/rcss2/srv/export/gershman/share_root/Lab/Exploration/subjects/180807_UEP_026/RAW/180807_UEP_026.MR.Investigators_Gershman.13.1.20180807.203617.z0l6sf.dcm
Identification
	NumarisVer        syngo MR E11
	ScannerModel      Prisma_fit
	PatientName       180807_UEP_026
Date and time
	StudyDate         20180807
	StudyTime         203617.493000 
	SeriesTime        205710.019000 
	AcqTime           205628.342500 
Acquisition parameters
	PulseSeq          epfid2d1_136
	Protocol          Minn_HCP_1.5mm_Task 
	PhEncDir          COL
	EchoNo            1
	FlipAngle         80
	EchoTime          30
	InversionTime     -1
	RepetitionTime    2000
	PhEncFOV          204
	ReadoutFOV        204
Image information
	RunNo             12
	SeriesNo          13
	ImageNo           1
	NImageRows        1360
	NImageCols        1360
	NFrames           242
	SliceArraylSize   84
	IsMosaic          1
	ImgPos             94.0690 116.5365 -16.8253 
	VolRes              1.5000   1.5000   1.5000 
	VolDim            136      136       84 
	Vc                 -0.9986  -0.0522   0.0103 
	Vr                  0.0459  -0.9425  -0.3311 
	Vs                  0.0270  -0.3302   0.9435 
	VolCenter          -1.4055  -5.7232   9.8987 
	TransferSyntaxUID 1.2.840.10008.1.2.1
UseSliceScaleFactor 0 (slice 0: 1)
IsDWI = 0
sagrev = 0, correv =0, trarev = 0
Vs = 0.0270184 -0.330152 0.943541
INFO: no Siemens slice order reversal detected (good!). 
TR=2000.00, TE=30.00, TI=-1.00, flip angle=80.00
i_ras = (-0.998582, -0.0522252, 0.0103205)
j_ras = (0.0458692, -0.942482, -0.331095)
k_ras = (0.0270184, -0.330152, 0.943541)
writing to /ncf/gershman/Lab/Exploration/subjects/180807_UEP_026/preproc/run002.nii...
------------------
Run = 180807_UEP_026.MR.Investigators_Gershman.15.1.20180807.203617.1d5grb9.dcm
count = 0+1+1+1
filename = run003
mri_convert -it siemens_dicom -ot nii -i 180807_UEP_026.MR.Investigators_Gershman.15.1.20180807.203617.1d5grb9.dcm -o /ncf/gershman/Lab/Exploration/subjects/180807_UEP_026/preproc/run003.nii 
$Id: mri_convert.c,v 1.225 2015/10/19 18:48:26 fischl Exp $
reading from 180807_UEP_026.MR.Investigators_Gershman.15.1.20180807.203617.1d5grb9.dcm...
Getting Series No 
Scanning Directory 
INFO: loading series header info.
INFO: sorting.
INFO: (136 136  84), nframes = 242, ismosaic=1
sdfi->UseSliceScaleFactor 0
datatype = 4, short=4, float=3
Could not parse NUMARIS version string syngo MR E11
found in dicom tag 18,1020 (len = 3 != 6)
Repetition Time = 2000, TR = 2000 ms
PE Dir COL COL
AutoAlign matrix detected 
AutoAlign Matrix --------------------- 
 1.00000   0.00000   0.00000   0.00000;
 0.00000   1.00000   0.00000   0.00000;
 0.00000   0.00000   1.00000   0.00000;
 0.00000   0.00000   0.00000   1.00000;

FileName 		/net/rcss2/srv/export/gershman/share_root/Lab/Exploration/subjects/180807_UEP_026/RAW/180807_UEP_026.MR.Investigators_Gershman.15.1.20180807.203617.1d5grb9.dcm
Identification
	NumarisVer        syngo MR E11
	ScannerModel      Prisma_fit
	PatientName       180807_UEP_026
Date and time
	StudyDate         20180807
	StudyTime         203617.493000 
	SeriesTime        210614.184000 
	AcqTime           210534.625000 
Acquisition parameters
	PulseSeq          epfid2d1_136
	Protocol          Minn_HCP_1.5mm_Task 
	PhEncDir          COL
	EchoNo            1
	FlipAngle         80
	EchoTime          30
	InversionTime     -1
	RepetitionTime    2000
	PhEncFOV          204
	ReadoutFOV        204
Image information
	RunNo             14
	SeriesNo          15
	ImageNo           1
	NImageRows        1360
	NImageCols        1360
	NFrames           242
	SliceArraylSize   84
	IsMosaic          1
	ImgPos             94.0690 116.5365 -16.8253 
	VolRes              1.5000   1.5000   1.5000 
	VolDim            136      136       84 
	Vc                 -0.9986  -0.0522   0.0103 
	Vr                  0.0459  -0.9425  -0.3311 
	Vs                  0.0270  -0.3302   0.9435 
	VolCenter          -1.4055  -5.7232   9.8987 
	TransferSyntaxUID 1.2.840.10008.1.2.1
UseSliceScaleFactor 0 (slice 0: 1)
IsDWI = 0
sagrev = 0, correv =0, trarev = 0
Vs = 0.0270184 -0.330152 0.943541
INFO: no Siemens slice order reversal detected (good!). 
TR=2000.00, TE=30.00, TI=-1.00, flip angle=80.00
i_ras = (-0.998582, -0.0522252, 0.0103205)
j_ras = (0.0458692, -0.942482, -0.331095)
k_ras = (0.0270184, -0.330152, 0.943541)
writing to /ncf/gershman/Lab/Exploration/subjects/180807_UEP_026/preproc/run003.nii...
------------------
Run = 180807_UEP_026.MR.Investigators_Gershman.17.1.20180807.203617.17vv1re.dcm
count = 0+1+1+1+1
filename = run004
mri_convert -it siemens_dicom -ot nii -i 180807_UEP_026.MR.Investigators_Gershman.17.1.20180807.203617.17vv1re.dcm -o /ncf/gershman/Lab/Exploration/subjects/180807_UEP_026/preproc/run004.nii 
$Id: mri_convert.c,v 1.225 2015/10/19 18:48:26 fischl Exp $
reading from 180807_UEP_026.MR.Investigators_Gershman.17.1.20180807.203617.17vv1re.dcm...
Getting Series No 
Scanning Directory 
INFO: loading series header info.
INFO: sorting.
INFO: (136 136  84), nframes = 242, ismosaic=1
sdfi->UseSliceScaleFactor 0
datatype = 4, short=4, float=3
Could not parse NUMARIS version string syngo MR E11
found in dicom tag 18,1020 (len = 3 != 6)
Repetition Time = 2000, TR = 2000 ms
PE Dir COL COL
AutoAlign matrix detected 
AutoAlign Matrix --------------------- 
 1.00000   0.00000   0.00000   0.00000;
 0.00000   1.00000   0.00000   0.00000;
 0.00000   0.00000   1.00000   0.00000;
 0.00000   0.00000   0.00000   1.00000;

FileName 		/net/rcss2/srv/export/gershman/share_root/Lab/Exploration/subjects/180807_UEP_026/RAW/180807_UEP_026.MR.Investigators_Gershman.17.1.20180807.203617.17vv1re.dcm
Identification
	NumarisVer        syngo MR E11
	ScannerModel      Prisma_fit
	PatientName       180807_UEP_026
Date and time
	StudyDate         20180807
	StudyTime         203617.493000 
	SeriesTime        211502.992000 
	AcqTime           211430.915000 
Acquisition parameters
	PulseSeq          epfid2d1_136
	Protocol          Minn_HCP_1.5mm_Task 
	PhEncDir          COL
	EchoNo            1
	FlipAngle         80
	EchoTime          30
	InversionTime     -1
	RepetitionTime    2000
	PhEncFOV          204
	ReadoutFOV        204
Image information
	RunNo             16
	SeriesNo          17
	ImageNo           1
	NImageRows        1360
	NImageCols        1360
	NFrames           242
	SliceArraylSize   84
	IsMosaic          1
	ImgPos             94.0690 116.5365 -16.8253 
	VolRes              1.5000   1.5000   1.5000 
	VolDim            136      136       84 
	Vc                 -0.9986  -0.0522   0.0103 
	Vr                  0.0459  -0.9425  -0.3311 
	Vs                  0.0270  -0.3302   0.9435 
	VolCenter          -1.4055  -5.7232   9.8987 
	TransferSyntaxUID 1.2.840.10008.1.2.1
UseSliceScaleFactor 0 (slice 0: 1)
IsDWI = 0
sagrev = 0, correv =0, trarev = 0
Vs = 0.0270184 -0.330152 0.943541
INFO: no Siemens slice order reversal detected (good!). 
TR=2000.00, TE=30.00, TI=-1.00, flip angle=80.00
i_ras = (-0.998582, -0.0522252, 0.0103205)
j_ras = (0.0458692, -0.942482, -0.331095)
k_ras = (0.0270184, -0.330152, 0.943541)
writing to /ncf/gershman/Lab/Exploration/subjects/180807_UEP_026/preproc/run004.nii...
------------------
Run = 180807_UEP_026.MR.Investigators_Gershman.27.1.20180807.203617.170z3f6.dcm
count = 0+1+1+1+1+1
filename = run005
mri_convert -it siemens_dicom -ot nii -i 180807_UEP_026.MR.Investigators_Gershman.27.1.20180807.203617.170z3f6.dcm -o /ncf/gershman/Lab/Exploration/subjects/180807_UEP_026/preproc/run005.nii 
$Id: mri_convert.c,v 1.225 2015/10/19 18:48:26 fischl Exp $
reading from 180807_UEP_026.MR.Investigators_Gershman.27.1.20180807.203617.170z3f6.dcm...
Getting Series No 
Scanning Directory 
INFO: loading series header info.
INFO: sorting.
INFO: (136 136  84), nframes = 242, ismosaic=1
sdfi->UseSliceScaleFactor 0
datatype = 4, short=4, float=3
Could not parse NUMARIS version string syngo MR E11
found in dicom tag 18,1020 (len = 3 != 6)
Repetition Time = 2000, TR = 2000 ms
PE Dir COL COL
AutoAlign matrix detected 
AutoAlign Matrix --------------------- 
 1.00000   0.00000   0.00000   0.00000;
 0.00000   1.00000   0.00000   0.00000;
 0.00000   0.00000   1.00000   0.00000;
 0.00000   0.00000   0.00000   1.00000;

FileName 		/net/rcss2/srv/export/gershman/share_root/Lab/Exploration/subjects/180807_UEP_026/RAW/180807_UEP_026.MR.Investigators_Gershman.27.1.20180807.203617.170z3f6.dcm
Identification
	NumarisVer        syngo MR E11
	ScannerModel      Prisma_fit
	PatientName       180807_UEP_026
Date and time
	StudyDate         20180807
	StudyTime         203617.493000 
	SeriesTime        213934.168000 
	AcqTime           213852.665000 
Acquisition parameters
	PulseSeq          epfid2d1_136
	Protocol          Minn_HCP_1.5mm_Task 
	PhEncDir          COL
	EchoNo            1
	FlipAngle         80
	EchoTime          30
	InversionTime     -1
	RepetitionTime    2000
	PhEncFOV          204
	ReadoutFOV        204
Image information
	RunNo             26
	SeriesNo          27
	ImageNo           1
	NImageRows        1360
	NImageCols        1360
	NFrames           242
	SliceArraylSize   84
	IsMosaic          1
	ImgPos             98.7388 112.2303 -14.6774 
	VolRes              1.5000   1.5000   1.5000 
	VolDim            136      136       84 
	Vc                 -0.9999  -0.0035   0.0124 
	Vr                 -0.0014  -0.9278  -0.3730 
	Vs                  0.0128  -0.3729   0.9278 
	VolCenter          -2.5916  -6.2589   6.9899 
	TransferSyntaxUID 1.2.840.10008.1.2.1
UseSliceScaleFactor 0 (slice 0: 1)
IsDWI = 0
sagrev = 0, correv =0, trarev = 0
Vs = 0.0127563 -0.372949 0.927764
INFO: no Siemens slice order reversal detected (good!). 
TR=2000.00, TE=30.00, TI=-1.00, flip angle=80.00
i_ras = (-0.999918, -0.0034623, 0.0123566)
j_ras = (-0.00139618, -0.927845, -0.372963)
k_ras = (0.0127563, -0.372949, 0.927764)
writing to /ncf/gershman/Lab/Exploration/subjects/180807_UEP_026/preproc/run005.nii...
------------------
Run = 180807_UEP_026.MR.Investigators_Gershman.29.1.20180807.203617.1oles9m.dcm
count = 0+1+1+1+1+1+1
filename = run006
mri_convert -it siemens_dicom -ot nii -i 180807_UEP_026.MR.Investigators_Gershman.29.1.20180807.203617.1oles9m.dcm -o /ncf/gershman/Lab/Exploration/subjects/180807_UEP_026/preproc/run006.nii 
$Id: mri_convert.c,v 1.225 2015/10/19 18:48:26 fischl Exp $
reading from 180807_UEP_026.MR.Investigators_Gershman.29.1.20180807.203617.1oles9m.dcm...
Getting Series No 
Scanning Directory 
INFO: loading series header info.
INFO: sorting.
INFO: (136 136  84), nframes = 242, ismosaic=1
sdfi->UseSliceScaleFactor 0
datatype = 4, short=4, float=3
Could not parse NUMARIS version string syngo MR E11
found in dicom tag 18,1020 (len = 3 != 6)
Repetition Time = 2000, TR = 2000 ms
PE Dir COL COL
AutoAlign matrix detected 
AutoAlign Matrix --------------------- 
 1.00000   0.00000   0.00000   0.00000;
 0.00000   1.00000   0.00000   0.00000;
 0.00000   0.00000   1.00000   0.00000;
 0.00000   0.00000   0.00000   1.00000;

FileName 		/net/rcss2/srv/export/gershman/share_root/Lab/Exploration/subjects/180807_UEP_026/RAW/180807_UEP_026.MR.Investigators_Gershman.29.1.20180807.203617.1oles9m.dcm
Identification
	NumarisVer        syngo MR E11
	ScannerModel      Prisma_fit
	PatientName       180807_UEP_026
Date and time
	StudyDate         20180807
	StudyTime         203617.493000 
	SeriesTime        214842.984000 
	AcqTime           214748.947500 
Acquisition parameters
	PulseSeq          epfid2d1_136
	Protocol          Minn_HCP_1.5mm_Task 
	PhEncDir          COL
	EchoNo            1
	FlipAngle         80
	EchoTime          30
	InversionTime     -1
	RepetitionTime    2000
	PhEncFOV          204
	ReadoutFOV        204
Image information
	RunNo             28
	SeriesNo          29
	ImageNo           1
	NImageRows        1360
	NImageCols        1360
	NFrames           242
	SliceArraylSize   84
	IsMosaic          1
	ImgPos             98.7388 112.2303 -14.6774 
	VolRes              1.5000   1.5000   1.5000 
	VolDim            136      136       84 
	Vc                 -0.9999  -0.0035   0.0124 
	Vr                 -0.0014  -0.9278  -0.3730 
	Vs                  0.0128  -0.3729   0.9278 
	VolCenter          -2.5916  -6.2589   6.9899 
	TransferSyntaxUID 1.2.840.10008.1.2.1
UseSliceScaleFactor 0 (slice 0: 1)
IsDWI = 0
sagrev = 0, correv =0, trarev = 0
Vs = 0.0127563 -0.372949 0.927764
INFO: no Siemens slice order reversal detected (good!). 
TR=2000.00, TE=30.00, TI=-1.00, flip angle=80.00
i_ras = (-0.999918, -0.0034623, 0.0123566)
j_ras = (-0.00139618, -0.927845, -0.372963)
k_ras = (0.0127563, -0.372949, 0.927764)
writing to /ncf/gershman/Lab/Exploration/subjects/180807_UEP_026/preproc/run006.nii...
------------------
Run = 180807_UEP_026.MR.Investigators_Gershman.31.1.20180807.203617.n1cjgk.dcm
count = 0+1+1+1+1+1+1+1
filename = run007
mri_convert -it siemens_dicom -ot nii -i 180807_UEP_026.MR.Investigators_Gershman.31.1.20180807.203617.n1cjgk.dcm -o /ncf/gershman/Lab/Exploration/subjects/180807_UEP_026/preproc/run007.nii 
$Id: mri_convert.c,v 1.225 2015/10/19 18:48:26 fischl Exp $
reading from 180807_UEP_026.MR.Investigators_Gershman.31.1.20180807.203617.n1cjgk.dcm...
Getting Series No 
Scanning Directory 
INFO: loading series header info.
INFO: sorting.
INFO: (136 136  84), nframes = 242, ismosaic=1
sdfi->UseSliceScaleFactor 0
datatype = 4, short=4, float=3
Could not parse NUMARIS version string syngo MR E11
found in dicom tag 18,1020 (len = 3 != 6)
Repetition Time = 2000, TR = 2000 ms
PE Dir COL COL
AutoAlign matrix detected 
AutoAlign Matrix --------------------- 
 1.00000   0.00000   0.00000   0.00000;
 0.00000   1.00000   0.00000   0.00000;
 0.00000   0.00000   1.00000   0.00000;
 0.00000   0.00000   0.00000   1.00000;

FileName 		/net/rcss2/srv/export/gershman/share_root/Lab/Exploration/subjects/180807_UEP_026/RAW/180807_UEP_026.MR.Investigators_Gershman.31.1.20180807.203617.n1cjgk.dcm
Identification
	NumarisVer        syngo MR E11
	ScannerModel      Prisma_fit
	PatientName       180807_UEP_026
Date and time
	StudyDate         20180807
	StudyTime         203617.493000 
	SeriesTime        215733.773000 
	AcqTime           215651.767500 
Acquisition parameters
	PulseSeq          epfid2d1_136
	Protocol          Minn_HCP_1.5mm_Task 
	PhEncDir          COL
	EchoNo            1
	FlipAngle         80
	EchoTime          30
	InversionTime     -1
	RepetitionTime    2000
	PhEncFOV          204
	ReadoutFOV        204
Image information
	RunNo             30
	SeriesNo          31
	ImageNo           1
	NImageRows        1360
	NImageCols        1360
	NFrames           242
	SliceArraylSize   84
	IsMosaic          1
	ImgPos             98.7388 112.2303 -14.6774 
	VolRes              1.5000   1.5000   1.5000 
	VolDim            136      136       84 
	Vc                 -0.9999  -0.0035   0.0124 
	Vr                 -0.0014  -0.9278  -0.3730 
	Vs                  0.0128  -0.3729   0.9278 
	VolCenter          -2.5916  -6.2589   6.9899 
	TransferSyntaxUID 1.2.840.10008.1.2.1
UseSliceScaleFactor 0 (slice 0: 1)
IsDWI = 0
sagrev = 0, correv =0, trarev = 0
Vs = 0.0127563 -0.372949 0.927764
INFO: no Siemens slice order reversal detected (good!). 
TR=2000.00, TE=30.00, TI=-1.00, flip angle=80.00
i_ras = (-0.999918, -0.0034623, 0.0123566)
j_ras = (-0.00139618, -0.927845, -0.372963)
k_ras = (0.0127563, -0.372949, 0.927764)
writing to /ncf/gershman/Lab/Exploration/subjects/180807_UEP_026/preproc/run007.nii...
------------------
Run = 180807_UEP_026.MR.Investigators_Gershman.33.1.20180807.203617.ns7tcj.dcm
count = 0+1+1+1+1+1+1+1+1
filename = run008
mri_convert -it siemens_dicom -ot nii -i 180807_UEP_026.MR.Investigators_Gershman.33.1.20180807.203617.ns7tcj.dcm -o /ncf/gershman/Lab/Exploration/subjects/180807_UEP_026/preproc/run008.nii 
$Id: mri_convert.c,v 1.225 2015/10/19 18:48:26 fischl Exp $
reading from 180807_UEP_026.MR.Investigators_Gershman.33.1.20180807.203617.ns7tcj.dcm...
Getting Series No 
Scanning Directory 
INFO: loading series header info.
INFO: sorting.
INFO: (136 136  84), nframes = 242, ismosaic=1
sdfi->UseSliceScaleFactor 0
datatype = 4, short=4, float=3
Could not parse NUMARIS version string syngo MR E11
found in dicom tag 18,1020 (len = 3 != 6)
Repetition Time = 2000, TR = 2000 ms
PE Dir COL COL
AutoAlign matrix detected 
AutoAlign Matrix --------------------- 
 1.00000   0.00000   0.00000   0.00000;
 0.00000   1.00000   0.00000   0.00000;
 0.00000   0.00000   1.00000   0.00000;
 0.00000   0.00000   0.00000   1.00000;

FileName 		/net/rcss2/srv/export/gershman/share_root/Lab/Exploration/subjects/180807_UEP_026/RAW/180807_UEP_026.MR.Investigators_Gershman.33.1.20180807.203617.ns7tcj.dcm
Identification
	NumarisVer        syngo MR E11
	ScannerModel      Prisma_fit
	PatientName       180807_UEP_026
Date and time
	StudyDate         20180807
	StudyTime         203617.493000 
	SeriesTime        220634.169000 
	AcqTime           220540.082500 
Acquisition parameters
	PulseSeq          epfid2d1_136
	Protocol          Minn_HCP_1.5mm_Task 
	PhEncDir          COL
	EchoNo            1
	FlipAngle         80
	EchoTime          30
	InversionTime     -1
	RepetitionTime    2000
	PhEncFOV          204
	ReadoutFOV        204
Image information
	RunNo             32
	SeriesNo          33
	ImageNo           1
	NImageRows        1360
	NImageCols        1360
	NFrames           242
	SliceArraylSize   84
	IsMosaic          1
	ImgPos             98.7388 112.2303 -14.6774 
	VolRes              1.5000   1.5000   1.5000 
	VolDim            136      136       84 
	Vc                 -0.9999  -0.0035   0.0124 
	Vr                 -0.0014  -0.9278  -0.3730 
	Vs                  0.0128  -0.3729   0.9278 
	VolCenter          -2.5916  -6.2589   6.9899 
	TransferSyntaxUID 1.2.840.10008.1.2.1
UseSliceScaleFactor 0 (slice 0: 1)
IsDWI = 0
sagrev = 0, correv =0, trarev = 0
Vs = 0.0127563 -0.372949 0.927764
INFO: no Siemens slice order reversal detected (good!). 
TR=2000.00, TE=30.00, TI=-1.00, flip angle=80.00
i_ras = (-0.999918, -0.0034623, 0.0123566)
j_ras = (-0.00139618, -0.927845, -0.372963)
k_ras = (0.0127563, -0.372949, 0.927764)
writing to /ncf/gershman/Lab/Exploration/subjects/180807_UEP_026/preproc/run008.nii...
