Saving output to '/net/rcss2/srv/export/gershman/share_root/Lab/Exploration/subjects'
ArcGet.py: WARNING: Unable to determine Age for DOB=""

SUBJECT: 180802_UEP_007 (CBSCentral_S08720) AGE:       0                             
GENDER:                                 HADEDNESS:                               
RACE:                                   ETHNICITY:                               
ENGLISH:                                LANGUAGE:                                
WEIGHT:                                 HEIGHT:                                  
SESSION: 180802_UEP_007 (Accession ID CBSCentral_E11406)

downld  num quality  type         series                           note
    no    1 usable   LOCALIZER    localizer_32ch_uncombined        
    no    2 usable   localizer_32ch_uncombined localizer_32ch_uncombined        
    no    3 usable   AAHead_Scout_32ch AAHead_Scout_32ch                
    no    4 usable   AAScout      AAHead_Scout_32ch_MPR_sag        
    no    5 usable   AAScout      AAHead_Scout_32ch_MPR_cor        
    no    6 usable   AAScout      AAHead_Scout_32ch_MPR_tra        
   YES    7 usable   MEMPRAGE RMS T1_MEMPRAGE_1.0mm_p2 RMS         
    no    8 usable   HCP_SEFieldMap_1.5mm_84sl_p2_AP HCP_SEFieldMap_1.5mm_84sl_p2_AP  
    no    9 usable   HCP_SEFieldMap_1.5mm_84sl_p2_PA HCP_SEFieldMap_1.5mm_84sl_p2_PA  
    no   10 usable   Minn_HCP_1.5mm_Task_SBRef Minn_HCP_1.5mm_Task_SBRef        
   YES   11 usable   Minn_HCP_1.5mm_Task Minn_HCP_1.5mm_Task              
    no   12 usable   Minn_HCP_1.5mm_Task_SBRef Minn_HCP_1.5mm_Task_SBRef        
   YES   13 usable   Minn_HCP_1.5mm_Task Minn_HCP_1.5mm_Task              
    no   14 usable   Minn_HCP_1.5mm_Task_SBRef Minn_HCP_1.5mm_Task_SBRef        
   YES   15 usable   Minn_HCP_1.5mm_Task Minn_HCP_1.5mm_Task              
    no   16 usable   Minn_HCP_1.5mm_Task_SBRef Minn_HCP_1.5mm_Task_SBRef        
   YES   17 usable   Minn_HCP_1.5mm_Task Minn_HCP_1.5mm_Task              
    no   18 usable   LOCALIZER    localizer_32ch_uncombined        
    no   19 usable   localizer_32ch_uncombined localizer_32ch_uncombined        
    no   20 usable   AAHead_Scout_32ch AAHead_Scout_32ch                
    no   21 usable   AAScout      AAHead_Scout_32ch_MPR_sag        
    no   22 usable   AAScout      AAHead_Scout_32ch_MPR_cor        
    no   23 usable   AAScout      AAHead_Scout_32ch_MPR_tra        
    no   24 usable   HCP_SEFieldMap_1.5mm_84sl_p2_AP HCP_SEFieldMap_1.5mm_84sl_p2_AP  
    no   25 usable   HCP_SEFieldMap_1.5mm_84sl_p2_PA HCP_SEFieldMap_1.5mm_84sl_p2_PA  
    no   26 usable   Minn_HCP_1.5mm_Task_SBRef Minn_HCP_1.5mm_Task_SBRef        
   YES   27 usable   Minn_HCP_1.5mm_Task Minn_HCP_1.5mm_Task              
    no   28 usable   Minn_HCP_1.5mm_Task_SBRef Minn_HCP_1.5mm_Task_SBRef        
   YES   29 usable   Minn_HCP_1.5mm_Task Minn_HCP_1.5mm_Task              
    no   30 usable   Minn_HCP_1.5mm_Task_SBRef Minn_HCP_1.5mm_Task_SBRef        
   YES   31 usable   Minn_HCP_1.5mm_Task Minn_HCP_1.5mm_Task              
    no   32 usable   Minn_HCP_1.5mm_Task_SBRef Minn_HCP_1.5mm_Task_SBRef        
   YES   33 usable   Minn_HCP_1.5mm_Task Minn_HCP_1.5mm_Task              
    no   99 usable   PhoenixZIPReport PhoenixZIPReport                 
    no  100 usable   <MPR Collection> <MPR Collection>                 

Getting Data...
Scan    7 MEMPRAGE RMS T1_MEMPRAGE_1.0mm_p2 RMS from '180802_UEP_007'
################################################## 19.53 MB 5.67 MB/s
################################################## 39.06 MB 7.63 MB/s
#########                                          42.85 MB 7.89 MB/s Total
Scan   11 Minn_HCP_1.5mm_Task Minn_HCP_1.5mm_Task      from '180802_UEP_007'
################################################## 19.53 MB 8.91 MB/s
################################################## 39.06 MB 11.48 MB/s
################################################## 58.59 MB 12.47 MB/s
################################################## 78.12 MB 13.04 MB/s
################################################## 97.66 MB 13.57 MB/s
################################################## 117.19 MB 13.35 MB/s
################################################## 136.72 MB 13.45 MB/s
################################################## 156.25 MB 13.64 MB/s
################################################## 175.78 MB 13.88 MB/s
################################################## 195.31 MB 13.99 MB/s
################################################## 214.84 MB 14.16 MB/s
################################################## 234.38 MB 14.28 MB/s
################################################## 253.91 MB 14.43 MB/s
################################################## 273.44 MB 14.55 MB/s
################################################## 292.97 MB 14.68 MB/s
################################################## 312.50 MB 14.79 MB/s
################################################## 332.03 MB 14.90 MB/s
################################################## 351.56 MB 14.97 MB/s
################################################## 371.09 MB 14.99 MB/s
################################################## 390.62 MB 14.99 MB/s
################################################## 410.16 MB 15.09 MB/s
################################################## 429.69 MB 15.20 MB/s
################################################## 449.22 MB 15.19 MB/s
################################################## 468.75 MB 15.22 MB/s
################################################## 488.28 MB 15.27 MB/s
################################################## 507.81 MB 15.33 MB/s
################################################## 527.34 MB 15.35 MB/s
################################################## 546.88 MB 15.38 MB/s
################################################## 566.41 MB 15.31 MB/s
################################################## 585.94 MB 15.37 MB/s
################################################## 605.47 MB 15.35 MB/s
################################################## 625.00 MB 15.41 MB/s
################################################## 644.53 MB 15.46 MB/s
################################################## 664.06 MB 15.49 MB/s
################################################## 683.59 MB 15.47 MB/s
################################################## 703.12 MB 15.51 MB/s
################################################## 722.66 MB 15.53 MB/s
################################################## 742.19 MB 15.57 MB/s
################################################## 761.72 MB 15.53 MB/s
################################################## 781.25 MB 15.44 MB/s
################################################## 800.78 MB 15.49 MB/s
################################################## 820.31 MB 15.46 MB/s
################################################## 839.84 MB 15.40 MB/s
################################################## 859.38 MB 15.40 MB/s
################################################## 878.91 MB 15.39 MB/s
#################################################  898.22 MB 15.38 MB/s Total
Scan   13 Minn_HCP_1.5mm_Task Minn_HCP_1.5mm_Task      from '180802_UEP_007'
################################################## 19.53 MB 8.66 MB/s
################################################## 39.06 MB 11.37 MB/s
################################################## 58.59 MB 12.68 MB/s
################################################## 78.12 MB 12.86 MB/s
################################################## 97.66 MB 13.37 MB/s
################################################## 117.19 MB 13.78 MB/s
################################################## 136.72 MB 13.95 MB/s
################################################## 156.25 MB 13.60 MB/s
################################################## 175.78 MB 13.75 MB/s
################################################## 195.31 MB 13.73 MB/s
################################################## 214.84 MB 13.80 MB/s
################################################## 234.38 MB 13.83 MB/s
################################################## 253.91 MB 13.94 MB/s
################################################## 273.44 MB 13.89 MB/s
################################################## 292.97 MB 14.02 MB/s
################################################## 312.50 MB 14.02 MB/s
################################################## 332.03 MB 14.12 MB/s
################################################## 351.56 MB 14.10 MB/s
################################################## 371.09 MB 14.07 MB/s
################################################## 390.62 MB 14.06 MB/s
################################################## 410.16 MB 14.07 MB/s
################################################## 429.69 MB 14.14 MB/s
################################################## 449.22 MB 14.11 MB/s
################################################## 468.75 MB 14.16 MB/s
################################################## 488.28 MB 14.13 MB/s
################################################## 507.81 MB 14.07 MB/s
################################################## 527.34 MB 14.11 MB/s
################################################## 546.88 MB 14.19 MB/s
################################################## 566.41 MB 14.26 MB/s
################################################## 585.94 MB 14.33 MB/s
################################################## 605.47 MB 14.21 MB/s
################################################## 625.00 MB 14.14 MB/s
################################################## 644.53 MB 14.08 MB/s
################################################## 664.06 MB 14.02 MB/s
################################################## 683.59 MB 13.88 MB/s
################################################## 703.12 MB 13.86 MB/s
################################################## 722.66 MB 13.85 MB/s
################################################## 742.19 MB 13.86 MB/s
################################################## 761.72 MB 13.83 MB/s
################################################## 781.25 MB 13.82 MB/s
################################################## 800.78 MB 13.84 MB/s
################################################## 820.31 MB 13.76 MB/s
################################################## 839.84 MB 13.76 MB/s
################################################## 859.38 MB 13.78 MB/s
################################################## 878.91 MB 13.81 MB/s
#################################################  898.22 MB 13.81 MB/s Total
Scan   15 Minn_HCP_1.5mm_Task Minn_HCP_1.5mm_Task      from '180802_UEP_007'
################################################## 19.53 MB 8.24 MB/s
################################################## 39.06 MB 10.67 MB/s
################################################## 58.59 MB 11.79 MB/s
################################################## 78.12 MB 12.34 MB/s
################################################## 97.66 MB 12.60 MB/s
################################################## 117.19 MB 12.81 MB/s
################################################## 136.72 MB 13.00 MB/s
################################################## 156.25 MB 13.08 MB/s
################################################## 175.78 MB 13.29 MB/s
################################################## 195.31 MB 13.27 MB/s
################################################## 214.84 MB 13.41 MB/s
################################################## 234.38 MB 13.40 MB/s
################################################## 253.91 MB 13.59 MB/s
################################################## 273.44 MB 13.75 MB/s
################################################## 292.97 MB 13.92 MB/s
################################################## 312.50 MB 13.92 MB/s
################################################## 332.03 MB 14.02 MB/s
################################################## 351.56 MB 14.10 MB/s
################################################## 371.09 MB 14.14 MB/s
################################################## 390.62 MB 14.11 MB/s
################################################## 410.16 MB 14.16 MB/s
################################################## 429.69 MB 14.25 MB/s
################################################## 449.22 MB 14.13 MB/s
################################################## 468.75 MB 14.07 MB/s
################################################## 488.28 MB 14.12 MB/s
################################################## 507.81 MB 14.17 MB/s
################################################## 527.34 MB 14.19 MB/s
################################################## 546.88 MB 14.11 MB/s
################################################## 566.41 MB 14.20 MB/s
################################################## 585.94 MB 14.27 MB/s
################################################## 605.47 MB 14.30 MB/s
################################################## 625.00 MB 14.35 MB/s
################################################## 644.53 MB 14.36 MB/s
################################################## 664.06 MB 14.44 MB/s
################################################## 683.59 MB 14.48 MB/s
################################################## 703.12 MB 14.54 MB/s
################################################## 722.66 MB 14.60 MB/s
################################################## 742.19 MB 14.67 MB/s
################################################## 761.72 MB 14.69 MB/s
################################################## 781.25 MB 14.69 MB/s
################################################## 800.78 MB 14.68 MB/s
################################################## 820.31 MB 14.69 MB/s
################################################## 839.84 MB 14.73 MB/s
################################################## 859.38 MB 14.77 MB/s
################################################## 878.91 MB 14.80 MB/s
#################################################  898.22 MB 14.83 MB/s Total
Scan   17 Minn_HCP_1.5mm_Task Minn_HCP_1.5mm_Task      from '180802_UEP_007'
################################################## 19.53 MB 8.84 MB/s
################################################## 39.06 MB 11.62 MB/s
################################################## 58.59 MB 12.84 MB/s
################################################## 78.12 MB 13.46 MB/s
################################################## 97.66 MB 14.16 MB/s
################################################## 117.19 MB 14.69 MB/s
################################################## 136.72 MB 14.91 MB/s
################################################## 156.25 MB 14.73 MB/s
################################################## 175.78 MB 14.71 MB/s
################################################## 195.31 MB 14.78 MB/s
################################################## 214.84 MB 14.82 MB/s
################################################## 234.38 MB 14.79 MB/s
################################################## 253.91 MB 14.66 MB/s
################################################## 273.44 MB 14.53 MB/s
################################################## 292.97 MB 14.31 MB/s
################################################## 312.50 MB 14.31 MB/s
################################################## 332.03 MB 14.27 MB/s
################################################## 351.56 MB 14.35 MB/s
################################################## 371.09 MB 14.46 MB/s
################################################## 390.62 MB 14.52 MB/s
################################################## 410.16 MB 14.61 MB/s
################################################## 429.69 MB 14.68 MB/s
################################################## 449.22 MB 14.73 MB/s
################################################## 468.75 MB 14.84 MB/s
################################################## 488.28 MB 14.93 MB/s
################################################## 507.81 MB 14.98 MB/s
################################################## 527.34 MB 14.88 MB/s
################################################## 546.88 MB 14.90 MB/s
################################################## 566.41 MB 15.02 MB/s
################################################## 585.94 MB 15.09 MB/s
################################################## 605.47 MB 15.10 MB/s
################################################## 625.00 MB 15.14 MB/s
################################################## 644.53 MB 15.23 MB/s
################################################## 664.06 MB 15.29 MB/s
################################################## 683.59 MB 15.27 MB/s
################################################## 703.12 MB 15.32 MB/s
################################################## 722.66 MB 15.38 MB/s
################################################## 742.19 MB 15.40 MB/s
################################################## 761.72 MB 15.36 MB/s
################################################## 781.25 MB 15.38 MB/s
################################################## 800.78 MB 15.43 MB/s
################################################## 820.31 MB 15.44 MB/s
################################################## 839.84 MB 15.47 MB/s
################################################## 859.38 MB 15.49 MB/s
################################################## 878.91 MB 15.51 MB/s
#################################################  898.22 MB 15.54 MB/s Total
Scan   27 Minn_HCP_1.5mm_Task Minn_HCP_1.5mm_Task      from '180802_UEP_007'
################################################## 19.53 MB 8.52 MB/s
################################################## 39.06 MB 11.25 MB/s
################################################## 58.59 MB 12.64 MB/s
################################################## 78.12 MB 13.39 MB/s
################################################## 97.66 MB 14.00 MB/s
################################################## 117.19 MB 14.54 MB/s
################################################## 136.72 MB 14.78 MB/s
################################################## 156.25 MB 14.83 MB/s
################################################## 175.78 MB 14.98 MB/s
################################################## 195.31 MB 15.13 MB/s
################################################## 214.84 MB 15.32 MB/s
################################################## 234.38 MB 15.47 MB/s
################################################## 253.91 MB 15.54 MB/s
################################################## 273.44 MB 15.57 MB/s
################################################## 292.97 MB 15.58 MB/s
################################################## 312.50 MB 15.56 MB/s
################################################## 332.03 MB 15.64 MB/s
################################################## 351.56 MB 15.73 MB/s
################################################## 371.09 MB 15.80 MB/s
################################################## 390.62 MB 15.73 MB/s
################################################## 410.16 MB 15.77 MB/s
################################################## 429.69 MB 15.84 MB/s
################################################## 449.22 MB 15.81 MB/s
################################################## 468.75 MB 15.87 MB/s
################################################## 488.28 MB 15.94 MB/s
################################################## 507.81 MB 15.98 MB/s
################################################## 527.34 MB 16.01 MB/s
################################################## 546.88 MB 15.99 MB/s
################################################## 566.41 MB 16.03 MB/s
################################################## 585.94 MB 16.06 MB/s
################################################## 605.47 MB 16.09 MB/s
################################################## 625.00 MB 16.10 MB/s
################################################## 644.53 MB 16.14 MB/s
################################################## 664.06 MB 16.14 MB/s
################################################## 683.59 MB 16.11 MB/s
################################################## 703.12 MB 16.15 MB/s
################################################## 722.66 MB 16.21 MB/s
################################################## 742.19 MB 16.26 MB/s
################################################## 761.72 MB 16.26 MB/s
################################################## 781.25 MB 16.30 MB/s
################################################## 800.78 MB 16.33 MB/s
################################################## 820.31 MB 16.34 MB/s
################################################## 839.84 MB 16.38 MB/s
################################################## 859.38 MB 16.40 MB/s
################################################## 878.91 MB 16.43 MB/s
#################################################  898.19 MB 16.47 MB/s Total
Scan   29 Minn_HCP_1.5mm_Task Minn_HCP_1.5mm_Task      from '180802_UEP_007'
################################################## 19.53 MB 8.77 MB/s
################################################## 39.06 MB 11.58 MB/s
################################################## 58.59 MB 13.07 MB/s
################################################## 78.12 MB 13.84 MB/s
################################################## 97.66 MB 14.36 MB/s
################################################## 117.19 MB 14.76 MB/s
################################################## 136.72 MB 15.06 MB/s
################################################## 156.25 MB 15.27 MB/s
################################################## 175.78 MB 15.60 MB/s
################################################## 195.31 MB 15.78 MB/s
################################################## 214.84 MB 15.86 MB/s
################################################## 234.38 MB 15.91 MB/s
################################################## 253.91 MB 16.07 MB/s
################################################## 273.44 MB 16.09 MB/s
################################################## 292.97 MB 16.13 MB/s
################################################## 312.50 MB 16.09 MB/s
################################################## 332.03 MB 16.13 MB/s
################################################## 351.56 MB 16.21 MB/s
################################################## 371.09 MB 16.31 MB/s
################################################## 390.62 MB 16.31 MB/s
################################################## 410.16 MB 16.31 MB/s
################################################## 429.69 MB 16.34 MB/s
################################################## 449.22 MB 16.32 MB/s
################################################## 468.75 MB 16.37 MB/s
################################################## 488.28 MB 16.44 MB/s
################################################## 507.81 MB 16.47 MB/s
################################################## 527.34 MB 16.46 MB/s
################################################## 546.88 MB 16.46 MB/s
################################################## 566.41 MB 16.42 MB/s
################################################## 585.94 MB 16.45 MB/s
################################################## 605.47 MB 16.45 MB/s
################################################## 625.00 MB 16.51 MB/s
################################################## 644.53 MB 16.48 MB/s
################################################## 664.06 MB 16.44 MB/s
################################################## 683.59 MB 16.44 MB/s
################################################## 703.12 MB 16.45 MB/s
################################################## 722.66 MB 16.44 MB/s
################################################## 742.19 MB 16.45 MB/s
################################################## 761.72 MB 16.45 MB/s
################################################## 781.25 MB 16.49 MB/s
################################################## 800.78 MB 16.53 MB/s
################################################## 820.31 MB 16.54 MB/s
################################################## 839.84 MB 16.55 MB/s
################################################## 859.38 MB 16.59 MB/s
################################################## 878.91 MB 16.63 MB/s
#################################################  898.19 MB 16.66 MB/s Total
Scan   31 Minn_HCP_1.5mm_Task Minn_HCP_1.5mm_Task      from '180802_UEP_007'
################################################## 19.53 MB 8.89 MB/s
################################################## 39.06 MB 11.82 MB/s
################################################## 58.59 MB 13.09 MB/s
################################################## 78.12 MB 13.83 MB/s
################################################## 97.66 MB 14.46 MB/s
################################################## 117.19 MB 14.83 MB/s
################################################## 136.72 MB 15.17 MB/s
################################################## 156.25 MB 15.15 MB/s
################################################## 175.78 MB 15.35 MB/s
################################################## 195.31 MB 15.44 MB/s
################################################## 214.84 MB 15.59 MB/s
################################################## 234.38 MB 15.59 MB/s
################################################## 253.91 MB 15.64 MB/s
################################################## 273.44 MB 15.77 MB/s
################################################## 292.97 MB 15.87 MB/s
################################################## 312.50 MB 15.88 MB/s
################################################## 332.03 MB 15.68 MB/s
################################################## 351.56 MB 15.68 MB/s
################################################## 371.09 MB 15.75 MB/s
################################################## 390.62 MB 15.67 MB/s
################################################## 410.16 MB 15.67 MB/s
################################################## 429.69 MB 15.61 MB/s
################################################## 449.22 MB 15.52 MB/s
################################################## 468.75 MB 15.51 MB/s
################################################## 488.28 MB 15.52 MB/s
################################################## 507.81 MB 15.55 MB/s
################################################## 527.34 MB 15.57 MB/s
################################################## 546.88 MB 15.56 MB/s
################################################## 566.41 MB 15.57 MB/s
################################################## 585.94 MB 15.50 MB/s
################################################## 605.47 MB 15.46 MB/s
################################################## 625.00 MB 15.46 MB/s
################################################## 644.53 MB 15.45 MB/s
################################################## 664.06 MB 15.49 MB/s
################################################## 683.59 MB 15.44 MB/s
################################################## 703.12 MB 15.46 MB/s
################################################## 722.66 MB 15.51 MB/s
################################################## 742.19 MB 15.56 MB/s
################################################## 761.72 MB 15.57 MB/s
################################################## 781.25 MB 15.60 MB/s
################################################## 800.78 MB 15.60 MB/s
################################################## 820.31 MB 15.60 MB/s
################################################## 839.84 MB 15.61 MB/s
################################################## 859.38 MB 15.62 MB/s
################################################## 878.91 MB 15.66 MB/s
#################################################  898.19 MB 15.68 MB/s Total
Scan   33 Minn_HCP_1.5mm_Task Minn_HCP_1.5mm_Task      from '180802_UEP_007'
################################################## 19.53 MB 8.82 MB/s
################################################## 39.06 MB 11.71 MB/s
################################################## 58.59 MB 12.90 MB/s
################################################## 78.12 MB 13.48 MB/s
################################################## 97.66 MB 14.04 MB/s
################################################## 117.19 MB 14.48 MB/s
################################################## 136.72 MB 14.84 MB/s
################################################## 156.25 MB 14.93 MB/s
################################################## 175.78 MB 15.10 MB/s
################################################## 195.31 MB 15.29 MB/s
################################################## 214.84 MB 15.40 MB/s
################################################## 234.38 MB 15.42 MB/s
################################################## 253.91 MB 15.44 MB/s
################################################## 273.44 MB 15.45 MB/s
################################################## 292.97 MB 15.43 MB/s
################################################## 312.50 MB 15.27 MB/s
################################################## 332.03 MB 15.32 MB/s
################################################## 351.56 MB 15.36 MB/s
################################################## 371.09 MB 15.29 MB/s
################################################## 390.62 MB 15.17 MB/s
################################################## 410.16 MB 15.17 MB/s
################################################## 429.69 MB 15.24 MB/s
################################################## 449.22 MB 15.27 MB/s
################################################## 468.75 MB 15.32 MB/s
################################################## 488.28 MB 15.40 MB/s
################################################## 507.81 MB 15.46 MB/s
################################################## 527.34 MB 15.49 MB/s
################################################## 546.88 MB 15.56 MB/s
################################################## 566.41 MB 15.62 MB/s
################################################## 585.94 MB 15.66 MB/s
################################################## 605.47 MB 15.65 MB/s
################################################## 625.00 MB 15.66 MB/s
################################################## 644.53 MB 15.61 MB/s
################################################## 664.06 MB 15.65 MB/s
################################################## 683.59 MB 15.65 MB/s
################################################## 703.12 MB 15.70 MB/s
################################################## 722.66 MB 15.72 MB/s
################################################## 742.19 MB 15.75 MB/s
################################################## 761.72 MB 15.75 MB/s
################################################## 781.25 MB 15.81 MB/s
################################################## 800.78 MB 15.85 MB/s
################################################## 820.31 MB 15.87 MB/s
################################################## 839.84 MB 15.83 MB/s
################################################## 859.38 MB 15.76 MB/s
################################################## 878.91 MB 15.76 MB/s
#################################################  898.19 MB 15.77 MB/s Total
Done with '180802_UEP_007'.
ArcGet.py: =================================================================
ArcGet.py: SUMMARY of WARNINGS:
ArcGet.py: WARNING: Unable to determine Age for DOB=""
------------------
Run = 180802_UEP_007.MR.Investigators_Gershman.7.1.20180802.194145.xtfvdq.dcm
count = 0
filename = struct
mri_convert -it siemens_dicom -ot nii -i 180802_UEP_007.MR.Investigators_Gershman.7.1.20180802.194145.xtfvdq.dcm -o /ncf/gershman/Lab/Exploration/subjects/180802_UEP_007/preproc/struct.nii 
$Id: mri_convert.c,v 1.225 2015/10/19 18:48:26 fischl Exp $
reading from 180802_UEP_007.MR.Investigators_Gershman.7.1.20180802.194145.xtfvdq.dcm...
Getting Series No 
Scanning Directory 
INFO: loading series header info.
INFO: sorting.
INFO: (256 256 176), nframes = 1, ismosaic=0
sdfi->UseSliceScaleFactor 0
datatype = 4, short=4, float=3
PE Dir ROW ROW
AutoAlign matrix detected 
AutoAlign Matrix --------------------- 
 1.00000   0.00000   0.00000   0.00000;
 0.00000   1.00000   0.00000   0.00000;
 0.00000   0.00000   1.00000   0.00000;
 0.00000   0.00000   0.00000   1.00000;

FileName 		/net/rcss2/srv/export/gershman/share_root/Lab/Exploration/subjects/180802_UEP_007/RAW/180802_UEP_007.MR.Investigators_Gershman.7.1.20180802.194145.xtfvdq.dcm
Identification
	NumarisVer        syngo MR E11
	ScannerModel      Prisma_fit
	PatientName       180802_UEP_007
Date and time
	StudyDate         20180802
	StudyTime         194145.944000 
	SeriesTime        195025.302000 
	AcqTime           194400.987500 
Acquisition parameters
	PulseSeq          tfl3d4_16ns 
	Protocol          T1_MEMPRAGE_1.0mm_p2
	PhEncDir          ROW
	EchoNo            1
	FlipAngle         7
	EchoTime          1.69
	InversionTime     1100
	RepetitionTime    2530
	PhEncFOV          256
	ReadoutFOV        256
Image information
	RunNo             6
	SeriesNo          7
	ImageNo           1
	NImageRows        256
	NImageCols        256
	NFrames           1
	SliceArraylSize   1
	IsMosaic          0
	ImgPos             73.9885 184.8623 100.7142 
	VolRes              1.0000   1.0000   1.0000 
	VolDim            256      256      176 
	Vc                  0.0513  -0.9818   0.1829 
	Vr                  0.0158  -0.1823  -0.9831 
	Vs                 -0.9986  -0.0533  -0.0061 
	VolCenter          -5.3038  31.1631  -2.2482 
	TransferSyntaxUID 1.2.840.10008.1.2.1
UseSliceScaleFactor 0 (slice 0: 1)
IsDWI = 0
INFO: no Siemens slice order reversal detected (good!). 
TR=2530.00, TE=1.69, TI=1100.00, flip angle=7.00
i_ras = (0.0512862, -0.981789, 0.182918)
j_ras = (0.0157523, -0.182341, -0.983109)
k_ras = (-0.99856, -0.0533013, -0.0061138)
writing to /ncf/gershman/Lab/Exploration/subjects/180802_UEP_007/preproc/struct.nii...
------------------
Run = 180802_UEP_007.MR.Investigators_Gershman.11.1.20180802.194145.uxi8gr.dcm
count = 0+1
filename = run001
mri_convert -it siemens_dicom -ot nii -i 180802_UEP_007.MR.Investigators_Gershman.11.1.20180802.194145.uxi8gr.dcm -o /ncf/gershman/Lab/Exploration/subjects/180802_UEP_007/preproc/run001.nii 
$Id: mri_convert.c,v 1.225 2015/10/19 18:48:26 fischl Exp $
reading from 180802_UEP_007.MR.Investigators_Gershman.11.1.20180802.194145.uxi8gr.dcm...
Getting Series No 
Scanning Directory 
INFO: loading series header info.
INFO: sorting.
INFO: (136 136  84), nframes = 242, ismosaic=1
sdfi->UseSliceScaleFactor 0
datatype = 3, short=4, float=3
Could not parse NUMARIS version string syngo MR E11
found in dicom tag 18,1020 (len = 3 != 6)
Repetition Time = 2000, TR = 2000 ms
PE Dir COL COL
AutoAlign matrix detected 
AutoAlign Matrix --------------------- 
 1.00000   0.00000   0.00000   0.00000;
 0.00000   1.00000   0.00000   0.00000;
 0.00000   0.00000   1.00000   0.00000;
 0.00000   0.00000   0.00000   1.00000;

FileName 		/net/rcss2/srv/export/gershman/share_root/Lab/Exploration/subjects/180802_UEP_007/RAW/180802_UEP_007.MR.Investigators_Gershman.11.1.20180802.194145.uxi8gr.dcm
Identification
	NumarisVer        syngo MR E11
	ScannerModel      Prisma_fit
	PatientName       180802_UEP_007
Date and time
	StudyDate         20180802
	StudyTime         194145.944000 
	SeriesTime        195355.776000 
	AcqTime           195306.915000 
Acquisition parameters
	PulseSeq          epfid2d1_136
	Protocol          Minn_HCP_1.5mm_Task 
	PhEncDir          COL
	EchoNo            1
	FlipAngle         80
	EchoTime          30
	InversionTime     -1
	RepetitionTime    2000
	PhEncFOV          204
	ReadoutFOV        204
Image information
	RunNo             10
	SeriesNo          11
	ImageNo           1
	NImageRows        1360
	NImageCols        1360
	NFrames           242
	SliceArraylSize   84
	IsMosaic          1
	ImgPos             91.8082 135.5355  -9.1680 
	VolRes              1.5000   1.5000   1.5000 
	VolDim            136      136       84 
	Vc                 -0.9986  -0.0534  -0.0061 
	Vr                  0.0532  -0.9668  -0.2498 
	Vs                  0.0074  -0.2497   0.9683 
	VolCenter          -4.1512  15.7410  25.7331 
	TransferSyntaxUID 1.2.840.10008.1.2.1
UseSliceScaleFactor 0 (slice 0: 1)
IsDWI = 0
sagrev = 0, correv =0, trarev = 0
Vs = 0.00740156 -0.249728 0.968288
INFO: no Siemens slice order reversal detected (good!). 
TR=2000.00, TE=30.00, TI=-1.00, flip angle=80.00
i_ras = (-0.998556, -0.0533673, -0.00613085)
j_ras = (0.0532059, -0.966844, -0.249762)
k_ras = (0.00740156, -0.249728, 0.968288)
writing to /ncf/gershman/Lab/Exploration/subjects/180802_UEP_007/preproc/run001.nii...
------------------
Run = 180802_UEP_007.MR.Investigators_Gershman.13.1.20180802.194145.1ug0wfn.dcm
count = 0+1+1
filename = run002
mri_convert -it siemens_dicom -ot nii -i 180802_UEP_007.MR.Investigators_Gershman.13.1.20180802.194145.1ug0wfn.dcm -o /ncf/gershman/Lab/Exploration/subjects/180802_UEP_007/preproc/run002.nii 
$Id: mri_convert.c,v 1.225 2015/10/19 18:48:26 fischl Exp $
reading from 180802_UEP_007.MR.Investigators_Gershman.13.1.20180802.194145.1ug0wfn.dcm...
Getting Series No 
Scanning Directory 
INFO: loading series header info.
INFO: sorting.
INFO: (136 136  84), nframes = 242, ismosaic=1
sdfi->UseSliceScaleFactor 0
datatype = 3, short=4, float=3
Could not parse NUMARIS version string syngo MR E11
found in dicom tag 18,1020 (len = 3 != 6)
Repetition Time = 2000, TR = 2000 ms
PE Dir COL COL
AutoAlign matrix detected 
AutoAlign Matrix --------------------- 
 1.00000   0.00000   0.00000   0.00000;
 0.00000   1.00000   0.00000   0.00000;
 0.00000   0.00000   1.00000   0.00000;
 0.00000   0.00000   0.00000   1.00000;

FileName 		/net/rcss2/srv/export/gershman/share_root/Lab/Exploration/subjects/180802_UEP_007/RAW/180802_UEP_007.MR.Investigators_Gershman.13.1.20180802.194145.1ug0wfn.dcm
Identification
	NumarisVer        syngo MR E11
	ScannerModel      Prisma_fit
	PatientName       180802_UEP_007
Date and time
	StudyDate         20180802
	StudyTime         194145.944000 
	SeriesTime        200404.522000 
	AcqTime           200320.832500 
Acquisition parameters
	PulseSeq          epfid2d1_136
	Protocol          Minn_HCP_1.5mm_Task 
	PhEncDir          COL
	EchoNo            1
	FlipAngle         80
	EchoTime          30
	InversionTime     -1
	RepetitionTime    2000
	PhEncFOV          204
	ReadoutFOV        204
Image information
	RunNo             12
	SeriesNo          13
	ImageNo           1
	NImageRows        1360
	NImageCols        1360
	NFrames           242
	SliceArraylSize   84
	IsMosaic          1
	ImgPos             91.8082 135.5355  -9.1680 
	VolRes              1.5000   1.5000   1.5000 
	VolDim            136      136       84 
	Vc                 -0.9986  -0.0534  -0.0061 
	Vr                  0.0532  -0.9668  -0.2498 
	Vs                  0.0074  -0.2497   0.9683 
	VolCenter          -4.1512  15.7410  25.7331 
	TransferSyntaxUID 1.2.840.10008.1.2.1
UseSliceScaleFactor 0 (slice 0: 1)
IsDWI = 0
sagrev = 0, correv =0, trarev = 0
Vs = 0.00740156 -0.249728 0.968288
INFO: no Siemens slice order reversal detected (good!). 
TR=2000.00, TE=30.00, TI=-1.00, flip angle=80.00
i_ras = (-0.998556, -0.0533673, -0.00613085)
j_ras = (0.0532059, -0.966844, -0.249762)
k_ras = (0.00740156, -0.249728, 0.968288)
writing to /ncf/gershman/Lab/Exploration/subjects/180802_UEP_007/preproc/run002.nii...
------------------
Run = 180802_UEP_007.MR.Investigators_Gershman.15.1.20180802.194145.7kypva.dcm
count = 0+1+1+1
filename = run003
mri_convert -it siemens_dicom -ot nii -i 180802_UEP_007.MR.Investigators_Gershman.15.1.20180802.194145.7kypva.dcm -o /ncf/gershman/Lab/Exploration/subjects/180802_UEP_007/preproc/run003.nii 
$Id: mri_convert.c,v 1.225 2015/10/19 18:48:26 fischl Exp $
reading from 180802_UEP_007.MR.Investigators_Gershman.15.1.20180802.194145.7kypva.dcm...
Getting Series No 
Scanning Directory 
INFO: loading series header info.
INFO: sorting.
INFO: (136 136  84), nframes = 242, ismosaic=1
sdfi->UseSliceScaleFactor 0
datatype = 3, short=4, float=3
Could not parse NUMARIS version string syngo MR E11
found in dicom tag 18,1020 (len = 3 != 6)
Repetition Time = 2000, TR = 2000 ms
PE Dir COL COL
AutoAlign matrix detected 
AutoAlign Matrix --------------------- 
 1.00000   0.00000   0.00000   0.00000;
 0.00000   1.00000   0.00000   0.00000;
 0.00000   0.00000   1.00000   0.00000;
 0.00000   0.00000   0.00000   1.00000;

FileName 		/net/rcss2/srv/export/gershman/share_root/Lab/Exploration/subjects/180802_UEP_007/RAW/180802_UEP_007.MR.Investigators_Gershman.15.1.20180802.194145.7kypva.dcm
Identification
	NumarisVer        syngo MR E11
	ScannerModel      Prisma_fit
	PatientName       180802_UEP_007
Date and time
	StudyDate         20180802
	StudyTime         194145.944000 
	SeriesTime        201305.345000 
	AcqTime           201217.322500 
Acquisition parameters
	PulseSeq          epfid2d1_136
	Protocol          Minn_HCP_1.5mm_Task 
	PhEncDir          COL
	EchoNo            1
	FlipAngle         80
	EchoTime          30
	InversionTime     -1
	RepetitionTime    2000
	PhEncFOV          204
	ReadoutFOV        204
Image information
	RunNo             14
	SeriesNo          15
	ImageNo           1
	NImageRows        1360
	NImageCols        1360
	NFrames           242
	SliceArraylSize   84
	IsMosaic          1
	ImgPos             91.8082 135.5355  -9.1680 
	VolRes              1.5000   1.5000   1.5000 
	VolDim            136      136       84 
	Vc                 -0.9986  -0.0534  -0.0061 
	Vr                  0.0532  -0.9668  -0.2498 
	Vs                  0.0074  -0.2497   0.9683 
	VolCenter          -4.1512  15.7410  25.7331 
	TransferSyntaxUID 1.2.840.10008.1.2.1
UseSliceScaleFactor 0 (slice 0: 1)
IsDWI = 0
sagrev = 0, correv =0, trarev = 0
Vs = 0.00740156 -0.249728 0.968288
INFO: no Siemens slice order reversal detected (good!). 
TR=2000.00, TE=30.00, TI=-1.00, flip angle=80.00
i_ras = (-0.998556, -0.0533673, -0.00613085)
j_ras = (0.0532059, -0.966844, -0.249762)
k_ras = (0.00740156, -0.249728, 0.968288)
writing to /ncf/gershman/Lab/Exploration/subjects/180802_UEP_007/preproc/run003.nii...
------------------
Run = 180802_UEP_007.MR.Investigators_Gershman.17.1.20180802.194145.n1tlux.dcm
count = 0+1+1+1+1
filename = run004
mri_convert -it siemens_dicom -ot nii -i 180802_UEP_007.MR.Investigators_Gershman.17.1.20180802.194145.n1tlux.dcm -o /ncf/gershman/Lab/Exploration/subjects/180802_UEP_007/preproc/run004.nii 
$Id: mri_convert.c,v 1.225 2015/10/19 18:48:26 fischl Exp $
reading from 180802_UEP_007.MR.Investigators_Gershman.17.1.20180802.194145.n1tlux.dcm...
Getting Series No 
Scanning Directory 
INFO: loading series header info.
INFO: sorting.
INFO: (136 136  84), nframes = 242, ismosaic=1
sdfi->UseSliceScaleFactor 0
datatype = 3, short=4, float=3
Could not parse NUMARIS version string syngo MR E11
found in dicom tag 18,1020 (len = 3 != 6)
Repetition Time = 2000, TR = 2000 ms
PE Dir COL COL
AutoAlign matrix detected 
AutoAlign Matrix --------------------- 
 1.00000   0.00000   0.00000   0.00000;
 0.00000   1.00000   0.00000   0.00000;
 0.00000   0.00000   1.00000   0.00000;
 0.00000   0.00000   0.00000   1.00000;

FileName 		/net/rcss2/srv/export/gershman/share_root/Lab/Exploration/subjects/180802_UEP_007/RAW/180802_UEP_007.MR.Investigators_Gershman.17.1.20180802.194145.n1tlux.dcm
Identification
	NumarisVer        syngo MR E11
	ScannerModel      Prisma_fit
	PatientName       180802_UEP_007
Date and time
	StudyDate         20180802
	StudyTime         194145.944000 
	SeriesTime        202215.781000 
	AcqTime           202121.965000 
Acquisition parameters
	PulseSeq          epfid2d1_136
	Protocol          Minn_HCP_1.5mm_Task 
	PhEncDir          COL
	EchoNo            1
	FlipAngle         80
	EchoTime          30
	InversionTime     -1
	RepetitionTime    2000
	PhEncFOV          204
	ReadoutFOV        204
Image information
	RunNo             16
	SeriesNo          17
	ImageNo           1
	NImageRows        1360
	NImageCols        1360
	NFrames           242
	SliceArraylSize   84
	IsMosaic          1
	ImgPos             91.8082 135.5355  -9.1680 
	VolRes              1.5000   1.5000   1.5000 
	VolDim            136      136       84 
	Vc                 -0.9986  -0.0534  -0.0061 
	Vr                  0.0532  -0.9668  -0.2498 
	Vs                  0.0074  -0.2497   0.9683 
	VolCenter          -4.1512  15.7410  25.7331 
	TransferSyntaxUID 1.2.840.10008.1.2.1
UseSliceScaleFactor 0 (slice 0: 1)
IsDWI = 0
sagrev = 0, correv =0, trarev = 0
Vs = 0.00740156 -0.249728 0.968288
INFO: no Siemens slice order reversal detected (good!). 
TR=2000.00, TE=30.00, TI=-1.00, flip angle=80.00
i_ras = (-0.998556, -0.0533673, -0.00613085)
j_ras = (0.0532059, -0.966844, -0.249762)
k_ras = (0.00740156, -0.249728, 0.968288)
writing to /ncf/gershman/Lab/Exploration/subjects/180802_UEP_007/preproc/run004.nii...
------------------
Run = 180802_UEP_007.MR.Investigators_Gershman.27.1.20180802.194145.kvydoh.dcm
count = 0+1+1+1+1+1
filename = run005
mri_convert -it siemens_dicom -ot nii -i 180802_UEP_007.MR.Investigators_Gershman.27.1.20180802.194145.kvydoh.dcm -o /ncf/gershman/Lab/Exploration/subjects/180802_UEP_007/preproc/run005.nii 
$Id: mri_convert.c,v 1.225 2015/10/19 18:48:26 fischl Exp $
reading from 180802_UEP_007.MR.Investigators_Gershman.27.1.20180802.194145.kvydoh.dcm...
Getting Series No 
Scanning Directory 
INFO: loading series header info.
INFO: sorting.
INFO: (136 136  84), nframes = 242, ismosaic=1
sdfi->UseSliceScaleFactor 0
datatype = 3, short=4, float=3
Could not parse NUMARIS version string syngo MR E11
found in dicom tag 18,1020 (len = 3 != 6)
Repetition Time = 2000, TR = 2000 ms
PE Dir COL COL
AutoAlign matrix detected 
AutoAlign Matrix --------------------- 
 1.00000   0.00000   0.00000   0.00000;
 0.00000   1.00000   0.00000   0.00000;
 0.00000   0.00000   1.00000   0.00000;
 0.00000   0.00000   0.00000   1.00000;

FileName 		/net/rcss2/srv/export/gershman/share_root/Lab/Exploration/subjects/180802_UEP_007/RAW/180802_UEP_007.MR.Investigators_Gershman.27.1.20180802.194145.kvydoh.dcm
Identification
	NumarisVer        syngo MR E11
	ScannerModel      Prisma_fit
	PatientName       180802_UEP_007
Date and time
	StudyDate         20180802
	StudyTime         194145.944000 
	SeriesTime        204405.329000 
	AcqTime           204308.690000 
Acquisition parameters
	PulseSeq          epfid2d1_136
	Protocol          Minn_HCP_1.5mm_Task 
	PhEncDir          COL
	EchoNo            1
	FlipAngle         80
	EchoTime          30
	InversionTime     -1
	RepetitionTime    2000
	PhEncFOV          204
	ReadoutFOV        204
Image information
	RunNo             26
	SeriesNo          27
	ImageNo           1
	NImageRows        1360
	NImageCols        1360
	NFrames           242
	SliceArraylSize   84
	IsMosaic          1
	ImgPos             93.0235 133.5921  -6.0890 
	VolRes              1.5000   1.5000   1.5000 
	VolDim            136      136       84 
	Vc                 -0.9989  -0.0452  -0.0150 
	Vr                  0.0476  -0.9593  -0.2784 
	Vs                 -0.0018  -0.2788   0.9604 
	VolCenter          -4.1171  13.5680  24.4871 
	TransferSyntaxUID 1.2.840.10008.1.2.1
UseSliceScaleFactor 0 (slice 0: 1)
IsDWI = 0
sagrev = 0, correv =0, trarev = 0
Vs = -0.0018215 -0.27877 0.960356
INFO: no Siemens slice order reversal detected (good!). 
TR=2000.00, TE=30.00, TI=-1.00, flip angle=80.00
i_ras = (-0.998863, -0.0452341, -0.015025)
j_ras = (0.0476294, -0.959292, -0.27837)
k_ras = (-0.0018215, -0.27877, 0.960356)
writing to /ncf/gershman/Lab/Exploration/subjects/180802_UEP_007/preproc/run005.nii...
------------------
Run = 180802_UEP_007.MR.Investigators_Gershman.29.1.20180802.194145.1hhbt12.dcm
count = 0+1+1+1+1+1+1
filename = run006
mri_convert -it siemens_dicom -ot nii -i 180802_UEP_007.MR.Investigators_Gershman.29.1.20180802.194145.1hhbt12.dcm -o /ncf/gershman/Lab/Exploration/subjects/180802_UEP_007/preproc/run006.nii 
$Id: mri_convert.c,v 1.225 2015/10/19 18:48:26 fischl Exp $
reading from 180802_UEP_007.MR.Investigators_Gershman.29.1.20180802.194145.1hhbt12.dcm...
Getting Series No 
Scanning Directory 
INFO: loading series header info.
INFO: sorting.
INFO: (136 136  84), nframes = 242, ismosaic=1
sdfi->UseSliceScaleFactor 0
datatype = 3, short=4, float=3
Could not parse NUMARIS version string syngo MR E11
found in dicom tag 18,1020 (len = 3 != 6)
Repetition Time = 2000, TR = 2000 ms
PE Dir COL COL
AutoAlign matrix detected 
AutoAlign Matrix --------------------- 
 1.00000   0.00000   0.00000   0.00000;
 0.00000   1.00000   0.00000   0.00000;
 0.00000   0.00000   1.00000   0.00000;
 0.00000   0.00000   0.00000   1.00000;

FileName 		/net/rcss2/srv/export/gershman/share_root/Lab/Exploration/subjects/180802_UEP_007/RAW/180802_UEP_007.MR.Investigators_Gershman.29.1.20180802.194145.1hhbt12.dcm
Identification
	NumarisVer        syngo MR E11
	ScannerModel      Prisma_fit
	PatientName       180802_UEP_007
Date and time
	StudyDate         20180802
	StudyTime         194145.944000 
	SeriesTime        205255.773000 
	AcqTime           205206.655000 
Acquisition parameters
	PulseSeq          epfid2d1_136
	Protocol          Minn_HCP_1.5mm_Task 
	PhEncDir          COL
	EchoNo            1
	FlipAngle         80
	EchoTime          30
	InversionTime     -1
	RepetitionTime    2000
	PhEncFOV          204
	ReadoutFOV        204
Image information
	RunNo             28
	SeriesNo          29
	ImageNo           1
	NImageRows        1360
	NImageCols        1360
	NFrames           242
	SliceArraylSize   84
	IsMosaic          1
	ImgPos             93.0235 133.5921  -6.0890 
	VolRes              1.5000   1.5000   1.5000 
	VolDim            136      136       84 
	Vc                 -0.9989  -0.0452  -0.0150 
	Vr                  0.0476  -0.9593  -0.2784 
	Vs                 -0.0018  -0.2788   0.9604 
	VolCenter          -4.1171  13.5680  24.4871 
	TransferSyntaxUID 1.2.840.10008.1.2.1
UseSliceScaleFactor 0 (slice 0: 1)
IsDWI = 0
sagrev = 0, correv =0, trarev = 0
Vs = -0.0018215 -0.27877 0.960356
INFO: no Siemens slice order reversal detected (good!). 
TR=2000.00, TE=30.00, TI=-1.00, flip angle=80.00
i_ras = (-0.998863, -0.0452341, -0.015025)
j_ras = (0.0476294, -0.959292, -0.27837)
k_ras = (-0.0018215, -0.27877, 0.960356)
writing to /ncf/gershman/Lab/Exploration/subjects/180802_UEP_007/preproc/run006.nii...
------------------
Run = 180802_UEP_007.MR.Investigators_Gershman.31.1.20180802.194145.k8m2md.dcm
count = 0+1+1+1+1+1+1+1
filename = run007
mri_convert -it siemens_dicom -ot nii -i 180802_UEP_007.MR.Investigators_Gershman.31.1.20180802.194145.k8m2md.dcm -o /ncf/gershman/Lab/Exploration/subjects/180802_UEP_007/preproc/run007.nii 
$Id: mri_convert.c,v 1.225 2015/10/19 18:48:26 fischl Exp $
reading from 180802_UEP_007.MR.Investigators_Gershman.31.1.20180802.194145.k8m2md.dcm...
Getting Series No 
Scanning Directory 
INFO: loading series header info.
INFO: sorting.
INFO: (136 136  84), nframes = 242, ismosaic=1
sdfi->UseSliceScaleFactor 0
datatype = 3, short=4, float=3
Could not parse NUMARIS version string syngo MR E11
found in dicom tag 18,1020 (len = 3 != 6)
Repetition Time = 2000, TR = 2000 ms
PE Dir COL COL
AutoAlign matrix detected 
AutoAlign Matrix --------------------- 
 1.00000   0.00000   0.00000   0.00000;
 0.00000   1.00000   0.00000   0.00000;
 0.00000   0.00000   1.00000   0.00000;
 0.00000   0.00000   0.00000   1.00000;

FileName 		/net/rcss2/srv/export/gershman/share_root/Lab/Exploration/subjects/180802_UEP_007/RAW/180802_UEP_007.MR.Investigators_Gershman.31.1.20180802.194145.k8m2md.dcm
Identification
	NumarisVer        syngo MR E11
	ScannerModel      Prisma_fit
	PatientName       180802_UEP_007
Date and time
	StudyDate         20180802
	StudyTime         194145.944000 
	SeriesTime        210200.947000 
	AcqTime           210101.882500 
Acquisition parameters
	PulseSeq          epfid2d1_136
	Protocol          Minn_HCP_1.5mm_Task 
	PhEncDir          COL
	EchoNo            1
	FlipAngle         80
	EchoTime          30
	InversionTime     -1
	RepetitionTime    2000
	PhEncFOV          204
	ReadoutFOV        204
Image information
	RunNo             30
	SeriesNo          31
	ImageNo           1
	NImageRows        1360
	NImageCols        1360
	NFrames           242
	SliceArraylSize   84
	IsMosaic          1
	ImgPos             93.0235 133.5921  -6.0890 
	VolRes              1.5000   1.5000   1.5000 
	VolDim            136      136       84 
	Vc                 -0.9989  -0.0452  -0.0150 
	Vr                  0.0476  -0.9593  -0.2784 
	Vs                 -0.0018  -0.2788   0.9604 
	VolCenter          -4.1171  13.5680  24.4871 
	TransferSyntaxUID 1.2.840.10008.1.2.1
UseSliceScaleFactor 0 (slice 0: 1)
IsDWI = 0
sagrev = 0, correv =0, trarev = 0
Vs = -0.0018215 -0.27877 0.960356
INFO: no Siemens slice order reversal detected (good!). 
TR=2000.00, TE=30.00, TI=-1.00, flip angle=80.00
i_ras = (-0.998863, -0.0452341, -0.015025)
j_ras = (0.0476294, -0.959292, -0.27837)
k_ras = (-0.0018215, -0.27877, 0.960356)
writing to /ncf/gershman/Lab/Exploration/subjects/180802_UEP_007/preproc/run007.nii...
------------------
Run = 180802_UEP_007.MR.Investigators_Gershman.33.1.20180802.194145.1e7jt4c.dcm
count = 0+1+1+1+1+1+1+1+1
filename = run008
mri_convert -it siemens_dicom -ot nii -i 180802_UEP_007.MR.Investigators_Gershman.33.1.20180802.194145.1e7jt4c.dcm -o /ncf/gershman/Lab/Exploration/subjects/180802_UEP_007/preproc/run008.nii 
$Id: mri_convert.c,v 1.225 2015/10/19 18:48:26 fischl Exp $
reading from 180802_UEP_007.MR.Investigators_Gershman.33.1.20180802.194145.1e7jt4c.dcm...
Getting Series No 
Scanning Directory 
INFO: loading series header info.
INFO: sorting.
INFO: (136 136  84), nframes = 242, ismosaic=1
sdfi->UseSliceScaleFactor 0
datatype = 3, short=4, float=3
Could not parse NUMARIS version string syngo MR E11
found in dicom tag 18,1020 (len = 3 != 6)
Repetition Time = 2000, TR = 2000 ms
PE Dir COL COL
AutoAlign matrix detected 
AutoAlign Matrix --------------------- 
 1.00000   0.00000   0.00000   0.00000;
 0.00000   1.00000   0.00000   0.00000;
 0.00000   0.00000   1.00000   0.00000;
 0.00000   0.00000   0.00000   1.00000;

FileName 		/net/rcss2/srv/export/gershman/share_root/Lab/Exploration/subjects/180802_UEP_007/RAW/180802_UEP_007.MR.Investigators_Gershman.33.1.20180802.194145.1e7jt4c.dcm
Identification
	NumarisVer        syngo MR E11
	ScannerModel      Prisma_fit
	PatientName       180802_UEP_007
Date and time
	StudyDate         20180802
	StudyTime         194145.944000 
	SeriesTime        211045.337000 
	AcqTime           210957.205000 
Acquisition parameters
	PulseSeq          epfid2d1_136
	Protocol          Minn_HCP_1.5mm_Task 
	PhEncDir          COL
	EchoNo            1
	FlipAngle         80
	EchoTime          30
	InversionTime     -1
	RepetitionTime    2000
	PhEncFOV          204
	ReadoutFOV        204
Image information
	RunNo             32
	SeriesNo          33
	ImageNo           1
	NImageRows        1360
	NImageCols        1360
	NFrames           242
	SliceArraylSize   84
	IsMosaic          1
	ImgPos             93.0235 133.5921  -6.0890 
	VolRes              1.5000   1.5000   1.5000 
	VolDim            136      136       84 
	Vc                 -0.9989  -0.0452  -0.0150 
	Vr                  0.0476  -0.9593  -0.2784 
	Vs                 -0.0018  -0.2788   0.9604 
	VolCenter          -4.1171  13.5680  24.4871 
	TransferSyntaxUID 1.2.840.10008.1.2.1
UseSliceScaleFactor 0 (slice 0: 1)
IsDWI = 0
sagrev = 0, correv =0, trarev = 0
Vs = -0.0018215 -0.27877 0.960356
INFO: no Siemens slice order reversal detected (good!). 
TR=2000.00, TE=30.00, TI=-1.00, flip angle=80.00
i_ras = (-0.998863, -0.0452341, -0.015025)
j_ras = (0.0476294, -0.959292, -0.27837)
k_ras = (-0.0018215, -0.27877, 0.960356)
writing to /ncf/gershman/Lab/Exploration/subjects/180802_UEP_007/preproc/run008.nii...
