Saving output to '/net/rcss2/srv/export/gershman/share_root/Lab/Exploration/subjects'
ArcGet.py: WARNING: Unable to determine Age for DOB=""

SUBJECT: 180808_UEP_027 (CBSCentral_S08753) AGE:       0                             
GENDER:                                 HADEDNESS:                               
RACE:                                   ETHNICITY:                               
ENGLISH:                                LANGUAGE:                                
WEIGHT:                                 HEIGHT:                                  
SESSION: 180808_UEP_027 (Accession ID CBSCentral_E11448)

downld  num quality  type         series                           note
    no    1 usable   LOCALIZER    localizer_32ch_uncombined        
    no    2 usable   localizer_32ch_uncombined localizer_32ch_uncombined        
    no    3 usable   AAHead_Scout_32ch AAHead_Scout_32ch                
    no    4 usable   AAScout      AAHead_Scout_32ch_MPR_sag        
    no    5 usable   AAScout      AAHead_Scout_32ch_MPR_cor        
    no    6 usable   AAScout      AAHead_Scout_32ch_MPR_tra        
   YES    7 usable   MEMPRAGE RMS T1_MEMPRAGE_1.0mm_p2 RMS         
    no    8 usable   HCP_SEFieldMap_1.5mm_84sl_p2_AP HCP_SEFieldMap_1.5mm_84sl_p2_AP  
    no    9 usable   HCP_SEFieldMap_1.5mm_84sl_p2_PA HCP_SEFieldMap_1.5mm_84sl_p2_PA  
    no   10 usable   Minn_HCP_1.5mm_Task_SBRef Minn_HCP_1.5mm_Task_SBRef        
   YES   11 usable   Minn_HCP_1.5mm_Task Minn_HCP_1.5mm_Task              
    no   12 usable   Minn_HCP_1.5mm_Task_SBRef Minn_HCP_1.5mm_Task_SBRef        
   YES   13 usable   Minn_HCP_1.5mm_Task Minn_HCP_1.5mm_Task              
    no   14 usable   Minn_HCP_1.5mm_Task_SBRef Minn_HCP_1.5mm_Task_SBRef        
   YES   15 usable   Minn_HCP_1.5mm_Task Minn_HCP_1.5mm_Task              
    no   16 usable   Minn_HCP_1.5mm_Task_SBRef Minn_HCP_1.5mm_Task_SBRef        
   YES   17 usable   Minn_HCP_1.5mm_Task Minn_HCP_1.5mm_Task              
    no   18 usable   LOCALIZER    localizer_32ch_uncombined        
    no   19 usable   localizer_32ch_uncombined localizer_32ch_uncombined        
    no   20 usable   AAHead_Scout_32ch AAHead_Scout_32ch                
    no   21 usable   AAScout      AAHead_Scout_32ch_MPR_sag        
    no   22 usable   AAScout      AAHead_Scout_32ch_MPR_cor        
    no   23 usable   AAScout      AAHead_Scout_32ch_MPR_tra        
    no   24 usable   HCP_SEFieldMap_1.5mm_84sl_p2_AP HCP_SEFieldMap_1.5mm_84sl_p2_AP  
    no   25 usable   HCP_SEFieldMap_1.5mm_84sl_p2_PA HCP_SEFieldMap_1.5mm_84sl_p2_PA  
    no   26 usable   Minn_HCP_1.5mm_Task_SBRef Minn_HCP_1.5mm_Task_SBRef        
   YES   27 usable   Minn_HCP_1.5mm_Task Minn_HCP_1.5mm_Task              
    no   28 usable   Minn_HCP_1.5mm_Task_SBRef Minn_HCP_1.5mm_Task_SBRef        
   YES   29 usable   Minn_HCP_1.5mm_Task Minn_HCP_1.5mm_Task              
    no   30 usable   Minn_HCP_1.5mm_Task_SBRef Minn_HCP_1.5mm_Task_SBRef        
   YES   31 usable   Minn_HCP_1.5mm_Task Minn_HCP_1.5mm_Task              
    no   32 usable   Minn_HCP_1.5mm_Task_SBRef Minn_HCP_1.5mm_Task_SBRef        
   YES   33 usable   Minn_HCP_1.5mm_Task Minn_HCP_1.5mm_Task              
    no   99 usable   PhoenixZIPReport PhoenixZIPReport                 

Getting Data...
Scan    7 MEMPRAGE RMS T1_MEMPRAGE_1.0mm_p2 RMS from '180808_UEP_027'
################################################## 19.53 MB 2.23 MB/s
################################################## 39.06 MB 2.35 MB/s
#########                                          42.84 MB 2.36 MB/s Total
Scan   11 Minn_HCP_1.5mm_Task Minn_HCP_1.5mm_Task      from '180808_UEP_027'
################################################## 19.53 MB 4.47 MB/s
################################################## 39.06 MB 5.70 MB/s
################################################## 58.59 MB 6.58 MB/s
################################################## 78.12 MB 7.08 MB/s
################################################## 97.66 MB 7.38 MB/s
################################################## 117.19 MB 7.48 MB/s
################################################## 136.72 MB 6.74 MB/s
################################################## 156.25 MB 6.50 MB/s
################################################## 175.78 MB 6.43 MB/s
################################################## 195.31 MB 6.27 MB/s
################################################## 214.84 MB 6.21 MB/s
################################################## 234.38 MB 6.07 MB/s
################################################## 253.91 MB 6.08 MB/s
################################################## 273.44 MB 6.06 MB/s
################################################## 292.97 MB 6.01 MB/s
################################################## 312.50 MB 5.91 MB/s
################################################## 332.03 MB 5.85 MB/s
################################################## 351.56 MB 5.80 MB/s
################################################## 371.09 MB 5.75 MB/s
################################################## 390.62 MB 5.64 MB/s
################################################## 410.16 MB 5.61 MB/s
################################################## 429.69 MB 5.63 MB/s
################################################## 449.22 MB 5.60 MB/s
################################################## 468.75 MB 5.57 MB/s
################################################## 488.28 MB 5.53 MB/s
################################################## 507.81 MB 5.50 MB/s
################################################## 527.34 MB 5.49 MB/s
################################################## 546.88 MB 5.47 MB/s
################################################## 566.41 MB 5.47 MB/s
################################################## 585.94 MB 5.47 MB/s
################################################## 605.47 MB 5.43 MB/s
################################################## 625.00 MB 5.42 MB/s
################################################## 644.53 MB 5.43 MB/s
################################################## 664.06 MB 5.41 MB/s
################################################## 683.59 MB 5.38 MB/s
################################################## 703.12 MB 5.38 MB/s
################################################## 722.66 MB 5.36 MB/s
################################################## 742.19 MB 5.38 MB/s
################################################## 761.72 MB 5.36 MB/s
################################################## 781.25 MB 5.37 MB/s
################################################## 800.78 MB 5.37 MB/s
################################################## 820.31 MB 5.33 MB/s
################################################## 839.84 MB 5.31 MB/s
################################################## 859.38 MB 5.33 MB/s
################################################## 878.91 MB 5.32 MB/s
#################################################  898.15 MB 5.34 MB/s Total
Scan   13 Minn_HCP_1.5mm_Task Minn_HCP_1.5mm_Task      from '180808_UEP_027'
################################################## 19.53 MB 4.41 MB/s
################################################## 39.06 MB 6.08 MB/s
################################################## 58.59 MB 7.01 MB/s
################################################## 78.12 MB 7.75 MB/s
################################################## 97.66 MB 8.38 MB/s
################################################## 117.19 MB 8.70 MB/s
################################################## 136.72 MB 8.96 MB/s
################################################## 156.25 MB 8.99 MB/s
################################################## 175.78 MB 9.27 MB/s
################################################## 195.31 MB 9.11 MB/s
################################################## 214.84 MB 8.85 MB/s
################################################## 234.38 MB 8.36 MB/s
################################################## 253.91 MB 8.13 MB/s
################################################## 273.44 MB 7.78 MB/s
################################################## 292.97 MB 7.66 MB/s
################################################## 312.50 MB 7.37 MB/s
################################################## 332.03 MB 7.24 MB/s
################################################## 351.56 MB 7.06 MB/s
################################################## 371.09 MB 6.99 MB/s
################################################## 390.62 MB 6.82 MB/s
################################################## 410.16 MB 6.68 MB/s
################################################## 429.69 MB 6.62 MB/s
################################################## 449.22 MB 6.54 MB/s
################################################## 468.75 MB 6.43 MB/s
################################################## 488.28 MB 6.35 MB/s
################################################## 507.81 MB 6.24 MB/s
################################################## 527.34 MB 6.14 MB/s
################################################## 546.88 MB 6.11 MB/s
################################################## 566.41 MB 6.08 MB/s
################################################## 585.94 MB 6.04 MB/s
################################################## 605.47 MB 5.94 MB/s
################################################## 625.00 MB 5.92 MB/s
################################################## 644.53 MB 5.91 MB/s
################################################## 664.06 MB 5.88 MB/s
################################################## 683.59 MB 5.84 MB/s
################################################## 703.12 MB 5.81 MB/s
################################################## 722.66 MB 5.78 MB/s
################################################## 742.19 MB 5.76 MB/s
################################################## 761.72 MB 5.74 MB/s
################################################## 781.25 MB 5.75 MB/s
################################################## 800.78 MB 5.73 MB/s
################################################## 820.31 MB 5.69 MB/s
################################################## 839.84 MB 5.68 MB/s
################################################## 859.38 MB 5.66 MB/s
################################################## 878.91 MB 5.66 MB/s
#################################################  898.15 MB 5.64 MB/s Total
Scan   15 Minn_HCP_1.5mm_Task Minn_HCP_1.5mm_Task      from '180808_UEP_027'
################################################## 19.53 MB 1.67 MB/s
################################################## 39.06 MB 2.81 MB/s
################################################## 58.59 MB 3.54 MB/s
################################################## 78.12 MB 4.03 MB/s
################################################## 97.66 MB 4.44 MB/s
################################################## 117.19 MB 4.75 MB/s
################################################## 136.72 MB 5.01 MB/s
################################################## 156.25 MB 5.21 MB/s
################################################## 175.78 MB 5.49 MB/s
################################################## 195.31 MB 5.69 MB/s
################################################## 214.84 MB 5.66 MB/s
################################################## 234.38 MB 5.66 MB/s
################################################## 253.91 MB 5.61 MB/s
################################################## 273.44 MB 5.59 MB/s
################################################## 292.97 MB 5.52 MB/s
################################################## 312.50 MB 5.41 MB/s
################################################## 332.03 MB 5.38 MB/s
################################################## 351.56 MB 5.37 MB/s
################################################## 371.09 MB 5.33 MB/s
################################################## 390.62 MB 5.32 MB/s
################################################## 410.16 MB 5.33 MB/s
################################################## 429.69 MB 5.35 MB/s
################################################## 449.22 MB 5.29 MB/s
################################################## 468.75 MB 5.30 MB/s
################################################## 488.28 MB 5.30 MB/s
################################################## 507.81 MB 5.28 MB/s
################################################## 527.34 MB 5.31 MB/s
################################################## 546.88 MB 5.33 MB/s
################################################## 566.41 MB 5.35 MB/s
################################################## 585.94 MB 5.34 MB/s
################################################## 605.47 MB 5.33 MB/s
################################################## 625.00 MB 5.36 MB/s
################################################## 644.53 MB 5.36 MB/s
################################################## 664.06 MB 5.38 MB/s
################################################## 683.59 MB 5.36 MB/s
################################################## 703.12 MB 5.35 MB/s
################################################## 722.66 MB 5.33 MB/s
################################################## 742.19 MB 5.35 MB/s
################################################## 761.72 MB 5.33 MB/s
################################################## 781.25 MB 5.33 MB/s
################################################## 800.78 MB 5.33 MB/s
################################################## 820.31 MB 5.34 MB/s
################################################## 839.84 MB 5.34 MB/s
################################################## 859.38 MB 5.35 MB/s
################################################## 878.91 MB 5.36 MB/s
#################################################  898.15 MB 5.36 MB/s Total
Scan   17 Minn_HCP_1.5mm_Task Minn_HCP_1.5mm_Task      from '180808_UEP_027'
################################################## 19.53 MB 1.84 MB/s
################################################## 39.06 MB 2.82 MB/s
################################################## 58.59 MB 3.64 MB/s
################################################## 78.12 MB 4.18 MB/s
################################################## 97.66 MB 4.61 MB/s
################################################## 117.19 MB 4.99 MB/s
################################################## 136.72 MB 5.25 MB/s
################################################## 156.25 MB 5.42 MB/s
################################################## 175.78 MB 5.57 MB/s
################################################## 195.31 MB 5.77 MB/s
################################################## 214.84 MB 5.94 MB/s
################################################## 234.38 MB 5.77 MB/s
################################################## 253.91 MB 5.70 MB/s
################################################## 273.44 MB 5.69 MB/s
################################################## 292.97 MB 5.75 MB/s
################################################## 312.50 MB 5.66 MB/s
################################################## 332.03 MB 5.63 MB/s
################################################## 351.56 MB 5.63 MB/s
################################################## 371.09 MB 5.61 MB/s
################################################## 390.62 MB 5.51 MB/s
################################################## 410.16 MB 5.51 MB/s
################################################## 429.69 MB 5.54 MB/s
################################################## 449.22 MB 5.47 MB/s
################################################## 468.75 MB 5.46 MB/s
################################################## 488.28 MB 5.45 MB/s
################################################## 507.81 MB 5.47 MB/s
################################################## 527.34 MB 5.44 MB/s
################################################## 546.88 MB 5.43 MB/s
################################################## 566.41 MB 5.46 MB/s
################################################## 585.94 MB 5.48 MB/s
################################################## 605.47 MB 5.47 MB/s
################################################## 625.00 MB 5.46 MB/s
################################################## 644.53 MB 5.46 MB/s
################################################## 664.06 MB 5.47 MB/s
################################################## 683.59 MB 5.49 MB/s
################################################## 703.12 MB 5.49 MB/s
################################################## 722.66 MB 5.53 MB/s
################################################## 742.19 MB 5.53 MB/s
################################################## 761.72 MB 5.49 MB/s
################################################## 781.25 MB 5.50 MB/s
################################################## 800.78 MB 5.48 MB/s
################################################## 820.31 MB 5.45 MB/s
################################################## 839.84 MB 5.46 MB/s
################################################## 859.38 MB 5.46 MB/s
################################################## 878.91 MB 5.47 MB/s
#################################################  898.15 MB 5.47 MB/s Total
Scan   27 Minn_HCP_1.5mm_Task Minn_HCP_1.5mm_Task      from '180808_UEP_027'
################################################## 19.53 MB 2.15 MB/s
################################################## 39.06 MB 3.06 MB/s
################################################## 58.59 MB 3.62 MB/s
################################################## 78.12 MB 4.21 MB/s
################################################## 97.66 MB 4.65 MB/s
################################################## 117.19 MB 4.92 MB/s
################################################## 136.72 MB 5.17 MB/s
################################################## 156.25 MB 5.32 MB/s
################################################## 175.78 MB 5.55 MB/s
################################################## 195.31 MB 5.72 MB/s
################################################## 214.84 MB 5.91 MB/s
################################################## 234.38 MB 6.04 MB/s
################################################## 253.91 MB 6.20 MB/s
################################################## 273.44 MB 6.13 MB/s
################################################## 292.97 MB 6.13 MB/s
################################################## 312.50 MB 6.00 MB/s
################################################## 332.03 MB 5.99 MB/s
################################################## 351.56 MB 5.95 MB/s
################################################## 371.09 MB 5.93 MB/s
################################################## 390.62 MB 5.85 MB/s
################################################## 410.16 MB 5.80 MB/s
################################################## 429.69 MB 5.82 MB/s
################################################## 449.22 MB 5.74 MB/s
################################################## 468.75 MB 5.73 MB/s
################################################## 488.28 MB 5.74 MB/s
################################################## 507.81 MB 5.74 MB/s
################################################## 527.34 MB 5.67 MB/s
################################################## 546.88 MB 5.64 MB/s
################################################## 566.41 MB 5.64 MB/s
################################################## 585.94 MB 5.62 MB/s
################################################## 605.47 MB 5.62 MB/s
################################################## 625.00 MB 5.60 MB/s
################################################## 644.53 MB 5.56 MB/s
################################################## 664.06 MB 5.57 MB/s
################################################## 683.59 MB 5.57 MB/s
################################################## 703.12 MB 5.55 MB/s
################################################## 722.66 MB 5.53 MB/s
################################################## 742.19 MB 5.56 MB/s
################################################## 761.72 MB 5.52 MB/s
################################################## 781.25 MB 5.46 MB/s
################################################## 800.78 MB 5.44 MB/s
################################################## 820.31 MB 5.38 MB/s
################################################## 839.84 MB 5.39 MB/s
################################################## 859.38 MB 5.38 MB/s
################################################## 878.91 MB 5.39 MB/s
#################################################  898.22 MB 5.39 MB/s Total
Scan   29 Minn_HCP_1.5mm_Task Minn_HCP_1.5mm_Task      from '180808_UEP_027'
################################################## 19.53 MB 2.39 MB/s
################################################## 39.06 MB 3.23 MB/s
################################################## 58.59 MB 3.68 MB/s
################################################## 78.12 MB 3.84 MB/s
################################################## 97.66 MB 4.18 MB/s
################################################## 117.19 MB 4.57 MB/s
################################################## 136.72 MB 4.92 MB/s
################################################## 156.25 MB 5.15 MB/s
################################################## 175.78 MB 5.38 MB/s
################################################## 195.31 MB 5.59 MB/s
################################################## 214.84 MB 5.77 MB/s
################################################## 234.38 MB 5.93 MB/s
################################################## 253.91 MB 6.08 MB/s
################################################## 273.44 MB 6.17 MB/s
################################################## 292.97 MB 6.30 MB/s
################################################## 312.50 MB 6.12 MB/s
################################################## 332.03 MB 6.10 MB/s
################################################## 351.56 MB 6.12 MB/s
################################################## 371.09 MB 6.18 MB/s
################################################## 390.62 MB 6.13 MB/s
################################################## 410.16 MB 6.19 MB/s
################################################## 429.69 MB 6.23 MB/s
################################################## 449.22 MB 6.20 MB/s
################################################## 468.75 MB 6.21 MB/s
################################################## 488.28 MB 6.27 MB/s
################################################## 507.81 MB 6.28 MB/s
################################################## 527.34 MB 6.28 MB/s
################################################## 546.88 MB 6.27 MB/s
################################################## 566.41 MB 6.28 MB/s
################################################## 585.94 MB 6.29 MB/s
################################################## 605.47 MB 6.23 MB/s
################################################## 625.00 MB 6.26 MB/s
################################################## 644.53 MB 6.25 MB/s
################################################## 664.06 MB 6.27 MB/s
################################################## 683.59 MB 6.21 MB/s
################################################## 703.12 MB 6.23 MB/s
################################################## 722.66 MB 6.25 MB/s
################################################## 742.19 MB 6.27 MB/s
################################################## 761.72 MB 6.29 MB/s
################################################## 781.25 MB 6.31 MB/s
################################################## 800.78 MB 6.32 MB/s
################################################## 820.31 MB 6.32 MB/s
################################################## 839.84 MB 6.34 MB/s
################################################## 859.38 MB 6.33 MB/s
################################################## 878.91 MB 6.32 MB/s
#################################################  898.22 MB 6.34 MB/s Total
Scan   31 Minn_HCP_1.5mm_Task Minn_HCP_1.5mm_Task      from '180808_UEP_027'
################################################## 19.53 MB 3.12 MB/s
################################################## 39.06 MB 4.32 MB/s
################################################## 58.59 MB 4.46 MB/s
################################################## 78.12 MB 5.16 MB/s
################################################## 97.66 MB 5.89 MB/s
################################################## 117.19 MB 6.57 MB/s
################################################## 136.72 MB 7.15 MB/s
################################################## 156.25 MB 7.58 MB/s
################################################## 175.78 MB 8.00 MB/s
################################################## 195.31 MB 8.40 MB/s
################################################## 214.84 MB 8.71 MB/s
################################################## 234.38 MB 9.00 MB/s
################################################## 253.91 MB 9.25 MB/s
################################################## 273.44 MB 9.48 MB/s
################################################## 292.97 MB 9.67 MB/s
################################################## 312.50 MB 9.81 MB/s
################################################## 332.03 MB 9.99 MB/s
################################################## 351.56 MB 10.14 MB/s
################################################## 371.09 MB 10.11 MB/s
################################################## 390.62 MB 9.85 MB/s
################################################## 410.16 MB 9.39 MB/s
################################################## 429.69 MB 9.29 MB/s
################################################## 449.22 MB 9.16 MB/s
################################################## 468.75 MB 9.13 MB/s
################################################## 488.28 MB 9.09 MB/s
################################################## 507.81 MB 8.96 MB/s
################################################## 527.34 MB 8.78 MB/s
################################################## 546.88 MB 8.66 MB/s
################################################## 566.41 MB 8.47 MB/s
################################################## 585.94 MB 8.41 MB/s
################################################## 605.47 MB 8.27 MB/s
################################################## 625.00 MB 8.19 MB/s
################################################## 644.53 MB 8.17 MB/s
################################################## 664.06 MB 8.07 MB/s
################################################## 683.59 MB 8.01 MB/s
################################################## 703.12 MB 8.02 MB/s
################################################## 722.66 MB 7.97 MB/s
################################################## 742.19 MB 7.96 MB/s
################################################## 761.72 MB 7.90 MB/s
################################################## 781.25 MB 7.87 MB/s
################################################## 800.78 MB 7.83 MB/s
################################################## 820.31 MB 7.78 MB/s
################################################## 839.84 MB 7.75 MB/s
################################################## 859.38 MB 7.72 MB/s
################################################## 878.91 MB 7.69 MB/s
#################################################  898.22 MB 7.67 MB/s Total
Scan   33 Minn_HCP_1.5mm_Task Minn_HCP_1.5mm_Task      from '180808_UEP_027'
################################################## 19.53 MB 2.56 MB/s
################################################## 39.06 MB 3.78 MB/s
################################################## 58.59 MB 4.38 MB/s
################################################## 78.12 MB 4.84 MB/s
################################################## 97.66 MB 5.61 MB/s
################################################## 117.19 MB 6.26 MB/s
################################################## 136.72 MB 6.77 MB/s
################################################## 156.25 MB 7.22 MB/s
################################################## 175.78 MB 7.67 MB/s
################################################## 195.31 MB 8.09 MB/s
################################################## 214.84 MB 8.44 MB/s
################################################## 234.38 MB 8.73 MB/s
################################################## 253.91 MB 8.98 MB/s
################################################## 273.44 MB 9.20 MB/s
################################################## 292.97 MB 9.46 MB/s
################################################## 312.50 MB 9.63 MB/s
################################################## 332.03 MB 9.81 MB/s
################################################## 351.56 MB 9.98 MB/s
################################################## 371.09 MB 10.13 MB/s
################################################## 390.62 MB 9.96 MB/s
################################################## 410.16 MB 9.79 MB/s
################################################## 429.69 MB 9.66 MB/s
################################################## 449.22 MB 9.24 MB/s
################################################## 468.75 MB 9.14 MB/s
################################################## 488.28 MB 9.09 MB/s
################################################## 507.81 MB 9.06 MB/s
################################################## 527.34 MB 8.92 MB/s
################################################## 546.88 MB 8.91 MB/s
################################################## 566.41 MB 8.87 MB/s
################################################## 585.94 MB 8.85 MB/s
################################################## 605.47 MB 8.72 MB/s
################################################## 625.00 MB 8.63 MB/s
################################################## 644.53 MB 8.60 MB/s
################################################## 664.06 MB 8.49 MB/s
################################################## 683.59 MB 8.42 MB/s
################################################## 703.12 MB 8.34 MB/s
################################################## 722.66 MB 8.31 MB/s
################################################## 742.19 MB 8.30 MB/s
################################################## 761.72 MB 8.17 MB/s
################################################## 781.25 MB 8.14 MB/s
################################################## 800.78 MB 8.10 MB/s
################################################## 820.31 MB 8.01 MB/s
################################################## 839.84 MB 7.90 MB/s
################################################## 859.38 MB 7.80 MB/s
################################################## 878.91 MB 7.76 MB/s
#################################################  898.22 MB 7.75 MB/s Total
Done with '180808_UEP_027'.
ArcGet.py: =================================================================
ArcGet.py: SUMMARY of WARNINGS:
ArcGet.py: WARNING: Unable to determine Age for DOB=""
------------------
Run = 180808_UEP_027.MR.Investigators_Gershman.7.1.20180808.165052.9t9ycv.dcm
count = 0
filename = struct
mri_convert -it siemens_dicom -ot nii -i 180808_UEP_027.MR.Investigators_Gershman.7.1.20180808.165052.9t9ycv.dcm -o /ncf/gershman/Lab/Exploration/subjects/180808_UEP_027/preproc/struct.nii 
$Id: mri_convert.c,v 1.225 2015/10/19 18:48:26 fischl Exp $
reading from 180808_UEP_027.MR.Investigators_Gershman.7.1.20180808.165052.9t9ycv.dcm...
Getting Series No 
Scanning Directory 
INFO: loading series header info.
INFO: sorting.
INFO: (256 256 176), nframes = 1, ismosaic=0
sdfi->UseSliceScaleFactor 0
datatype = 4, short=4, float=3
PE Dir ROW ROW
AutoAlign matrix detected 
AutoAlign Matrix --------------------- 
 1.00000   0.00000   0.00000   0.00000;
 0.00000   1.00000   0.00000   0.00000;
 0.00000   0.00000   1.00000   0.00000;
 0.00000   0.00000   0.00000   1.00000;

FileName 		/net/rcss2/srv/export/gershman/share_root/Lab/Exploration/subjects/180808_UEP_027/RAW/180808_UEP_027.MR.Investigators_Gershman.7.1.20180808.165052.9t9ycv.dcm
Identification
	NumarisVer        syngo MR E11
	ScannerModel      Prisma_fit
	PatientName       180808_UEP_027
Date and time
	StudyDate         20180808
	StudyTime         165052.709000 
	SeriesTime        165955.482000 
	AcqTime           165315.522500 
Acquisition parameters
	PulseSeq          tfl3d4_16ns 
	Protocol          T1_MEMPRAGE_1.0mm_p2
	PhEncDir          ROW
	EchoNo            1
	FlipAngle         7
	EchoTime          1.69
	InversionTime     1100
	RepetitionTime    2530
	PhEncFOV          256
	ReadoutFOV        256
Image information
	RunNo             6
	SeriesNo          7
	ImageNo           1
	NImageRows        256
	NImageCols        256
	NFrames           1
	SliceArraylSize   1
	IsMosaic          0
	ImgPos             94.8759 132.7224 133.3331 
	VolRes              1.0000   1.0000   1.0000 
	VolDim            256      256      176 
	Vc                 -0.0555  -0.9949  -0.0837 
	Vr                 -0.0084   0.0843  -0.9964 
	Vs                 -0.9984   0.0546   0.0131 
	VolCenter          -1.1686  20.9588  -3.7667 
	TransferSyntaxUID 1.2.840.10008.1.2.1
UseSliceScaleFactor 0 (slice 0: 1)
IsDWI = 0
INFO: no Siemens slice order reversal detected (good!). 
TR=2530.00, TE=1.69, TI=1100.00, flip angle=7.00
i_ras = (-0.0554936, -0.994947, -0.0836707)
j_ras = (-0.00843761, 0.0842641, -0.996408)
k_ras = (-0.998423, 0.0545882, 0.0130711)
writing to /ncf/gershman/Lab/Exploration/subjects/180808_UEP_027/preproc/struct.nii...
------------------
Run = 180808_UEP_027.MR.Investigators_Gershman.11.1.20180808.165052.oazlv9.dcm
count = 0+1
filename = run001
mri_convert -it siemens_dicom -ot nii -i 180808_UEP_027.MR.Investigators_Gershman.11.1.20180808.165052.oazlv9.dcm -o /ncf/gershman/Lab/Exploration/subjects/180808_UEP_027/preproc/run001.nii 
$Id: mri_convert.c,v 1.225 2015/10/19 18:48:26 fischl Exp $
reading from 180808_UEP_027.MR.Investigators_Gershman.11.1.20180808.165052.oazlv9.dcm...
Getting Series No 
Scanning Directory 
INFO: loading series header info.
INFO: sorting.
INFO: (136 136  84), nframes = 242, ismosaic=1
sdfi->UseSliceScaleFactor 0
datatype = 3, short=4, float=3
Could not parse NUMARIS version string syngo MR E11
found in dicom tag 18,1020 (len = 3 != 6)
Repetition Time = 2000, TR = 2000 ms
PE Dir COL COL
AutoAlign matrix detected 
AutoAlign Matrix --------------------- 
 1.00000   0.00000   0.00000   0.00000;
 0.00000   1.00000   0.00000   0.00000;
 0.00000   0.00000   1.00000   0.00000;
 0.00000   0.00000   0.00000   1.00000;

FileName 		/net/rcss2/srv/export/gershman/share_root/Lab/Exploration/subjects/180808_UEP_027/RAW/180808_UEP_027.MR.Investigators_Gershman.11.1.20180808.165052.oazlv9.dcm
Identification
	NumarisVer        syngo MR E11
	ScannerModel      Prisma_fit
	PatientName       180808_UEP_027
Date and time
	StudyDate         20180808
	StudyTime         165052.709000 
	SeriesTime        170250.849000 
	AcqTime           170227.565000 
Acquisition parameters
	PulseSeq          epfid2d1_136
	Protocol          Minn_HCP_1.5mm_Task 
	PhEncDir          COL
	EchoNo            1
	FlipAngle         80
	EchoTime          30
	InversionTime     -1
	RepetitionTime    2000
	PhEncFOV          204
	ReadoutFOV        204
Image information
	RunNo             10
	SeriesNo          11
	ImageNo           1
	NImageRows        1360
	NImageCols        1360
	NFrames           242
	SliceArraylSize   84
	IsMosaic          1
	ImgPos            106.7437 112.7123  13.8019 
	VolRes              1.5000   1.5000   1.5000 
	VolDim            136      136       84 
	Vc                 -0.9984   0.0546   0.0131 
	Vr                 -0.0539  -0.8661  -0.4969 
	Vs                 -0.0158  -0.4968   0.8677 
	VolCenter          -1.5885  -1.3617  19.1186 
	TransferSyntaxUID 1.2.840.10008.1.2.1
UseSliceScaleFactor 0 (slice 0: 1)
IsDWI = 0
sagrev = 0, correv =0, trarev = 0
Vs = -0.0158037 -0.496823 0.867708
INFO: no Siemens slice order reversal detected (good!). 
TR=2000.00, TE=30.00, TI=-1.00, flip angle=80.00
i_ras = (-0.998421, 0.0546205, 0.0130896)
j_ras = (-0.0538978, -0.866131, -0.496902)
k_ras = (-0.0158037, -0.496823, 0.867708)
writing to /ncf/gershman/Lab/Exploration/subjects/180808_UEP_027/preproc/run001.nii...
------------------
Run = 180808_UEP_027.MR.Investigators_Gershman.13.1.20180808.165052.tz7vzl.dcm
count = 0+1+1
filename = run002
mri_convert -it siemens_dicom -ot nii -i 180808_UEP_027.MR.Investigators_Gershman.13.1.20180808.165052.tz7vzl.dcm -o /ncf/gershman/Lab/Exploration/subjects/180808_UEP_027/preproc/run002.nii 
$Id: mri_convert.c,v 1.225 2015/10/19 18:48:26 fischl Exp $
reading from 180808_UEP_027.MR.Investigators_Gershman.13.1.20180808.165052.tz7vzl.dcm...
Getting Series No 
Scanning Directory 
INFO: loading series header info.
INFO: sorting.
INFO: (136 136  84), nframes = 242, ismosaic=1
sdfi->UseSliceScaleFactor 0
datatype = 3, short=4, float=3
Could not parse NUMARIS version string syngo MR E11
found in dicom tag 18,1020 (len = 3 != 6)
Repetition Time = 2000, TR = 2000 ms
PE Dir COL COL
AutoAlign matrix detected 
AutoAlign Matrix --------------------- 
 1.00000   0.00000   0.00000   0.00000;
 0.00000   1.00000   0.00000   0.00000;
 0.00000   0.00000   1.00000   0.00000;
 0.00000   0.00000   0.00000   1.00000;

FileName 		/net/rcss2/srv/export/gershman/share_root/Lab/Exploration/subjects/180808_UEP_027/RAW/180808_UEP_027.MR.Investigators_Gershman.13.1.20180808.165052.tz7vzl.dcm
Identification
	NumarisVer        syngo MR E11
	ScannerModel      Prisma_fit
	PatientName       180808_UEP_027
Date and time
	StudyDate         20180808
	StudyTime         165052.709000 
	SeriesTime        171215.456000 
	AcqTime           171121.057500 
Acquisition parameters
	PulseSeq          epfid2d1_136
	Protocol          Minn_HCP_1.5mm_Task 
	PhEncDir          COL
	EchoNo            1
	FlipAngle         80
	EchoTime          30
	InversionTime     -1
	RepetitionTime    2000
	PhEncFOV          204
	ReadoutFOV        204
Image information
	RunNo             12
	SeriesNo          13
	ImageNo           1
	NImageRows        1360
	NImageCols        1360
	NFrames           242
	SliceArraylSize   84
	IsMosaic          1
	ImgPos            106.7437 112.7123  13.8019 
	VolRes              1.5000   1.5000   1.5000 
	VolDim            136      136       84 
	Vc                 -0.9984   0.0546   0.0131 
	Vr                 -0.0539  -0.8661  -0.4969 
	Vs                 -0.0158  -0.4968   0.8677 
	VolCenter          -1.5885  -1.3617  19.1186 
	TransferSyntaxUID 1.2.840.10008.1.2.1
UseSliceScaleFactor 0 (slice 0: 1)
IsDWI = 0
sagrev = 0, correv =0, trarev = 0
Vs = -0.0158037 -0.496823 0.867708
INFO: no Siemens slice order reversal detected (good!). 
TR=2000.00, TE=30.00, TI=-1.00, flip angle=80.00
i_ras = (-0.998421, 0.0546205, 0.0130896)
j_ras = (-0.0538978, -0.866131, -0.496902)
k_ras = (-0.0158037, -0.496823, 0.867708)
writing to /ncf/gershman/Lab/Exploration/subjects/180808_UEP_027/preproc/run002.nii...
------------------
Run = 180808_UEP_027.MR.Investigators_Gershman.15.1.20180808.165052.1hsg3vj.dcm
count = 0+1+1+1
filename = run003
mri_convert -it siemens_dicom -ot nii -i 180808_UEP_027.MR.Investigators_Gershman.15.1.20180808.165052.1hsg3vj.dcm -o /ncf/gershman/Lab/Exploration/subjects/180808_UEP_027/preproc/run003.nii 
$Id: mri_convert.c,v 1.225 2015/10/19 18:48:26 fischl Exp $
reading from 180808_UEP_027.MR.Investigators_Gershman.15.1.20180808.165052.1hsg3vj.dcm...
Getting Series No 
Scanning Directory 
INFO: loading series header info.
INFO: sorting.
INFO: (136 136  84), nframes = 242, ismosaic=1
sdfi->UseSliceScaleFactor 0
datatype = 3, short=4, float=3
Could not parse NUMARIS version string syngo MR E11
found in dicom tag 18,1020 (len = 3 != 6)
Repetition Time = 2000, TR = 2000 ms
PE Dir COL COL
AutoAlign matrix detected 
AutoAlign Matrix --------------------- 
 1.00000   0.00000   0.00000   0.00000;
 0.00000   1.00000   0.00000   0.00000;
 0.00000   0.00000   1.00000   0.00000;
 0.00000   0.00000   0.00000   1.00000;

FileName 		/net/rcss2/srv/export/gershman/share_root/Lab/Exploration/subjects/180808_UEP_027/RAW/180808_UEP_027.MR.Investigators_Gershman.15.1.20180808.165052.1hsg3vj.dcm
Identification
	NumarisVer        syngo MR E11
	ScannerModel      Prisma_fit
	PatientName       180808_UEP_027
Date and time
	StudyDate         20180808
	StudyTime         165052.709000 
	SeriesTime        172115.514000 
	AcqTime           172021.442500 
Acquisition parameters
	PulseSeq          epfid2d1_136
	Protocol          Minn_HCP_1.5mm_Task 
	PhEncDir          COL
	EchoNo            1
	FlipAngle         80
	EchoTime          30
	InversionTime     -1
	RepetitionTime    2000
	PhEncFOV          204
	ReadoutFOV        204
Image information
	RunNo             14
	SeriesNo          15
	ImageNo           1
	NImageRows        1360
	NImageCols        1360
	NFrames           242
	SliceArraylSize   84
	IsMosaic          1
	ImgPos            106.7437 112.7123  13.8019 
	VolRes              1.5000   1.5000   1.5000 
	VolDim            136      136       84 
	Vc                 -0.9984   0.0546   0.0131 
	Vr                 -0.0539  -0.8661  -0.4969 
	Vs                 -0.0158  -0.4968   0.8677 
	VolCenter          -1.5885  -1.3617  19.1186 
	TransferSyntaxUID 1.2.840.10008.1.2.1
UseSliceScaleFactor 0 (slice 0: 1)
IsDWI = 0
sagrev = 0, correv =0, trarev = 0
Vs = -0.0158037 -0.496823 0.867708
INFO: no Siemens slice order reversal detected (good!). 
TR=2000.00, TE=30.00, TI=-1.00, flip angle=80.00
i_ras = (-0.998421, 0.0546205, 0.0130896)
j_ras = (-0.0538978, -0.866131, -0.496902)
k_ras = (-0.0158037, -0.496823, 0.867708)
writing to /ncf/gershman/Lab/Exploration/subjects/180808_UEP_027/preproc/run003.nii...
------------------
Run = 180808_UEP_027.MR.Investigators_Gershman.17.1.20180808.165052.1trixy5.dcm
count = 0+1+1+1+1
filename = run004
mri_convert -it siemens_dicom -ot nii -i 180808_UEP_027.MR.Investigators_Gershman.17.1.20180808.165052.1trixy5.dcm -o /ncf/gershman/Lab/Exploration/subjects/180808_UEP_027/preproc/run004.nii 
$Id: mri_convert.c,v 1.225 2015/10/19 18:48:26 fischl Exp $
reading from 180808_UEP_027.MR.Investigators_Gershman.17.1.20180808.165052.1trixy5.dcm...
Getting Series No 
Scanning Directory 
INFO: loading series header info.
INFO: sorting.
INFO: (136 136  84), nframes = 242, ismosaic=1
sdfi->UseSliceScaleFactor 0
datatype = 3, short=4, float=3
Could not parse NUMARIS version string syngo MR E11
found in dicom tag 18,1020 (len = 3 != 6)
Repetition Time = 2000, TR = 2000 ms
PE Dir COL COL
AutoAlign matrix detected 
AutoAlign Matrix --------------------- 
 1.00000   0.00000   0.00000   0.00000;
 0.00000   1.00000   0.00000   0.00000;
 0.00000   0.00000   1.00000   0.00000;
 0.00000   0.00000   0.00000   1.00000;

FileName 		/net/rcss2/srv/export/gershman/share_root/Lab/Exploration/subjects/180808_UEP_027/RAW/180808_UEP_027.MR.Investigators_Gershman.17.1.20180808.165052.1trixy5.dcm
Identification
	NumarisVer        syngo MR E11
	ScannerModel      Prisma_fit
	PatientName       180808_UEP_027
Date and time
	StudyDate         20180808
	StudyTime         165052.709000 
	SeriesTime        173010.843000 
	AcqTime           172918.912500 
Acquisition parameters
	PulseSeq          epfid2d1_136
	Protocol          Minn_HCP_1.5mm_Task 
	PhEncDir          COL
	EchoNo            1
	FlipAngle         80
	EchoTime          30
	InversionTime     -1
	RepetitionTime    2000
	PhEncFOV          204
	ReadoutFOV        204
Image information
	RunNo             16
	SeriesNo          17
	ImageNo           1
	NImageRows        1360
	NImageCols        1360
	NFrames           242
	SliceArraylSize   84
	IsMosaic          1
	ImgPos            106.7437 112.7123  13.8019 
	VolRes              1.5000   1.5000   1.5000 
	VolDim            136      136       84 
	Vc                 -0.9984   0.0546   0.0131 
	Vr                 -0.0539  -0.8661  -0.4969 
	Vs                 -0.0158  -0.4968   0.8677 
	VolCenter          -1.5885  -1.3617  19.1186 
	TransferSyntaxUID 1.2.840.10008.1.2.1
UseSliceScaleFactor 0 (slice 0: 1)
IsDWI = 0
sagrev = 0, correv =0, trarev = 0
Vs = -0.0158037 -0.496823 0.867708
INFO: no Siemens slice order reversal detected (good!). 
TR=2000.00, TE=30.00, TI=-1.00, flip angle=80.00
i_ras = (-0.998421, 0.0546205, 0.0130896)
j_ras = (-0.0538978, -0.866131, -0.496902)
k_ras = (-0.0158037, -0.496823, 0.867708)
writing to /ncf/gershman/Lab/Exploration/subjects/180808_UEP_027/preproc/run004.nii...
------------------
Run = 180808_UEP_027.MR.Investigators_Gershman.27.1.20180808.165052.wz4gc8.dcm
count = 0+1+1+1+1+1
filename = run005
mri_convert -it siemens_dicom -ot nii -i 180808_UEP_027.MR.Investigators_Gershman.27.1.20180808.165052.wz4gc8.dcm -o /ncf/gershman/Lab/Exploration/subjects/180808_UEP_027/preproc/run005.nii 
$Id: mri_convert.c,v 1.225 2015/10/19 18:48:26 fischl Exp $
reading from 180808_UEP_027.MR.Investigators_Gershman.27.1.20180808.165052.wz4gc8.dcm...
Getting Series No 
Scanning Directory 
INFO: loading series header info.
INFO: sorting.
INFO: (136 136  84), nframes = 242, ismosaic=1
sdfi->UseSliceScaleFactor 0
datatype = 3, short=4, float=3
Could not parse NUMARIS version string syngo MR E11
found in dicom tag 18,1020 (len = 3 != 6)
Repetition Time = 2000, TR = 2000 ms
PE Dir COL COL
AutoAlign matrix detected 
AutoAlign Matrix --------------------- 
 1.00000   0.00000   0.00000   0.00000;
 0.00000   1.00000   0.00000   0.00000;
 0.00000   0.00000   1.00000   0.00000;
 0.00000   0.00000   0.00000   1.00000;

FileName 		/net/rcss2/srv/export/gershman/share_root/Lab/Exploration/subjects/180808_UEP_027/RAW/180808_UEP_027.MR.Investigators_Gershman.27.1.20180808.165052.wz4gc8.dcm
Identification
	NumarisVer        syngo MR E11
	ScannerModel      Prisma_fit
	PatientName       180808_UEP_027
Date and time
	StudyDate         20180808
	StudyTime         165052.709000 
	SeriesTime        175415.505000 
	AcqTime           175316.257500 
Acquisition parameters
	PulseSeq          epfid2d1_136
	Protocol          Minn_HCP_1.5mm_Task 
	PhEncDir          COL
	EchoNo            1
	FlipAngle         80
	EchoTime          30
	InversionTime     -1
	RepetitionTime    2000
	PhEncFOV          204
	ReadoutFOV        204
Image information
	RunNo             26
	SeriesNo          27
	ImageNo           1
	NImageRows        1360
	NImageCols        1360
	NFrames           242
	SliceArraylSize   84
	IsMosaic          1
	ImgPos             99.9128 119.4763  10.5805 
	VolRes              1.5000   1.5000   1.5000 
	VolDim            136      136       84 
	Vc                 -0.9996  -0.0169   0.0224 
	Vr                  0.0040  -0.8760  -0.4823 
	Vs                  0.0278  -0.4820   0.8757 
	VolCenter           0.1132  -1.9682  18.8434 
	TransferSyntaxUID 1.2.840.10008.1.2.1
UseSliceScaleFactor 0 (slice 0: 1)
IsDWI = 0
sagrev = 0, correv =0, trarev = 0
Vs = 0.0277923 -0.482011 0.875724
INFO: no Siemens slice order reversal detected (good!). 
TR=2000.00, TE=30.00, TI=-1.00, flip angle=80.00
i_ras = (-0.999606, -0.016918, 0.0224119)
j_ras = (0.00401268, -0.876002, -0.482292)
k_ras = (0.0277923, -0.482011, 0.875724)
writing to /ncf/gershman/Lab/Exploration/subjects/180808_UEP_027/preproc/run005.nii...
------------------
Run = 180808_UEP_027.MR.Investigators_Gershman.29.1.20180808.165052.1s3k965.dcm
count = 0+1+1+1+1+1+1
filename = run006
mri_convert -it siemens_dicom -ot nii -i 180808_UEP_027.MR.Investigators_Gershman.29.1.20180808.165052.1s3k965.dcm -o /ncf/gershman/Lab/Exploration/subjects/180808_UEP_027/preproc/run006.nii 
$Id: mri_convert.c,v 1.225 2015/10/19 18:48:26 fischl Exp $
reading from 180808_UEP_027.MR.Investigators_Gershman.29.1.20180808.165052.1s3k965.dcm...
Getting Series No 
Scanning Directory 
INFO: loading series header info.
INFO: sorting.
INFO: (136 136  84), nframes = 242, ismosaic=1
sdfi->UseSliceScaleFactor 0
datatype = 3, short=4, float=3
Could not parse NUMARIS version string syngo MR E11
found in dicom tag 18,1020 (len = 3 != 6)
Repetition Time = 2000, TR = 2000 ms
PE Dir COL COL
AutoAlign matrix detected 
AutoAlign Matrix --------------------- 
 1.00000   0.00000   0.00000   0.00000;
 0.00000   1.00000   0.00000   0.00000;
 0.00000   0.00000   1.00000   0.00000;
 0.00000   0.00000   0.00000   1.00000;

FileName 		/net/rcss2/srv/export/gershman/share_root/Lab/Exploration/subjects/180808_UEP_027/RAW/180808_UEP_027.MR.Investigators_Gershman.29.1.20180808.165052.1s3k965.dcm
Identification
	NumarisVer        syngo MR E11
	ScannerModel      Prisma_fit
	PatientName       180808_UEP_027
Date and time
	StudyDate         20180808
	StudyTime         165052.709000 
	SeriesTime        180230.829000 
	AcqTime           180210.160000 
Acquisition parameters
	PulseSeq          epfid2d1_136
	Protocol          Minn_HCP_1.5mm_Task 
	PhEncDir          COL
	EchoNo            1
	FlipAngle         80
	EchoTime          30
	InversionTime     -1
	RepetitionTime    2000
	PhEncFOV          204
	ReadoutFOV        204
Image information
	RunNo             28
	SeriesNo          29
	ImageNo           1
	NImageRows        1360
	NImageCols        1360
	NFrames           242
	SliceArraylSize   84
	IsMosaic          1
	ImgPos             99.9128 119.4763  10.5805 
	VolRes              1.5000   1.5000   1.5000 
	VolDim            136      136       84 
	Vc                 -0.9996  -0.0169   0.0224 
	Vr                  0.0040  -0.8760  -0.4823 
	Vs                  0.0278  -0.4820   0.8757 
	VolCenter           0.1132  -1.9682  18.8434 
	TransferSyntaxUID 1.2.840.10008.1.2.1
UseSliceScaleFactor 0 (slice 0: 1)
IsDWI = 0
sagrev = 0, correv =0, trarev = 0
Vs = 0.0277923 -0.482011 0.875724
INFO: no Siemens slice order reversal detected (good!). 
TR=2000.00, TE=30.00, TI=-1.00, flip angle=80.00
i_ras = (-0.999606, -0.016918, 0.0224119)
j_ras = (0.00401268, -0.876002, -0.482292)
k_ras = (0.0277923, -0.482011, 0.875724)
writing to /ncf/gershman/Lab/Exploration/subjects/180808_UEP_027/preproc/run006.nii...
------------------
Run = 180808_UEP_027.MR.Investigators_Gershman.31.1.20180808.165052.os6gcb.dcm
count = 0+1+1+1+1+1+1+1
filename = run007
mri_convert -it siemens_dicom -ot nii -i 180808_UEP_027.MR.Investigators_Gershman.31.1.20180808.165052.os6gcb.dcm -o /ncf/gershman/Lab/Exploration/subjects/180808_UEP_027/preproc/run007.nii 
$Id: mri_convert.c,v 1.225 2015/10/19 18:48:26 fischl Exp $
reading from 180808_UEP_027.MR.Investigators_Gershman.31.1.20180808.165052.os6gcb.dcm...
Getting Series No 
Scanning Directory 
INFO: loading series header info.
INFO: sorting.
INFO: (136 136  84), nframes = 242, ismosaic=1
sdfi->UseSliceScaleFactor 0
datatype = 3, short=4, float=3
Could not parse NUMARIS version string syngo MR E11
found in dicom tag 18,1020 (len = 3 != 6)
Repetition Time = 2000, TR = 2000 ms
PE Dir COL COL
AutoAlign matrix detected 
AutoAlign Matrix --------------------- 
 1.00000   0.00000   0.00000   0.00000;
 0.00000   1.00000   0.00000   0.00000;
 0.00000   0.00000   1.00000   0.00000;
 0.00000   0.00000   0.00000   1.00000;

FileName 		/net/rcss2/srv/export/gershman/share_root/Lab/Exploration/subjects/180808_UEP_027/RAW/180808_UEP_027.MR.Investigators_Gershman.31.1.20180808.165052.os6gcb.dcm
Identification
	NumarisVer        syngo MR E11
	ScannerModel      Prisma_fit
	PatientName       180808_UEP_027
Date and time
	StudyDate         20180808
	StudyTime         165052.709000 
	SeriesTime        181150.921000 
	AcqTime           181106.012500 
Acquisition parameters
	PulseSeq          epfid2d1_136
	Protocol          Minn_HCP_1.5mm_Task 
	PhEncDir          COL
	EchoNo            1
	FlipAngle         80
	EchoTime          30
	InversionTime     -1
	RepetitionTime    2000
	PhEncFOV          204
	ReadoutFOV        204
Image information
	RunNo             30
	SeriesNo          31
	ImageNo           1
	NImageRows        1360
	NImageCols        1360
	NFrames           242
	SliceArraylSize   84
	IsMosaic          1
	ImgPos             99.9128 119.4763  10.5805 
	VolRes              1.5000   1.5000   1.5000 
	VolDim            136      136       84 
	Vc                 -0.9996  -0.0169   0.0224 
	Vr                  0.0040  -0.8760  -0.4823 
	Vs                  0.0278  -0.4820   0.8757 
	VolCenter           0.1132  -1.9682  18.8434 
	TransferSyntaxUID 1.2.840.10008.1.2.1
UseSliceScaleFactor 0 (slice 0: 1)
IsDWI = 0
sagrev = 0, correv =0, trarev = 0
Vs = 0.0277923 -0.482011 0.875724
INFO: no Siemens slice order reversal detected (good!). 
TR=2000.00, TE=30.00, TI=-1.00, flip angle=80.00
i_ras = (-0.999606, -0.016918, 0.0224119)
j_ras = (0.00401268, -0.876002, -0.482292)
k_ras = (0.0277923, -0.482011, 0.875724)
writing to /ncf/gershman/Lab/Exploration/subjects/180808_UEP_027/preproc/run007.nii...
------------------
Run = 180808_UEP_027.MR.Investigators_Gershman.33.1.20180808.165052.1r75dgp.dcm
count = 0+1+1+1+1+1+1+1+1
filename = run008
mri_convert -it siemens_dicom -ot nii -i 180808_UEP_027.MR.Investigators_Gershman.33.1.20180808.165052.1r75dgp.dcm -o /ncf/gershman/Lab/Exploration/subjects/180808_UEP_027/preproc/run008.nii 
$Id: mri_convert.c,v 1.225 2015/10/19 18:48:26 fischl Exp $
reading from 180808_UEP_027.MR.Investigators_Gershman.33.1.20180808.165052.1r75dgp.dcm...
Getting Series No 
Scanning Directory 
INFO: loading series header info.
INFO: sorting.
INFO: (136 136  84), nframes = 242, ismosaic=1
sdfi->UseSliceScaleFactor 0
datatype = 3, short=4, float=3
Could not parse NUMARIS version string syngo MR E11
found in dicom tag 18,1020 (len = 3 != 6)
Repetition Time = 2000, TR = 2000 ms
PE Dir COL COL
AutoAlign matrix detected 
AutoAlign Matrix --------------------- 
 1.00000   0.00000   0.00000   0.00000;
 0.00000   1.00000   0.00000   0.00000;
 0.00000   0.00000   1.00000   0.00000;
 0.00000   0.00000   0.00000   1.00000;

FileName 		/net/rcss2/srv/export/gershman/share_root/Lab/Exploration/subjects/180808_UEP_027/RAW/180808_UEP_027.MR.Investigators_Gershman.33.1.20180808.165052.1r75dgp.dcm
Identification
	NumarisVer        syngo MR E11
	ScannerModel      Prisma_fit
	PatientName       180808_UEP_027
Date and time
	StudyDate         20180808
	StudyTime         165052.709000 
	SeriesTime        182055.505000 
	AcqTime           182000.932500 
Acquisition parameters
	PulseSeq          epfid2d1_136
	Protocol          Minn_HCP_1.5mm_Task 
	PhEncDir          COL
	EchoNo            1
	FlipAngle         80
	EchoTime          30
	InversionTime     -1
	RepetitionTime    2000
	PhEncFOV          204
	ReadoutFOV        204
Image information
	RunNo             32
	SeriesNo          33
	ImageNo           1
	NImageRows        1360
	NImageCols        1360
	NFrames           242
	SliceArraylSize   84
	IsMosaic          1
	ImgPos             99.9128 119.4763  10.5805 
	VolRes              1.5000   1.5000   1.5000 
	VolDim            136      136       84 
	Vc                 -0.9996  -0.0169   0.0224 
	Vr                  0.0040  -0.8760  -0.4823 
	Vs                  0.0278  -0.4820   0.8757 
	VolCenter           0.1132  -1.9682  18.8434 
	TransferSyntaxUID 1.2.840.10008.1.2.1
UseSliceScaleFactor 0 (slice 0: 1)
IsDWI = 0
sagrev = 0, correv =0, trarev = 0
Vs = 0.0277923 -0.482011 0.875724
INFO: no Siemens slice order reversal detected (good!). 
TR=2000.00, TE=30.00, TI=-1.00, flip angle=80.00
i_ras = (-0.999606, -0.016918, 0.0224119)
j_ras = (0.00401268, -0.876002, -0.482292)
k_ras = (0.0277923, -0.482011, 0.875724)
writing to /ncf/gershman/Lab/Exploration/subjects/180808_UEP_027/preproc/run008.nii...
