Saving output to '/net/rcss2/srv/export/gershman/share_root/Lab/Exploration/subjects'
ArcGet.py: WARNING: Unable to determine Age for DOB=""

SUBJECT: 180805_UEP_018_2 (CBSCentral_S08734) AGE:       0                             
GENDER:                                 HADEDNESS:                               
RACE:                                   ETHNICITY:                               
ENGLISH:                                LANGUAGE:                                
WEIGHT:                                 HEIGHT:                                  
SESSION: 180805_UEP_018_2 (Accession ID CBSCentral_E11423)

downld  num quality  type         series                           note
    no    1 usable   LOCALIZER    localizer_32ch_uncombined        
    no    2 usable   localizer_32ch_uncombined localizer_32ch_uncombined        
    no    3 usable   AAHead_Scout_32ch AAHead_Scout_32ch                
    no    4 usable   AAScout      AAHead_Scout_32ch_MPR_sag        
    no    5 usable   AAScout      AAHead_Scout_32ch_MPR_cor        
    no    6 usable   AAScout      AAHead_Scout_32ch_MPR_tra        
   YES    7 usable   MEMPRAGE RMS T1_MEMPRAGE_1.0mm_p2 RMS         
    no    8 usable   HCP_SEFieldMap_1.5mm_84sl_p2_AP HCP_SEFieldMap_1.5mm_84sl_p2_AP  
    no    9 usable   HCP_SEFieldMap_1.5mm_84sl_p2_PA HCP_SEFieldMap_1.5mm_84sl_p2_PA  
    no   10 usable   Minn_HCP_1.5mm_Task_SBRef Minn_HCP_1.5mm_Task_SBRef        
   YES   11 usable   Minn_HCP_1.5mm_Task Minn_HCP_1.5mm_Task              
    no   12 usable   Minn_HCP_1.5mm_Task_SBRef Minn_HCP_1.5mm_Task_SBRef        
   YES   13 usable   Minn_HCP_1.5mm_Task Minn_HCP_1.5mm_Task              
    no   14 usable   Minn_HCP_1.5mm_Task_SBRef Minn_HCP_1.5mm_Task_SBRef        
   YES   15 usable   Minn_HCP_1.5mm_Task Minn_HCP_1.5mm_Task              
    no   16 usable   Minn_HCP_1.5mm_Task_SBRef Minn_HCP_1.5mm_Task_SBRef        
   YES   17 usable   Minn_HCP_1.5mm_Task Minn_HCP_1.5mm_Task              
    no   18 usable   Minn_HCP_1.5mm_Task_SBRef Minn_HCP_1.5mm_Task_SBRef        
   YES   19 usable   Minn_HCP_1.5mm_Task Minn_HCP_1.5mm_Task              
    no   20 usable   Minn_HCP_1.5mm_Task_SBRef Minn_HCP_1.5mm_Task_SBRef        
   YES   21 usable   Minn_HCP_1.5mm_Task Minn_HCP_1.5mm_Task              
    no   22 usable   Minn_HCP_1.5mm_Task_SBRef Minn_HCP_1.5mm_Task_SBRef        
   YES   23 usable   Minn_HCP_1.5mm_Task Minn_HCP_1.5mm_Task              
    no   24 usable   Minn_HCP_1.5mm_Task_SBRef Minn_HCP_1.5mm_Task_SBRef        
   YES   25 usable   Minn_HCP_1.5mm_Task Minn_HCP_1.5mm_Task              
    no   99 usable   PhoenixZIPReport PhoenixZIPReport                 

Getting Data...
Scan    7 MEMPRAGE RMS T1_MEMPRAGE_1.0mm_p2 RMS from '180805_UEP_018_2'
################################################## 19.53 MB 3.46 MB/s
################################################## 39.06 MB 4.67 MB/s
#########                                          42.85 MB 4.91 MB/s Total
Scan   11 Minn_HCP_1.5mm_Task Minn_HCP_1.5mm_Task      from '180805_UEP_018_2'
################################################## 19.53 MB 4.06 MB/s
################################################## 39.06 MB 4.85 MB/s
################################################## 58.59 MB 5.61 MB/s
################################################## 78.12 MB 5.80 MB/s
################################################## 97.66 MB 6.19 MB/s
################################################## 117.19 MB 6.51 MB/s
################################################## 136.72 MB 6.71 MB/s
################################################## 156.25 MB 6.79 MB/s
################################################## 175.78 MB 6.84 MB/s
################################################## 195.31 MB 6.97 MB/s
################################################## 214.84 MB 6.93 MB/s
################################################## 234.38 MB 6.91 MB/s
################################################## 253.91 MB 6.94 MB/s
################################################## 273.44 MB 7.10 MB/s
################################################## 292.97 MB 7.22 MB/s
################################################## 312.50 MB 7.17 MB/s
################################################## 332.03 MB 7.19 MB/s
################################################## 351.56 MB 7.16 MB/s
################################################## 371.09 MB 7.23 MB/s
################################################## 390.62 MB 7.20 MB/s
################################################## 410.16 MB 7.24 MB/s
################################################## 429.69 MB 7.27 MB/s
################################################## 449.22 MB 7.22 MB/s
################################################## 468.75 MB 7.26 MB/s
################################################## 488.28 MB 7.28 MB/s
################################################## 507.81 MB 7.29 MB/s
################################################## 527.34 MB 7.26 MB/s
################################################## 546.88 MB 7.21 MB/s
################################################## 566.41 MB 7.22 MB/s
################################################## 585.94 MB 7.24 MB/s
################################################## 605.47 MB 7.21 MB/s
################################################## 625.00 MB 7.20 MB/s
################################################## 644.53 MB 7.22 MB/s
################################################## 664.06 MB 7.24 MB/s
################################################## 683.59 MB 7.27 MB/s
################################################## 703.12 MB 7.28 MB/s
################################################## 722.66 MB 7.28 MB/s
################################################## 742.19 MB 7.28 MB/s
################################################## 761.72 MB 7.25 MB/s
################################################## 781.25 MB 7.28 MB/s
################################################## 800.78 MB 7.27 MB/s
################################################## 820.31 MB 7.19 MB/s
################################################## 839.84 MB 7.18 MB/s
################################################## 859.38 MB 7.17 MB/s
################################################## 878.91 MB 7.18 MB/s
#################################################  898.24 MB 7.24 MB/s Total
Scan   13 Minn_HCP_1.5mm_Task Minn_HCP_1.5mm_Task      from '180805_UEP_018_2'
################################################## 19.53 MB 3.53 MB/s
################################################## 39.06 MB 4.84 MB/s
################################################## 58.59 MB 5.67 MB/s
################################################## 78.12 MB 5.92 MB/s
################################################## 97.66 MB 6.27 MB/s
################################################## 117.19 MB 6.56 MB/s
################################################## 136.72 MB 6.73 MB/s
################################################## 156.25 MB 6.83 MB/s
################################################## 175.78 MB 6.98 MB/s
################################################## 195.31 MB 7.06 MB/s
################################################## 214.84 MB 7.18 MB/s
################################################## 234.38 MB 7.23 MB/s
################################################## 253.91 MB 7.29 MB/s
################################################## 273.44 MB 7.33 MB/s
################################################## 292.97 MB 7.38 MB/s
################################################## 312.50 MB 7.33 MB/s
################################################## 332.03 MB 7.40 MB/s
################################################## 351.56 MB 7.44 MB/s
################################################## 371.09 MB 7.44 MB/s
################################################## 390.62 MB 7.41 MB/s
################################################## 410.16 MB 7.41 MB/s
################################################## 429.69 MB 7.39 MB/s
################################################## 449.22 MB 7.33 MB/s
################################################## 468.75 MB 7.33 MB/s
################################################## 488.28 MB 7.33 MB/s
################################################## 507.81 MB 7.35 MB/s
################################################## 527.34 MB 7.31 MB/s
################################################## 546.88 MB 7.30 MB/s
################################################## 566.41 MB 7.26 MB/s
################################################## 585.94 MB 7.13 MB/s
################################################## 605.47 MB 7.00 MB/s
################################################## 625.00 MB 7.03 MB/s
################################################## 644.53 MB 7.03 MB/s
################################################## 664.06 MB 7.05 MB/s
################################################## 683.59 MB 7.04 MB/s
################################################## 703.12 MB 7.03 MB/s
################################################## 722.66 MB 7.06 MB/s
################################################## 742.19 MB 7.07 MB/s
################################################## 761.72 MB 7.02 MB/s
################################################## 781.25 MB 7.03 MB/s
################################################## 800.78 MB 7.07 MB/s
################################################## 820.31 MB 7.08 MB/s
################################################## 839.84 MB 7.16 MB/s
################################################## 859.38 MB 7.23 MB/s
################################################## 878.91 MB 7.31 MB/s
#################################################  898.24 MB 7.39 MB/s Total
Scan   15 Minn_HCP_1.5mm_Task Minn_HCP_1.5mm_Task      from '180805_UEP_018_2'
################################################## 19.53 MB 4.30 MB/s
################################################## 39.06 MB 4.58 MB/s
################################################## 58.59 MB 5.47 MB/s
################################################## 78.12 MB 5.84 MB/s
################################################## 97.66 MB 6.32 MB/s
################################################## 117.19 MB 6.48 MB/s
################################################## 136.72 MB 6.73 MB/s
################################################## 156.25 MB 6.80 MB/s
################################################## 175.78 MB 6.96 MB/s
################################################## 195.31 MB 7.02 MB/s
################################################## 214.84 MB 7.15 MB/s
################################################## 234.38 MB 7.20 MB/s
################################################## 253.91 MB 7.28 MB/s
################################################## 273.44 MB 7.34 MB/s
################################################## 292.97 MB 7.42 MB/s
################################################## 312.50 MB 7.41 MB/s
################################################## 332.03 MB 7.52 MB/s
################################################## 351.56 MB 7.57 MB/s
################################################## 371.09 MB 7.63 MB/s
################################################## 390.62 MB 7.69 MB/s
################################################## 410.16 MB 7.68 MB/s
################################################## 429.69 MB 7.66 MB/s
################################################## 449.22 MB 7.62 MB/s
################################################## 468.75 MB 7.61 MB/s
################################################## 488.28 MB 7.62 MB/s
################################################## 507.81 MB 7.63 MB/s
################################################## 527.34 MB 7.63 MB/s
################################################## 546.88 MB 7.67 MB/s
################################################## 566.41 MB 7.66 MB/s
################################################## 585.94 MB 7.67 MB/s
################################################## 605.47 MB 7.65 MB/s
################################################## 625.00 MB 7.70 MB/s
################################################## 644.53 MB 7.76 MB/s
################################################## 664.06 MB 7.79 MB/s
################################################## 683.59 MB 7.77 MB/s
################################################## 703.12 MB 7.77 MB/s
################################################## 722.66 MB 7.78 MB/s
################################################## 742.19 MB 7.79 MB/s
################################################## 761.72 MB 7.77 MB/s
################################################## 781.25 MB 7.77 MB/s
################################################## 800.78 MB 7.79 MB/s
################################################## 820.31 MB 7.80 MB/s
################################################## 839.84 MB 7.84 MB/s
################################################## 859.38 MB 7.90 MB/s
################################################## 878.91 MB 7.99 MB/s
#################################################  898.24 MB 8.08 MB/s Total
Scan   17 Minn_HCP_1.5mm_Task Minn_HCP_1.5mm_Task      from '180805_UEP_018_2'
################################################## 19.53 MB 4.35 MB/s
################################################## 39.06 MB 5.79 MB/s
################################################## 58.59 MB 6.56 MB/s
################################################## 78.12 MB 6.84 MB/s
################################################## 97.66 MB 6.77 MB/s
################################################## 117.19 MB 7.01 MB/s
################################################## 136.72 MB 6.62 MB/s
################################################## 156.25 MB 6.70 MB/s
################################################## 175.78 MB 6.81 MB/s
################################################## 195.31 MB 6.95 MB/s
################################################## 214.84 MB 7.05 MB/s
################################################## 234.38 MB 7.01 MB/s
################################################## 253.91 MB 7.13 MB/s
################################################## 273.44 MB 7.16 MB/s
################################################## 292.97 MB 7.13 MB/s
################################################## 312.50 MB 7.00 MB/s
################################################## 332.03 MB 7.03 MB/s
################################################## 351.56 MB 7.07 MB/s
################################################## 371.09 MB 7.18 MB/s
################################################## 390.62 MB 7.02 MB/s
################################################## 410.16 MB 7.06 MB/s
################################################## 429.69 MB 7.00 MB/s
################################################## 449.22 MB 7.00 MB/s
################################################## 468.75 MB 7.07 MB/s
################################################## 488.28 MB 7.07 MB/s
################################################## 507.81 MB 7.13 MB/s
################################################## 527.34 MB 7.13 MB/s
################################################## 546.88 MB 7.18 MB/s
################################################## 566.41 MB 7.20 MB/s
################################################## 585.94 MB 7.23 MB/s
################################################## 605.47 MB 7.25 MB/s
################################################## 625.00 MB 7.25 MB/s
################################################## 644.53 MB 7.24 MB/s
################################################## 664.06 MB 7.22 MB/s
################################################## 683.59 MB 7.24 MB/s
################################################## 703.12 MB 7.23 MB/s
################################################## 722.66 MB 7.24 MB/s
################################################## 742.19 MB 7.28 MB/s
################################################## 761.72 MB 7.26 MB/s
################################################## 781.25 MB 7.26 MB/s
################################################## 800.78 MB 7.30 MB/s
################################################## 820.31 MB 7.32 MB/s
################################################## 839.84 MB 7.42 MB/s
################################################## 859.38 MB 7.49 MB/s
################################################## 878.91 MB 7.59 MB/s
#################################################  898.24 MB 7.67 MB/s Total
Scan   19 Minn_HCP_1.5mm_Task Minn_HCP_1.5mm_Task      from '180805_UEP_018_2'
################################################## 19.53 MB 3.52 MB/s
################################################## 39.06 MB 4.89 MB/s
################################################## 58.59 MB 5.70 MB/s
################################################## 78.12 MB 6.02 MB/s
################################################## 97.66 MB 6.46 MB/s
################################################## 117.19 MB 6.80 MB/s
################################################## 136.72 MB 7.01 MB/s
################################################## 156.25 MB 7.06 MB/s
################################################## 175.78 MB 7.26 MB/s
################################################## 195.31 MB 7.41 MB/s
################################################## 214.84 MB 7.43 MB/s
################################################## 234.38 MB 7.41 MB/s
################################################## 253.91 MB 7.48 MB/s
################################################## 273.44 MB 7.58 MB/s
################################################## 292.97 MB 7.53 MB/s
################################################## 312.50 MB 7.48 MB/s
################################################## 332.03 MB 7.54 MB/s
################################################## 351.56 MB 7.60 MB/s
################################################## 371.09 MB 7.58 MB/s
################################################## 390.62 MB 7.57 MB/s
################################################## 410.16 MB 7.54 MB/s
################################################## 429.69 MB 7.60 MB/s
################################################## 449.22 MB 7.57 MB/s
################################################## 468.75 MB 7.59 MB/s
################################################## 488.28 MB 7.63 MB/s
################################################## 507.81 MB 7.59 MB/s
################################################## 527.34 MB 7.51 MB/s
################################################## 546.88 MB 7.53 MB/s
################################################## 566.41 MB 7.56 MB/s
################################################## 585.94 MB 7.56 MB/s
################################################## 605.47 MB 7.55 MB/s
################################################## 625.00 MB 7.60 MB/s
################################################## 644.53 MB 7.65 MB/s
################################################## 664.06 MB 7.67 MB/s
################################################## 683.59 MB 7.66 MB/s
################################################## 703.12 MB 7.66 MB/s
################################################## 722.66 MB 7.66 MB/s
################################################## 742.19 MB 7.66 MB/s
################################################## 761.72 MB 7.63 MB/s
################################################## 781.25 MB 7.62 MB/s
################################################## 800.78 MB 7.62 MB/s
################################################## 820.31 MB 7.65 MB/s
################################################## 839.84 MB 7.75 MB/s
################################################## 859.38 MB 7.84 MB/s
################################################## 878.91 MB 7.93 MB/s
#################################################  898.24 MB 8.02 MB/s Total
Scan   21 Minn_HCP_1.5mm_Task Minn_HCP_1.5mm_Task      from '180805_UEP_018_2'
################################################## 19.53 MB 4.18 MB/s
################################################## 39.06 MB 5.61 MB/s
################################################## 58.59 MB 5.69 MB/s
################################################## 78.12 MB 5.80 MB/s
################################################## 97.66 MB 6.23 MB/s
################################################## 117.19 MB 6.47 MB/s
################################################## 136.72 MB 6.78 MB/s
################################################## 156.25 MB 6.97 MB/s
################################################## 175.78 MB 7.07 MB/s
################################################## 195.31 MB 7.17 MB/s
################################################## 214.84 MB 7.31 MB/s
################################################## 234.38 MB 7.34 MB/s
################################################## 253.91 MB 7.48 MB/s
################################################## 273.44 MB 7.47 MB/s
################################################## 292.97 MB 7.41 MB/s
################################################## 312.50 MB 7.35 MB/s
################################################## 332.03 MB 7.38 MB/s
################################################## 351.56 MB 7.46 MB/s
################################################## 371.09 MB 7.51 MB/s
################################################## 390.62 MB 7.46 MB/s
################################################## 410.16 MB 7.49 MB/s
################################################## 429.69 MB 7.53 MB/s
################################################## 449.22 MB 7.54 MB/s
################################################## 468.75 MB 7.54 MB/s
################################################## 488.28 MB 7.54 MB/s
################################################## 507.81 MB 7.58 MB/s
################################################## 527.34 MB 7.58 MB/s
################################################## 546.88 MB 7.59 MB/s
################################################## 566.41 MB 7.62 MB/s
################################################## 585.94 MB 7.60 MB/s
################################################## 605.47 MB 7.56 MB/s
################################################## 625.00 MB 7.60 MB/s
################################################## 644.53 MB 7.59 MB/s
################################################## 664.06 MB 7.59 MB/s
################################################## 683.59 MB 7.58 MB/s
################################################## 703.12 MB 7.61 MB/s
################################################## 722.66 MB 7.64 MB/s
################################################## 742.19 MB 7.67 MB/s
################################################## 761.72 MB 7.68 MB/s
################################################## 781.25 MB 7.72 MB/s
################################################## 800.78 MB 7.73 MB/s
################################################## 820.31 MB 7.80 MB/s
################################################## 839.84 MB 7.88 MB/s
################################################## 859.38 MB 7.96 MB/s
################################################## 878.91 MB 8.05 MB/s
#################################################  898.24 MB 8.13 MB/s Total
Scan   23 Minn_HCP_1.5mm_Task Minn_HCP_1.5mm_Task      from '180805_UEP_018_2'
################################################## 19.53 MB 3.99 MB/s
################################################## 39.06 MB 5.35 MB/s
################################################## 58.59 MB 6.09 MB/s
################################################## 78.12 MB 5.77 MB/s
################################################## 97.66 MB 6.21 MB/s
################################################## 117.19 MB 6.42 MB/s
################################################## 136.72 MB 6.60 MB/s
################################################## 156.25 MB 6.60 MB/s
################################################## 175.78 MB 6.77 MB/s
################################################## 195.31 MB 6.91 MB/s
################################################## 214.84 MB 6.88 MB/s
################################################## 234.38 MB 6.82 MB/s
################################################## 253.91 MB 6.90 MB/s
################################################## 273.44 MB 7.01 MB/s
################################################## 292.97 MB 7.10 MB/s
################################################## 312.50 MB 7.07 MB/s
################################################## 332.03 MB 7.17 MB/s
################################################## 351.56 MB 7.24 MB/s
################################################## 371.09 MB 7.31 MB/s
################################################## 390.62 MB 7.31 MB/s
################################################## 410.16 MB 7.30 MB/s
################################################## 429.69 MB 7.28 MB/s
################################################## 449.22 MB 7.23 MB/s
################################################## 468.75 MB 7.21 MB/s
################################################## 488.28 MB 7.19 MB/s
################################################## 507.81 MB 7.21 MB/s
################################################## 527.34 MB 7.17 MB/s
################################################## 546.88 MB 7.15 MB/s
################################################## 566.41 MB 6.87 MB/s
################################################## 585.94 MB 6.78 MB/s
################################################## 605.47 MB 6.80 MB/s
################################################## 625.00 MB 6.82 MB/s
################################################## 644.53 MB 6.82 MB/s
################################################## 664.06 MB 6.83 MB/s
################################################## 683.59 MB 6.76 MB/s
################################################## 703.12 MB 6.64 MB/s
################################################## 722.66 MB 6.61 MB/s
################################################## 742.19 MB 6.65 MB/s
################################################## 761.72 MB 6.63 MB/s
################################################## 781.25 MB 6.72 MB/s
################################################## 800.78 MB 6.81 MB/s
################################################## 820.31 MB 6.88 MB/s
################################################## 839.84 MB 6.95 MB/s
################################################## 859.38 MB 7.04 MB/s
################################################## 878.91 MB 7.12 MB/s
#################################################  898.24 MB 7.18 MB/s Total
Scan   25 Minn_HCP_1.5mm_Task Minn_HCP_1.5mm_Task      from '180805_UEP_018_2'
################################################## 19.53 MB 3.55 MB/s
################################################## 39.06 MB 4.75 MB/s
################################################## 58.59 MB 4.80 MB/s
################################################## 78.12 MB 4.98 MB/s
################################################## 97.66 MB 5.19 MB/s
################################################## 117.19 MB 5.46 MB/s
################################################## 136.72 MB 5.68 MB/s
################################################## 156.25 MB 5.77 MB/s
################################################## 175.78 MB 5.92 MB/s
################################################## 195.31 MB 6.07 MB/s
################################################## 214.84 MB 6.13 MB/s
################################################## 234.38 MB 6.20 MB/s
################################################## 253.91 MB 6.24 MB/s
################################################## 273.44 MB 6.28 MB/s
################################################## 292.97 MB 6.30 MB/s
################################################## 312.50 MB 6.27 MB/s
################################################## 332.03 MB 6.28 MB/s
################################################## 351.56 MB 6.28 MB/s
################################################## 371.09 MB 6.32 MB/s
################################################## 390.62 MB 6.31 MB/s
################################################## 410.16 MB 6.36 MB/s
################################################## 429.69 MB 6.42 MB/s
################################################## 449.22 MB 6.42 MB/s
################################################## 468.75 MB 6.48 MB/s
################################################## 488.28 MB 6.45 MB/s
################################################## 507.81 MB 6.42 MB/s
################################################## 527.34 MB 6.41 MB/s
################################################## 546.88 MB 6.39 MB/s
################################################## 566.41 MB 6.40 MB/s
################################################## 585.94 MB 6.44 MB/s
################################################## 605.47 MB 6.40 MB/s
################################################## 625.00 MB 6.46 MB/s
################################################## 644.53 MB 6.48 MB/s
################################################## 664.06 MB 6.48 MB/s
################################################## 683.59 MB 6.45 MB/s
################################################## 703.12 MB 6.46 MB/s
################################################## 722.66 MB 6.56 MB/s
################################################## 742.19 MB 6.65 MB/s
################################################## 761.72 MB 6.72 MB/s
################################################## 781.25 MB 6.83 MB/s
################################################## 800.78 MB 6.91 MB/s
################################################## 820.31 MB 6.99 MB/s
################################################## 839.84 MB 7.09 MB/s
################################################## 859.38 MB 7.15 MB/s
################################################## 878.91 MB 7.22 MB/s
#################################################  898.24 MB 7.28 MB/s Total
Done with '180805_UEP_018_2'.
ArcGet.py: =================================================================
ArcGet.py: SUMMARY of WARNINGS:
ArcGet.py: WARNING: Unable to determine Age for DOB=""
------------------
Run = 180805_UEP_018_2.MR.Investigators_Gershman.7.1.20180805.132734.153u05b.dcm
count = 0
filename = struct
mri_convert -it siemens_dicom -ot nii -i 180805_UEP_018_2.MR.Investigators_Gershman.7.1.20180805.132734.153u05b.dcm -o /ncf/gershman/Lab/Exploration/subjects/180805_UEP_018_2/preproc/struct.nii 
$Id: mri_convert.c,v 1.225 2015/10/19 18:48:26 fischl Exp $
reading from 180805_UEP_018_2.MR.Investigators_Gershman.7.1.20180805.132734.153u05b.dcm...
Getting Series No 
Scanning Directory 
INFO: loading series header info.
INFO: sorting.
INFO: (256 256 176), nframes = 1, ismosaic=0
sdfi->UseSliceScaleFactor 0
datatype = 4, short=4, float=3
PE Dir ROW ROW
AutoAlign matrix detected 
AutoAlign Matrix --------------------- 
 1.00000   0.00000   0.00000   0.00000;
 0.00000   1.00000   0.00000   0.00000;
 0.00000   0.00000   1.00000   0.00000;
 0.00000   0.00000   0.00000   1.00000;

FileName 		/net/rcss2/srv/export/gershman/share_root/Lab/Exploration/subjects/180805_UEP_018_2/RAW/180805_UEP_018_2.MR.Investigators_Gershman.7.1.20180805.132734.153u05b.dcm
Identification
	NumarisVer        syngo MR E11
	ScannerModel      Prisma_fit
	PatientName       180805_UEP_018_2
Date and time
	StudyDate         20180805
	StudyTime         132734.474000 
	SeriesTime        133554.333000 
	AcqTime           132914.102500 
Acquisition parameters
	PulseSeq          tfl3d4_16ns 
	Protocol          T1_MEMPRAGE_1.0mm_p2
	PhEncDir          ROW
	EchoNo            1
	FlipAngle         7
	EchoTime          1.69
	InversionTime     1100
	RepetitionTime    2530
	PhEncFOV          256
	ReadoutFOV        256
Image information
	RunNo             6
	SeriesNo          7
	ImageNo           1
	NImageRows        256
	NImageCols        256
	NFrames           1
	SliceArraylSize   1
	IsMosaic          0
	ImgPos             81.4256 148.4969 117.2686 
	VolRes              1.0000   1.0000   1.0000 
	VolDim            256      256      176 
	Vc                  0.0308  -0.9995   0.0023 
	Vr                  0.0197  -0.0017  -0.9998 
	Vs                 -0.9993  -0.0308  -0.0196 
	VolCenter          -0.0620  17.6353 -12.1418 
	TransferSyntaxUID 1.2.840.10008.1.2.1
UseSliceScaleFactor 0 (slice 0: 1)
IsDWI = 0
INFO: no Siemens slice order reversal detected (good!). 
TR=2530.00, TE=1.69, TI=1100.00, flip angle=7.00
i_ras = (0.0307501, -0.999525, 0.00226847)
j_ras = (0.0196703, -0.00166395, -0.999805)
k_ras = (-0.999334, -0.0307888, -0.0196098)
writing to /ncf/gershman/Lab/Exploration/subjects/180805_UEP_018_2/preproc/struct.nii...
------------------
Run = 180805_UEP_018_2.MR.Investigators_Gershman.11.1.20180805.132734.hjder9.dcm
count = 0+1
filename = run001
mri_convert -it siemens_dicom -ot nii -i 180805_UEP_018_2.MR.Investigators_Gershman.11.1.20180805.132734.hjder9.dcm -o /ncf/gershman/Lab/Exploration/subjects/180805_UEP_018_2/preproc/run001.nii 
$Id: mri_convert.c,v 1.225 2015/10/19 18:48:26 fischl Exp $
reading from 180805_UEP_018_2.MR.Investigators_Gershman.11.1.20180805.132734.hjder9.dcm...
Getting Series No 
Scanning Directory 
INFO: loading series header info.
INFO: sorting.
INFO: (136 136  84), nframes = 242, ismosaic=1
sdfi->UseSliceScaleFactor 0
datatype = 4, short=4, float=3
Could not parse NUMARIS version string syngo MR E11
found in dicom tag 18,1020 (len = 3 != 6)
Repetition Time = 2000, TR = 2000 ms
PE Dir COL COL
AutoAlign matrix detected 
AutoAlign Matrix --------------------- 
 1.00000   0.00000   0.00000   0.00000;
 0.00000   1.00000   0.00000   0.00000;
 0.00000   0.00000   1.00000   0.00000;
 0.00000   0.00000   0.00000   1.00000;

FileName 		/net/rcss2/srv/export/gershman/share_root/Lab/Exploration/subjects/180805_UEP_018_2/RAW/180805_UEP_018_2.MR.Investigators_Gershman.11.1.20180805.132734.hjder9.dcm
Identification
	NumarisVer        syngo MR E11
	ScannerModel      Prisma_fit
	PatientName       180805_UEP_018_2
Date and time
	StudyDate         20180805
	StudyTime         132734.474000 
	SeriesTime        134002.332000 
	AcqTime           133917.177500 
Acquisition parameters
	PulseSeq          epfid2d1_136
	Protocol          Minn_HCP_1.5mm_Task 
	PhEncDir          COL
	EchoNo            1
	FlipAngle         80
	EchoTime          30
	InversionTime     -1
	RepetitionTime    2000
	PhEncFOV          204
	ReadoutFOV        204
Image information
	RunNo             10
	SeriesNo          11
	ImageNo           1
	NImageRows        1360
	NImageCols        1360
	NFrames           242
	SliceArraylSize   84
	IsMosaic          1
	ImgPos             99.1294 119.5077   0.3305 
	VolRes              1.5000   1.5000   1.5000 
	VolDim            136      136       84 
	Vc                 -0.9993  -0.0307  -0.0196 
	Vr                  0.0361  -0.9066  -0.4205 
	Vs                 -0.0048  -0.4209   0.9071 
	VolCenter           0.5770  -2.6159  12.5887 
	TransferSyntaxUID 1.2.840.10008.1.2.1
UseSliceScaleFactor 0 (slice 0: 1)
IsDWI = 0
sagrev = 0, correv =0, trarev = 0
Vs = -0.00483124 -0.420923 0.907084
INFO: no Siemens slice order reversal detected (good!). 
TR=2000.00, TE=30.00, TI=-1.00, flip angle=80.00
i_ras = (-0.999336, -0.0307324, -0.0195836)
j_ras = (0.03612, -0.906576, -0.420495)
k_ras = (-0.00483124, -0.420923, 0.907084)
writing to /ncf/gershman/Lab/Exploration/subjects/180805_UEP_018_2/preproc/run001.nii...
------------------
Run = 180805_UEP_018_2.MR.Investigators_Gershman.13.1.20180805.132734.21zend.dcm
count = 0+1+1
filename = run002
mri_convert -it siemens_dicom -ot nii -i 180805_UEP_018_2.MR.Investigators_Gershman.13.1.20180805.132734.21zend.dcm -o /ncf/gershman/Lab/Exploration/subjects/180805_UEP_018_2/preproc/run002.nii 
$Id: mri_convert.c,v 1.225 2015/10/19 18:48:26 fischl Exp $
reading from 180805_UEP_018_2.MR.Investigators_Gershman.13.1.20180805.132734.21zend.dcm...
Getting Series No 
Scanning Directory 
INFO: loading series header info.
INFO: sorting.
INFO: (136 136  84), nframes = 242, ismosaic=1
sdfi->UseSliceScaleFactor 0
datatype = 4, short=4, float=3
Could not parse NUMARIS version string syngo MR E11
found in dicom tag 18,1020 (len = 3 != 6)
Repetition Time = 2000, TR = 2000 ms
PE Dir COL COL
AutoAlign matrix detected 
AutoAlign Matrix --------------------- 
 1.00000   0.00000   0.00000   0.00000;
 0.00000   1.00000   0.00000   0.00000;
 0.00000   0.00000   1.00000   0.00000;
 0.00000   0.00000   0.00000   1.00000;

FileName 		/net/rcss2/srv/export/gershman/share_root/Lab/Exploration/subjects/180805_UEP_018_2/RAW/180805_UEP_018_2.MR.Investigators_Gershman.13.1.20180805.132734.21zend.dcm
Identification
	NumarisVer        syngo MR E11
	ScannerModel      Prisma_fit
	PatientName       180805_UEP_018_2
Date and time
	StudyDate         20180805
	StudyTime         132734.474000 
	SeriesTime        134857.761000 
	AcqTime           134807.692500 
Acquisition parameters
	PulseSeq          epfid2d1_136
	Protocol          Minn_HCP_1.5mm_Task 
	PhEncDir          COL
	EchoNo            1
	FlipAngle         80
	EchoTime          30
	InversionTime     -1
	RepetitionTime    2000
	PhEncFOV          204
	ReadoutFOV        204
Image information
	RunNo             12
	SeriesNo          13
	ImageNo           1
	NImageRows        1360
	NImageCols        1360
	NFrames           242
	SliceArraylSize   84
	IsMosaic          1
	ImgPos             99.1294 119.5077   0.3305 
	VolRes              1.5000   1.5000   1.5000 
	VolDim            136      136       84 
	Vc                 -0.9993  -0.0307  -0.0196 
	Vr                  0.0361  -0.9066  -0.4205 
	Vs                 -0.0048  -0.4209   0.9071 
	VolCenter           0.5770  -2.6159  12.5887 
	TransferSyntaxUID 1.2.840.10008.1.2.1
UseSliceScaleFactor 0 (slice 0: 1)
IsDWI = 0
sagrev = 0, correv =0, trarev = 0
Vs = -0.00483124 -0.420923 0.907084
INFO: no Siemens slice order reversal detected (good!). 
TR=2000.00, TE=30.00, TI=-1.00, flip angle=80.00
i_ras = (-0.999336, -0.0307324, -0.0195836)
j_ras = (0.03612, -0.906576, -0.420495)
k_ras = (-0.00483124, -0.420923, 0.907084)
writing to /ncf/gershman/Lab/Exploration/subjects/180805_UEP_018_2/preproc/run002.nii...
------------------
Run = 180805_UEP_018_2.MR.Investigators_Gershman.15.1.20180805.132734.17r0rjy.dcm
count = 0+1+1+1
filename = run003
mri_convert -it siemens_dicom -ot nii -i 180805_UEP_018_2.MR.Investigators_Gershman.15.1.20180805.132734.17r0rjy.dcm -o /ncf/gershman/Lab/Exploration/subjects/180805_UEP_018_2/preproc/run003.nii 
$Id: mri_convert.c,v 1.225 2015/10/19 18:48:26 fischl Exp $
reading from 180805_UEP_018_2.MR.Investigators_Gershman.15.1.20180805.132734.17r0rjy.dcm...
Getting Series No 
Scanning Directory 
INFO: loading series header info.
INFO: sorting.
INFO: (136 136  84), nframes = 242, ismosaic=1
sdfi->UseSliceScaleFactor 0
datatype = 4, short=4, float=3
Could not parse NUMARIS version string syngo MR E11
found in dicom tag 18,1020 (len = 3 != 6)
Repetition Time = 2000, TR = 2000 ms
PE Dir COL COL
AutoAlign matrix detected 
AutoAlign Matrix --------------------- 
 1.00000   0.00000   0.00000   0.00000;
 0.00000   1.00000   0.00000   0.00000;
 0.00000   0.00000   1.00000   0.00000;
 0.00000   0.00000   0.00000   1.00000;

FileName 		/net/rcss2/srv/export/gershman/share_root/Lab/Exploration/subjects/180805_UEP_018_2/RAW/180805_UEP_018_2.MR.Investigators_Gershman.15.1.20180805.132734.17r0rjy.dcm
Identification
	NumarisVer        syngo MR E11
	ScannerModel      Prisma_fit
	PatientName       180805_UEP_018_2
Date and time
	StudyDate         20180805
	StudyTime         132734.474000 
	SeriesTime        135754.362000 
	AcqTime           135658.167500 
Acquisition parameters
	PulseSeq          epfid2d1_136
	Protocol          Minn_HCP_1.5mm_Task 
	PhEncDir          COL
	EchoNo            1
	FlipAngle         80
	EchoTime          30
	InversionTime     -1
	RepetitionTime    2000
	PhEncFOV          204
	ReadoutFOV        204
Image information
	RunNo             14
	SeriesNo          15
	ImageNo           1
	NImageRows        1360
	NImageCols        1360
	NFrames           242
	SliceArraylSize   84
	IsMosaic          1
	ImgPos             99.1294 119.5077   0.3305 
	VolRes              1.5000   1.5000   1.5000 
	VolDim            136      136       84 
	Vc                 -0.9993  -0.0307  -0.0196 
	Vr                  0.0361  -0.9066  -0.4205 
	Vs                 -0.0048  -0.4209   0.9071 
	VolCenter           0.5770  -2.6159  12.5887 
	TransferSyntaxUID 1.2.840.10008.1.2.1
UseSliceScaleFactor 0 (slice 0: 1)
IsDWI = 0
sagrev = 0, correv =0, trarev = 0
Vs = -0.00483124 -0.420923 0.907084
INFO: no Siemens slice order reversal detected (good!). 
TR=2000.00, TE=30.00, TI=-1.00, flip angle=80.00
i_ras = (-0.999336, -0.0307324, -0.0195836)
j_ras = (0.03612, -0.906576, -0.420495)
k_ras = (-0.00483124, -0.420923, 0.907084)
writing to /ncf/gershman/Lab/Exploration/subjects/180805_UEP_018_2/preproc/run003.nii...
------------------
Run = 180805_UEP_018_2.MR.Investigators_Gershman.17.1.20180805.132734.mc2ot1.dcm
count = 0+1+1+1+1
filename = run004
mri_convert -it siemens_dicom -ot nii -i 180805_UEP_018_2.MR.Investigators_Gershman.17.1.20180805.132734.mc2ot1.dcm -o /ncf/gershman/Lab/Exploration/subjects/180805_UEP_018_2/preproc/run004.nii 
$Id: mri_convert.c,v 1.225 2015/10/19 18:48:26 fischl Exp $
reading from 180805_UEP_018_2.MR.Investigators_Gershman.17.1.20180805.132734.mc2ot1.dcm...
Getting Series No 
Scanning Directory 
INFO: loading series header info.
INFO: sorting.
INFO: (136 136  84), nframes = 242, ismosaic=1
sdfi->UseSliceScaleFactor 0
datatype = 4, short=4, float=3
Could not parse NUMARIS version string syngo MR E11
found in dicom tag 18,1020 (len = 3 != 6)
Repetition Time = 2000, TR = 2000 ms
PE Dir COL COL
AutoAlign matrix detected 
AutoAlign Matrix --------------------- 
 1.00000   0.00000   0.00000   0.00000;
 0.00000   1.00000   0.00000   0.00000;
 0.00000   0.00000   1.00000   0.00000;
 0.00000   0.00000   0.00000   1.00000;

FileName 		/net/rcss2/srv/export/gershman/share_root/Lab/Exploration/subjects/180805_UEP_018_2/RAW/180805_UEP_018_2.MR.Investigators_Gershman.17.1.20180805.132734.mc2ot1.dcm
Identification
	NumarisVer        syngo MR E11
	ScannerModel      Prisma_fit
	PatientName       180805_UEP_018_2
Date and time
	StudyDate         20180805
	StudyTime         132734.474000 
	SeriesTime        140622.345000 
	AcqTime           140551.625000 
Acquisition parameters
	PulseSeq          epfid2d1_136
	Protocol          Minn_HCP_1.5mm_Task 
	PhEncDir          COL
	EchoNo            1
	FlipAngle         80
	EchoTime          30
	InversionTime     -1
	RepetitionTime    2000
	PhEncFOV          204
	ReadoutFOV        204
Image information
	RunNo             16
	SeriesNo          17
	ImageNo           1
	NImageRows        1360
	NImageCols        1360
	NFrames           242
	SliceArraylSize   84
	IsMosaic          1
	ImgPos             99.1294 119.5077   0.3305 
	VolRes              1.5000   1.5000   1.5000 
	VolDim            136      136       84 
	Vc                 -0.9993  -0.0307  -0.0196 
	Vr                  0.0361  -0.9066  -0.4205 
	Vs                 -0.0048  -0.4209   0.9071 
	VolCenter           0.5770  -2.6159  12.5887 
	TransferSyntaxUID 1.2.840.10008.1.2.1
UseSliceScaleFactor 0 (slice 0: 1)
IsDWI = 0
sagrev = 0, correv =0, trarev = 0
Vs = -0.00483124 -0.420923 0.907084
INFO: no Siemens slice order reversal detected (good!). 
TR=2000.00, TE=30.00, TI=-1.00, flip angle=80.00
i_ras = (-0.999336, -0.0307324, -0.0195836)
j_ras = (0.03612, -0.906576, -0.420495)
k_ras = (-0.00483124, -0.420923, 0.907084)
writing to /ncf/gershman/Lab/Exploration/subjects/180805_UEP_018_2/preproc/run004.nii...
------------------
Run = 180805_UEP_018_2.MR.Investigators_Gershman.19.1.20180805.132734.p8mi6c.dcm
count = 0+1+1+1+1+1
filename = run005
mri_convert -it siemens_dicom -ot nii -i 180805_UEP_018_2.MR.Investigators_Gershman.19.1.20180805.132734.p8mi6c.dcm -o /ncf/gershman/Lab/Exploration/subjects/180805_UEP_018_2/preproc/run005.nii 
$Id: mri_convert.c,v 1.225 2015/10/19 18:48:26 fischl Exp $
reading from 180805_UEP_018_2.MR.Investigators_Gershman.19.1.20180805.132734.p8mi6c.dcm...
Getting Series No 
Scanning Directory 
INFO: loading series header info.
INFO: sorting.
INFO: (136 136  84), nframes = 242, ismosaic=1
sdfi->UseSliceScaleFactor 0
datatype = 4, short=4, float=3
Could not parse NUMARIS version string syngo MR E11
found in dicom tag 18,1020 (len = 3 != 6)
Repetition Time = 2000, TR = 2000 ms
PE Dir COL COL
AutoAlign matrix detected 
AutoAlign Matrix --------------------- 
 1.00000   0.00000   0.00000   0.00000;
 0.00000   1.00000   0.00000   0.00000;
 0.00000   0.00000   1.00000   0.00000;
 0.00000   0.00000   0.00000   1.00000;

FileName 		/net/rcss2/srv/export/gershman/share_root/Lab/Exploration/subjects/180805_UEP_018_2/RAW/180805_UEP_018_2.MR.Investigators_Gershman.19.1.20180805.132734.p8mi6c.dcm
Identification
	NumarisVer        syngo MR E11
	ScannerModel      Prisma_fit
	PatientName       180805_UEP_018_2
Date and time
	StudyDate         20180805
	StudyTime         132734.474000 
	SeriesTime        141757.762000 
	AcqTime           141703.927500 
Acquisition parameters
	PulseSeq          epfid2d1_136
	Protocol          Minn_HCP_1.5mm_Task 
	PhEncDir          COL
	EchoNo            1
	FlipAngle         80
	EchoTime          30
	InversionTime     -1
	RepetitionTime    2000
	PhEncFOV          204
	ReadoutFOV        204
Image information
	RunNo             18
	SeriesNo          19
	ImageNo           1
	NImageRows        1360
	NImageCols        1360
	NFrames           242
	SliceArraylSize   84
	IsMosaic          1
	ImgPos             99.1294 119.5077   0.3305 
	VolRes              1.5000   1.5000   1.5000 
	VolDim            136      136       84 
	Vc                 -0.9993  -0.0307  -0.0196 
	Vr                  0.0361  -0.9066  -0.4205 
	Vs                 -0.0048  -0.4209   0.9071 
	VolCenter           0.5770  -2.6159  12.5887 
	TransferSyntaxUID 1.2.840.10008.1.2.1
UseSliceScaleFactor 0 (slice 0: 1)
IsDWI = 0
sagrev = 0, correv =0, trarev = 0
Vs = -0.00483124 -0.420923 0.907084
INFO: no Siemens slice order reversal detected (good!). 
TR=2000.00, TE=30.00, TI=-1.00, flip angle=80.00
i_ras = (-0.999336, -0.0307324, -0.0195836)
j_ras = (0.03612, -0.906576, -0.420495)
k_ras = (-0.00483124, -0.420923, 0.907084)
writing to /ncf/gershman/Lab/Exploration/subjects/180805_UEP_018_2/preproc/run005.nii...
------------------
Run = 180805_UEP_018_2.MR.Investigators_Gershman.21.1.20180805.132734.1a2jh72.dcm
count = 0+1+1+1+1+1+1
filename = run006
mri_convert -it siemens_dicom -ot nii -i 180805_UEP_018_2.MR.Investigators_Gershman.21.1.20180805.132734.1a2jh72.dcm -o /ncf/gershman/Lab/Exploration/subjects/180805_UEP_018_2/preproc/run006.nii 
$Id: mri_convert.c,v 1.225 2015/10/19 18:48:26 fischl Exp $
reading from 180805_UEP_018_2.MR.Investigators_Gershman.21.1.20180805.132734.1a2jh72.dcm...
Getting Series No 
Scanning Directory 
INFO: loading series header info.
INFO: sorting.
INFO: (136 136  84), nframes = 242, ismosaic=1
sdfi->UseSliceScaleFactor 0
datatype = 4, short=4, float=3
Could not parse NUMARIS version string syngo MR E11
found in dicom tag 18,1020 (len = 3 != 6)
Repetition Time = 2000, TR = 2000 ms
PE Dir COL COL
AutoAlign matrix detected 
AutoAlign Matrix --------------------- 
 1.00000   0.00000   0.00000   0.00000;
 0.00000   1.00000   0.00000   0.00000;
 0.00000   0.00000   1.00000   0.00000;
 0.00000   0.00000   0.00000   1.00000;

FileName 		/net/rcss2/srv/export/gershman/share_root/Lab/Exploration/subjects/180805_UEP_018_2/RAW/180805_UEP_018_2.MR.Investigators_Gershman.21.1.20180805.132734.1a2jh72.dcm
Identification
	NumarisVer        syngo MR E11
	ScannerModel      Prisma_fit
	PatientName       180805_UEP_018_2
Date and time
	StudyDate         20180805
	StudyTime         132734.474000 
	SeriesTime        142654.331000 
	AcqTime           142552.147500 
Acquisition parameters
	PulseSeq          epfid2d1_136
	Protocol          Minn_HCP_1.5mm_Task 
	PhEncDir          COL
	EchoNo            1
	FlipAngle         80
	EchoTime          30
	InversionTime     -1
	RepetitionTime    2000
	PhEncFOV          204
	ReadoutFOV        204
Image information
	RunNo             20
	SeriesNo          21
	ImageNo           1
	NImageRows        1360
	NImageCols        1360
	NFrames           242
	SliceArraylSize   84
	IsMosaic          1
	ImgPos             99.1294 119.5077   0.3305 
	VolRes              1.5000   1.5000   1.5000 
	VolDim            136      136       84 
	Vc                 -0.9993  -0.0307  -0.0196 
	Vr                  0.0361  -0.9066  -0.4205 
	Vs                 -0.0048  -0.4209   0.9071 
	VolCenter           0.5770  -2.6159  12.5887 
	TransferSyntaxUID 1.2.840.10008.1.2.1
UseSliceScaleFactor 0 (slice 0: 1)
IsDWI = 0
sagrev = 0, correv =0, trarev = 0
Vs = -0.00483124 -0.420923 0.907084
INFO: no Siemens slice order reversal detected (good!). 
TR=2000.00, TE=30.00, TI=-1.00, flip angle=80.00
i_ras = (-0.999336, -0.0307324, -0.0195836)
j_ras = (0.03612, -0.906576, -0.420495)
k_ras = (-0.00483124, -0.420923, 0.907084)
writing to /ncf/gershman/Lab/Exploration/subjects/180805_UEP_018_2/preproc/run006.nii...
------------------
Run = 180805_UEP_018_2.MR.Investigators_Gershman.23.1.20180805.132734.1jbxumd.dcm
count = 0+1+1+1+1+1+1+1
filename = run007
mri_convert -it siemens_dicom -ot nii -i 180805_UEP_018_2.MR.Investigators_Gershman.23.1.20180805.132734.1jbxumd.dcm -o /ncf/gershman/Lab/Exploration/subjects/180805_UEP_018_2/preproc/run007.nii 
$Id: mri_convert.c,v 1.225 2015/10/19 18:48:26 fischl Exp $
reading from 180805_UEP_018_2.MR.Investigators_Gershman.23.1.20180805.132734.1jbxumd.dcm...
Getting Series No 
Scanning Directory 
INFO: loading series header info.
INFO: sorting.
INFO: (136 136  84), nframes = 242, ismosaic=1
sdfi->UseSliceScaleFactor 0
datatype = 4, short=4, float=3
Could not parse NUMARIS version string syngo MR E11
found in dicom tag 18,1020 (len = 3 != 6)
Repetition Time = 2000, TR = 2000 ms
PE Dir COL COL
AutoAlign matrix detected 
AutoAlign Matrix --------------------- 
 1.00000   0.00000   0.00000   0.00000;
 0.00000   1.00000   0.00000   0.00000;
 0.00000   0.00000   1.00000   0.00000;
 0.00000   0.00000   0.00000   1.00000;

FileName 		/net/rcss2/srv/export/gershman/share_root/Lab/Exploration/subjects/180805_UEP_018_2/RAW/180805_UEP_018_2.MR.Investigators_Gershman.23.1.20180805.132734.1jbxumd.dcm
Identification
	NumarisVer        syngo MR E11
	ScannerModel      Prisma_fit
	PatientName       180805_UEP_018_2
Date and time
	StudyDate         20180805
	StudyTime         132734.474000 
	SeriesTime        143542.342000 
	AcqTime           143453.545000 
Acquisition parameters
	PulseSeq          epfid2d1_136
	Protocol          Minn_HCP_1.5mm_Task 
	PhEncDir          COL
	EchoNo            1
	FlipAngle         80
	EchoTime          30
	InversionTime     -1
	RepetitionTime    2000
	PhEncFOV          204
	ReadoutFOV        204
Image information
	RunNo             22
	SeriesNo          23
	ImageNo           1
	NImageRows        1360
	NImageCols        1360
	NFrames           242
	SliceArraylSize   84
	IsMosaic          1
	ImgPos             99.1294 119.5077   0.3305 
	VolRes              1.5000   1.5000   1.5000 
	VolDim            136      136       84 
	Vc                 -0.9993  -0.0307  -0.0196 
	Vr                  0.0361  -0.9066  -0.4205 
	Vs                 -0.0048  -0.4209   0.9071 
	VolCenter           0.5770  -2.6159  12.5887 
	TransferSyntaxUID 1.2.840.10008.1.2.1
UseSliceScaleFactor 0 (slice 0: 1)
IsDWI = 0
sagrev = 0, correv =0, trarev = 0
Vs = -0.00483124 -0.420923 0.907084
INFO: no Siemens slice order reversal detected (good!). 
TR=2000.00, TE=30.00, TI=-1.00, flip angle=80.00
i_ras = (-0.999336, -0.0307324, -0.0195836)
j_ras = (0.03612, -0.906576, -0.420495)
k_ras = (-0.00483124, -0.420923, 0.907084)
writing to /ncf/gershman/Lab/Exploration/subjects/180805_UEP_018_2/preproc/run007.nii...
------------------
Run = 180805_UEP_018_2.MR.Investigators_Gershman.25.1.20180805.132734.tt5qz7.dcm
count = 0+1+1+1+1+1+1+1+1
filename = run008
mri_convert -it siemens_dicom -ot nii -i 180805_UEP_018_2.MR.Investigators_Gershman.25.1.20180805.132734.tt5qz7.dcm -o /ncf/gershman/Lab/Exploration/subjects/180805_UEP_018_2/preproc/run008.nii 
$Id: mri_convert.c,v 1.225 2015/10/19 18:48:26 fischl Exp $
reading from 180805_UEP_018_2.MR.Investigators_Gershman.25.1.20180805.132734.tt5qz7.dcm...
Getting Series No 
Scanning Directory 
INFO: loading series header info.
INFO: sorting.
INFO: (136 136  84), nframes = 242, ismosaic=1
sdfi->UseSliceScaleFactor 0
datatype = 4, short=4, float=3
Could not parse NUMARIS version string syngo MR E11
found in dicom tag 18,1020 (len = 3 != 6)
Repetition Time = 2000, TR = 2000 ms
PE Dir COL COL
AutoAlign matrix detected 
AutoAlign Matrix --------------------- 
 1.00000   0.00000   0.00000   0.00000;
 0.00000   1.00000   0.00000   0.00000;
 0.00000   0.00000   1.00000   0.00000;
 0.00000   0.00000   0.00000   1.00000;

FileName 		/net/rcss2/srv/export/gershman/share_root/Lab/Exploration/subjects/180805_UEP_018_2/RAW/180805_UEP_018_2.MR.Investigators_Gershman.25.1.20180805.132734.tt5qz7.dcm
Identification
	NumarisVer        syngo MR E11
	ScannerModel      Prisma_fit
	PatientName       180805_UEP_018_2
Date and time
	StudyDate         20180805
	StudyTime         132734.474000 
	SeriesTime        144437.750000 
	AcqTime           144345.475000 
Acquisition parameters
	PulseSeq          epfid2d1_136
	Protocol          Minn_HCP_1.5mm_Task 
	PhEncDir          COL
	EchoNo            1
	FlipAngle         80
	EchoTime          30
	InversionTime     -1
	RepetitionTime    2000
	PhEncFOV          204
	ReadoutFOV        204
Image information
	RunNo             24
	SeriesNo          25
	ImageNo           1
	NImageRows        1360
	NImageCols        1360
	NFrames           242
	SliceArraylSize   84
	IsMosaic          1
	ImgPos             99.1294 119.5077   0.3305 
	VolRes              1.5000   1.5000   1.5000 
	VolDim            136      136       84 
	Vc                 -0.9993  -0.0307  -0.0196 
	Vr                  0.0361  -0.9066  -0.4205 
	Vs                 -0.0048  -0.4209   0.9071 
	VolCenter           0.5770  -2.6159  12.5887 
	TransferSyntaxUID 1.2.840.10008.1.2.1
UseSliceScaleFactor 0 (slice 0: 1)
IsDWI = 0
sagrev = 0, correv =0, trarev = 0
Vs = -0.00483124 -0.420923 0.907084
INFO: no Siemens slice order reversal detected (good!). 
TR=2000.00, TE=30.00, TI=-1.00, flip angle=80.00
i_ras = (-0.999336, -0.0307324, -0.0195836)
j_ras = (0.03612, -0.906576, -0.420495)
k_ras = (-0.00483124, -0.420923, 0.907084)
writing to /ncf/gershman/Lab/Exploration/subjects/180805_UEP_018_2/preproc/run008.nii...
