
                            < M A T L A B (R) >
                  Copyright 1984-2017 The MathWorks, Inc.
                   R2017a (9.2.0.556344) 64-bit (glnxa64)
                               March 27, 2017

 
For online documentation, see http://www.mathworks.com/support
For product information, visit www.mathworks.com.
 
.. iteration 1
Subject 1
Subject 2
Subject 3
Subject 4
Subject 5
Subject 6
Subject 7
Subject 8
Subject 9
Subject 10
Subject 11
Subject 12
Subject 13
Subject 14
Subject 15
Subject 16
Subject 17
Subject 18
Subject 19
Subject 20
Subject 21
Subject 22
Subject 23
Subject 24
Subject 25
Subject 26
Subject 27
Subject 28
Subject 29
Subject 30
Subject 31
.. iteration 2
Subject 1
Subject 2
Subject 3
Subject 4
Subject 5
Subject 6
Subject 7
Subject 8
Subject 9
Subject 10
Subject 11
Subject 12
Subject 13
Subject 14
Subject 15
Subject 16
Subject 17
Subject 18
Subject 19
Subject 20
Subject 21
Subject 22
Subject 23
Subject 24
Subject 25
Subject 26
Subject 27
Subject 28
Subject 29
Subject 30
Subject 31
.. iteration 3
Subject 1
Subject 2
Subject 3
Subject 4
Subject 5
Subject 6
Subject 7
Subject 8
Subject 9
Subject 10
Subject 11
Subject 12
Subject 13
Subject 14
Subject 15
Subject 16
Subject 17
Subject 18
Subject 19
Subject 20
Subject 21
Subject 22
Subject 23
Subject 24
Subject 25
Subject 26
Subject 27
Subject 28
Subject 29
Subject 30
Subject 31
.. iteration 4
Subject 1
Subject 2
Subject 3
Subject 4
Subject 5
Subject 6
Subject 7
Subject 8
Subject 9
Subject 10
Subject 11
Subject 12
Subject 13
Subject 14
Subject 15
Subject 16
Subject 17
Subject 18
Subject 19
Subject 20
Subject 21
Subject 22
Subject 23
Subject 24
Subject 25
Subject 26
Subject 27
