
                            < M A T L A B (R) >
                  Copyright 1984-2017 The MathWorks, Inc.
                   R2017a (9.2.0.556344) 64-bit (glnxa64)
                               March 27, 2017

 
For online documentation, see http://www.mathworks.com/support
For product information, visit www.mathworks.com.
 
       datadir: '/ncf/gershman/Lab/Exploration/subjects/180725_UEP_001/preproc'
    structural: 'struct.nii'
    functional: {1×8 cell}

       datadir: '/ncf/gershman/Lab/Exploration/subjects/180727_UEP_002/preproc'
    structural: 'struct.nii'
    functional: {1×8 cell}

       datadir: '/ncf/gershman/Lab/Exploration/subjects/180727_UEP_003/preproc'
    structural: 'struct.nii'
    functional: {1×6 cell}

       datadir: '/ncf/gershman/Lab/Exploration/subjects/180730_UEP_004/preproc'
    structural: 'struct.nii'
    functional: {1×6 cell}

       datadir: '/ncf/gershman/Lab/Exploration/subjects/180730_UEP_005/preproc'
    structural: 'struct.nii'
    functional: {1×8 cell}

       datadir: '/ncf/gershman/Lab/Exploration/subjects/180801_UEP_006/preproc'
    structural: 'struct.nii'
    functional: {1×7 cell}

       datadir: '/ncf/gershman/Lab/Exploration/subjects/180802_UEP_007/preproc'
    structural: 'struct.nii'
    functional: {1×8 cell}

       datadir: '/ncf/gershman/Lab/Exploration/subjects/180803_UEP_008/preproc'
    structural: 'struct.nii'
    functional: {1×8 cell}

       datadir: '/ncf/gershman/Lab/Exploration/subjects/180803_UEP_009/preproc'
    structural: 'struct.nii'
    functional: {1×8 cell}

       datadir: '/ncf/gershman/Lab/Exploration/subjects/180804_UEP010/preproc'
    structural: 'struct.nii'
    functional: {1×8 cell}

       datadir: '/ncf/gershman/Lab/Exploration/subjects/180804_UEP_011/preproc'
    structural: 'struct.nii'
    functional: {1×8 cell}

       datadir: '/ncf/gershman/Lab/Exploration/subjects/180804_UEP_012/preproc'
    structural: 'struct.nii'
    functional: {1×8 cell}

       datadir: '/ncf/gershman/Lab/Exploration/subjects/180804_UEP_013/preproc'
    structural: 'struct.nii'
    functional: {1×7 cell}

       datadir: '/ncf/gershman/Lab/Exploration/subjects/180804_UEP_014/preproc'
    structural: 'struct.nii'
    functional: {1×8 cell}

       datadir: '/ncf/gershman/Lab/Exploration/subjects/180804_UEP_015/preproc'
    structural: 'struct.nii'
    functional: {1×8 cell}

       datadir: '/ncf/gershman/Lab/Exploration/subjects/180805_UEP_016/preproc'
    structural: 'struct.nii'
    functional: {1×8 cell}

       datadir: '/ncf/gershman/Lab/Exploration/subjects/180805_UEP_017/preproc'
    structural: 'struct.nii'
    functional: {1×7 cell}

       datadir: '/ncf/gershman/Lab/Exploration/subjects/180805_UEP_018_2/preproc'
    structural: 'struct.nii'
    functional: {1×7 cell}

       datadir: '/ncf/gershman/Lab/Exploration/subjects/180805_UEP_019/preproc'
    structural: 'struct.nii'
    functional: {1×8 cell}

       datadir: '/ncf/gershman/Lab/Exploration/subjects/180805_UEP_020/preproc'
    structural: 'struct.nii'
    functional: {1×8 cell}

       datadir: '/ncf/gershman/Lab/Exploration/subjects/180805_UEP_021/preproc'
    structural: 'struct.nii'
    functional: {1×8 cell}

       datadir: '/ncf/gershman/Lab/Exploration/subjects/180806_UEP_022/preproc'
    structural: 'struct.nii'
    functional: {1×8 cell}

       datadir: '/ncf/gershman/Lab/Exploration/subjects/180806_UEP_023/preproc'
    structural: 'struct.nii'
    functional: {1×8 cell}

       datadir: '/ncf/gershman/Lab/Exploration/subjects/180807_UEP_024/preproc'
    structural: 'struct.nii'
    functional: {1×8 cell}

       datadir: '/ncf/gershman/Lab/Exploration/subjects/180807_UEP_025/preproc'
    structural: 'struct.nii'
    functional: {1×8 cell}

       datadir: '/ncf/gershman/Lab/Exploration/subjects/180807_UEP_026/preproc'
    structural: 'struct.nii'
    functional: {1×8 cell}

       datadir: '/ncf/gershman/Lab/Exploration/subjects/180808_UEP_027/preproc'
    structural: 'struct.nii'
    functional: {1×8 cell}

       datadir: '/ncf/gershman/Lab/Exploration/subjects/180808_UEP_028/preproc'
    structural: 'struct.nii'
    functional: {1×8 cell}

       datadir: '/ncf/gershman/Lab/Exploration/subjects/180808_UEP_029/preproc'
    structural: 'struct.nii'
    functional: {1×8 cell}

       datadir: '/ncf/gershman/Lab/Exploration/subjects/180809_UEP_030/preproc'
    structural: 'struct.nii'
    functional: {1×8 cell}

       datadir: '/ncf/gershman/Lab/Exploration/subjects/180809_UEP_031/preproc'
    structural: 'struct.nii'
    functional: {1×8 cell}

mask
mask
mask
mask
mask
mask
mask
mask
mask
mask
mask
mask
mask
mask
mask
mask
mask
mask
mask
mask
mask
mask
mask
mask
mask
mask
mask
mask
mask
mask
mask
mask
mask
mask
mask
mask
mask
mask
mask
mask
mask
mask
mask
mask
mask
mask
mask
mask
mask
mask
mask
mask
mask
mask
mask
mask
mask
mask
mask
mask
mask
mask
masks/striatum.nii, G

ans =

   -0.4137


p =

    0.7955


ans =

  -1.2864e-04

masks/striatum.nii, N

ans =

   -0.2615


p =

    0.7955


ans =

  -7.2930e-04

mask
mask
mask
mask
mask
mask
mask
mask
mask
mask
mask
mask
mask
mask
mask
mask
mask
mask
mask
mask
mask
mask
mask
mask
mask
mask
mask
mask
mask
mask
mask
mask
mask
mask
mask
mask
mask
mask
mask
mask
mask
mask
mask
mask
mask
mask
mask
mask
mask
mask
mask
mask
mask
mask
mask
mask
mask
mask
mask
mask
mask
mask
masks/pallidum.nii, G

ans =

    0.3980


p =

    0.4341


ans =

   1.1211e-04

masks/pallidum.nii, N

ans =

    0.7928


p =

    0.4341


ans =

    0.0022


ans =

  2×9 table

       Var1       G_uncorr    N_uncorr    G_corr     N_corr         w_G           w_N          t_G         t_N   
    __________    ________    ________    _______    _______    ___________    __________    ________    ________

    'striatum'    0.68201     0.79552     0.89888    0.95819    -0.00012864    -0.0007293    -0.41373    -0.26146
    'pallidum'    0.69346     0.43411     0.90604    0.67977     0.00011211     0.0021512     0.39798     0.79281

mask
mask
mask
mask
mask
mask
mask
mask
mask
mask
mask
mask
mask
mask
mask
mask
mask
mask
mask
mask
mask
mask
mask
mask
mask
mask
mask
mask
mask
mask
mask
mask
mask
mask
mask
mask
mask
mask
mask
mask
mask
mask
mask
mask
mask
mask
mask
mask
mask
mask
mask
mask
mask
mask
mask
mask
mask
mask
mask
mask
mask
mask
masks/striatum.nii, G

ans =

   -0.2318


p =

    0.4010


ans =

  -4.2545e-04

masks/striatum.nii, N

ans =

   -0.8519


p =

    0.4010


ans =

   -0.0085

mask
mask
mask
mask
mask
mask
mask
mask
mask
mask
mask
mask
mask
mask
mask
mask
mask
mask
mask
mask
mask
mask
mask
mask
mask
mask
mask
mask
mask
mask
mask
mask
mask
mask
mask
mask
mask
mask
mask
mask
mask
mask
mask
mask
mask
mask
mask
mask
mask
mask
mask
mask
mask
mask
mask
mask
mask
mask
mask
mask
mask
mask
masks/pallidum.nii, G

ans =

    0.3981


p =

    0.9837


ans =

   6.5320e-04

masks/pallidum.nii, N

ans =

    0.0205


p =

    0.9837


ans =

   1.9920e-04


ans =

  2×9 table

       Var1       G_uncorr    N_uncorr    G_corr     N_corr         w_G           w_N          t_G         t_N   
    __________    ________    ________    _______    _______    ___________    __________    ________    ________

    'striatum'    0.81828     0.40101     0.96698    0.64121    -0.00042545    -0.0084708    -0.23178    -0.85192
    'pallidum'    0.69336     0.98374     0.90597    0.99974      0.0006532     0.0001992     0.39813    0.020547

mask
mask
mask
mask
mask
mask
mask
mask
mask
mask
mask
mask
mask
mask
mask
mask
mask
mask
mask
mask
mask
mask
mask
mask
mask
mask
mask
mask
mask
mask
mask
mask
mask
mask
mask
mask
mask
mask
mask
mask
mask
mask
mask
mask
mask
mask
mask
mask
mask
mask
mask
mask
mask
mask
mask
mask
mask
mask
mask
mask
mask
mask
masks/striatum.nii, G

ans =

    0.7693


p =

    0.3669


ans =

    0.0505

masks/striatum.nii, N

ans =

   -0.9162


p =

    0.3669


ans =

   -0.0540

mask
mask
mask
mask
mask
mask
mask
mask
mask
mask
mask
mask
mask
mask
mask
mask
mask
mask
mask
mask
mask
mask
mask
mask
mask
mask
mask
mask
mask
mask
mask
mask
mask
mask
mask
mask
mask
mask
mask
mask
mask
mask
mask
mask
mask
mask
mask
mask
mask
mask
mask
mask
mask
mask
mask
mask
mask
mask
mask
mask
mask
mask
masks/pallidum.nii, G

ans =

    0.0950


p =

    0.9071


ans =

    0.0044

masks/pallidum.nii, N

ans =

   -0.1177


p =

    0.9071


ans =

   -0.0062


ans =

  2×9 table

       Var1       G_uncorr    N_uncorr    G_corr     N_corr        w_G          w_N          t_G         t_N   
    __________    ________    ________    _______    _______    _________    __________    ________    ________

    'striatum'    0.44773     0.36688       0.695    0.59916     0.050479     -0.053988      0.7693    -0.91618
    'pallidum'    0.92495     0.90709     0.99437    0.99137    0.0044038    -0.0061708    0.094993     -0.1177

mask
mask
mask
mask
mask
mask
mask
mask
mask
mask
mask
mask
mask
mask
mask
mask
mask
mask
mask
mask
mask
mask
mask
mask
mask
mask
mask
mask
mask
mask
mask
mask
mask
mask
mask
mask
mask
mask
mask
mask
mask
mask
mask
mask
mask
mask
mask
mask
mask
mask
mask
mask
mask
mask
mask
mask
mask
mask
mask
mask
mask
mask
masks/striatum.nii, G

ans =

    0.6040


p =

    0.3265


ans =

    0.0048

masks/striatum.nii, N

ans =

   -0.9976


p =

    0.3265


ans =

   -0.0062

mask
mask
mask
mask
mask
mask
mask
mask
mask
mask
mask
mask
mask
mask
mask
mask
mask
mask
mask
mask
mask
mask
mask
mask
mask
mask
mask
mask
mask
mask
mask
mask
mask
mask
mask
mask
mask
mask
mask
mask
mask
mask
mask
mask
mask
mask
mask
mask
mask
mask
mask
mask
mask
mask
mask
mask
mask
mask
mask
mask
mask
mask
masks/pallidum.nii, G

ans =

    1.0336


p =

    0.8483


ans =

    0.0059

masks/pallidum.nii, N

ans =

    0.1930


p =

    0.8483


ans =

    0.0011


ans =

  2×9 table

       Var1       G_uncorr    N_uncorr    G_corr     N_corr        w_G          w_N          t_G        t_N   
    __________    ________    ________    _______    _______    _________    __________    _______    ________

    'striatum'    0.55036     0.32647     0.79782    0.54635    0.0048162    -0.0061933    0.60404    -0.99757
    'pallidum'    0.30957     0.84827     0.52331    0.97698    0.0059469     0.0010591     1.0336     0.19298

mask
mask
mask
mask
mask
mask
mask
mask
mask
mask
mask
mask
mask
mask
mask
mask
mask
mask
mask
mask
mask
mask
mask
mask
mask
mask
mask
mask
mask
mask
mask
mask
mask
mask
mask
mask
mask
mask
mask
mask
mask
mask
mask
mask
mask
mask
mask
mask
mask
mask
mask
mask
mask
mask
mask
mask
mask
mask
mask
mask
mask
mask
masks/striatum.nii, G

ans =

   -0.2364


p =

    0.3345


ans =

   -0.0011

masks/striatum.nii, N

ans =

   -0.9809


p =

    0.3345


ans =

   -0.0091

mask
mask
mask
mask
mask
mask
mask
mask
mask
mask
mask
mask
mask
mask
mask
mask
mask
mask
mask
mask
mask
mask
mask
mask
mask
mask
mask
mask
mask
mask
mask
mask
mask
mask
mask
mask
mask
mask
mask
mask
mask
mask
mask
mask
mask
mask
mask
mask
mask
mask
mask
mask
mask
mask
mask
mask
mask
mask
mask
mask
mask
mask
masks/pallidum.nii, G

ans =

    1.2370


p =

    0.9282


ans =

    0.0052

masks/pallidum.nii, N

ans =

    0.0908


p =

    0.9282


ans =

   8.7690e-04


ans =

  2×9 table

       Var1       G_uncorr    N_uncorr    G_corr     N_corr        w_G           w_N          t_G         t_N   
    __________    ________    ________    _______    _______    __________    __________    ________    ________

    'striatum'    0.81475     0.33449     0.96568     0.5571    -0.0011094    -0.0090656    -0.23637    -0.98088
    'pallidum'     0.2257     0.92824     0.40046    0.99485     0.0052343     0.0008769       1.237    0.090819

mask
mask
mask
mask
mask
mask
mask
mask
mask
mask
mask
mask
mask
mask
mask
mask
mask
mask
mask
mask
mask
mask
mask
mask
mask
mask
mask
mask
mask
mask
mask
mask
mask
mask
mask
mask
mask
mask
mask
mask
mask
mask
mask
mask
mask
mask
mask
mask
mask
mask
mask
mask
mask
mask
mask
mask
mask
mask
mask
mask
mask
mask
masks/striatum.nii, G

ans =

    0.6540


p =

    0.6873


ans =

    0.0236

masks/striatum.nii, N

ans =

    0.4064


p =

    0.6873


ans =

    0.0169

mask
mask
mask
mask
mask
mask
mask
mask
mask
mask
mask
mask
mask
mask
mask
mask
mask
mask
mask
mask
mask
mask
mask
mask
mask
mask
mask
mask
mask
mask
mask
mask
mask
mask
mask
mask
mask
mask
mask
mask
mask
mask
mask
mask
mask
mask
mask
mask
mask
mask
mask
mask
mask
mask
mask
mask
mask
mask
mask
mask
mask
mask
masks/pallidum.nii, G

ans =

    1.1893


p =

    0.7454


ans =

    0.0489

masks/pallidum.nii, N

ans =

    0.3277


p =

    0.7454


ans =

    0.0068


ans =

  2×9 table

       Var1       G_uncorr    N_uncorr    G_corr     N_corr       w_G          w_N         t_G        t_N  
    __________    ________    ________    _______    _______    ________    _________    _______    _______

    'striatum'    0.51811     0.68731     0.76778    0.90223    0.023571     0.016914    0.65397    0.40643
    'pallidum'    0.24366     0.74542     0.42795    0.93519    0.048903    0.0068169     1.1893     0.3277

mask
mask
mask
mask
mask
mask
mask
mask
mask
mask
mask
mask
mask
mask
mask
mask
mask
mask
mask
mask
mask
mask
mask
mask
mask
mask
mask
mask
mask
mask
mask
mask
mask
mask
mask
mask
mask
mask
mask
mask
mask
mask
mask
mask
mask
mask
mask
mask
mask
mask
mask
mask
mask
mask
mask
mask
mask
mask
mask
mask
mask
mask
masks/striatum.nii, G

ans =

   -0.2093


p =

    0.3699


ans =

   -0.0039

masks/striatum.nii, N

ans =

   -0.9103


p =

    0.3699


ans =

   -0.0299

mask
mask
mask
mask
mask
mask
mask
mask
mask
mask
mask
mask
mask
mask
mask
mask
mask
mask
mask
mask
mask
mask
mask
mask
mask
mask
mask
mask
mask
mask
mask
mask
mask
mask
mask
mask
mask
mask
mask
mask
mask
mask
mask
mask
mask
mask
mask
mask
mask
mask
mask
mask
mask
mask
mask
mask
mask
mask
mask
mask
mask
mask
masks/pallidum.nii, G

ans =

   -0.4570


p =

    0.8655


ans =

   -0.0079

masks/pallidum.nii, N

ans =

   -0.1708


p =

    0.8655


ans =

   -0.0035


ans =

  2×9 table

       Var1       G_uncorr    N_uncorr    G_corr     N_corr        w_G           w_N         t_G         t_N   
    __________    ________    ________    _______    _______    __________    _________    ________    ________

    'striatum'    0.83567     0.36993     0.97299    0.60301    -0.0038979     -0.02994    -0.20925    -0.91029
    'pallidum'    0.65093     0.86553     0.87815    0.98192    -0.0079469    -0.003471    -0.45705     -0.1708

mask
mask
mask
mask
mask
mask
mask
mask
mask
mask
mask
mask
mask
mask
mask
mask
mask
mask
mask
mask
mask
mask
mask
mask
mask
mask
mask
mask
mask
mask
mask
mask
mask
mask
mask
mask
mask
mask
mask
mask
mask
mask
mask
mask
mask
mask
mask
mask
mask
mask
mask
mask
mask
mask
mask
mask
mask
mask
mask
mask
mask
mask
masks/striatum.nii, G

ans =

    0.3638


p =

    0.6041


ans =

    0.0140

masks/striatum.nii, N

ans =

   -0.5241


p =

    0.6041


ans =

   -0.0118

mask
mask
mask
mask
mask
mask
mask
mask
mask
mask
mask
mask
mask
mask
mask
mask
mask
mask
mask
mask
mask
mask
mask
mask
mask
mask
mask
mask
mask
mask
mask
mask
mask
mask
mask
mask
mask
mask
mask
mask
mask
mask
mask
mask
mask
mask
mask
mask
mask
mask
mask
mask
mask
mask
mask
mask
mask
mask
mask
mask
mask
mask
masks/pallidum.nii, G

ans =

    0.8435


p =

    0.4514


ans =

    0.0282

masks/pallidum.nii, N

ans =

   -0.7631


p =

    0.4514


ans =

   -0.0168


ans =

  2×9 table

       Var1       G_uncorr    N_uncorr    G_corr     N_corr       w_G          w_N         t_G        t_N   
    __________    ________    ________    _______    _______    ________    _________    _______    ________

    'striatum'    0.71853     0.60408     0.92078    0.84324    0.013962    -0.011798    0.36384    -0.52408
    'pallidum'    0.40561     0.45136      0.6467    0.69899    0.028195    -0.016797    0.84352    -0.76311

mask
mask
mask
mask
mask
mask
mask
mask
mask
mask
mask
mask
mask
mask
mask
mask
mask
mask
mask
mask
mask
mask
mask
mask
mask
mask
mask
mask
mask
mask
mask
mask
mask
mask
mask
mask
mask
mask
mask
mask
mask
mask
mask
mask
mask
mask
mask
mask
mask
mask
mask
mask
mask
mask
mask
mask
mask
mask
mask
mask
mask
mask
masks/striatum.nii, G

ans =

    1.2379


p =

    0.1723


ans =

   5.0169e+03

masks/striatum.nii, N

ans =

    1.3981


p =

    0.1723


ans =

  613.0658

mask
mask
mask
mask
mask
mask
mask
mask
mask
mask
mask
mask
mask
mask
mask
mask
mask
mask
mask
mask
mask
mask
mask
mask
mask
mask
mask
mask
mask
mask
mask
mask
mask
mask
mask
mask
mask
mask
mask
mask
mask
mask
mask
mask
mask
mask
mask
mask
mask
mask
mask
mask
mask
mask
mask
mask
mask
mask
mask
mask
mask
mask
masks/pallidum.nii, G

ans =

    0.7398


p =

    0.2288


ans =

   4.4525e+03

masks/pallidum.nii, N

ans =

    1.2284


p =

    0.2288


ans =

  398.5811


ans =

  2×9 table

       Var1       G_uncorr    N_uncorr    G_corr     N_corr      w_G       w_N        t_G       t_N  
    __________    ________    ________    _______    _______    ______    ______    _______    ______

    'striatum'    0.22534     0.17234      0.3999    0.31498    5016.9    613.07     1.2379    1.3981
    'pallidum'    0.46518     0.22883     0.71397     0.4053    4452.5    398.58    0.73979    1.2284

