
                            < M A T L A B (R) >
                  Copyright 1984-2017 The MathWorks, Inc.
                   R2017a (9.2.0.556344) 64-bit (glnxa64)
                               March 27, 2017

 
For online documentation, see http://www.mathworks.com/support
For product information, visit www.mathworks.com.
 

outfile =

    'b_to_t_TU_-_trial_glm21_sphere.mat'

       datadir: '/ncf/gershman/Lab/Exploration/subjects/180725_UEP_001/preproc'
    structural: 'struct.nii'
    functional: {1×8 cell}

       datadir: '/ncf/gershman/Lab/Exploration/subjects/180727_UEP_002/preproc'
    structural: 'struct.nii'
    functional: {1×8 cell}

       datadir: '/ncf/gershman/Lab/Exploration/subjects/180727_UEP_003/preproc'
    structural: 'struct.nii'
    functional: {1×6 cell}

       datadir: '/ncf/gershman/Lab/Exploration/subjects/180730_UEP_004/preproc'
    structural: 'struct.nii'
    functional: {1×6 cell}

       datadir: '/ncf/gershman/Lab/Exploration/subjects/180730_UEP_005/preproc'
    structural: 'struct.nii'
    functional: {1×8 cell}

       datadir: '/ncf/gershman/Lab/Exploration/subjects/180801_UEP_006/preproc'
    structural: 'struct.nii'
    functional: {1×7 cell}

       datadir: '/ncf/gershman/Lab/Exploration/subjects/180802_UEP_007/preproc'
    structural: 'struct.nii'
    functional: {1×8 cell}

       datadir: '/ncf/gershman/Lab/Exploration/subjects/180803_UEP_008/preproc'
    structural: 'struct.nii'
    functional: {1×8 cell}

       datadir: '/ncf/gershman/Lab/Exploration/subjects/180803_UEP_009/preproc'
    structural: 'struct.nii'
    functional: {1×8 cell}

       datadir: '/ncf/gershman/Lab/Exploration/subjects/180804_UEP010/preproc'
    structural: 'struct.nii'
    functional: {1×8 cell}

       datadir: '/ncf/gershman/Lab/Exploration/subjects/180804_UEP_011/preproc'
    structural: 'struct.nii'
    functional: {1×8 cell}

       datadir: '/ncf/gershman/Lab/Exploration/subjects/180804_UEP_012/preproc'
    structural: 'struct.nii'
    functional: {1×8 cell}

       datadir: '/ncf/gershman/Lab/Exploration/subjects/180804_UEP_013/preproc'
    structural: 'struct.nii'
    functional: {1×7 cell}

       datadir: '/ncf/gershman/Lab/Exploration/subjects/180804_UEP_014/preproc'
    structural: 'struct.nii'
    functional: {1×8 cell}

       datadir: '/ncf/gershman/Lab/Exploration/subjects/180804_UEP_015/preproc'
    structural: 'struct.nii'
    functional: {1×8 cell}

       datadir: '/ncf/gershman/Lab/Exploration/subjects/180805_UEP_016/preproc'
    structural: 'struct.nii'
    functional: {1×8 cell}

       datadir: '/ncf/gershman/Lab/Exploration/subjects/180805_UEP_017/preproc'
    structural: 'struct.nii'
    functional: {1×7 cell}

       datadir: '/ncf/gershman/Lab/Exploration/subjects/180805_UEP_018_2/preproc'
    structural: 'struct.nii'
    functional: {1×7 cell}

       datadir: '/ncf/gershman/Lab/Exploration/subjects/180805_UEP_019/preproc'
    structural: 'struct.nii'
    functional: {1×8 cell}

       datadir: '/ncf/gershman/Lab/Exploration/subjects/180805_UEP_020/preproc'
    structural: 'struct.nii'
    functional: {1×8 cell}

       datadir: '/ncf/gershman/Lab/Exploration/subjects/180805_UEP_021/preproc'
    structural: 'struct.nii'
    functional: {1×8 cell}

       datadir: '/ncf/gershman/Lab/Exploration/subjects/180806_UEP_022/preproc'
    structural: 'struct.nii'
    functional: {1×8 cell}

       datadir: '/ncf/gershman/Lab/Exploration/subjects/180806_UEP_023/preproc'
    structural: 'struct.nii'
    functional: {1×8 cell}

       datadir: '/ncf/gershman/Lab/Exploration/subjects/180807_UEP_024/preproc'
    structural: 'struct.nii'
    functional: {1×8 cell}

       datadir: '/ncf/gershman/Lab/Exploration/subjects/180807_UEP_025/preproc'
    structural: 'struct.nii'
    functional: {1×8 cell}

       datadir: '/ncf/gershman/Lab/Exploration/subjects/180807_UEP_026/preproc'
    structural: 'struct.nii'
    functional: {1×8 cell}

       datadir: '/ncf/gershman/Lab/Exploration/subjects/180808_UEP_027/preproc'
    structural: 'struct.nii'
    functional: {1×8 cell}

       datadir: '/ncf/gershman/Lab/Exploration/subjects/180808_UEP_028/preproc'
    structural: 'struct.nii'
    functional: {1×8 cell}

       datadir: '/ncf/gershman/Lab/Exploration/subjects/180808_UEP_029/preproc'
    structural: 'struct.nii'
    functional: {1×8 cell}

       datadir: '/ncf/gershman/Lab/Exploration/subjects/180809_UEP_030/preproc'
    structural: 'struct.nii'
    functional: {1×8 cell}

       datadir: '/ncf/gershman/Lab/Exploration/subjects/180809_UEP_031/preproc'
    structural: 'struct.nii'
    functional: {1×8 cell}

bspm_extract_clusters(/ncf/gershman/Lab/Exploration/glmOutput/model21/con6/spmT_0001.nii, 0.001000, +, 0.050000, 20, 1, 30, /ncf/gershman/Lab/scripts/ccnl-fmri-2018/atlases, AAL2)
  Columns 1 through 6

    'Positive'    'Parietal_Inf_R'         [2042]    [7.5078]    [ 38]    [-46]
            []    'Parietal_Inf_L'         [1521]    [7.2982]    [-46]    [-40]
            []    'Location not in ...'    [ 468]    [6.2314]    [ 22]    [ -2]
            []    'Precentral_L'           [ 282]    [5.7913]    [-42]    [  2]
            []    'Precentral_R'           [ 258]    [4.8413]    [ 46]    [  8]
            []    'Insula_L'               [ 268]    [4.8153]    [-30]    [ 22]

  Column 7

    [44]
    [48]
    [52]
    [28]
    [30]
    [ 2]

cor
cor
cor
cor
cor
cor
cor
cor
cor
cor
cor
cor
cor
cor
cor
cor
cor
cor
cor
cor
cor
cor
cor
cor
cor
cor
cor
cor
cor
cor
cor
Parietal_Inf_R

r =

    0.2244


p =

    0.2249

cor
cor
cor
cor
cor
cor
cor
cor
cor
cor
cor
cor
cor
cor
cor
cor
cor
cor
cor
cor
cor
cor
cor
cor
cor
cor
cor
cor
cor
cor
cor
Parietal_Inf_L

r =

    0.3430


p =

    0.0589

cor
cor
cor
cor
cor
cor
cor
cor
cor
cor
cor
cor
cor
cor
cor
cor
cor
cor
cor
cor
cor
cor
cor
cor
cor
cor
cor
cor
cor
cor
cor
Location not in atlas

r =

    0.3390


p =

    0.0621

cor
cor
cor
cor
cor
cor
cor
cor
cor
cor
cor
cor
cor
cor
cor
cor
cor
cor
cor
cor
cor
cor
cor
cor
cor
cor
cor
cor
cor
cor
cor
Precentral_L

r =

    0.2892


p =

    0.1145

cor
cor
cor
cor
cor
cor
cor
cor
cor
cor
cor
cor
cor
cor
cor
cor
cor
cor
cor
cor
cor
cor
cor
cor
cor
cor
cor
cor
cor
cor
cor
Precentral_R

r =

    0.3025


p =

    0.0981

cor
cor
cor
cor
cor
cor
cor
cor
cor
cor
cor
cor
cor
cor
cor
cor
cor
cor
cor
cor
cor
cor
cor
cor
cor
cor
cor
cor
cor
cor
cor
Insula_L

r =

    0.4139


p =

    0.0206

